[ 2017-03-08T12:06:37+08:00 ] 61.235.37.202 /index.php/student/Login/js/agent/agent.js?_=1488946008432
INFO: [ app_begin ] --START--
INFO: Run Behavior\ReadHtmlCacheBehavior [ RunTime:0.000303s ]
INFO: [ app_begin ] --END-- [ RunTime:0.000519s ]
ERR: 非法操作:js

[ 2017-03-08T12:06:45+08:00 ] 61.235.37.202 /index.php?m=student&c=login&a=check
INFO: [ app_begin ] --START--
INFO: Run Behavior\ReadHtmlCacheBehavior [ RunTime:0.000291s ]
INFO: [ app_begin ] --END-- [ RunTime:0.000503s ]
SQL: SHOW COLUMNS FROM `dg_user` [ RunTime:0.0004s ]
SQL: SELECT * FROM `dg_user` WHERE (  username="yfy" ) AND (  `type` = 0 ) LIMIT 1   [ RunTime:0.0001s ]
SQL: SHOW COLUMNS FROM `dg_student` [ RunTime:0.0004s ]
SQL: SELECT * FROM `dg_student` WHERE ( name="yfy" ) LIMIT 1   [ RunTime:0.0001s ]

[ 2017-03-08T12:06:58+08:00 ] 61.235.37.202 /index.php/student/Apply/js/agent/agent.js?_=1488946029338
INFO: [ app_begin ] --START--
INFO: Run Behavior\ReadHtmlCacheBehavior [ RunTime:0.000303s ]
INFO: [ app_begin ] --END-- [ RunTime:0.000518s ]
ERR: 非法操作:js

[ 2017-03-08T12:07:07+08:00 ] 61.235.37.202 /index.php/student/Apply/js/agent/agent.js?_=1488946038212
INFO: [ app_begin ] --START--
INFO: Run Behavior\ReadHtmlCacheBehavior [ RunTime:0.000306s ]
INFO: [ app_begin ] --END-- [ RunTime:0.000518s ]
ERR: 非法操作:js

[ 2017-03-08T12:07:08+08:00 ] 101.226.65.108 /index.php/student/Apply/index
ERR: 1064:You have an error in your SQL syntax; check the manual that corresponds to your MySQL server version for the right syntax to use near ') LIMIT 1' at line 1
 [ SQL语句 ] : SELECT * FROM `dg_practice` WHERE ( student_id= ) LIMIT 1  

[ 2017-03-08T12:07:08+08:00 ] 61.235.37.202 /index.php/student/Contact/js/agent/agent.js?_=1488946039542
INFO: [ app_begin ] --START--
INFO: Run Behavior\ReadHtmlCacheBehavior [ RunTime:0.000296s ]
INFO: [ app_begin ] --END-- [ RunTime:0.000517s ]
ERR: 非法操作:js

[ 2017-03-08T12:07:13+08:00 ] 61.235.37.202 /index.php/student/Contact/js/agent/agent.js?_=1488946044012
INFO: [ app_begin ] --START--
INFO: Run Behavior\ReadHtmlCacheBehavior [ RunTime:0.000281s ]
INFO: [ app_begin ] --END-- [ RunTime:0.000521s ]
ERR: 非法操作:js

[ 2017-03-08T12:07:15+08:00 ] 61.235.37.202 /index.php/student/Grade/js/agent/agent.js?_=1488946046208
INFO: [ app_begin ] --START--
INFO: Run Behavior\ReadHtmlCacheBehavior [ RunTime:0.000305s ]
INFO: [ app_begin ] --END-- [ RunTime:0.000615s ]
ERR: 非法操作:js

[ 2017-03-08T12:07:18+08:00 ] 61.235.37.202 /index.php/student/Report/js/agent/agent.js?_=1488946049191
INFO: [ app_begin ] --START--
INFO: Run Behavior\ReadHtmlCacheBehavior [ RunTime:0.000291s ]
INFO: [ app_begin ] --END-- [ RunTime:0.000507s ]
ERR: 非法操作:js

[ 2017-03-08T12:07:21+08:00 ] 61.235.37.202 /index.php/student/Report/js/agent/agent.js?_=1488946052556
INFO: [ app_begin ] --START--
INFO: Run Behavior\ReadHtmlCacheBehavior [ RunTime:0.000304s ]
INFO: [ app_begin ] --END-- [ RunTime:0.000520s ]
ERR: 非法操作:js

[ 2017-03-08T12:07:25+08:00 ] 101.226.51.228 /index.php/student/Grade/index
ERR: 1064:You have an error in your SQL syntax; check the manual that corresponds to your MySQL server version for the right syntax to use near ') ORDER BY pubtime desc LIMIT 1' at line 1
 [ SQL语句 ] : SELECT * FROM `dg_signin` WHERE ( student_id= ) ORDER BY pubtime desc LIMIT 1  

[ 2017-03-08T12:07:25+08:00 ] 61.235.37.202 /index.php/student/Report/js/agent/agent.js?_=1488946056369
INFO: [ app_begin ] --START--
INFO: Run Behavior\ReadHtmlCacheBehavior [ RunTime:0.000293s ]
INFO: [ app_begin ] --END-- [ RunTime:0.000516s ]
ERR: 非法操作:js

[ 2017-03-08T12:07:27+08:00 ] 61.235.37.202 /index.php/student/report/js/agent/agent.js?_=1488946058400
INFO: [ app_begin ] --START--
INFO: Run Behavior\ReadHtmlCacheBehavior [ RunTime:0.000295s ]
INFO: [ app_begin ] --END-- [ RunTime:0.000516s ]
ERR: 非法操作:js

[ 2017-03-08T12:07:37+08:00 ] 61.235.37.202 /index.php/student/report/js/agent/agent.js?_=1488946068050
INFO: [ app_begin ] --START--
INFO: Run Behavior\ReadHtmlCacheBehavior [ RunTime:0.000291s ]
INFO: [ app_begin ] --END-- [ RunTime:0.000499s ]
ERR: 非法操作:js

[ 2017-03-08T12:07:41+08:00 ] 61.235.37.202 /index.php/student/Contact/js/agent/agent.js?_=1488946072165
INFO: [ app_begin ] --START--
INFO: Run Behavior\ReadHtmlCacheBehavior [ RunTime:0.000317s ]
INFO: [ app_begin ] --END-- [ RunTime:0.000547s ]
ERR: 非法操作:js

[ 2017-03-08T12:07:43+08:00 ] 61.235.37.202 /index.php/student/Apply/js/agent/agent.js?_=1488946074412
INFO: [ app_begin ] --START--
INFO: Run Behavior\ReadHtmlCacheBehavior [ RunTime:0.000295s ]
INFO: [ app_begin ] --END-- [ RunTime:0.000506s ]
ERR: 非法操作:js

[ 2017-03-08T12:07:55+08:00 ] 61.235.37.202 /index.php/student/Apply/js/agent/agent.js?_=1488946086071
INFO: [ app_begin ] --START--
INFO: Run Behavior\ReadHtmlCacheBehavior [ RunTime:0.000288s ]
INFO: [ app_begin ] --END-- [ RunTime:0.000512s ]
ERR: 非法操作:js

[ 2017-03-08T12:07:56+08:00 ] 61.235.37.202 /index.php/student/Report/js/agent/agent.js?_=1488946087367
INFO: [ app_begin ] --START--
INFO: Run Behavior\ReadHtmlCacheBehavior [ RunTime:0.000303s ]
INFO: [ app_begin ] --END-- [ RunTime:0.000512s ]
ERR: 非法操作:js

[ 2017-03-08T12:08:03+08:00 ] 61.235.37.202 /index.php/student/Report/js/agent/agent.js?_=1488946093966
INFO: [ app_begin ] --START--
INFO: Run Behavior\ReadHtmlCacheBehavior [ RunTime:0.000294s ]
INFO: [ app_begin ] --END-- [ RunTime:0.000504s ]
ERR: 非法操作:js

[ 2017-03-08T12:08:08+08:00 ] 61.235.37.202 /index.php/student/Apply/js/agent/agent.js?_=1488946099319
INFO: [ app_begin ] --START--
INFO: Run Behavior\ReadHtmlCacheBehavior [ RunTime:0.000296s ]
INFO: [ app_begin ] --END-- [ RunTime:0.000518s ]
ERR: 非法操作:js

[ 2017-03-08T12:08:23+08:00 ] 101.226.33.240 /index.php?m=student&c=apply&a=leave
ERR: 1064:You have an error in your SQL syntax; check the manual that corresponds to your MySQL server version for the right syntax to use near ')' at line 1
 [ SQL语句 ] : SELECT * FROM `dg_leave` WHERE ( student_id= ) 

[ 2017-03-08T12:08:24+08:00 ] 61.235.37.202 /index.php/student/Grade/js/agent/agent.js?_=1488946115645
INFO: [ app_begin ] --START--
INFO: Run Behavior\ReadHtmlCacheBehavior [ RunTime:0.000349s ]
INFO: [ app_begin ] --END-- [ RunTime:0.000575s ]
ERR: 非法操作:js

[ 2017-03-08T14:16:53+08:00 ] 61.235.37.202 /index.php/student/Report/js/agent/agent.js?_=1488953823563
INFO: [ app_begin ] --START--
INFO: Run Behavior\ReadHtmlCacheBehavior [ RunTime:0.000289s ]
INFO: [ app_begin ] --END-- [ RunTime:0.000514s ]
ERR: 非法操作:js

[ 2017-03-08T14:22:23+08:00 ] 61.235.37.202 /index.php/student/Login/js/agent/agent.js?_=1488954154400
INFO: [ app_begin ] --START--
INFO: Run Behavior\ReadHtmlCacheBehavior [ RunTime:0.000289s ]
INFO: [ app_begin ] --END-- [ RunTime:0.000505s ]
ERR: 非法操作:js

[ 2017-03-08T14:22:30+08:00 ] 61.235.37.202 /index.php?m=student&c=login&a=check
INFO: [ app_begin ] --START--
INFO: Run Behavior\ReadHtmlCacheBehavior [ RunTime:0.000336s ]
INFO: [ app_begin ] --END-- [ RunTime:0.000568s ]
SQL: SHOW COLUMNS FROM `dg_user` [ RunTime:0.0005s ]
SQL: SELECT * FROM `dg_user` WHERE (  username="yfy" ) AND (  `type` = 0 ) LIMIT 1   [ RunTime:0.0002s ]
SQL: SHOW COLUMNS FROM `dg_student` [ RunTime:0.0004s ]
SQL: SELECT * FROM `dg_student` WHERE ( name="yfy" ) LIMIT 1   [ RunTime:0.0001s ]

[ 2017-03-08T14:22:35+08:00 ] 61.235.37.202 /index.php/student/Apply/js/agent/agent.js?_=1488954165510
INFO: [ app_begin ] --START--
INFO: Run Behavior\ReadHtmlCacheBehavior [ RunTime:0.000283s ]
INFO: [ app_begin ] --END-- [ RunTime:0.000506s ]
ERR: 非法操作:js

[ 2017-03-08T14:22:37+08:00 ] 61.235.37.202 /index.php/student/Report/js/agent/agent.js?_=1488954167666
INFO: [ app_begin ] --START--
INFO: Run Behavior\ReadHtmlCacheBehavior [ RunTime:0.000308s ]
INFO: [ app_begin ] --END-- [ RunTime:0.000516s ]
ERR: 非法操作:js

[ 2017-03-08T14:22:44+08:00 ] 180.153.201.28 /index.php/student/Apply/index
ERR: 1064:You have an error in your SQL syntax; check the manual that corresponds to your MySQL server version for the right syntax to use near ') LIMIT 1' at line 1
 [ SQL语句 ] : SELECT * FROM `dg_practice` WHERE ( student_id= ) LIMIT 1  

[ 2017-03-08T14:50:45+08:00 ] 61.235.37.202 /index.php/student/Report/js/agent/agent.js?_=1488955852936
INFO: [ app_begin ] --START--
INFO: Run Behavior\ReadHtmlCacheBehavior [ RunTime:0.000308s ]
INFO: [ app_begin ] --END-- [ RunTime:0.000521s ]
ERR: 非法操作:js

[ 2017-03-08T14:50:52+08:00 ] 61.235.37.202 /index.php/Student/Report/index/pageNum/js/agent/agent.js?_=1488955862265
INFO: [ app_begin ] --START--
INFO: Run Behavior\ReadHtmlCacheBehavior [ RunTime:0.000296s ]
INFO: [ app_begin ] --END-- [ RunTime:0.000520s ]
SQL: SHOW COLUMNS FROM `dg_student` [ RunTime:0.0005s ]
SQL: SELECT * FROM `dg_student` WHERE ( studentno=20170209 ) LIMIT 1   [ RunTime:0.0001s ]
SQL: SHOW COLUMNS FROM `dg_report` [ RunTime:0.0004s ]
SQL: SELECT COUNT(*) AS tp_Count FROM `dg_report` WHERE `student_id` = 20170209 AND `type` = 0 LIMIT 1   [ RunTime:0.0001s ]
SQL: SHOW COLUMNS FROM `dg_corporation` [ RunTime:0.0004s ]
SQL: SELECT * FROM `dg_corporation` WHERE ( id=2 ) LIMIT 1   [ RunTime:0.0001s ]
SQL: SHOW COLUMNS FROM `dg_student` [ RunTime:0.0003s ]
SQL: SELECT s.studentno,s.name,s.classno,r.id,r.status,r.pubtime,c.classname FROM dg_student s,dg_report r,dg_class c WHERE ( s.studentno=r.student_id and name="yfy" and c.id = s.classno and r.type=0 ) ORDER BY r.pubtime desc LIMIT 0,4   [ RunTime:0.0003s ]
INFO: [ view_parse ] --START--
INFO: [ template_filter ] --START--
INFO: Run Behavior\ContentReplaceBehavior [ RunTime:0.000080s ]
INFO: [ template_filter ] --END-- [ RunTime:0.000116s ]
INFO: Run Behavior\ParseTemplateBehavior [ RunTime:0.006371s ]
INFO: [ view_parse ] --END-- [ RunTime:0.006405s ]
INFO: [ view_filter ] --START--
INFO: Run Behavior\WriteHtmlCacheBehavior [ RunTime:0.000101s ]
INFO: [ view_filter ] --END-- [ RunTime:0.000125s ]
INFO: [ app_end ] --START--
INFO: Run Behavior\ShowPageTraceBehavior [ RunTime:0.000331s ]
INFO: [ app_end ] --END-- [ RunTime:0.000363s ]

[ 2017-03-08T14:50:55+08:00 ] 61.235.37.202 /index.php/Student/Report/index/pageNum/js/agent/agent.js?_=1488955866210
INFO: [ app_begin ] --START--
INFO: Run Behavior\ReadHtmlCacheBehavior [ RunTime:0.000305s ]
INFO: [ app_begin ] --END-- [ RunTime:0.000539s ]
SQL: SHOW COLUMNS FROM `dg_student` [ RunTime:0.0005s ]
SQL: SELECT * FROM `dg_student` WHERE ( studentno=20170209 ) LIMIT 1   [ RunTime:0.0002s ]
SQL: SHOW COLUMNS FROM `dg_report` [ RunTime:0.0004s ]
SQL: SELECT COUNT(*) AS tp_Count FROM `dg_report` WHERE `student_id` = 20170209 AND `type` = 0 LIMIT 1   [ RunTime:0.0001s ]
SQL: SHOW COLUMNS FROM `dg_corporation` [ RunTime:0.0003s ]
SQL: SELECT * FROM `dg_corporation` WHERE ( id=2 ) LIMIT 1   [ RunTime:0.0002s ]
SQL: SHOW COLUMNS FROM `dg_student` [ RunTime:0.0003s ]
SQL: SELECT s.studentno,s.name,s.classno,r.id,r.status,r.pubtime,c.classname FROM dg_student s,dg_report r,dg_class c WHERE ( s.studentno=r.student_id and name="yfy" and c.id = s.classno and r.type=0 ) ORDER BY r.pubtime desc LIMIT 0,4   [ RunTime:0.0003s ]
INFO: [ view_parse ] --START--
INFO: [ template_filter ] --START--
INFO: Run Behavior\ContentReplaceBehavior [ RunTime:0.000079s ]
INFO: [ template_filter ] --END-- [ RunTime:0.000114s ]
INFO: Run Behavior\ParseTemplateBehavior [ RunTime:0.006360s ]
INFO: [ view_parse ] --END-- [ RunTime:0.006394s ]
INFO: [ view_filter ] --START--
INFO: Run Behavior\WriteHtmlCacheBehavior [ RunTime:0.000100s ]
INFO: [ view_filter ] --END-- [ RunTime:0.000126s ]
INFO: [ app_end ] --START--
INFO: Run Behavior\ShowPageTraceBehavior [ RunTime:0.000318s ]
INFO: [ app_end ] --END-- [ RunTime:0.000353s ]

[ 2017-03-08T14:50:58+08:00 ] 61.235.37.202 /index.php/Student/Report/index/pageNum/js/agent/agent.js?_=1488955869118
INFO: [ app_begin ] --START--
INFO: Run Behavior\ReadHtmlCacheBehavior [ RunTime:0.000303s ]
INFO: [ app_begin ] --END-- [ RunTime:0.000522s ]
SQL: SHOW COLUMNS FROM `dg_student` [ RunTime:0.0005s ]
SQL: SELECT * FROM `dg_student` WHERE ( studentno=20170209 ) LIMIT 1   [ RunTime:0.0001s ]
SQL: SHOW COLUMNS FROM `dg_report` [ RunTime:0.0004s ]
SQL: SELECT COUNT(*) AS tp_Count FROM `dg_report` WHERE `student_id` = 20170209 AND `type` = 0 LIMIT 1   [ RunTime:0.0001s ]
SQL: SHOW COLUMNS FROM `dg_corporation` [ RunTime:0.0004s ]
SQL: SELECT * FROM `dg_corporation` WHERE ( id=2 ) LIMIT 1   [ RunTime:0.0001s ]
SQL: SHOW COLUMNS FROM `dg_student` [ RunTime:0.0003s ]
SQL: SELECT s.studentno,s.name,s.classno,r.id,r.status,r.pubtime,c.classname FROM dg_student s,dg_report r,dg_class c WHERE ( s.studentno=r.student_id and name="yfy" and c.id = s.classno and r.type=0 ) ORDER BY r.pubtime desc LIMIT 0,4   [ RunTime:0.0003s ]
INFO: [ view_parse ] --START--
INFO: [ template_filter ] --START--
INFO: Run Behavior\ContentReplaceBehavior [ RunTime:0.000076s ]
INFO: [ template_filter ] --END-- [ RunTime:0.000115s ]
INFO: Run Behavior\ParseTemplateBehavior [ RunTime:0.006337s ]
INFO: [ view_parse ] --END-- [ RunTime:0.006370s ]
INFO: [ view_filter ] --START--
INFO: Run Behavior\WriteHtmlCacheBehavior [ RunTime:0.000092s ]
INFO: [ view_filter ] --END-- [ RunTime:0.000115s ]
INFO: [ app_end ] --START--
INFO: Run Behavior\ShowPageTraceBehavior [ RunTime:0.000324s ]
INFO: [ app_end ] --END-- [ RunTime:0.000357s ]

[ 2017-03-08T14:51:01+08:00 ] 61.235.37.202 /index.php/Student/Report/index/pageNum/js/agent/agent.js?_=1488955871537
INFO: [ app_begin ] --START--
INFO: Run Behavior\ReadHtmlCacheBehavior [ RunTime:0.000309s ]
INFO: [ app_begin ] --END-- [ RunTime:0.000521s ]
SQL: SHOW COLUMNS FROM `dg_student` [ RunTime:0.0005s ]
SQL: SELECT * FROM `dg_student` WHERE ( studentno=20170209 ) LIMIT 1   [ RunTime:0.0001s ]
SQL: SHOW COLUMNS FROM `dg_report` [ RunTime:0.0004s ]
SQL: SELECT COUNT(*) AS tp_Count FROM `dg_report` WHERE `student_id` = 20170209 AND `type` = 0 LIMIT 1   [ RunTime:0.0001s ]
SQL: SHOW COLUMNS FROM `dg_corporation` [ RunTime:0.0004s ]
SQL: SELECT * FROM `dg_corporation` WHERE ( id=2 ) LIMIT 1   [ RunTime:0.0001s ]
SQL: SHOW COLUMNS FROM `dg_student` [ RunTime:0.0003s ]
SQL: SELECT s.studentno,s.name,s.classno,r.id,r.status,r.pubtime,c.classname FROM dg_student s,dg_report r,dg_class c WHERE ( s.studentno=r.student_id and name="yfy" and c.id = s.classno and r.type=0 ) ORDER BY r.pubtime desc LIMIT 0,4   [ RunTime:0.0003s ]
INFO: [ view_parse ] --START--
INFO: [ template_filter ] --START--
INFO: Run Behavior\ContentReplaceBehavior [ RunTime:0.000074s ]
INFO: [ template_filter ] --END-- [ RunTime:0.000107s ]
INFO: Run Behavior\ParseTemplateBehavior [ RunTime:0.006309s ]
INFO: [ view_parse ] --END-- [ RunTime:0.006343s ]
INFO: [ view_filter ] --START--
INFO: Run Behavior\WriteHtmlCacheBehavior [ RunTime:0.000098s ]
INFO: [ view_filter ] --END-- [ RunTime:0.000121s ]
INFO: [ app_end ] --START--
INFO: Run Behavior\ShowPageTraceBehavior [ RunTime:0.000300s ]
INFO: [ app_end ] --END-- [ RunTime:0.000331s ]

[ 2017-03-08T14:51:19+08:00 ] 61.235.37.202 /index.php/student/Apply/js/agent/agent.js?_=1488955890413
INFO: [ app_begin ] --START--
INFO: Run Behavior\ReadHtmlCacheBehavior [ RunTime:0.000302s ]
INFO: [ app_begin ] --END-- [ RunTime:0.000517s ]
ERR: 非法操作:js

[ 2017-03-08T14:51:26+08:00 ] 61.235.37.202 /index.php/student/Apply/js/agent/agent.js?_=1488955897465
INFO: [ app_begin ] --START--
INFO: Run Behavior\ReadHtmlCacheBehavior [ RunTime:0.000283s ]
INFO: [ app_begin ] --END-- [ RunTime:0.000512s ]
ERR: 非法操作:js

[ 2017-03-08T14:51:28+08:00 ] 61.235.37.202 /index.php/student/Contact/js/agent/agent.js?_=1488955898688
INFO: [ app_begin ] --START--
INFO: Run Behavior\ReadHtmlCacheBehavior [ RunTime:0.000304s ]
INFO: [ app_begin ] --END-- [ RunTime:0.000518s ]
ERR: 非法操作:js

[ 2017-03-08T14:51:32+08:00 ] 61.151.228.22 /index.php?m=student&c=apply&a=change
ERR: 1064:You have an error in your SQL syntax; check the manual that corresponds to your MySQL server version for the right syntax to use near ') LIMIT 1' at line 1
 [ SQL语句 ] : SELECT * FROM `dg_change` WHERE ( student_id= ) LIMIT 1  

[ 2017-03-08T14:51:32+08:00 ] 61.235.37.202 /index.php/student/Notice/js/agent/agent.js?_=1488955903158
INFO: [ app_begin ] --START--
INFO: Run Behavior\ReadHtmlCacheBehavior [ RunTime:0.000308s ]
INFO: [ app_begin ] --END-- [ RunTime:0.000525s ]
ERR: 非法操作:js

[ 2017-03-08T14:51:35+08:00 ] 61.235.37.202 /index.php/student/Grade/js/agent/agent.js?_=1488955905940
INFO: [ app_begin ] --START--
INFO: Run Behavior\ReadHtmlCacheBehavior [ RunTime:0.000303s ]
INFO: [ app_begin ] --END-- [ RunTime:0.000511s ]
ERR: 非法操作:js

[ 2017-03-08T14:51:37+08:00 ] 61.235.37.202 /index.php/student/Notice/js/agent/agent.js?_=1488955907645
INFO: [ app_begin ] --START--
INFO: Run Behavior\ReadHtmlCacheBehavior [ RunTime:0.000284s ]
INFO: [ app_begin ] --END-- [ RunTime:0.000508s ]
ERR: 非法操作:js

[ 2017-03-08T14:51:42+08:00 ] 61.235.37.202 /index.php/student/Apply/js/agent/agent.js?_=1488955912717
INFO: [ app_begin ] --START--
INFO: Run Behavior\ReadHtmlCacheBehavior [ RunTime:0.000312s ]
INFO: [ app_begin ] --END-- [ RunTime:0.000527s ]
ERR: 非法操作:js

[ 2017-03-08T14:51:47+08:00 ] 61.235.37.202 /index.php/student/Apply/js/agent/agent.js?_=1488955918364
INFO: [ app_begin ] --START--
INFO: Run Behavior\ReadHtmlCacheBehavior [ RunTime:0.000313s ]
INFO: [ app_begin ] --END-- [ RunTime:0.000527s ]
ERR: 非法操作:js

[ 2017-03-08T14:51:52+08:00 ] 61.235.37.202 /index.php/student/Notice/js/agent/agent.js?_=1488955922938
INFO: [ app_begin ] --START--
INFO: Run Behavior\ReadHtmlCacheBehavior [ RunTime:0.000282s ]
INFO: [ app_begin ] --END-- [ RunTime:0.000502s ]
ERR: 非法操作:js

[ 2017-03-08T14:51:55+08:00 ] 61.235.37.202 /index.php/student/Apply/js/agent/agent.js?_=1488955925761
INFO: [ app_begin ] --START--
INFO: Run Behavior\ReadHtmlCacheBehavior [ RunTime:0.000333s ]
INFO: [ app_begin ] --END-- [ RunTime:0.000571s ]
ERR: 非法操作:js

[ 2017-03-08T14:52:07+08:00 ] 61.235.37.202 /index.php?m=student&c=apply&a=changeCorporation
INFO: [ app_begin ] --START--
INFO: Run Behavior\ReadHtmlCacheBehavior [ RunTime:0.000294s ]
INFO: [ app_begin ] --END-- [ RunTime:0.000533s ]

[ 2017-03-08T14:52:12+08:00 ] 61.235.37.202 /index.php/student/Grade/js/agent/agent.js?_=1488955942612
INFO: [ app_begin ] --START--
INFO: Run Behavior\ReadHtmlCacheBehavior [ RunTime:0.000304s ]
INFO: [ app_begin ] --END-- [ RunTime:0.000520s ]
ERR: 非法操作:js

[ 2017-03-08T14:52:13+08:00 ] 61.235.37.202 /index.php/student/Contact/js/agent/agent.js?_=1488955944047
INFO: [ app_begin ] --START--
INFO: Run Behavior\ReadHtmlCacheBehavior [ RunTime:0.000293s ]
INFO: [ app_begin ] --END-- [ RunTime:0.000959s ]
ERR: 非法操作:js

[ 2017-03-08T14:54:29+08:00 ] 61.235.37.202 /index.php/student/Report/js/agent/agent.js?_=1488956079983
INFO: [ app_begin ] --START--
INFO: Run Behavior\ReadHtmlCacheBehavior [ RunTime:0.000306s ]
INFO: [ app_begin ] --END-- [ RunTime:0.000524s ]
ERR: 非法操作:js

[ 2017-03-08T14:54:33+08:00 ] 61.235.37.202 /index.php/Student/Report/index/pageNum/js/agent/agent.js?_=1488956083550
INFO: [ app_begin ] --START--
INFO: Run Behavior\ReadHtmlCacheBehavior [ RunTime:0.000302s ]
INFO: [ app_begin ] --END-- [ RunTime:0.000531s ]
SQL: SHOW COLUMNS FROM `dg_student` [ RunTime:0.0006s ]
SQL: SELECT * FROM `dg_student` WHERE ( studentno=20170209 ) LIMIT 1   [ RunTime:0.0001s ]
SQL: SHOW COLUMNS FROM `dg_report` [ RunTime:0.0004s ]
SQL: SELECT COUNT(*) AS tp_Count FROM `dg_report` WHERE `student_id` = 20170209 AND `type` = 0 LIMIT 1   [ RunTime:0.0001s ]
SQL: SHOW COLUMNS FROM `dg_corporation` [ RunTime:0.0004s ]
SQL: SELECT * FROM `dg_corporation` WHERE ( id=2 ) LIMIT 1   [ RunTime:0.0001s ]
SQL: SHOW COLUMNS FROM `dg_student` [ RunTime:0.0003s ]
SQL: SELECT s.studentno,s.name,s.classno,r.id,r.status,r.pubtime,c.classname FROM dg_student s,dg_report r,dg_class c WHERE ( s.studentno=r.student_id and name="yfy" and c.id = s.classno and r.type=0 ) ORDER BY r.pubtime desc LIMIT 0,4   [ RunTime:0.0003s ]
INFO: [ view_parse ] --START--
INFO: [ template_filter ] --START--
INFO: Run Behavior\ContentReplaceBehavior [ RunTime:0.000076s ]
INFO: [ template_filter ] --END-- [ RunTime:0.000121s ]
INFO: Run Behavior\ParseTemplateBehavior [ RunTime:0.006734s ]
INFO: [ view_parse ] --END-- [ RunTime:0.006774s ]
INFO: [ view_filter ] --START--
INFO: Run Behavior\WriteHtmlCacheBehavior [ RunTime:0.000097s ]
INFO: [ view_filter ] --END-- [ RunTime:0.000121s ]
INFO: [ app_end ] --START--
INFO: Run Behavior\ShowPageTraceBehavior [ RunTime:0.000360s ]
INFO: [ app_end ] --END-- [ RunTime:0.000393s ]

[ 2017-03-08T14:54:36+08:00 ] 61.235.37.202 /index.php/Student/Report/index/pageNum/js/agent/agent.js?_=1488956086512
INFO: [ app_begin ] --START--
INFO: Run Behavior\ReadHtmlCacheBehavior [ RunTime:0.000286s ]
INFO: [ app_begin ] --END-- [ RunTime:0.000499s ]
SQL: SHOW COLUMNS FROM `dg_student` [ RunTime:0.0005s ]
SQL: SELECT * FROM `dg_student` WHERE ( studentno=20170209 ) LIMIT 1   [ RunTime:0.0001s ]
SQL: SHOW COLUMNS FROM `dg_report` [ RunTime:0.0004s ]
SQL: SELECT COUNT(*) AS tp_Count FROM `dg_report` WHERE `student_id` = 20170209 AND `type` = 0 LIMIT 1   [ RunTime:0.0001s ]
SQL: SHOW COLUMNS FROM `dg_corporation` [ RunTime:0.0004s ]
SQL: SELECT * FROM `dg_corporation` WHERE ( id=2 ) LIMIT 1   [ RunTime:0.0001s ]
SQL: SHOW COLUMNS FROM `dg_student` [ RunTime:0.0003s ]
SQL: SELECT s.studentno,s.name,s.classno,r.id,r.status,r.pubtime,c.classname FROM dg_student s,dg_report r,dg_class c WHERE ( s.studentno=r.student_id and name="yfy" and c.id = s.classno and r.type=0 ) ORDER BY r.pubtime desc LIMIT 0,4   [ RunTime:0.0003s ]
INFO: [ view_parse ] --START--
INFO: [ template_filter ] --START--
INFO: Run Behavior\ContentReplaceBehavior [ RunTime:0.000074s ]
INFO: [ template_filter ] --END-- [ RunTime:0.000108s ]
INFO: Run Behavior\ParseTemplateBehavior [ RunTime:0.006316s ]
INFO: [ view_parse ] --END-- [ RunTime:0.006349s ]
INFO: [ view_filter ] --START--
INFO: Run Behavior\WriteHtmlCacheBehavior [ RunTime:0.000099s ]
INFO: [ view_filter ] --END-- [ RunTime:0.000122s ]
INFO: [ app_end ] --START--
INFO: Run Behavior\ShowPageTraceBehavior [ RunTime:0.000311s ]
INFO: [ app_end ] --END-- [ RunTime:0.000344s ]

[ 2017-03-08T14:54:43+08:00 ] 61.235.37.202 /index.php/Student/Report/index/pageNum/js/agent/agent.js?_=1488956094197
INFO: [ app_begin ] --START--
INFO: Run Behavior\ReadHtmlCacheBehavior [ RunTime:0.000304s ]
INFO: [ app_begin ] --END-- [ RunTime:0.000528s ]
SQL: SHOW COLUMNS FROM `dg_student` [ RunTime:0.0005s ]
SQL: SELECT * FROM `dg_student` WHERE ( studentno=20170209 ) LIMIT 1   [ RunTime:0.0001s ]
SQL: SHOW COLUMNS FROM `dg_report` [ RunTime:0.0004s ]
SQL: SELECT COUNT(*) AS tp_Count FROM `dg_report` WHERE `student_id` = 20170209 AND `type` = 0 LIMIT 1   [ RunTime:0.0001s ]
SQL: SHOW COLUMNS FROM `dg_corporation` [ RunTime:0.0004s ]
SQL: SELECT * FROM `dg_corporation` WHERE ( id=2 ) LIMIT 1   [ RunTime:0.0001s ]
SQL: SHOW COLUMNS FROM `dg_student` [ RunTime:0.0003s ]
SQL: SELECT s.studentno,s.name,s.classno,r.id,r.status,r.pubtime,c.classname FROM dg_student s,dg_report r,dg_class c WHERE ( s.studentno=r.student_id and name="yfy" and c.id = s.classno and r.type=0 ) ORDER BY r.pubtime desc LIMIT 0,4   [ RunTime:0.0003s ]
INFO: [ view_parse ] --START--
INFO: [ template_filter ] --START--
INFO: Run Behavior\ContentReplaceBehavior [ RunTime:0.000084s ]
INFO: [ template_filter ] --END-- [ RunTime:0.000118s ]
INFO: Run Behavior\ParseTemplateBehavior [ RunTime:0.006258s ]
INFO: [ view_parse ] --END-- [ RunTime:0.006289s ]
INFO: [ view_filter ] --START--
INFO: Run Behavior\WriteHtmlCacheBehavior [ RunTime:0.000092s ]
INFO: [ view_filter ] --END-- [ RunTime:0.000116s ]
INFO: [ app_end ] --START--
INFO: Run Behavior\ShowPageTraceBehavior [ RunTime:0.000322s ]
INFO: [ app_end ] --END-- [ RunTime:0.000355s ]

[ 2017-03-08T14:55:16+08:00 ] 61.235.37.202 /index.php/student/Contact/js/agent/agent.js?_=1488956126995
INFO: [ app_begin ] --START--
INFO: Run Behavior\ReadHtmlCacheBehavior [ RunTime:0.000285s ]
INFO: [ app_begin ] --END-- [ RunTime:0.000517s ]
ERR: 非法操作:js

[ 2017-03-08T14:55:18+08:00 ] 61.235.37.202 /index.php/student/Contact/js/agent/agent.js?_=1488956128632
INFO: [ app_begin ] --START--
INFO: Run Behavior\ReadHtmlCacheBehavior [ RunTime:0.000286s ]
INFO: [ app_begin ] --END-- [ RunTime:0.000508s ]
ERR: 非法操作:js

[ 2017-03-08T14:55:23+08:00 ] 61.235.37.202 /index.php/student/Contact/js/agent/agent.js?_=1488956134028
INFO: [ app_begin ] --START--
INFO: Run Behavior\ReadHtmlCacheBehavior [ RunTime:0.000307s ]
INFO: [ app_begin ] --END-- [ RunTime:0.000528s ]
ERR: 非法操作:js

[ 2017-03-08T15:03:49+08:00 ] 61.235.37.202 /index.php/student/Report/js/agent/agent.js?_=1488956640037
INFO: [ app_begin ] --START--
INFO: Run Behavior\ReadHtmlCacheBehavior [ RunTime:0.000288s ]
INFO: [ app_begin ] --END-- [ RunTime:0.000510s ]
ERR: 非法操作:js

[ 2017-03-08T15:03:51+08:00 ] 61.235.37.202 /index.php/Student/Report/index/pageNum/js/agent/agent.js?_=1488956641998
INFO: [ app_begin ] --START--
INFO: Run Behavior\ReadHtmlCacheBehavior [ RunTime:0.000286s ]
INFO: [ app_begin ] --END-- [ RunTime:0.000498s ]
SQL: SHOW COLUMNS FROM `dg_student` [ RunTime:0.0005s ]
SQL: SELECT * FROM `dg_student` WHERE ( studentno=20170209 ) LIMIT 1   [ RunTime:0.0001s ]
SQL: SHOW COLUMNS FROM `dg_report` [ RunTime:0.0004s ]
SQL: SELECT COUNT(*) AS tp_Count FROM `dg_report` WHERE `student_id` = 20170209 AND `type` = 0 LIMIT 1   [ RunTime:0.0001s ]
SQL: SHOW COLUMNS FROM `dg_corporation` [ RunTime:0.0004s ]
SQL: SELECT * FROM `dg_corporation` WHERE ( id=2 ) LIMIT 1   [ RunTime:0.0001s ]
SQL: SHOW COLUMNS FROM `dg_student` [ RunTime:0.0003s ]
SQL: SELECT s.studentno,s.name,s.classno,r.id,r.status,r.pubtime,c.classname FROM dg_student s,dg_report r,dg_class c WHERE ( s.studentno=r.student_id and name="yfy" and c.id = s.classno and r.type=0 ) ORDER BY r.pubtime desc LIMIT 0,4   [ RunTime:0.0003s ]
INFO: [ view_parse ] --START--
INFO: [ template_filter ] --START--
INFO: Run Behavior\ContentReplaceBehavior [ RunTime:0.000076s ]
INFO: [ template_filter ] --END-- [ RunTime:0.000110s ]
INFO: Run Behavior\ParseTemplateBehavior [ RunTime:0.006301s ]
INFO: [ view_parse ] --END-- [ RunTime:0.006348s ]
INFO: [ view_filter ] --START--
INFO: Run Behavior\WriteHtmlCacheBehavior [ RunTime:0.000098s ]
INFO: [ view_filter ] --END-- [ RunTime:0.000133s ]
INFO: [ app_end ] --START--
INFO: Run Behavior\ShowPageTraceBehavior [ RunTime:0.000298s ]
INFO: [ app_end ] --END-- [ RunTime:0.000331s ]

[ 2017-03-08T15:03:57+08:00 ] 61.235.37.202 /index.php/Student/Report/index/pageNum/js/agent/agent.js?_=1488956647599
INFO: [ app_begin ] --START--
INFO: Run Behavior\ReadHtmlCacheBehavior [ RunTime:0.000299s ]
INFO: [ app_begin ] --END-- [ RunTime:0.000519s ]
SQL: SHOW COLUMNS FROM `dg_student` [ RunTime:0.0005s ]
SQL: SELECT * FROM `dg_student` WHERE ( studentno=20170209 ) LIMIT 1   [ RunTime:0.0001s ]
SQL: SHOW COLUMNS FROM `dg_report` [ RunTime:0.0004s ]
SQL: SELECT COUNT(*) AS tp_Count FROM `dg_report` WHERE `student_id` = 20170209 AND `type` = 0 LIMIT 1   [ RunTime:0.0001s ]
SQL: SHOW COLUMNS FROM `dg_corporation` [ RunTime:0.0004s ]
SQL: SELECT * FROM `dg_corporation` WHERE ( id=2 ) LIMIT 1   [ RunTime:0.0001s ]
SQL: SHOW COLUMNS FROM `dg_student` [ RunTime:0.0003s ]
SQL: SELECT s.studentno,s.name,s.classno,r.id,r.status,r.pubtime,c.classname FROM dg_student s,dg_report r,dg_class c WHERE ( s.studentno=r.student_id and name="yfy" and c.id = s.classno and r.type=0 ) ORDER BY r.pubtime desc LIMIT 0,4   [ RunTime:0.0003s ]
INFO: [ view_parse ] --START--
INFO: [ template_filter ] --START--
INFO: Run Behavior\ContentReplaceBehavior [ RunTime:0.000075s ]
INFO: [ template_filter ] --END-- [ RunTime:0.000117s ]
INFO: Run Behavior\ParseTemplateBehavior [ RunTime:0.006412s ]
INFO: [ view_parse ] --END-- [ RunTime:0.006447s ]
INFO: [ view_filter ] --START--
INFO: Run Behavior\WriteHtmlCacheBehavior [ RunTime:0.000101s ]
INFO: [ view_filter ] --END-- [ RunTime:0.000127s ]
INFO: [ app_end ] --START--
INFO: Run Behavior\ShowPageTraceBehavior [ RunTime:0.000332s ]
INFO: [ app_end ] --END-- [ RunTime:0.000366s ]

[ 2017-03-08T15:04:01+08:00 ] 61.235.37.202 /index.php/Student/Report/index/pageNum/js/agent/agent.js?_=1488956651498
INFO: [ app_begin ] --START--
INFO: Run Behavior\ReadHtmlCacheBehavior [ RunTime:0.000300s ]
INFO: [ app_begin ] --END-- [ RunTime:0.000527s ]
SQL: SHOW COLUMNS FROM `dg_student` [ RunTime:0.0005s ]
SQL: SELECT * FROM `dg_student` WHERE ( studentno=20170209 ) LIMIT 1   [ RunTime:0.0001s ]
SQL: SHOW COLUMNS FROM `dg_report` [ RunTime:0.0004s ]
SQL: SELECT COUNT(*) AS tp_Count FROM `dg_report` WHERE `student_id` = 20170209 AND `type` = 0 LIMIT 1   [ RunTime:0.0001s ]
SQL: SHOW COLUMNS FROM `dg_corporation` [ RunTime:0.0004s ]
SQL: SELECT * FROM `dg_corporation` WHERE ( id=2 ) LIMIT 1   [ RunTime:0.0001s ]
SQL: SHOW COLUMNS FROM `dg_student` [ RunTime:0.0003s ]
SQL: SELECT s.studentno,s.name,s.classno,r.id,r.status,r.pubtime,c.classname FROM dg_student s,dg_report r,dg_class c WHERE ( s.studentno=r.student_id and name="yfy" and c.id = s.classno and r.type=0 ) ORDER BY r.pubtime desc LIMIT 0,4   [ RunTime:0.0003s ]
INFO: [ view_parse ] --START--
INFO: [ template_filter ] --START--
INFO: Run Behavior\ContentReplaceBehavior [ RunTime:0.000072s ]
INFO: [ template_filter ] --END-- [ RunTime:0.000105s ]
INFO: Run Behavior\ParseTemplateBehavior [ RunTime:0.006314s ]
INFO: [ view_parse ] --END-- [ RunTime:0.006348s ]
INFO: [ view_filter ] --START--
INFO: Run Behavior\WriteHtmlCacheBehavior [ RunTime:0.000096s ]
INFO: [ view_filter ] --END-- [ RunTime:0.000121s ]
INFO: [ app_end ] --START--
INFO: Run Behavior\ShowPageTraceBehavior [ RunTime:0.000306s ]
INFO: [ app_end ] --END-- [ RunTime:0.000339s ]

[ 2017-03-08T15:04:12+08:00 ] 61.235.37.202 /index.php/Student/Report/index/pageNum/js/agent/agent.js?_=1488956663199
INFO: [ app_begin ] --START--
INFO: Run Behavior\ReadHtmlCacheBehavior [ RunTime:0.000303s ]
INFO: [ app_begin ] --END-- [ RunTime:0.000629s ]
SQL: SHOW COLUMNS FROM `dg_student` [ RunTime:0.0005s ]
SQL: SELECT * FROM `dg_student` WHERE ( studentno=20170209 ) LIMIT 1   [ RunTime:0.0001s ]
SQL: SHOW COLUMNS FROM `dg_report` [ RunTime:0.0004s ]
SQL: SELECT COUNT(*) AS tp_Count FROM `dg_report` WHERE `student_id` = 20170209 AND `type` = 0 LIMIT 1   [ RunTime:0.0001s ]
SQL: SHOW COLUMNS FROM `dg_corporation` [ RunTime:0.0004s ]
SQL: SELECT * FROM `dg_corporation` WHERE ( id=2 ) LIMIT 1   [ RunTime:0.0001s ]
SQL: SHOW COLUMNS FROM `dg_student` [ RunTime:0.0003s ]
SQL: SELECT s.studentno,s.name,s.classno,r.id,r.status,r.pubtime,c.classname FROM dg_student s,dg_report r,dg_class c WHERE ( s.studentno=r.student_id and name="yfy" and c.id = s.classno and r.type=0 ) ORDER BY r.pubtime desc LIMIT 0,4   [ RunTime:0.0003s ]
INFO: [ view_parse ] --START--
INFO: [ template_filter ] --START--
INFO: Run Behavior\ContentReplaceBehavior [ RunTime:0.000080s ]
INFO: [ template_filter ] --END-- [ RunTime:0.000113s ]
INFO: Run Behavior\ParseTemplateBehavior [ RunTime:0.006327s ]
INFO: [ view_parse ] --END-- [ RunTime:0.006360s ]
INFO: [ view_filter ] --START--
INFO: Run Behavior\WriteHtmlCacheBehavior [ RunTime:0.000105s ]
INFO: [ view_filter ] --END-- [ RunTime:0.000131s ]
INFO: [ app_end ] --START--
INFO: Run Behavior\ShowPageTraceBehavior [ RunTime:0.000308s ]
INFO: [ app_end ] --END-- [ RunTime:0.000341s ]

[ 2017-03-08T15:26:31+08:00 ] 180.111.33.22 /index.php/student/login/js/agent/agent.js?_=1488958037556
INFO: [ app_begin ] --START--
INFO: Run Behavior\ReadHtmlCacheBehavior [ RunTime:0.000288s ]
INFO: [ app_begin ] --END-- [ RunTime:0.000501s ]
ERR: 非法操作:js

[ 2017-03-08T15:26:35+08:00 ] 180.111.33.22 /index.php?m=student&c=login&a=check
INFO: [ app_begin ] --START--
INFO: Run Behavior\ReadHtmlCacheBehavior [ RunTime:0.000332s ]
INFO: [ app_begin ] --END-- [ RunTime:0.000547s ]

[ 2017-03-08T15:26:40+08:00 ] 180.111.33.22 /index.php/student/login/js/agent/agent.js?_=1488958046455
INFO: [ app_begin ] --START--
INFO: Run Behavior\ReadHtmlCacheBehavior [ RunTime:0.000297s ]
INFO: [ app_begin ] --END-- [ RunTime:0.000510s ]
ERR: 非法操作:js

[ 2017-03-08T15:27:11+08:00 ] 180.111.33.22 /index.php/student/login/js/agent/agent.js?_=1488958078154
INFO: [ app_begin ] --START--
INFO: Run Behavior\ReadHtmlCacheBehavior [ RunTime:0.000291s ]
INFO: [ app_begin ] --END-- [ RunTime:0.000518s ]
ERR: 非法操作:js

[ 2017-03-08T15:27:11+08:00 ] 180.111.33.22 /index.php/student/login/js/agent/agent.js?_=1488958078175
INFO: [ app_begin ] --START--
INFO: Run Behavior\ReadHtmlCacheBehavior [ RunTime:0.010401s ]
INFO: [ app_begin ] --END-- [ RunTime:0.010627s ]
ERR: 非法操作:js

[ 2017-03-08T15:27:20+08:00 ] 180.111.33.22 /index.php/student/login/js/agent/agent.js?_=1488958087182
INFO: [ app_begin ] --START--
INFO: Run Behavior\ReadHtmlCacheBehavior [ RunTime:0.000294s ]
INFO: [ app_begin ] --END-- [ RunTime:0.000517s ]
ERR: 非法操作:js

[ 2017-03-08T15:27:28+08:00 ] 180.111.33.22 /index.php?m=student&c=login&a=check
INFO: [ app_begin ] --START--
INFO: Run Behavior\ReadHtmlCacheBehavior [ RunTime:0.000290s ]
INFO: [ app_begin ] --END-- [ RunTime:0.000519s ]
SQL: SHOW COLUMNS FROM `dg_user` [ RunTime:0.0004s ]
SQL: SELECT * FROM `dg_user` WHERE (  username="yfy" ) AND (  `type` = 0 ) LIMIT 1   [ RunTime:0.0002s ]
SQL: SHOW COLUMNS FROM `dg_student` [ RunTime:0.0004s ]
SQL: SELECT * FROM `dg_student` WHERE ( name="yfy" ) LIMIT 1   [ RunTime:0.0001s ]

[ 2017-03-08T15:27:34+08:00 ] 180.111.33.22 /index.php/student/Contact/js/agent/agent.js?_=1488958101018
INFO: [ app_begin ] --START--
INFO: Run Behavior\ReadHtmlCacheBehavior [ RunTime:0.000298s ]
INFO: [ app_begin ] --END-- [ RunTime:0.000525s ]
ERR: 非法操作:js

[ 2017-03-08T15:27:38+08:00 ] 180.111.33.22 /index.php/student/Contact/js/agent/agent.js?_=1488958105076
INFO: [ app_begin ] --START--
INFO: Run Behavior\ReadHtmlCacheBehavior [ RunTime:0.000302s ]
INFO: [ app_begin ] --END-- [ RunTime:0.000516s ]
ERR: 非法操作:js

[ 2017-03-08T15:27:42+08:00 ] 180.111.33.22 /index.php/student/Contact/js/agent/agent.js?_=1488958109406
INFO: [ app_begin ] --START--
INFO: Run Behavior\ReadHtmlCacheBehavior [ RunTime:0.000281s ]
INFO: [ app_begin ] --END-- [ RunTime:0.000492s ]
ERR: 非法操作:js

[ 2017-03-08T15:27:56+08:00 ] 180.111.33.22 /index.php/student/Contact/js/agent/agent.js?_=1488958122843
INFO: [ app_begin ] --START--
INFO: Run Behavior\ReadHtmlCacheBehavior [ RunTime:0.000289s ]
INFO: [ app_begin ] --END-- [ RunTime:0.000519s ]
ERR: 非法操作:js

[ 2017-03-08T15:29:32+08:00 ] 61.235.37.202 /index.php/student/Apply/js/agent/agent.js?_=1488958183202
INFO: [ app_begin ] --START--
INFO: Run Behavior\ReadHtmlCacheBehavior [ RunTime:0.000285s ]
INFO: [ app_begin ] --END-- [ RunTime:0.000511s ]
ERR: 非法操作:js

[ 2017-03-08T15:29:44+08:00 ] 61.235.37.202 /index.php?m=student&c=apply&a=changeCorporation
INFO: [ app_begin ] --START--
INFO: Run Behavior\ReadHtmlCacheBehavior [ RunTime:0.000288s ]
INFO: [ app_begin ] --END-- [ RunTime:0.000516s ]

[ 2017-03-08T15:31:41+08:00 ] 61.235.37.202 /index.php?m=student&c=apply&a=changeCorporation
INFO: [ app_begin ] --START--
INFO: Run Behavior\ReadHtmlCacheBehavior [ RunTime:0.000302s ]
INFO: [ app_begin ] --END-- [ RunTime:0.000515s ]

[ 2017-03-08T15:31:58+08:00 ] 61.235.37.202 /index.php/student/Report/js/agent/agent.js?_=1488958329379
INFO: [ app_begin ] --START--
INFO: Run Behavior\ReadHtmlCacheBehavior [ RunTime:0.000285s ]
INFO: [ app_begin ] --END-- [ RunTime:0.000496s ]
ERR: 非法操作:js

[ 2017-03-08T15:42:04+08:00 ] 61.235.37.202 /index.php/student/Login/js/agent/agent.js?_=1488958934984
INFO: [ app_begin ] --START--
INFO: Run Behavior\ReadHtmlCacheBehavior [ RunTime:0.000287s ]
INFO: [ app_begin ] --END-- [ RunTime:0.000522s ]
ERR: 非法操作:js

[ 2017-03-08T15:42:09+08:00 ] 61.235.37.202 /index.php?m=student&c=login&a=check
INFO: [ app_begin ] --START--
INFO: Run Behavior\ReadHtmlCacheBehavior [ RunTime:0.000294s ]
INFO: [ app_begin ] --END-- [ RunTime:0.000509s ]
SQL: SHOW COLUMNS FROM `dg_user` [ RunTime:0.0004s ]
SQL: SELECT * FROM `dg_user` WHERE (  username="yfy" ) AND (  `type` = 0 ) LIMIT 1   [ RunTime:0.0002s ]
SQL: SHOW COLUMNS FROM `dg_student` [ RunTime:0.0004s ]
SQL: SELECT * FROM `dg_student` WHERE ( name="yfy" ) LIMIT 1   [ RunTime:0.0001s ]

[ 2017-03-08T15:42:14+08:00 ] 61.235.37.202 /index.php/student/Apply/js/agent/agent.js?_=1488958944914
INFO: [ app_begin ] --START--
INFO: Run Behavior\ReadHtmlCacheBehavior [ RunTime:0.000299s ]
INFO: [ app_begin ] --END-- [ RunTime:0.000527s ]
ERR: 非法操作:js

[ 2017-03-08T15:42:24+08:00 ] 61.235.37.202 /index.php?m=student&c=apply&a=changeCorporation
INFO: [ app_begin ] --START--
INFO: Run Behavior\ReadHtmlCacheBehavior [ RunTime:0.000321s ]
INFO: [ app_begin ] --END-- [ RunTime:0.000541s ]

[ 2017-03-08T15:44:22+08:00 ] 61.235.37.202 /index.php?m=student&c=apply&a=changeCorporation
INFO: [ app_begin ] --START--
INFO: Run Behavior\ReadHtmlCacheBehavior [ RunTime:0.000298s ]
INFO: [ app_begin ] --END-- [ RunTime:0.000522s ]
SQL: SHOW COLUMNS FROM `dg_student` [ RunTime:0.0005s ]
SQL: SELECT `studentno`,`corporation_id`,`name`,`phone` FROM `dg_student` WHERE ( name="yfy" ) LIMIT 1   [ RunTime:0.0001s ]
SQL: SHOW COLUMNS FROM `dg_corporation` [ RunTime:0.0004s ]
SQL: SELECT * FROM `dg_corporation` WHERE ( name="请选择企业名称" ) LIMIT 1   [ RunTime:0.0001s ]
SQL: SHOW COLUMNS FROM `dg_practice` [ RunTime:0.0004s ]
SQL: SELECT * FROM `dg_practice` WHERE ( student_id=20170209 ) LIMIT 1   [ RunTime:0.0001s ]
SQL: SHOW COLUMNS FROM `dg_change` [ RunTime:0.0003s ]
SQL: SELECT * FROM `dg_change` WHERE ( student_id=20170209 ) LIMIT 1   [ RunTime:0.0002s ]
SQL: SHOW COLUMNS FROM `dg_change` [ RunTime:0.0003s ]
ERR: 1048:Column 'corporation_id' cannot be null
 [ SQL语句 ] : INSERT INTO `dg_change` (`type`,`cname`,`profession`,`insurance`,`position`,`address`,`phone`,`guide`,`detailaddress`,`reason`,`applytime`,`student_id`,`corporation_id`) VALUES ('0','请选择企业名称','0','0','php开发工程师','安徽省','13053112897','周波','安徽省六安市','明天会更好','2017-03-08 15:44:22','20170209',NULL)
ERR: 1048:Column 'corporation_id' cannot be null
 [ SQL语句 ] : INSERT INTO `dg_change` (`type`,`cname`,`profession`,`insurance`,`position`,`address`,`phone`,`guide`,`detailaddress`,`reason`,`applytime`,`student_id`,`corporation_id`) VALUES ('0','请选择企业名称','0','0','php开发工程师','安徽省','13053112897','周波','安徽省六安市','明天会更好','2017-03-08 15:44:22','20170209',NULL)

[ 2017-03-08T15:44:24+08:00 ] 61.235.37.202 /index.php?m=student&c=apply&a=changeCorporation
INFO: [ app_begin ] --START--
INFO: Run Behavior\ReadHtmlCacheBehavior [ RunTime:0.000306s ]
INFO: [ app_begin ] --END-- [ RunTime:0.000520s ]
SQL: SHOW COLUMNS FROM `dg_student` [ RunTime:0.0005s ]
SQL: SELECT `studentno`,`corporation_id`,`name`,`phone` FROM `dg_student` WHERE ( name="yfy" ) LIMIT 1   [ RunTime:0.0001s ]
SQL: SHOW COLUMNS FROM `dg_corporation` [ RunTime:0.0004s ]
SQL: SELECT * FROM `dg_corporation` WHERE ( name="请选择企业名称" ) LIMIT 1   [ RunTime:0.0001s ]
SQL: SHOW COLUMNS FROM `dg_practice` [ RunTime:0.0004s ]
SQL: SELECT * FROM `dg_practice` WHERE ( student_id=20170209 ) LIMIT 1   [ RunTime:0.0001s ]
SQL: SHOW COLUMNS FROM `dg_change` [ RunTime:0.0003s ]
SQL: SELECT * FROM `dg_change` WHERE ( student_id=20170209 ) LIMIT 1   [ RunTime:0.0002s ]
SQL: SHOW COLUMNS FROM `dg_change` [ RunTime:0.0003s ]
ERR: 1048:Column 'corporation_id' cannot be null
 [ SQL语句 ] : INSERT INTO `dg_change` (`type`,`cname`,`profession`,`insurance`,`position`,`address`,`phone`,`guide`,`detailaddress`,`reason`,`applytime`,`student_id`,`corporation_id`) VALUES ('0','请选择企业名称','0','0','php开发工程师','安徽省','13053112897','周波','安徽省六安市','明天会更好','2017-03-08 15:44:24','20170209',NULL)
ERR: 1048:Column 'corporation_id' cannot be null
 [ SQL语句 ] : INSERT INTO `dg_change` (`type`,`cname`,`profession`,`insurance`,`position`,`address`,`phone`,`guide`,`detailaddress`,`reason`,`applytime`,`student_id`,`corporation_id`) VALUES ('0','请选择企业名称','0','0','php开发工程师','安徽省','13053112897','周波','安徽省六安市','明天会更好','2017-03-08 15:44:24','20170209',NULL)

[ 2017-03-08T15:44:41+08:00 ] 61.235.37.202 /index.php?m=student&c=apply&a=changeCorporation
INFO: [ app_begin ] --START--
INFO: Run Behavior\ReadHtmlCacheBehavior [ RunTime:0.000297s ]
INFO: [ app_begin ] --END-- [ RunTime:0.000517s ]
SQL: SHOW COLUMNS FROM `dg_student` [ RunTime:0.0005s ]
SQL: SELECT `studentno`,`corporation_id`,`name`,`phone` FROM `dg_student` WHERE ( name="yfy" ) LIMIT 1   [ RunTime:0.0001s ]
SQL: SHOW COLUMNS FROM `dg_corporation` [ RunTime:0.0004s ]
SQL: SELECT * FROM `dg_corporation` WHERE ( name="请选择企业名称" ) LIMIT 1   [ RunTime:0.0001s ]
SQL: SHOW COLUMNS FROM `dg_practice` [ RunTime:0.0004s ]
SQL: SELECT * FROM `dg_practice` WHERE ( student_id=20170209 ) LIMIT 1   [ RunTime:0.0001s ]
SQL: SHOW COLUMNS FROM `dg_change` [ RunTime:0.0003s ]
SQL: SELECT * FROM `dg_change` WHERE ( student_id=20170209 ) LIMIT 1   [ RunTime:0.0002s ]
SQL: SHOW COLUMNS FROM `dg_change` [ RunTime:0.0003s ]
ERR: 1048:Column 'corporation_id' cannot be null
 [ SQL语句 ] : INSERT INTO `dg_change` (`type`,`cname`,`profession`,`insurance`,`position`,`address`,`phone`,`guide`,`detailaddress`,`reason`,`applytime`,`student_id`,`corporation_id`) VALUES ('0','请选择企业名称','0','0','php开发工程师','安徽省','13053112897','周波','安徽省六安市','明天会更好','2017-03-08 15:44:41','20170209',NULL)
ERR: 1048:Column 'corporation_id' cannot be null
 [ SQL语句 ] : INSERT INTO `dg_change` (`type`,`cname`,`profession`,`insurance`,`position`,`address`,`phone`,`guide`,`detailaddress`,`reason`,`applytime`,`student_id`,`corporation_id`) VALUES ('0','请选择企业名称','0','0','php开发工程师','安徽省','13053112897','周波','安徽省六安市','明天会更好','2017-03-08 15:44:41','20170209',NULL)

[ 2017-03-08T15:45:03+08:00 ] 61.235.37.202 /index.php?m=student&c=apply&a=changeCorporation
INFO: [ app_begin ] --START--
INFO: Run Behavior\ReadHtmlCacheBehavior [ RunTime:0.000298s ]
INFO: [ app_begin ] --END-- [ RunTime:0.000533s ]
SQL: SHOW COLUMNS FROM `dg_student` [ RunTime:0.0005s ]
SQL: SELECT `studentno`,`corporation_id`,`name`,`phone` FROM `dg_student` WHERE ( name="yfy" ) LIMIT 1   [ RunTime:0.0001s ]
SQL: SHOW COLUMNS FROM `dg_corporation` [ RunTime:0.0004s ]
SQL: SELECT * FROM `dg_corporation` WHERE ( name="请选择企业名称" ) LIMIT 1   [ RunTime:0.0001s ]
SQL: SHOW COLUMNS FROM `dg_practice` [ RunTime:0.0004s ]
SQL: SELECT * FROM `dg_practice` WHERE ( student_id=20170209 ) LIMIT 1   [ RunTime:0.0001s ]
SQL: SHOW COLUMNS FROM `dg_change` [ RunTime:0.0003s ]
SQL: SELECT * FROM `dg_change` WHERE ( student_id=20170209 ) LIMIT 1   [ RunTime:0.0002s ]
SQL: SHOW COLUMNS FROM `dg_change` [ RunTime:0.0003s ]
ERR: 1048:Column 'corporation_id' cannot be null
 [ SQL语句 ] : INSERT INTO `dg_change` (`type`,`cname`,`profession`,`insurance`,`position`,`address`,`phone`,`guide`,`detailaddress`,`reason`,`applytime`,`student_id`,`corporation_id`) VALUES ('0','请选择企业名称','0','0','php开发工程师','安徽省','13053112897','周波','安徽省六安市','明天会更好','2017-03-08 15:45:03','20170209',NULL)
ERR: 1048:Column 'corporation_id' cannot be null
 [ SQL语句 ] : INSERT INTO `dg_change` (`type`,`cname`,`profession`,`insurance`,`position`,`address`,`phone`,`guide`,`detailaddress`,`reason`,`applytime`,`student_id`,`corporation_id`) VALUES ('0','请选择企业名称','0','0','php开发工程师','安徽省','13053112897','周波','安徽省六安市','明天会更好','2017-03-08 15:45:03','20170209',NULL)

[ 2017-03-08T15:45:51+08:00 ] 61.235.37.202 /index.php?m=student&c=apply&a=changeCorporation
INFO: [ app_begin ] --START--
INFO: Run Behavior\ReadHtmlCacheBehavior [ RunTime:0.000294s ]
INFO: [ app_begin ] --END-- [ RunTime:0.000525s ]
SQL: SHOW COLUMNS FROM `dg_student` [ RunTime:0.0005s ]
SQL: SELECT `studentno`,`corporation_id`,`name`,`phone` FROM `dg_student` WHERE ( name="yfy" ) LIMIT 1   [ RunTime:0.0001s ]
SQL: SHOW COLUMNS FROM `dg_corporation` [ RunTime:0.0004s ]
SQL: SELECT * FROM `dg_corporation` WHERE ( name="请选择企业名称" ) LIMIT 1   [ RunTime:0.0001s ]
SQL: SHOW COLUMNS FROM `dg_practice` [ RunTime:0.0004s ]
SQL: SELECT * FROM `dg_practice` WHERE ( student_id=20170209 ) LIMIT 1   [ RunTime:0.0001s ]
SQL: SHOW COLUMNS FROM `dg_change` [ RunTime:0.0003s ]
SQL: SELECT * FROM `dg_change` WHERE ( student_id=20170209 ) LIMIT 1   [ RunTime:0.0002s ]
SQL: SHOW COLUMNS FROM `dg_change` [ RunTime:0.0003s ]
ERR: 1048:Column 'corporation_id' cannot be null
 [ SQL语句 ] : INSERT INTO `dg_change` (`type`,`cname`,`profession`,`insurance`,`position`,`address`,`phone`,`guide`,`detailaddress`,`reason`,`applytime`,`student_id`,`corporation_id`) VALUES ('0','请选择企业名称','0','0','php开发工程师','安徽省','13053112897','周波','安徽省六安市','明天会更好','2017-03-08 15:45:51','20170209',NULL)
ERR: 1048:Column 'corporation_id' cannot be null
 [ SQL语句 ] : INSERT INTO `dg_change` (`type`,`cname`,`profession`,`insurance`,`position`,`address`,`phone`,`guide`,`detailaddress`,`reason`,`applytime`,`student_id`,`corporation_id`) VALUES ('0','请选择企业名称','0','0','php开发工程师','安徽省','13053112897','周波','安徽省六安市','明天会更好','2017-03-08 15:45:51','20170209',NULL)

[ 2017-03-08T15:45:59+08:00 ] 61.235.37.202 /index.php?m=student&c=apply&a=changeCorporation
INFO: [ app_begin ] --START--
INFO: Run Behavior\ReadHtmlCacheBehavior [ RunTime:0.000299s ]
INFO: [ app_begin ] --END-- [ RunTime:0.000521s ]

[ 2017-03-08T15:46:04+08:00 ] 61.235.37.202 /index.php?m=student&c=apply&a=changeCorporation
INFO: [ app_begin ] --START--
INFO: Run Behavior\ReadHtmlCacheBehavior [ RunTime:0.000292s ]
INFO: [ app_begin ] --END-- [ RunTime:0.000502s ]

[ 2017-03-08T15:46:43+08:00 ] 61.235.37.202 /index.php?m=student&c=apply&a=changeCorporation
INFO: [ app_begin ] --START--
INFO: Run Behavior\ReadHtmlCacheBehavior [ RunTime:0.000283s ]
INFO: [ app_begin ] --END-- [ RunTime:0.000505s ]

[ 2017-03-08T15:46:51+08:00 ] 61.235.37.202 /index.php?m=student&c=apply&a=changeCorporation
INFO: [ app_begin ] --START--
INFO: Run Behavior\ReadHtmlCacheBehavior [ RunTime:0.000305s ]
INFO: [ app_begin ] --END-- [ RunTime:0.000522s ]
SQL: SHOW COLUMNS FROM `dg_student` [ RunTime:0.0005s ]
SQL: SELECT `studentno`,`corporation_id`,`name`,`phone` FROM `dg_student` WHERE ( name="yfy" ) LIMIT 1   [ RunTime:0.0001s ]
SQL: SHOW COLUMNS FROM `dg_corporation` [ RunTime:0.0004s ]
SQL: SELECT * FROM `dg_corporation` WHERE ( name="请选择企业名称" ) LIMIT 1   [ RunTime:0.0001s ]
SQL: SHOW COLUMNS FROM `dg_practice` [ RunTime:0.0004s ]
SQL: SELECT * FROM `dg_practice` WHERE ( student_id=20170209 ) LIMIT 1   [ RunTime:0.0001s ]
SQL: SHOW COLUMNS FROM `dg_change` [ RunTime:0.0003s ]
SQL: SELECT * FROM `dg_change` WHERE ( student_id=20170209 ) LIMIT 1   [ RunTime:0.0002s ]
SQL: SHOW COLUMNS FROM `dg_change` [ RunTime:0.0003s ]
ERR: 1048:Column 'corporation_id' cannot be null
 [ SQL语句 ] : INSERT INTO `dg_change` (`type`,`cname`,`profession`,`insurance`,`position`,`address`,`phone`,`guide`,`detailaddress`,`reason`,`applytime`,`student_id`,`corporation_id`) VALUES ('0','请选择企业名称','0','0','c++','安徽省','13053112897','周波','安徽省六安市','安徽省六安市','2017-03-08 15:46:51','20170209',NULL)
ERR: 1048:Column 'corporation_id' cannot be null
 [ SQL语句 ] : INSERT INTO `dg_change` (`type`,`cname`,`profession`,`insurance`,`position`,`address`,`phone`,`guide`,`detailaddress`,`reason`,`applytime`,`student_id`,`corporation_id`) VALUES ('0','请选择企业名称','0','0','c++','安徽省','13053112897','周波','安徽省六安市','安徽省六安市','2017-03-08 15:46:51','20170209',NULL)

[ 2017-03-08T15:52:19+08:00 ] 61.235.37.202 /index.php?m=student&c=apply&a=changeCorporation
INFO: [ app_begin ] --START--
INFO: Run Behavior\ReadHtmlCacheBehavior [ RunTime:0.000297s ]
INFO: [ app_begin ] --END-- [ RunTime:0.000574s ]

[ 2017-03-08T15:53:26+08:00 ] 61.235.37.202 /index.php?m=student&c=apply&a=changeCorporation
INFO: [ app_begin ] --START--
INFO: Run Behavior\ReadHtmlCacheBehavior [ RunTime:0.000302s ]
INFO: [ app_begin ] --END-- [ RunTime:0.000537s ]
NOTIC: [8] Undefined index: adminUser /var/www/html/Application/Student/Controller/ApplyController.class.php 第 178 行.
SQL: SHOW COLUMNS FROM `dg_student` [ RunTime:0.0005s ]
SQL: SELECT `studentno`,`corporation_id`,`name`,`phone` FROM `dg_student` WHERE ( name="" ) LIMIT 1   [ RunTime:0.0001s ]
SQL: SHOW COLUMNS FROM `dg_corporation` [ RunTime:0.0004s ]
SQL: SELECT * FROM `dg_corporation` WHERE ( name="请选择企业名称" ) LIMIT 1   [ RunTime:0.0001s ]
SQL: SHOW COLUMNS FROM `dg_practice` [ RunTime:0.0004s ]
ERR: 1064:You have an error in your SQL syntax; check the manual that corresponds to your MySQL server version for the right syntax to use near ') LIMIT 1' at line 1
 [ SQL语句 ] : SELECT * FROM `dg_practice` WHERE ( student_id= ) LIMIT 1  
ERR: 1064:You have an error in your SQL syntax; check the manual that corresponds to your MySQL server version for the right syntax to use near ') LIMIT 1' at line 1
 [ SQL语句 ] : SELECT * FROM `dg_practice` WHERE ( student_id= ) LIMIT 1  

[ 2017-03-08T15:53:43+08:00 ] 61.235.37.202 /index.php/student/login/js/agent/agent.js?_=1488959633756
INFO: [ app_begin ] --START--
INFO: Run Behavior\ReadHtmlCacheBehavior [ RunTime:0.000289s ]
INFO: [ app_begin ] --END-- [ RunTime:0.000504s ]
ERR: 非法操作:js

[ 2017-03-08T15:53:51+08:00 ] 61.235.37.202 /index.php?m=student&c=login&a=check
INFO: [ app_begin ] --START--
INFO: Run Behavior\ReadHtmlCacheBehavior [ RunTime:0.000297s ]
INFO: [ app_begin ] --END-- [ RunTime:0.000518s ]
SQL: SHOW COLUMNS FROM `dg_user` [ RunTime:0.0004s ]
SQL: SELECT * FROM `dg_user` WHERE (  username="yfy" ) AND (  `type` = 0 ) LIMIT 1   [ RunTime:0.0001s ]
SQL: SHOW COLUMNS FROM `dg_student` [ RunTime:0.0004s ]
SQL: SELECT * FROM `dg_student` WHERE ( name="yfy" ) LIMIT 1   [ RunTime:0.0001s ]

[ 2017-03-08T15:53:57+08:00 ] 61.235.37.202 /index.php/student/Apply/js/agent/agent.js?_=1488959647759
INFO: [ app_begin ] --START--
INFO: Run Behavior\ReadHtmlCacheBehavior [ RunTime:0.000306s ]
INFO: [ app_begin ] --END-- [ RunTime:0.000534s ]
ERR: 非法操作:js

[ 2017-03-08T15:54:30+08:00 ] 61.235.37.202 /index.php?m=student&c=apply&a=changeCorporation
INFO: [ app_begin ] --START--
INFO: Run Behavior\ReadHtmlCacheBehavior [ RunTime:0.000297s ]
INFO: [ app_begin ] --END-- [ RunTime:0.000511s ]
SQL: SHOW COLUMNS FROM `dg_student` [ RunTime:0.0006s ]
SQL: SELECT `studentno`,`corporation_id`,`name`,`phone` FROM `dg_student` WHERE ( name="yfy" ) LIMIT 1   [ RunTime:0.0001s ]
SQL: SHOW COLUMNS FROM `dg_corporation` [ RunTime:0.0004s ]
SQL: SELECT * FROM `dg_corporation` WHERE ( name="请选择企业名称" ) LIMIT 1   [ RunTime:0.0001s ]
SQL: SHOW COLUMNS FROM `dg_practice` [ RunTime:0.0004s ]
SQL: SELECT * FROM `dg_practice` WHERE ( student_id=20170209 ) LIMIT 1   [ RunTime:0.0001s ]
SQL: SHOW COLUMNS FROM `dg_change` [ RunTime:0.0003s ]
SQL: SELECT * FROM `dg_change` WHERE ( student_id=20170209 ) LIMIT 1   [ RunTime:0.0002s ]
SQL: SHOW COLUMNS FROM `dg_change` [ RunTime:0.0003s ]
ERR: 1048:Column 'corporation_id' cannot be null
 [ SQL语句 ] : INSERT INTO `dg_change` (`type`,`cname`,`profession`,`insurance`,`position`,`address`,`phone`,`guide`,`detailaddress`,`reason`,`applytime`,`student_id`,`corporation_id`) VALUES ('0','请选择企业名称','0','0','php','安徽省','1306511','邓乐乐','安徽省','俺是说','2017-03-08 15:54:30','20170209',NULL)
ERR: 1048:Column 'corporation_id' cannot be null
 [ SQL语句 ] : INSERT INTO `dg_change` (`type`,`cname`,`profession`,`insurance`,`position`,`address`,`phone`,`guide`,`detailaddress`,`reason`,`applytime`,`student_id`,`corporation_id`) VALUES ('0','请选择企业名称','0','0','php','安徽省','1306511','邓乐乐','安徽省','俺是说','2017-03-08 15:54:30','20170209',NULL)

[ 2017-03-08T15:54:38+08:00 ] 61.235.37.202 /index.php?m=student&c=apply&a=changeCorporation
INFO: [ app_begin ] --START--
INFO: Run Behavior\ReadHtmlCacheBehavior [ RunTime:0.000296s ]
INFO: [ app_begin ] --END-- [ RunTime:0.000515s ]
SQL: SHOW COLUMNS FROM `dg_student` [ RunTime:0.0005s ]
SQL: SELECT `studentno`,`corporation_id`,`name`,`phone` FROM `dg_student` WHERE ( name="yfy" ) LIMIT 1   [ RunTime:0.0001s ]
SQL: SHOW COLUMNS FROM `dg_corporation` [ RunTime:0.0004s ]
SQL: SELECT * FROM `dg_corporation` WHERE ( name="请选择企业名称" ) LIMIT 1   [ RunTime:0.0001s ]
SQL: SHOW COLUMNS FROM `dg_practice` [ RunTime:0.0004s ]
SQL: SELECT * FROM `dg_practice` WHERE ( student_id=20170209 ) LIMIT 1   [ RunTime:0.0001s ]
SQL: SHOW COLUMNS FROM `dg_change` [ RunTime:0.0003s ]
SQL: SELECT * FROM `dg_change` WHERE ( student_id=20170209 ) LIMIT 1   [ RunTime:0.0002s ]
SQL: SHOW COLUMNS FROM `dg_change` [ RunTime:0.0003s ]
ERR: 1048:Column 'corporation_id' cannot be null
 [ SQL语句 ] : INSERT INTO `dg_change` (`type`,`cname`,`profession`,`insurance`,`position`,`address`,`phone`,`guide`,`detailaddress`,`reason`,`applytime`,`student_id`,`corporation_id`) VALUES ('0','请选择企业名称','0','0','php','安徽省','1306511','邓乐乐','安徽省','俺是说','2017-03-08 15:54:38','20170209',NULL)
ERR: 1048:Column 'corporation_id' cannot be null
 [ SQL语句 ] : INSERT INTO `dg_change` (`type`,`cname`,`profession`,`insurance`,`position`,`address`,`phone`,`guide`,`detailaddress`,`reason`,`applytime`,`student_id`,`corporation_id`) VALUES ('0','请选择企业名称','0','0','php','安徽省','1306511','邓乐乐','安徽省','俺是说','2017-03-08 15:54:38','20170209',NULL)

[ 2017-03-08T16:29:57+08:00 ] 180.111.33.22 /index.php/student/Apply/js/agent/agent.js?_=1488961844035
INFO: [ app_begin ] --START--
INFO: Run Behavior\ReadHtmlCacheBehavior [ RunTime:0.000311s ]
INFO: [ app_begin ] --END-- [ RunTime:0.000530s ]
ERR: 非法操作:js

[ 2017-03-08T16:30:00+08:00 ] 180.111.33.22 /index.php/student/Report/js/agent/agent.js?_=1488961845420
INFO: [ app_begin ] --START--
INFO: Run Behavior\ReadHtmlCacheBehavior [ RunTime:0.000299s ]
INFO: [ app_begin ] --END-- [ RunTime:0.000594s ]
ERR: 非法操作:js

[ 2017-03-08T16:44:23+08:00 ] 117.136.45.148 /index.php/student/login/js/agent/agent.js?_=1488962709613
INFO: [ app_begin ] --START--
INFO: Run Behavior\ReadHtmlCacheBehavior [ RunTime:0.000327s ]
INFO: [ app_begin ] --END-- [ RunTime:0.000554s ]
ERR: 非法操作:js

[ 2017-03-08T16:44:23+08:00 ] 117.136.45.148 /index.php/student/login/js/agent/agent.js?_=1488962709672
INFO: [ app_begin ] --START--
INFO: Run Behavior\ReadHtmlCacheBehavior [ RunTime:0.000297s ]
INFO: [ app_begin ] --END-- [ RunTime:0.000526s ]
ERR: 非法操作:js

[ 2017-03-08T16:44:28+08:00 ] 117.136.45.148 /index.php?m=student&c=login&a=check
INFO: [ app_begin ] --START--
INFO: Run Behavior\ReadHtmlCacheBehavior [ RunTime:0.000343s ]
INFO: [ app_begin ] --END-- [ RunTime:0.000571s ]
SQL: SHOW COLUMNS FROM `dg_user` [ RunTime:0.0005s ]
SQL: SELECT * FROM `dg_user` WHERE (  username="yfy" ) AND (  `type` = 0 ) LIMIT 1   [ RunTime:0.0001s ]
SQL: SHOW COLUMNS FROM `dg_student` [ RunTime:0.0004s ]
SQL: SELECT * FROM `dg_student` WHERE ( name="yfy" ) LIMIT 1   [ RunTime:0.0001s ]

[ 2017-03-08T16:44:33+08:00 ] 117.136.45.148 /index.php/student/Report/js/agent/agent.js?_=1488962720104
INFO: [ app_begin ] --START--
INFO: Run Behavior\ReadHtmlCacheBehavior [ RunTime:0.000310s ]
INFO: [ app_begin ] --END-- [ RunTime:0.000523s ]
ERR: 非法操作:js

[ 2017-03-08T16:44:36+08:00 ] 117.136.45.148 /index.php/student/report/js/agent/agent.js?_=1488962722722
INFO: [ app_begin ] --START--
INFO: Run Behavior\ReadHtmlCacheBehavior [ RunTime:0.000292s ]
INFO: [ app_begin ] --END-- [ RunTime:0.000511s ]
ERR: 非法操作:js

[ 2017-03-08T16:45:29+08:00 ] 117.136.45.148 /index.php/student/Apply/js/agent/agent.js?_=1488962775865
INFO: [ app_begin ] --START--
INFO: Run Behavior\ReadHtmlCacheBehavior [ RunTime:0.000311s ]
INFO: [ app_begin ] --END-- [ RunTime:0.000545s ]
ERR: 非法操作:js

[ 2017-03-08T16:45:33+08:00 ] 117.136.45.148 /index.php/student/Grade/js/agent/agent.js?_=1488962779637
INFO: [ app_begin ] --START--
INFO: Run Behavior\ReadHtmlCacheBehavior [ RunTime:0.000284s ]
INFO: [ app_begin ] --END-- [ RunTime:0.000496s ]
ERR: 非法操作:js

[ 2017-03-08T16:45:42+08:00 ] 180.153.214.198 /index.php/student/grade/index
ERR: 1064:You have an error in your SQL syntax; check the manual that corresponds to your MySQL server version for the right syntax to use near ') ORDER BY pubtime desc LIMIT 1' at line 1
 [ SQL语句 ] : SELECT * FROM `dg_signin` WHERE ( student_id= ) ORDER BY pubtime desc LIMIT 1  

[ 2017-03-08T16:47:49+08:00 ] 117.136.45.148 /index.php/student/login/js/agent/agent.js?_=1488962916423
INFO: [ app_begin ] --START--
INFO: Run Behavior\ReadHtmlCacheBehavior [ RunTime:0.000297s ]
INFO: [ app_begin ] --END-- [ RunTime:0.000510s ]
ERR: 非法操作:js

[ 2017-03-08T16:47:55+08:00 ] 117.136.45.148 /index.php?m=student&c=login&a=check
INFO: [ app_begin ] --START--
INFO: Run Behavior\ReadHtmlCacheBehavior [ RunTime:0.000298s ]
INFO: [ app_begin ] --END-- [ RunTime:0.000521s ]
SQL: SHOW COLUMNS FROM `dg_user` [ RunTime:0.0004s ]
SQL: SELECT * FROM `dg_user` WHERE (  username="yfy" ) AND (  `type` = 0 ) LIMIT 1   [ RunTime:0.0002s ]
SQL: SHOW COLUMNS FROM `dg_student` [ RunTime:0.0004s ]
SQL: SELECT * FROM `dg_student` WHERE ( name="yfy" ) LIMIT 1   [ RunTime:0.0001s ]

[ 2017-03-08T16:48:01+08:00 ] 117.136.45.148 /index.php/student/report/js/agent/agent.js?_=1488962927704
INFO: [ app_begin ] --START--
INFO: Run Behavior\ReadHtmlCacheBehavior [ RunTime:0.000296s ]
INFO: [ app_begin ] --END-- [ RunTime:0.000506s ]
ERR: 非法操作:js

[ 2017-03-08T16:48:37+08:00 ] 117.136.45.148 /index.php/student/Apply/js/agent/agent.js?_=1488962964047
INFO: [ app_begin ] --START--
INFO: Run Behavior\ReadHtmlCacheBehavior [ RunTime:0.000303s ]
INFO: [ app_begin ] --END-- [ RunTime:0.000513s ]
ERR: 非法操作:js

[ 2017-03-08T16:50:03+08:00 ] 117.136.45.148 /index.php/student/Grade/js/agent/agent.js?_=1488963050211
INFO: [ app_begin ] --START--
INFO: Run Behavior\ReadHtmlCacheBehavior [ RunTime:0.000312s ]
INFO: [ app_begin ] --END-- [ RunTime:0.000587s ]
ERR: 非法操作:js

[ 2017-03-08T21:06:29+08:00 ] 61.235.37.202 /index.php?m=student&c=apply&a=changeCorporation
INFO: [ app_begin ] --START--
INFO: Run Behavior\ReadHtmlCacheBehavior [ RunTime:0.000297s ]
INFO: [ app_begin ] --END-- [ RunTime:0.000529s ]
SQL: SHOW COLUMNS FROM `dg_student` [ RunTime:0.0005s ]
SQL: SELECT `studentno`,`corporation_id`,`name`,`phone` FROM `dg_student` WHERE ( name="yfy" ) LIMIT 1   [ RunTime:0.0001s ]
SQL: SHOW COLUMNS FROM `dg_corporation` [ RunTime:0.0004s ]
SQL: SELECT * FROM `dg_corporation` WHERE ( name="请选择企业名称" ) LIMIT 1   [ RunTime:0.0001s ]

[ 2017-03-08T21:07:16+08:00 ] 61.235.37.202 /index.php?m=student&c=apply&a=changeCorporation
INFO: [ app_begin ] --START--
INFO: Run Behavior\ReadHtmlCacheBehavior [ RunTime:0.000291s ]
INFO: [ app_begin ] --END-- [ RunTime:0.000501s ]
SQL: SHOW COLUMNS FROM `dg_student` [ RunTime:0.0005s ]
SQL: SELECT `studentno`,`corporation_id`,`name`,`phone` FROM `dg_student` WHERE ( name="yfy" ) LIMIT 1   [ RunTime:0.0001s ]

[ 2017-03-08T21:11:03+08:00 ] 61.235.37.202 /index.php?m=student&c=apply&a=changeCorporation
INFO: [ app_begin ] --START--
INFO: Run Behavior\ReadHtmlCacheBehavior [ RunTime:0.000305s ]
INFO: [ app_begin ] --END-- [ RunTime:0.000520s ]
SQL: SHOW COLUMNS FROM `dg_student` [ RunTime:0.0007s ]
SQL: SELECT `studentno`,`corporation_id`,`name`,`phone` FROM `dg_student` WHERE ( name="yfy" ) LIMIT 1   [ RunTime:0.0002s ]

[ 2017-03-08T21:12:27+08:00 ] 61.235.37.202 /index.php?m=student&c=apply&a=changeCorporation
INFO: [ app_begin ] --START--
INFO: Run Behavior\ReadHtmlCacheBehavior [ RunTime:0.000362s ]
INFO: [ app_begin ] --END-- [ RunTime:0.000729s ]

[ 2017-03-08T21:12:39+08:00 ] 61.235.37.202 /index.php?m=student&c=apply&a=changeCorporation
INFO: [ app_begin ] --START--
INFO: Run Behavior\ReadHtmlCacheBehavior [ RunTime:0.000284s ]
INFO: [ app_begin ] --END-- [ RunTime:0.000505s ]
SQL: SHOW COLUMNS FROM `dg_student` [ RunTime:0.0005s ]
SQL: SELECT `studentno`,`corporation_id`,`name`,`phone` FROM `dg_student` WHERE ( name="yfy" ) LIMIT 1   [ RunTime:0.0001s ]

[ 2017-03-08T21:13:24+08:00 ] 61.235.37.202 /index.php?m=student&c=apply&a=changeCorporation
INFO: [ app_begin ] --START--
INFO: Run Behavior\ReadHtmlCacheBehavior [ RunTime:0.000316s ]
INFO: [ app_begin ] --END-- [ RunTime:0.000542s ]
SQL: SHOW COLUMNS FROM `dg_student` [ RunTime:0.0006s ]
SQL: SELECT `studentno`,`corporation_id`,`name`,`phone` FROM `dg_student` WHERE ( name="yfy" ) LIMIT 1   [ RunTime:0.0001s ]
SQL: SHOW COLUMNS FROM `dg_corporation` [ RunTime:0.0004s ]
SQL: SELECT * FROM `dg_corporation` WHERE ( name="去去去" ) LIMIT 1   [ RunTime:0.0001s ]
SQL: SHOW COLUMNS FROM `dg_practice` [ RunTime:0.0004s ]
SQL: SELECT * FROM `dg_practice` WHERE ( student_id=20170209 ) LIMIT 1   [ RunTime:0.0001s ]
SQL: SHOW COLUMNS FROM `dg_change` [ RunTime:0.0003s ]
SQL: SELECT * FROM `dg_change` WHERE ( student_id=20170209 ) LIMIT 1   [ RunTime:0.0002s ]
SQL: SHOW COLUMNS FROM `dg_change` [ RunTime:0.0004s ]
SQL: INSERT INTO `dg_change` (`type`,`cname`,`profession`,`insurance`,`position`,`address`,`phone`,`guide`,`detailaddress`,`reason`,`applytime`,`student_id`,`corporation_id`) VALUES ('0','去去去','1','0','php','安徽省','12455','3212','1134','2313','2017-03-08 21:13:24','20170209','5') [ RunTime:0.0002s ]

[ 2017-03-08T21:13:49+08:00 ] 61.235.37.202 /index.php?m=student&c=apply&a=delChange
INFO: [ app_begin ] --START--
INFO: Run Behavior\ReadHtmlCacheBehavior [ RunTime:0.000293s ]
INFO: [ app_begin ] --END-- [ RunTime:0.000522s ]
SQL: SHOW COLUMNS FROM `dg_change` [ RunTime:0.0005s ]
SQL: DELETE FROM `dg_change` WHERE ( id=16 ) [ RunTime:0.0001s ]

[ 2017-03-08T21:14:00+08:00 ] 61.235.37.202 /index.php/student/apply/js/agent/agent.js?_=1488978850226
INFO: [ app_begin ] --START--
INFO: Run Behavior\ReadHtmlCacheBehavior [ RunTime:0.000300s ]
INFO: [ app_begin ] --END-- [ RunTime:0.000520s ]
ERR: 非法操作:js

[ 2017-03-08T21:14:13+08:00 ] 61.235.37.202 /index.php?m=student&c=apply&a=delLeave
INFO: [ app_begin ] --START--
INFO: Run Behavior\ReadHtmlCacheBehavior [ RunTime:0.000290s ]
INFO: [ app_begin ] --END-- [ RunTime:0.000511s ]
SQL: SHOW COLUMNS FROM `dg_leave` [ RunTime:0.0005s ]
SQL: DELETE FROM `dg_leave` WHERE ( id=54 ) [ RunTime:0.0001s ]

[ 2017-03-08T21:16:12+08:00 ] 61.235.37.202 /index.php?m=student&c=apply&a=changeCorporation
INFO: [ app_begin ] --START--
INFO: Run Behavior\ReadHtmlCacheBehavior [ RunTime:0.000304s ]
INFO: [ app_begin ] --END-- [ RunTime:0.000515s ]
SQL: SHOW COLUMNS FROM `dg_student` [ RunTime:0.0005s ]
SQL: SELECT `studentno`,`corporation_id`,`name`,`phone` FROM `dg_student` WHERE ( name="yfy" ) LIMIT 1   [ RunTime:0.0001s ]
SQL: SHOW COLUMNS FROM `dg_corporation` [ RunTime:0.0004s ]
SQL: SELECT * FROM `dg_corporation` WHERE ( name="华为" ) LIMIT 1   [ RunTime:0.0001s ]
SQL: SHOW COLUMNS FROM `dg_practice` [ RunTime:0.0004s ]
SQL: SELECT * FROM `dg_practice` WHERE ( student_id=20170209 ) LIMIT 1   [ RunTime:0.0001s ]
SQL: SHOW COLUMNS FROM `dg_change` [ RunTime:0.0003s ]
SQL: SELECT * FROM `dg_change` WHERE ( student_id=20170209 ) LIMIT 1   [ RunTime:0.0002s ]
SQL: SHOW COLUMNS FROM `dg_change` [ RunTime:0.0003s ]
SQL: INSERT INTO `dg_change` (`type`,`cname`,`profession`,`insurance`,`position`,`address`,`phone`,`guide`,`detailaddress`,`reason`,`applytime`,`student_id`,`corporation_id`) VALUES ('0','华为','0','0','php','安徽省','13053112897','周波','安徽省','想换分工作','2017-03-08 21:16:12','20170209','6') [ RunTime:0.0002s ]

[ 2017-03-08T21:16:26+08:00 ] 101.226.33.228 /index.php?m=student&c=apply&a=viewChange&id=17
ERR: 1064:You have an error in your SQL syntax; check the manual that corresponds to your MySQL server version for the right syntax to use near ') LIMIT 1' at line 1
 [ SQL语句 ] : SELECT * FROM `dg_corporation` WHERE ( id= ) LIMIT 1  

[ 2017-03-08T21:29:52+08:00 ] 61.235.37.202 /index.php/student/Apply/js/agent/agent.js?_=1488979802821
INFO: [ app_begin ] --START--
INFO: Run Behavior\ReadHtmlCacheBehavior [ RunTime:0.000303s ]
INFO: [ app_begin ] --END-- [ RunTime:0.000518s ]
ERR: 非法操作:js

[ 2017-03-08T21:29:54+08:00 ] 61.235.37.202 /index.php/student/Contact/js/agent/agent.js?_=1488979803805
INFO: [ app_begin ] --START--
INFO: Run Behavior\ReadHtmlCacheBehavior [ RunTime:0.000307s ]
INFO: [ app_begin ] --END-- [ RunTime:0.000536s ]
ERR: 非法操作:js

[ 2017-03-08T21:29:55+08:00 ] 61.235.37.202 /index.php/student/Apply/js/agent/agent.js?_=1488979805652
INFO: [ app_begin ] --START--
INFO: Run Behavior\ReadHtmlCacheBehavior [ RunTime:0.000310s ]
INFO: [ app_begin ] --END-- [ RunTime:0.000540s ]
ERR: 非法操作:js

[ 2017-03-08T21:29:59+08:00 ] 61.235.37.202 /index.php/student/Report/js/agent/agent.js?_=1488979809360
INFO: [ app_begin ] --START--
INFO: Run Behavior\ReadHtmlCacheBehavior [ RunTime:0.000295s ]
INFO: [ app_begin ] --END-- [ RunTime:0.000524s ]
ERR: 非法操作:js

[ 2017-03-08T21:30:02+08:00 ] 61.235.37.202 /index.php/Student/Report/index/pageNum/js/agent/agent.js?_=1488979811584
INFO: [ app_begin ] --START--
INFO: Run Behavior\ReadHtmlCacheBehavior [ RunTime:0.000297s ]
INFO: [ app_begin ] --END-- [ RunTime:0.000522s ]
SQL: SHOW COLUMNS FROM `dg_student` [ RunTime:0.0007s ]
SQL: SELECT * FROM `dg_student` WHERE ( studentno=20170209 ) LIMIT 1   [ RunTime:0.0002s ]
SQL: SHOW COLUMNS FROM `dg_report` [ RunTime:0.0004s ]
SQL: SELECT COUNT(*) AS tp_Count FROM `dg_report` WHERE `student_id` = 20170209 AND `type` = 0 LIMIT 1   [ RunTime:0.0001s ]
SQL: SHOW COLUMNS FROM `dg_corporation` [ RunTime:0.0003s ]
SQL: SELECT * FROM `dg_corporation` WHERE ( id=2 ) LIMIT 1   [ RunTime:0.0002s ]
SQL: SHOW COLUMNS FROM `dg_student` [ RunTime:0.0003s ]
SQL: SELECT s.studentno,s.name,s.classno,r.id,r.status,r.pubtime,c.classname FROM dg_student s,dg_report r,dg_class c WHERE ( s.studentno=r.student_id and name="yfy" and c.id = s.classno and r.type=0 ) ORDER BY r.pubtime desc LIMIT 0,4   [ RunTime:0.0003s ]
INFO: [ view_parse ] --START--
INFO: [ template_filter ] --START--
INFO: Run Behavior\ContentReplaceBehavior [ RunTime:0.000074s ]
INFO: [ template_filter ] --END-- [ RunTime:0.000108s ]
INFO: Run Behavior\ParseTemplateBehavior [ RunTime:0.006287s ]
INFO: [ view_parse ] --END-- [ RunTime:0.006320s ]
INFO: [ view_filter ] --START--
INFO: Run Behavior\WriteHtmlCacheBehavior [ RunTime:0.000104s ]
INFO: [ view_filter ] --END-- [ RunTime:0.000128s ]
INFO: [ app_end ] --START--
INFO: Run Behavior\ShowPageTraceBehavior [ RunTime:0.000297s ]
INFO: [ app_end ] --END-- [ RunTime:0.000330s ]

[ 2017-03-08T21:42:05+08:00 ] 61.235.37.202 /index.php/student/Apply/js/agent/agent.js?_=1488980535490
INFO: [ app_begin ] --START--
INFO: Run Behavior\ReadHtmlCacheBehavior [ RunTime:0.000300s ]
INFO: [ app_begin ] --END-- [ RunTime:0.000523s ]
ERR: 非法操作:js

[ 2017-03-08T21:42:11+08:00 ] 61.235.37.202 /index.php?m=student&c=apply&a=delChange
INFO: [ app_begin ] --START--
INFO: Run Behavior\ReadHtmlCacheBehavior [ RunTime:0.000298s ]
INFO: [ app_begin ] --END-- [ RunTime:0.000517s ]
SQL: SHOW COLUMNS FROM `dg_change` [ RunTime:0.0005s ]
SQL: DELETE FROM `dg_change` WHERE ( id=17 ) [ RunTime:0.0001s ]

[ 2017-03-08T21:42:31+08:00 ] 180.153.214.198 /index.php?m=student&c=apply&a=viewChange&id=18
ERR: 1064:You have an error in your SQL syntax; check the manual that corresponds to your MySQL server version for the right syntax to use near ') LIMIT 1' at line 1
 [ SQL语句 ] : SELECT * FROM `dg_practice` WHERE ( student_id= ) LIMIT 1  

[ 2017-03-08T21:42:39+08:00 ] 61.235.37.202 /index.php?m=student&c=apply&a=delChange
INFO: [ app_begin ] --START--
INFO: Run Behavior\ReadHtmlCacheBehavior [ RunTime:0.000290s ]
INFO: [ app_begin ] --END-- [ RunTime:0.000519s ]
SQL: SHOW COLUMNS FROM `dg_change` [ RunTime:0.0006s ]
SQL: DELETE FROM `dg_change` WHERE ( id=18 ) [ RunTime:0.0001s ]

[ 2017-03-08T21:42:41+08:00 ] 61.235.37.202 /index.php?m=student&c=apply&a=delChange
INFO: [ app_begin ] --START--
INFO: Run Behavior\ReadHtmlCacheBehavior [ RunTime:0.000306s ]
INFO: [ app_begin ] --END-- [ RunTime:0.000580s ]
SQL: SHOW COLUMNS FROM `dg_change` [ RunTime:0.0006s ]
SQL: DELETE FROM `dg_change` WHERE ( id=18 ) [ RunTime:0.0001s ]

[ 2017-03-08T21:42:46+08:00 ] 61.235.37.202 /index.php?m=student&c=apply&a=delChange
INFO: [ app_begin ] --START--
INFO: Run Behavior\ReadHtmlCacheBehavior [ RunTime:0.000299s ]
INFO: [ app_begin ] --END-- [ RunTime:0.000511s ]
SQL: SHOW COLUMNS FROM `dg_change` [ RunTime:0.0005s ]
SQL: DELETE FROM `dg_change` WHERE ( id=19 ) [ RunTime:0.0001s ]

[ 2017-03-08T21:42:56+08:00 ] 61.235.37.202 /index.php/student/Apply/js/agent/agent.js?_=1488980585740
INFO: [ app_begin ] --START--
INFO: Run Behavior\ReadHtmlCacheBehavior [ RunTime:0.000317s ]
INFO: [ app_begin ] --END-- [ RunTime:0.000537s ]
ERR: 非法操作:js

[ 2017-03-08T21:43:58+08:00 ] 61.235.37.202 /index.php?m=student&c=apply&a=changeJob
INFO: [ app_begin ] --START--
INFO: Run Behavior\ReadHtmlCacheBehavior [ RunTime:0.000292s ]
INFO: [ app_begin ] --END-- [ RunTime:0.000503s ]
SQL: SHOW COLUMNS FROM `dg_student` [ RunTime:0.0005s ]
SQL: SELECT `studentno`,`corporation_id`,`name`,`phone` FROM `dg_student` WHERE ( name="yfy" ) LIMIT 1   [ RunTime:0.0002s ]
SQL: SHOW COLUMNS FROM `dg_practice` [ RunTime:0.0004s ]
SQL: SELECT * FROM `dg_practice` WHERE ( student_id=20170209 ) LIMIT 1   [ RunTime:0.0001s ]
SQL: SHOW COLUMNS FROM `dg_change` [ RunTime:0.0004s ]
SQL: SELECT * FROM `dg_change` WHERE ( student_id=20170209 ) LIMIT 1   [ RunTime:0.0001s ]
SQL: SHOW COLUMNS FROM `dg_change` [ RunTime:0.0004s ]
SQL: INSERT INTO `dg_change` (`type`,`position`,`profession`,`insurance`,`guide`,`phone`,`guide_email`,`reason`,`applytime`,`student_id`,`corporation_id`) VALUES ('1','c++','0','0','周波','13053112897','1281074511@qq.com','想换份工作','2017-03-08 21:43:58','20170209','2') [ RunTime:0.0002s ]

[ 2017-03-08T21:44:14+08:00 ] 101.226.125.111 /index.php?m=student&c=apply&a=viewChange&id=20
ERR: 1064:You have an error in your SQL syntax; check the manual that corresponds to your MySQL server version for the right syntax to use near ') LIMIT 1' at line 1
 [ SQL语句 ] : SELECT * FROM `dg_practice` WHERE ( student_id= ) LIMIT 1  

[ 2017-03-08T21:47:30+08:00 ] 61.235.37.202 /index.php/student/apply/js/agent/agent.js?_=1488980860558
INFO: [ app_begin ] --START--
INFO: Run Behavior\ReadHtmlCacheBehavior [ RunTime:0.000280s ]
INFO: [ app_begin ] --END-- [ RunTime:0.000491s ]
ERR: 非法操作:js

[ 2017-03-08T21:47:39+08:00 ] 61.235.37.202 /index.php/student/Contact/js/agent/agent.js?_=1488980869711
INFO: [ app_begin ] --START--
INFO: Run Behavior\ReadHtmlCacheBehavior [ RunTime:0.000303s ]
INFO: [ app_begin ] --END-- [ RunTime:0.000524s ]
ERR: 非法操作:js

[ 2017-03-08T21:47:40+08:00 ] 101.226.68.197 /index.php/student/apply/change
ERR: 1064:You have an error in your SQL syntax; check the manual that corresponds to your MySQL server version for the right syntax to use near ') LIMIT 1' at line 1
 [ SQL语句 ] : SELECT * FROM `dg_change` WHERE ( student_id= ) LIMIT 1  

[ 2017-03-08T21:47:42+08:00 ] 61.235.37.202 /index.php/student/Report/js/agent/agent.js?_=1488980871755
INFO: [ app_begin ] --START--
INFO: Run Behavior\ReadHtmlCacheBehavior [ RunTime:0.000311s ]
INFO: [ app_begin ] --END-- [ RunTime:0.000534s ]
ERR: 非法操作:js

[ 2017-03-08T22:10:00+08:00 ] 61.235.37.202 /index.php/student/Apply/js/agent/agent.js?_=1488982210398
INFO: [ app_begin ] --START--
INFO: Run Behavior\ReadHtmlCacheBehavior [ RunTime:0.000296s ]
INFO: [ app_begin ] --END-- [ RunTime:0.000507s ]
ERR: 非法操作:js

[ 2017-03-08T22:10:22+08:00 ] 61.235.37.202 /index.php?m=student&c=apply&a=delChange
INFO: [ app_begin ] --START--
INFO: Run Behavior\ReadHtmlCacheBehavior [ RunTime:0.000285s ]
INFO: [ app_begin ] --END-- [ RunTime:0.000513s ]
SQL: SHOW COLUMNS FROM `dg_change` [ RunTime:0.0005s ]
SQL: DELETE FROM `dg_change` WHERE ( id=22 ) [ RunTime:0.0001s ]

[ 2017-03-08T22:10:32+08:00 ] 61.235.37.202 /index.php?m=student&c=apply&a=delChange
INFO: [ app_begin ] --START--
INFO: Run Behavior\ReadHtmlCacheBehavior [ RunTime:0.000279s ]
INFO: [ app_begin ] --END-- [ RunTime:0.000488s ]
SQL: SHOW COLUMNS FROM `dg_change` [ RunTime:0.0005s ]
SQL: DELETE FROM `dg_change` WHERE ( id=20 ) [ RunTime:0.0001s ]

[ 2017-03-08T22:10:41+08:00 ] 61.235.37.202 /index.php?m=student&c=apply&a=delChange
INFO: [ app_begin ] --START--
INFO: Run Behavior\ReadHtmlCacheBehavior [ RunTime:0.000300s ]
INFO: [ app_begin ] --END-- [ RunTime:0.000514s ]
SQL: SHOW COLUMNS FROM `dg_change` [ RunTime:0.0005s ]
SQL: DELETE FROM `dg_change` WHERE ( id=21 ) [ RunTime:0.0001s ]

[ 2017-03-08T22:10:42+08:00 ] 61.235.37.202 /index.php?m=student&c=apply&a=delChange
INFO: [ app_begin ] --START--
INFO: Run Behavior\ReadHtmlCacheBehavior [ RunTime:0.000281s ]
INFO: [ app_begin ] --END-- [ RunTime:0.000504s ]
SQL: SHOW COLUMNS FROM `dg_change` [ RunTime:0.0006s ]
SQL: DELETE FROM `dg_change` WHERE ( id=21 ) [ RunTime:0.0003s ]

[ 2017-03-08T22:10:46+08:00 ] 61.235.37.202 /index.php?m=student&c=apply&a=delChange
INFO: [ app_begin ] --START--
INFO: Run Behavior\ReadHtmlCacheBehavior [ RunTime:0.000292s ]
INFO: [ app_begin ] --END-- [ RunTime:0.000508s ]
SQL: SHOW COLUMNS FROM `dg_change` [ RunTime:0.0006s ]
SQL: DELETE FROM `dg_change` WHERE ( id=21 ) [ RunTime:0.0001s ]

[ 2017-03-08T22:10:50+08:00 ] 61.235.37.202 /index.php?m=student&c=apply&a=delChange
INFO: [ app_begin ] --START--
INFO: Run Behavior\ReadHtmlCacheBehavior [ RunTime:0.000299s ]
INFO: [ app_begin ] --END-- [ RunTime:0.000531s ]
SQL: SHOW COLUMNS FROM `dg_change` [ RunTime:0.0006s ]
SQL: DELETE FROM `dg_change` WHERE ( id=21 ) [ RunTime:0.0001s ]

[ 2017-03-08T22:11:03+08:00 ] 101.226.69.246 /index.php?m=student&c=apply
ERR: 1064:You have an error in your SQL syntax; check the manual that corresponds to your MySQL server version for the right syntax to use near ') LIMIT 1' at line 1
 [ SQL语句 ] : SELECT * FROM `dg_practice` WHERE ( student_id= ) LIMIT 1  

[ 2017-03-08T22:15:07+08:00 ] 61.235.37.202 /index.php/student/Apply/js/agent/agent.js?_=1488982517477
INFO: [ app_begin ] --START--
INFO: Run Behavior\ReadHtmlCacheBehavior [ RunTime:0.000343s ]
INFO: [ app_begin ] --END-- [ RunTime:0.000565s ]
ERR: 非法操作:js

[ 2017-03-08T22:19:47+08:00 ] 61.235.37.202 /index.php/student/Apply/js/agent/agent.js?_=1488982797602
INFO: [ app_begin ] --START--
INFO: Run Behavior\ReadHtmlCacheBehavior [ RunTime:0.000292s ]
INFO: [ app_begin ] --END-- [ RunTime:0.000512s ]
ERR: 非法操作:js

[ 2017-03-08T22:19:55+08:00 ] 61.235.37.202 /index.php/student/Apply/js/agent/agent.js?_=1488982805277
INFO: [ app_begin ] --START--
INFO: Run Behavior\ReadHtmlCacheBehavior [ RunTime:0.000308s ]
INFO: [ app_begin ] --END-- [ RunTime:0.000528s ]
ERR: 非法操作:js

[ 2017-03-08T22:20:46+08:00 ] 61.235.37.202 /index.php/student/Apply/js/agent/agent.js?_=1488982853692
INFO: [ app_begin ] --START--
INFO: Run Behavior\ReadHtmlCacheBehavior [ RunTime:0.000295s ]
INFO: [ app_begin ] --END-- [ RunTime:0.000526s ]
ERR: 非法操作:js

[ 2017-03-08T22:20:52+08:00 ] 61.235.37.202 /index.php/student/Apply/js/agent/agent.js?_=1488982862413
INFO: [ app_begin ] --START--
INFO: Run Behavior\ReadHtmlCacheBehavior [ RunTime:0.000339s ]
INFO: [ app_begin ] --END-- [ RunTime:0.000575s ]
ERR: 非法操作:js

[ 2017-03-08T22:20:58+08:00 ] 61.235.37.202 /index.php/student/Apply/js/agent/agent.js?_=1488982868164
INFO: [ app_begin ] --START--
INFO: Run Behavior\ReadHtmlCacheBehavior [ RunTime:0.000301s ]
INFO: [ app_begin ] --END-- [ RunTime:0.000538s ]
ERR: 非法操作:js

[ 2017-03-08T22:21:11+08:00 ] 61.235.37.202 /index.php/student/Apply/js/agent/agent.js?_=1488982880791
INFO: [ app_begin ] --START--
INFO: Run Behavior\ReadHtmlCacheBehavior [ RunTime:0.000335s ]
INFO: [ app_begin ] --END-- [ RunTime:0.000586s ]
ERR: 非法操作:js

[ 2017-03-08T22:21:16+08:00 ] 61.235.37.202 /index.php/student/Apply/js/agent/agent.js?_=1488982886603
INFO: [ app_begin ] --START--
INFO: Run Behavior\ReadHtmlCacheBehavior [ RunTime:0.000307s ]
INFO: [ app_begin ] --END-- [ RunTime:0.000542s ]
ERR: 非法操作:js

[ 2017-03-08T22:33:53+08:00 ] 61.235.37.202 /index.php/student/Apply/js/agent/agent.js?_=1488983643518
INFO: [ app_begin ] --START--
INFO: Run Behavior\ReadHtmlCacheBehavior [ RunTime:0.000285s ]
INFO: [ app_begin ] --END-- [ RunTime:0.000504s ]
ERR: 非法操作:js

[ 2017-03-08T22:34:08+08:00 ] 61.235.37.202 /index.php?m=student&c=apply&a=addLeave
INFO: [ app_begin ] --START--
INFO: Run Behavior\ReadHtmlCacheBehavior [ RunTime:0.000298s ]
INFO: [ app_begin ] --END-- [ RunTime:0.000519s ]

[ 2017-03-08T22:34:48+08:00 ] 61.235.37.202 /index.php?m=student&c=apply&a=addLeave
INFO: [ app_begin ] --START--
INFO: Run Behavior\ReadHtmlCacheBehavior [ RunTime:0.000292s ]
INFO: [ app_begin ] --END-- [ RunTime:0.000513s ]
SQL: SHOW COLUMNS FROM `dg_student` [ RunTime:0.0005s ]
SQL: SELECT `studentno`,`corporation_id`,`name`,`phone` FROM `dg_student` WHERE ( name="yfy" ) LIMIT 1   [ RunTime:0.0001s ]
SQL: SHOW COLUMNS FROM `dg_leave` [ RunTime:0.0003s ]
SQL: INSERT INTO `dg_leave` (`content`,`emegencyconcat`,`telephone`,`starttime`,`endtime`,`applytime`,`student_id`) VALUES ('请假一天','葛志国','123456789','2017-03-08 22:30','2017-03-10 22:30','2017-03-08 22:34:48','20170209') [ RunTime:0.0001s ]

[ 2017-03-08T22:46:25+08:00 ] 61.235.37.202 /index.php/student/Report/js/agent/agent.js?_=1488984394607
INFO: [ app_begin ] --START--
INFO: Run Behavior\ReadHtmlCacheBehavior [ RunTime:0.000299s ]
INFO: [ app_begin ] --END-- [ RunTime:0.000512s ]
ERR: 非法操作:js

[ 2017-03-08T22:46:39+08:00 ] 61.235.37.202 /index.php/student/Report/js/agent/agent.js?_=1488984409363
INFO: [ app_begin ] --START--
INFO: Run Behavior\ReadHtmlCacheBehavior [ RunTime:0.000306s ]
INFO: [ app_begin ] --END-- [ RunTime:0.000528s ]
ERR: 非法操作:js

[ 2017-03-08T22:46:43+08:00 ] 61.235.37.202 /index.php/student/Apply/js/agent/agent.js?_=1488984413500
INFO: [ app_begin ] --START--
INFO: Run Behavior\ReadHtmlCacheBehavior [ RunTime:0.000321s ]
INFO: [ app_begin ] --END-- [ RunTime:0.000548s ]
ERR: 非法操作:js

[ 2017-03-08T22:46:54+08:00 ] 61.235.37.202 /index.php/student/Apply/js/agent/agent.js?_=1488984424458
INFO: [ app_begin ] --START--
INFO: Run Behavior\ReadHtmlCacheBehavior [ RunTime:0.000295s ]
INFO: [ app_begin ] --END-- [ RunTime:0.000507s ]
ERR: 非法操作:js

[ 2017-03-08T22:46:56+08:00 ] 61.235.37.202 /index.php?m=student&c=apply&a=delApply
INFO: [ app_begin ] --START--
INFO: Run Behavior\ReadHtmlCacheBehavior [ RunTime:0.000332s ]
INFO: [ app_begin ] --END-- [ RunTime:0.000564s ]
SQL: SHOW COLUMNS FROM `dg_practice` [ RunTime:0.0005s ]
SQL: DELETE FROM `dg_practice` WHERE ( id=41 ) [ RunTime:0.0001s ]

[ 2017-03-08T22:46:59+08:00 ] 61.235.37.202 /index.php/student/Apply/js/agent/agent.js?_=1488984428984
INFO: [ app_begin ] --START--
INFO: Run Behavior\ReadHtmlCacheBehavior [ RunTime:0.000297s ]
INFO: [ app_begin ] --END-- [ RunTime:0.000510s ]
ERR: 非法操作:js

[ 2017-03-08T22:47:04+08:00 ] 61.235.37.202 /index.php/student/Apply/js/agent/agent.js?_=1488984434107
INFO: [ app_begin ] --START--
INFO: Run Behavior\ReadHtmlCacheBehavior [ RunTime:0.000286s ]
INFO: [ app_begin ] --END-- [ RunTime:0.000518s ]
ERR: 非法操作:js

[ 2017-03-08T22:47:07+08:00 ] 61.235.37.202 /index.php?m=student&c=apply&a=delApply
INFO: [ app_begin ] --START--
INFO: Run Behavior\ReadHtmlCacheBehavior [ RunTime:0.000308s ]
INFO: [ app_begin ] --END-- [ RunTime:0.000530s ]
SQL: SHOW COLUMNS FROM `dg_practice` [ RunTime:0.0005s ]
SQL: DELETE FROM `dg_practice` WHERE ( id=37 ) [ RunTime:0.0001s ]

[ 2017-03-08T22:47:09+08:00 ] 61.235.37.202 /index.php/student/Apply/js/agent/agent.js?_=1488984439946
INFO: [ app_begin ] --START--
INFO: Run Behavior\ReadHtmlCacheBehavior [ RunTime:0.000282s ]
INFO: [ app_begin ] --END-- [ RunTime:0.000500s ]
ERR: 非法操作:js

[ 2017-03-08T22:47:14+08:00 ] 61.235.37.202 /index.php?m=student&c=apply&a=delApply
INFO: [ app_begin ] --START--
INFO: Run Behavior\ReadHtmlCacheBehavior [ RunTime:0.000307s ]
INFO: [ app_begin ] --END-- [ RunTime:0.000527s ]
SQL: SHOW COLUMNS FROM `dg_practice` [ RunTime:0.0005s ]
SQL: DELETE FROM `dg_practice` WHERE ( id=39 ) [ RunTime:0.0001s ]

[ 2017-03-08T22:47:16+08:00 ] 61.235.37.202 /index.php/student/Apply/js/agent/agent.js?_=1488984446727
INFO: [ app_begin ] --START--
INFO: Run Behavior\ReadHtmlCacheBehavior [ RunTime:0.000300s ]
INFO: [ app_begin ] --END-- [ RunTime:0.000524s ]
ERR: 非法操作:js

[ 2017-03-08T22:49:10+08:00 ] 61.235.37.202 /index.php?m=student&c=apply&a=delApply
INFO: [ app_begin ] --START--
INFO: Run Behavior\ReadHtmlCacheBehavior [ RunTime:0.000309s ]
INFO: [ app_begin ] --END-- [ RunTime:0.000540s ]
SQL: SHOW COLUMNS FROM `dg_practice` [ RunTime:0.0005s ]
SQL: DELETE FROM `dg_practice` WHERE ( id=43 ) [ RunTime:0.0001s ]

[ 2017-03-08T22:49:15+08:00 ] 61.235.37.202 /index.php/student/Apply/js/agent/agent.js?_=1488984564356
INFO: [ app_begin ] --START--
INFO: Run Behavior\ReadHtmlCacheBehavior [ RunTime:0.000311s ]
INFO: [ app_begin ] --END-- [ RunTime:0.000523s ]
ERR: 非法操作:js

