[ 2017-03-04T02:06:25+08:00 ] 61.235.37.202 /index.php/student/Report/js/agent/agent.js?_=1488564391880
INFO: [ app_begin ] --START--
INFO: Run Behavior\ReadHtmlCacheBehavior [ RunTime:0.000298s ]
INFO: [ app_begin ] --END-- [ RunTime:0.000511s ]
ERR: 非法操作:js

[ 2017-03-04T02:06:47+08:00 ] 61.235.37.202 /index.php/student/Report/js/agent/agent.js?_=1488564415450
INFO: [ app_begin ] --START--
INFO: Run Behavior\ReadHtmlCacheBehavior [ RunTime:0.000298s ]
INFO: [ app_begin ] --END-- [ RunTime:0.000528s ]
ERR: 非法操作:js

[ 2017-03-04T02:06:51+08:00 ] 61.235.37.202 /index.php/student/Report/js/agent/agent.js?_=1488564420400
INFO: [ app_begin ] --START--
INFO: Run Behavior\ReadHtmlCacheBehavior [ RunTime:0.000313s ]
INFO: [ app_begin ] --END-- [ RunTime:0.000543s ]
ERR: 非法操作:js

[ 2017-03-04T02:07:03+08:00 ] 61.235.37.202 /index.php/student/Apply/js/agent/agent.js?_=1488564432978
INFO: [ app_begin ] --START--
INFO: Run Behavior\ReadHtmlCacheBehavior [ RunTime:0.000295s ]
INFO: [ app_begin ] --END-- [ RunTime:0.000515s ]
ERR: 非法操作:js

[ 2017-03-04T02:07:07+08:00 ] 61.235.37.202 /index.php/student/Contact/js/agent/agent.js?_=1488564436753
INFO: [ app_begin ] --START--
INFO: Run Behavior\ReadHtmlCacheBehavior [ RunTime:0.000296s ]
INFO: [ app_begin ] --END-- [ RunTime:0.000510s ]
ERR: 非法操作:js

[ 2017-03-04T02:07:10+08:00 ] 61.235.37.202 /index.php/student/Notice/js/agent/agent.js?_=1488564439967
INFO: [ app_begin ] --START--
INFO: Run Behavior\ReadHtmlCacheBehavior [ RunTime:0.000286s ]
INFO: [ app_begin ] --END-- [ RunTime:0.000508s ]
ERR: 非法操作:js

[ 2017-03-04T06:48:40+08:00 ] 223.245.80.94 /index.php/student/Contact/js/agent/agent.js?_=1488581319475
INFO: [ app_begin ] --START--
INFO: Run Behavior\ReadHtmlCacheBehavior [ RunTime:0.000286s ]
INFO: [ app_begin ] --END-- [ RunTime:0.000523s ]
ERR: 非法操作:js

[ 2017-03-04T06:48:46+08:00 ] 223.245.80.94 /index.php/student/login/js/agent/agent.js?_=1488581326029
INFO: [ app_begin ] --START--
INFO: Run Behavior\ReadHtmlCacheBehavior [ RunTime:0.000299s ]
INFO: [ app_begin ] --END-- [ RunTime:0.000523s ]
ERR: 非法操作:js

[ 2017-03-04T07:20:43+08:00 ] 223.245.80.94 /index.php/student/login/js/agent/agent.js?_=1488583242901
INFO: [ app_begin ] --START--
INFO: Run Behavior\ReadHtmlCacheBehavior [ RunTime:0.000294s ]
INFO: [ app_begin ] --END-- [ RunTime:0.000519s ]
ERR: 非法操作:js

[ 2017-03-04T07:20:49+08:00 ] 223.245.80.94 /index.php?m=student&c=login&a=check
INFO: [ app_begin ] --START--
INFO: Run Behavior\ReadHtmlCacheBehavior [ RunTime:0.000286s ]
INFO: [ app_begin ] --END-- [ RunTime:0.000508s ]
SQL: SHOW COLUMNS FROM `dg_user` [ RunTime:0.0004s ]
SQL: SELECT * FROM `dg_user` WHERE (  username="yfy" ) AND (  `type` = 0 ) LIMIT 1   [ RunTime:0.0002s ]
SQL: SHOW COLUMNS FROM `dg_student` [ RunTime:0.0004s ]
SQL: SELECT * FROM `dg_student` WHERE ( name="yfy" ) LIMIT 1   [ RunTime:0.0001s ]

[ 2017-03-04T07:21:04+08:00 ] 223.245.80.94 /index.php/student/report/js/agent/agent.js?_=1488583264034
INFO: [ app_begin ] --START--
INFO: Run Behavior\ReadHtmlCacheBehavior [ RunTime:0.000329s ]
INFO: [ app_begin ] --END-- [ RunTime:0.000536s ]
ERR: 非法操作:js

[ 2017-03-04T07:21:10+08:00 ] 223.245.80.94 /index.php/student/Apply/js/agent/agent.js?_=1488583269535
INFO: [ app_begin ] --START--
INFO: Run Behavior\ReadHtmlCacheBehavior [ RunTime:0.000323s ]
INFO: [ app_begin ] --END-- [ RunTime:0.000537s ]
ERR: 非法操作:js

[ 2017-03-04T07:37:47+08:00 ] 223.245.80.94 /index.php/student/Contact/js/agent/agent.js?_=1488584266406
INFO: [ app_begin ] --START--
INFO: Run Behavior\ReadHtmlCacheBehavior [ RunTime:0.000304s ]
INFO: [ app_begin ] --END-- [ RunTime:0.000521s ]
ERR: 非法操作:js

[ 2017-03-04T07:37:48+08:00 ] 223.245.80.94 /index.php/student/Apply/js/agent/agent.js?_=1488584267564
INFO: [ app_begin ] --START--
INFO: Run Behavior\ReadHtmlCacheBehavior [ RunTime:0.000479s ]
INFO: [ app_begin ] --END-- [ RunTime:0.000700s ]
ERR: 非法操作:js

[ 2017-03-04T07:37:50+08:00 ] 223.245.80.94 /index.php/student/Contact/js/agent/agent.js?_=1488584269798
INFO: [ app_begin ] --START--
INFO: Run Behavior\ReadHtmlCacheBehavior [ RunTime:0.000293s ]
INFO: [ app_begin ] --END-- [ RunTime:0.000523s ]
ERR: 非法操作:js

[ 2017-03-04T07:38:10+08:00 ] 223.245.80.94 /index.php/student/Contact/js/agent/agent.js?_=1488584290352
INFO: [ app_begin ] --START--
INFO: Run Behavior\ReadHtmlCacheBehavior [ RunTime:0.000281s ]
INFO: [ app_begin ] --END-- [ RunTime:0.000494s ]
ERR: 非法操作:js

[ 2017-03-04T07:38:31+08:00 ] 223.245.80.94 /index.php/student/Contact/js/agent/agent.js?_=1488584293944
INFO: [ app_begin ] --START--
INFO: Run Behavior\ReadHtmlCacheBehavior [ RunTime:0.000294s ]
INFO: [ app_begin ] --END-- [ RunTime:0.000504s ]
ERR: 非法操作:js

[ 2017-03-04T07:52:13+08:00 ] 223.245.80.94 /index.php/student/Apply/js/agent/agent.js?_=1488585133139
INFO: [ app_begin ] --START--
INFO: Run Behavior\ReadHtmlCacheBehavior [ RunTime:0.000284s ]
INFO: [ app_begin ] --END-- [ RunTime:0.000506s ]
ERR: 非法操作:js

[ 2017-03-04T07:56:47+08:00 ] 223.245.80.94 /index.php/student/Apply/js/agent/agent.js?_=1488585407260
INFO: [ app_begin ] --START--
INFO: Run Behavior\ReadHtmlCacheBehavior [ RunTime:0.000310s ]
INFO: [ app_begin ] --END-- [ RunTime:0.000566s ]
ERR: 非法操作:js

[ 2017-03-04T07:56:56+08:00 ] 223.245.80.94 /index.php/student/Apply/js/agent/agent.js?_=1488585415116
INFO: [ app_begin ] --START--
INFO: Run Behavior\ReadHtmlCacheBehavior [ RunTime:0.000301s ]
INFO: [ app_begin ] --END-- [ RunTime:0.000526s ]
ERR: 非法操作:js

[ 2017-03-04T08:02:54+08:00 ] 223.245.80.94 /index.php/student/apply/js/agent/agent.js?_=1488585774124
INFO: [ app_begin ] --START--
INFO: Run Behavior\ReadHtmlCacheBehavior [ RunTime:0.000283s ]
INFO: [ app_begin ] --END-- [ RunTime:0.000526s ]
ERR: 非法操作:js

[ 2017-03-04T08:03:00+08:00 ] 223.245.80.94 /index.php/student/Apply/js/agent/agent.js?_=1488585779185
INFO: [ app_begin ] --START--
INFO: Run Behavior\ReadHtmlCacheBehavior [ RunTime:0.000294s ]
INFO: [ app_begin ] --END-- [ RunTime:0.000504s ]
ERR: 非法操作:js

[ 2017-03-04T08:12:12+08:00 ] 223.245.80.94 /index.php/student/Apply/js/agent/agent.js?_=1488586331954
INFO: [ app_begin ] --START--
INFO: Run Behavior\ReadHtmlCacheBehavior [ RunTime:0.000303s ]
INFO: [ app_begin ] --END-- [ RunTime:0.000536s ]
ERR: 非法操作:js

[ 2017-03-04T08:12:18+08:00 ] 223.245.80.94 /index.php/student/Apply/js/agent/agent.js?_=1488586333953
INFO: [ app_begin ] --START--
INFO: Run Behavior\ReadHtmlCacheBehavior [ RunTime:0.000296s ]
INFO: [ app_begin ] --END-- [ RunTime:0.000522s ]
ERR: 非法操作:js

[ 2017-03-04T08:13:42+08:00 ] 223.245.80.94 /index.php/student/Notice/js/agent/agent.js?_=1488586422300
INFO: [ app_begin ] --START--
INFO: Run Behavior\ReadHtmlCacheBehavior [ RunTime:0.000290s ]
INFO: [ app_begin ] --END-- [ RunTime:0.000518s ]
ERR: 非法操作:js

[ 2017-03-04T08:13:45+08:00 ] 223.245.80.94 /index.php/student/Grade/js/agent/agent.js?_=1488586425341
INFO: [ app_begin ] --START--
INFO: Run Behavior\ReadHtmlCacheBehavior [ RunTime:0.000295s ]
INFO: [ app_begin ] --END-- [ RunTime:0.000549s ]
ERR: 非法操作:js

[ 2017-03-04T08:14:34+08:00 ] 223.245.80.94 /index.php/student/Apply/js/agent/agent.js?_=1488586455107
INFO: [ app_begin ] --START--
INFO: Run Behavior\ReadHtmlCacheBehavior [ RunTime:0.000323s ]
INFO: [ app_begin ] --END-- [ RunTime:0.000538s ]
ERR: 非法操作:js

[ 2017-03-04T10:07:01+08:00 ] 116.226.184.99 /index.php?m=student&c=report
ERR: 1064:You have an error in your SQL syntax; check the manual that corresponds to your MySQL server version for the right syntax to use near ') LIMIT 1' at line 1
 [ SQL语句 ] : SELECT * FROM `dg_corporation` WHERE ( id= ) LIMIT 1  

[ 2017-03-04T10:07:11+08:00 ] 116.226.184.99 /index.php?m=student&c=report
ERR: 1064:You have an error in your SQL syntax; check the manual that corresponds to your MySQL server version for the right syntax to use near ') LIMIT 1' at line 1
 [ SQL语句 ] : SELECT * FROM `dg_corporation` WHERE ( id= ) LIMIT 1  

[ 2017-03-04T10:09:45+08:00 ] 49.77.179.245 /index.php/student/login/js/agent/agent.js?_=1488593429411
INFO: [ app_begin ] --START--
INFO: Run Behavior\ReadHtmlCacheBehavior [ RunTime:0.000303s ]
INFO: [ app_begin ] --END-- [ RunTime:0.000529s ]
ERR: 非法操作:js

[ 2017-03-04T10:09:55+08:00 ] 49.77.179.245 /index.php?m=student&c=login&a=check
INFO: [ app_begin ] --START--
INFO: Run Behavior\ReadHtmlCacheBehavior [ RunTime:0.000281s ]
INFO: [ app_begin ] --END-- [ RunTime:0.000517s ]
SQL: SHOW COLUMNS FROM `dg_user` [ RunTime:0.0004s ]
SQL: SELECT * FROM `dg_user` WHERE (  username="yfy" ) AND (  `type` = 0 ) LIMIT 1   [ RunTime:0.0002s ]
SQL: SHOW COLUMNS FROM `dg_student` [ RunTime:0.0004s ]
SQL: SELECT * FROM `dg_student` WHERE ( name="yfy" ) LIMIT 1   [ RunTime:0.0001s ]

[ 2017-03-04T10:16:46+08:00 ] 116.226.184.99 /index.php?m=student&c=report
ERR: 1064:You have an error in your SQL syntax; check the manual that corresponds to your MySQL server version for the right syntax to use near ') LIMIT 1' at line 1
 [ SQL语句 ] : SELECT * FROM `dg_corporation` WHERE ( id= ) LIMIT 1  

[ 2017-03-04T10:17:00+08:00 ] 116.226.184.99 /index.php/student/login/js/agent/agent.js?_=1488593780072
INFO: [ app_begin ] --START--
INFO: Run Behavior\ReadHtmlCacheBehavior [ RunTime:0.000302s ]
INFO: [ app_begin ] --END-- [ RunTime:0.000528s ]
ERR: 非法操作:js

[ 2017-03-04T10:17:52+08:00 ] 116.226.184.99 /index.php?m=student&c=login&a=check
INFO: [ app_begin ] --START--
INFO: Run Behavior\ReadHtmlCacheBehavior [ RunTime:0.000307s ]
INFO: [ app_begin ] --END-- [ RunTime:0.000526s ]
SQL: SHOW COLUMNS FROM `dg_user` [ RunTime:0.0004s ]
SQL: SELECT * FROM `dg_user` WHERE (  username="yfy" ) AND (  `type` = 0 ) LIMIT 1   [ RunTime:0.0001s ]
SQL: SHOW COLUMNS FROM `dg_student` [ RunTime:0.0004s ]
SQL: SELECT * FROM `dg_student` WHERE ( name="yfy" ) LIMIT 1   [ RunTime:0.0001s ]

[ 2017-03-04T10:17:58+08:00 ] 116.226.184.99 /index.php/student/Apply/js/agent/agent.js?_=1488593838316
INFO: [ app_begin ] --START--
INFO: Run Behavior\ReadHtmlCacheBehavior [ RunTime:0.000295s ]
INFO: [ app_begin ] --END-- [ RunTime:0.000503s ]
ERR: 非法操作:js

[ 2017-03-04T10:18:01+08:00 ] 116.226.184.99 /index.php/student/Apply/js/agent/agent.js?_=1488593841608
INFO: [ app_begin ] --START--
INFO: Run Behavior\ReadHtmlCacheBehavior [ RunTime:0.000295s ]
INFO: [ app_begin ] --END-- [ RunTime:0.000509s ]
ERR: 非法操作:js

[ 2017-03-04T10:18:03+08:00 ] 116.226.184.99 /index.php/student/Apply/js/agent/agent.js?_=1488593843434
INFO: [ app_begin ] --START--
INFO: Run Behavior\ReadHtmlCacheBehavior [ RunTime:0.000293s ]
INFO: [ app_begin ] --END-- [ RunTime:0.000519s ]
ERR: 非法操作:js

[ 2017-03-04T10:18:05+08:00 ] 116.226.184.99 /index.php/student/Contact/js/agent/agent.js?_=1488593844767
INFO: [ app_begin ] --START--
INFO: Run Behavior\ReadHtmlCacheBehavior [ RunTime:0.000286s ]
INFO: [ app_begin ] --END-- [ RunTime:0.000543s ]
ERR: 非法操作:js

[ 2017-03-04T10:18:06+08:00 ] 116.226.184.99 /index.php/student/Grade/js/agent/agent.js?_=1488593845716
INFO: [ app_begin ] --START--
INFO: Run Behavior\ReadHtmlCacheBehavior [ RunTime:0.000301s ]
INFO: [ app_begin ] --END-- [ RunTime:0.000515s ]
ERR: 非法操作:js

[ 2017-03-04T10:18:34+08:00 ] 116.226.184.99 /index.php/student/Apply/js/agent/agent.js?_=1488593874292
INFO: [ app_begin ] --START--
INFO: Run Behavior\ReadHtmlCacheBehavior [ RunTime:0.000295s ]
INFO: [ app_begin ] --END-- [ RunTime:0.000519s ]
ERR: 非法操作:js

[ 2017-03-04T10:18:38+08:00 ] 116.226.184.99 /index.php/student/Report/js/agent/agent.js?_=1488593877745
INFO: [ app_begin ] --START--
INFO: Run Behavior\ReadHtmlCacheBehavior [ RunTime:0.000306s ]
INFO: [ app_begin ] --END-- [ RunTime:0.000519s ]
ERR: 非法操作:js

[ 2017-03-04T10:18:39+08:00 ] 116.226.184.99 /index.php/student/Apply/js/agent/agent.js?_=1488593879547
INFO: [ app_begin ] --START--
INFO: Run Behavior\ReadHtmlCacheBehavior [ RunTime:0.000292s ]
INFO: [ app_begin ] --END-- [ RunTime:0.000500s ]
ERR: 非法操作:js

[ 2017-03-04T10:22:39+08:00 ] 116.226.184.99 /index.php/student/Apply/js/agent/agent.js?_=1488594118739
INFO: [ app_begin ] --START--
INFO: Run Behavior\ReadHtmlCacheBehavior [ RunTime:0.000297s ]
INFO: [ app_begin ] --END-- [ RunTime:0.000520s ]
ERR: 非法操作:js

[ 2017-03-04T10:22:56+08:00 ] 116.226.184.99 /index.php/student/Apply/js/agent/agent.js?_=1488594136286
INFO: [ app_begin ] --START--
INFO: Run Behavior\ReadHtmlCacheBehavior [ RunTime:0.000301s ]
INFO: [ app_begin ] --END-- [ RunTime:0.000525s ]
ERR: 非法操作:js

[ 2017-03-04T10:22:58+08:00 ] 116.226.184.99 /index.php/student/Report/js/agent/agent.js?_=1488594138361
INFO: [ app_begin ] --START--
INFO: Run Behavior\ReadHtmlCacheBehavior [ RunTime:0.000298s ]
INFO: [ app_begin ] --END-- [ RunTime:0.000554s ]
ERR: 非法操作:js

[ 2017-03-04T10:23:01+08:00 ] 116.226.184.99 /index.php/student/Apply/js/agent/agent.js?_=1488594140846
INFO: [ app_begin ] --START--
INFO: Run Behavior\ReadHtmlCacheBehavior [ RunTime:0.000301s ]
INFO: [ app_begin ] --END-- [ RunTime:0.000511s ]
ERR: 非法操作:js

[ 2017-03-04T10:25:11+08:00 ] 116.226.184.99 /index.php/student/Apply/js/agent/agent.js?_=1488594271322
INFO: [ app_begin ] --START--
INFO: Run Behavior\ReadHtmlCacheBehavior [ RunTime:0.000304s ]
INFO: [ app_begin ] --END-- [ RunTime:0.000520s ]
ERR: 非法操作:js

[ 2017-03-04T10:27:27+08:00 ] 116.226.184.99 /index.php/student/Apply/js/agent/agent.js?_=1488594406713
INFO: [ app_begin ] --START--
INFO: Run Behavior\ReadHtmlCacheBehavior [ RunTime:0.000315s ]
INFO: [ app_begin ] --END-- [ RunTime:0.000531s ]
ERR: 非法操作:js

[ 2017-03-04T10:27:29+08:00 ] 116.226.184.99 /index.php/student/Apply/js/agent/agent.js?_=1488594409496
INFO: [ app_begin ] --START--
INFO: Run Behavior\ReadHtmlCacheBehavior [ RunTime:0.000309s ]
INFO: [ app_begin ] --END-- [ RunTime:0.000578s ]
ERR: 非法操作:js

[ 2017-03-04T10:27:30+08:00 ] 116.226.184.99 /index.php/student/Apply/js/agent/agent.js?_=1488594410155
INFO: [ app_begin ] --START--
INFO: Run Behavior\ReadHtmlCacheBehavior [ RunTime:0.000297s ]
INFO: [ app_begin ] --END-- [ RunTime:0.000511s ]
ERR: 非法操作:js

[ 2017-03-04T10:36:33+08:00 ] 116.226.184.99 /index.php/student/Apply/js/agent/agent.js?_=1488594952815
INFO: [ app_begin ] --START--
INFO: Run Behavior\ReadHtmlCacheBehavior [ RunTime:0.000316s ]
INFO: [ app_begin ] --END-- [ RunTime:0.000524s ]
ERR: 非法操作:js

[ 2017-03-04T10:38:36+08:00 ] 49.77.217.179 /index.php/student/Apply/index
ERR: 1064:You have an error in your SQL syntax; check the manual that corresponds to your MySQL server version for the right syntax to use near ') LIMIT 1' at line 1
 [ SQL语句 ] : SELECT * FROM `dg_practice` WHERE ( student_id= ) LIMIT 1  

[ 2017-03-04T10:38:36+08:00 ] 116.226.184.99 /index.php/student/login/js/agent/agent.js?_=1488595076189
INFO: [ app_begin ] --START--
INFO: Run Behavior\ReadHtmlCacheBehavior [ RunTime:0.000315s ]
INFO: [ app_begin ] --END-- [ RunTime:0.000523s ]
ERR: 非法操作:js

[ 2017-03-04T10:38:40+08:00 ] 49.77.217.179 /index.php/student/Apply/js/agent/agent.js?_=1488595163562
INFO: [ app_begin ] --START--
INFO: Run Behavior\ReadHtmlCacheBehavior [ RunTime:0.000297s ]
INFO: [ app_begin ] --END-- [ RunTime:0.000522s ]
ERR: 非法操作:js

[ 2017-03-04T10:38:41+08:00 ] 49.77.217.179 /index.php/student/Apply/index
ERR: 1064:You have an error in your SQL syntax; check the manual that corresponds to your MySQL server version for the right syntax to use near ') LIMIT 1' at line 1
 [ SQL语句 ] : SELECT * FROM `dg_practice` WHERE ( student_id= ) LIMIT 1  

[ 2017-03-04T10:38:43+08:00 ] 116.226.184.99 /index.php?m=student&c=login&a=check
INFO: [ app_begin ] --START--
INFO: Run Behavior\ReadHtmlCacheBehavior [ RunTime:0.000299s ]
INFO: [ app_begin ] --END-- [ RunTime:0.000507s ]
SQL: SHOW COLUMNS FROM `dg_user` [ RunTime:0.0004s ]
SQL: SELECT * FROM `dg_user` WHERE (  username="yfy" ) AND (  `type` = 0 ) LIMIT 1   [ RunTime:0.0001s ]
SQL: SHOW COLUMNS FROM `dg_student` [ RunTime:0.0004s ]
SQL: SELECT * FROM `dg_student` WHERE ( name="yfy" ) LIMIT 1   [ RunTime:0.0001s ]

[ 2017-03-04T10:38:44+08:00 ] 49.77.217.179 /index.php/student/Apply/js/agent/agent.js?_=1488595168132
INFO: [ app_begin ] --START--
INFO: Run Behavior\ReadHtmlCacheBehavior [ RunTime:0.000288s ]
INFO: [ app_begin ] --END-- [ RunTime:0.000508s ]
ERR: 非法操作:js

[ 2017-03-04T10:38:46+08:00 ] 116.226.184.99 /index.php/student/Apply/js/agent/agent.js?_=1488595086190
INFO: [ app_begin ] --START--
INFO: Run Behavior\ReadHtmlCacheBehavior [ RunTime:0.000298s ]
INFO: [ app_begin ] --END-- [ RunTime:0.000525s ]
ERR: 非法操作:js

[ 2017-03-04T10:38:53+08:00 ] 116.226.184.99 /index.php/student/Apply/js/agent/agent.js?_=1488595093138
INFO: [ app_begin ] --START--
INFO: Run Behavior\ReadHtmlCacheBehavior [ RunTime:0.000293s ]
INFO: [ app_begin ] --END-- [ RunTime:0.000526s ]
ERR: 非法操作:js

[ 2017-03-04T10:39:08+08:00 ] 49.77.217.179 /index.php/student/Apply/index
ERR: 1064:You have an error in your SQL syntax; check the manual that corresponds to your MySQL server version for the right syntax to use near ') LIMIT 1' at line 1
 [ SQL语句 ] : SELECT * FROM `dg_practice` WHERE ( student_id= ) LIMIT 1  

[ 2017-03-04T10:40:26+08:00 ] 116.226.184.99 /index.php?m=student&c=apply&a=delApply
INFO: [ app_begin ] --START--
INFO: Run Behavior\ReadHtmlCacheBehavior [ RunTime:0.000295s ]
INFO: [ app_begin ] --END-- [ RunTime:0.000516s ]
SQL: SHOW COLUMNS FROM `dg_practice` [ RunTime:0.0006s ]
SQL: DELETE FROM `dg_practice` WHERE ( id=25 ) [ RunTime:0.0001s ]

[ 2017-03-04T10:40:27+08:00 ] 116.226.184.99 /index.php/student/Apply/js/agent/agent.js?_=1488595187337
INFO: [ app_begin ] --START--
INFO: Run Behavior\ReadHtmlCacheBehavior [ RunTime:0.000305s ]
INFO: [ app_begin ] --END-- [ RunTime:0.000515s ]
ERR: 非法操作:js

[ 2017-03-04T10:40:30+08:00 ] 116.226.184.99 /index.php/student/Apply/js/agent/agent.js?_=1488595189746
INFO: [ app_begin ] --START--
INFO: Run Behavior\ReadHtmlCacheBehavior [ RunTime:0.000295s ]
INFO: [ app_begin ] --END-- [ RunTime:0.000507s ]
ERR: 非法操作:js

[ 2017-03-04T10:40:31+08:00 ] 116.226.184.99 /index.php/student/Apply/js/agent/agent.js?_=1488595191573
INFO: [ app_begin ] --START--
INFO: Run Behavior\ReadHtmlCacheBehavior [ RunTime:0.000291s ]
INFO: [ app_begin ] --END-- [ RunTime:0.000500s ]
ERR: 非法操作:js

[ 2017-03-04T10:40:37+08:00 ] 116.226.184.99 /index.php?m=student&c=apply&a=delApply
INFO: [ app_begin ] --START--
INFO: Run Behavior\ReadHtmlCacheBehavior [ RunTime:0.000298s ]
INFO: [ app_begin ] --END-- [ RunTime:0.000529s ]
SQL: SHOW COLUMNS FROM `dg_practice` [ RunTime:0.0006s ]
SQL: DELETE FROM `dg_practice` WHERE ( id=24 ) [ RunTime:0.0001s ]

[ 2017-03-04T10:40:38+08:00 ] 116.226.184.99 /index.php/student/Apply/js/agent/agent.js?_=1488595198296
INFO: [ app_begin ] --START--
INFO: Run Behavior\ReadHtmlCacheBehavior [ RunTime:0.000315s ]
INFO: [ app_begin ] --END-- [ RunTime:0.000528s ]
ERR: 非法操作:js

[ 2017-03-04T10:41:42+08:00 ] 116.226.184.99 /index.php?m=student&c=apply&a=delApply
INFO: [ app_begin ] --START--
INFO: Run Behavior\ReadHtmlCacheBehavior [ RunTime:0.000288s ]
INFO: [ app_begin ] --END-- [ RunTime:0.000524s ]
SQL: SHOW COLUMNS FROM `dg_practice` [ RunTime:0.0006s ]
SQL: DELETE FROM `dg_practice` WHERE ( id=26 ) [ RunTime:0.0001s ]

[ 2017-03-04T10:41:44+08:00 ] 116.226.184.99 /index.php/student/Apply/js/agent/agent.js?_=1488595264399
INFO: [ app_begin ] --START--
INFO: Run Behavior\ReadHtmlCacheBehavior [ RunTime:0.000299s ]
INFO: [ app_begin ] --END-- [ RunTime:0.000521s ]
ERR: 非法操作:js

[ 2017-03-04T10:54:40+08:00 ] 116.226.184.99 /index.php?m=student&c=apply&a=delApply
INFO: [ app_begin ] --START--
INFO: Run Behavior\ReadHtmlCacheBehavior [ RunTime:0.000289s ]
INFO: [ app_begin ] --END-- [ RunTime:0.000511s ]
SQL: SHOW COLUMNS FROM `dg_practice` [ RunTime:0.0006s ]
SQL: DELETE FROM `dg_practice` WHERE ( id=27 ) [ RunTime:0.0001s ]

[ 2017-03-04T10:54:41+08:00 ] 116.226.184.99 /index.php/student/Apply/js/agent/agent.js?_=1488596041470
INFO: [ app_begin ] --START--
INFO: Run Behavior\ReadHtmlCacheBehavior [ RunTime:0.000294s ]
INFO: [ app_begin ] --END-- [ RunTime:0.000531s ]
ERR: 非法操作:js

[ 2017-03-04T10:54:53+08:00 ] 116.226.184.99 /index.php?m=student&c=apply&a=delApply
INFO: [ app_begin ] --START--
INFO: Run Behavior\ReadHtmlCacheBehavior [ RunTime:0.000298s ]
INFO: [ app_begin ] --END-- [ RunTime:0.000512s ]
SQL: SHOW COLUMNS FROM `dg_practice` [ RunTime:0.0005s ]
SQL: DELETE FROM `dg_practice` WHERE ( id=28 ) [ RunTime:0.0001s ]

[ 2017-03-04T10:54:55+08:00 ] 116.226.184.99 /index.php/student/Apply/js/agent/agent.js?_=1488596054695
INFO: [ app_begin ] --START--
INFO: Run Behavior\ReadHtmlCacheBehavior [ RunTime:0.000292s ]
INFO: [ app_begin ] --END-- [ RunTime:0.000528s ]
ERR: 非法操作:js

[ 2017-03-04T10:55:20+08:00 ] 116.226.184.99 /index.php/student/Apply/js/agent/agent.js?_=1488596079674
INFO: [ app_begin ] --START--
INFO: Run Behavior\ReadHtmlCacheBehavior [ RunTime:0.000295s ]
INFO: [ app_begin ] --END-- [ RunTime:0.000541s ]
ERR: 非法操作:js

[ 2017-03-04T10:55:23+08:00 ] 116.226.184.99 /index.php/student/Apply/js/agent/agent.js?_=1488596082712
INFO: [ app_begin ] --START--
INFO: Run Behavior\ReadHtmlCacheBehavior [ RunTime:0.000312s ]
INFO: [ app_begin ] --END-- [ RunTime:0.000557s ]
ERR: 非法操作:js

[ 2017-03-04T10:56:38+08:00 ] 116.226.184.99 /index.php/student/Apply/js/agent/agent.js?_=1488596157737
INFO: [ app_begin ] --START--
INFO: Run Behavior\ReadHtmlCacheBehavior [ RunTime:0.000311s ]
INFO: [ app_begin ] --END-- [ RunTime:0.000545s ]
ERR: 非法操作:js

[ 2017-03-04T10:56:44+08:00 ] 116.226.184.99 /index.php?m=student&c=apply&a=add
INFO: [ app_begin ] --START--
INFO: Run Behavior\ReadHtmlCacheBehavior [ RunTime:0.000310s ]
INFO: [ app_begin ] --END-- [ RunTime:0.000531s ]

[ 2017-03-04T10:56:54+08:00 ] 116.226.184.99 /index.php?m=student&c=apply&a=add
INFO: [ app_begin ] --START--
INFO: Run Behavior\ReadHtmlCacheBehavior [ RunTime:0.000298s ]
INFO: [ app_begin ] --END-- [ RunTime:0.000517s ]

[ 2017-03-04T10:57:03+08:00 ] 116.226.184.99 /index.php?m=student&c=apply&a=add
INFO: [ app_begin ] --START--
INFO: Run Behavior\ReadHtmlCacheBehavior [ RunTime:0.000293s ]
INFO: [ app_begin ] --END-- [ RunTime:0.000504s ]

[ 2017-03-04T10:57:58+08:00 ] 116.226.184.99 /index.php?m=student&c=apply&a=add
INFO: [ app_begin ] --START--
INFO: Run Behavior\ReadHtmlCacheBehavior [ RunTime:0.000303s ]
INFO: [ app_begin ] --END-- [ RunTime:0.000516s ]

[ 2017-03-04T10:58:05+08:00 ] 116.226.184.99 /index.php?m=student&c=apply&a=add
INFO: [ app_begin ] --START--
INFO: Run Behavior\ReadHtmlCacheBehavior [ RunTime:0.000281s ]
INFO: [ app_begin ] --END-- [ RunTime:0.000502s ]
SQL: SHOW COLUMNS FROM `dg_student` [ RunTime:0.0005s ]
SQL: SELECT `studentno`,`corporation_id`,`name`,`phone` FROM `dg_student` WHERE ( name="yfy" ) LIMIT 1   [ RunTime:0.0002s ]
SQL: SHOW COLUMNS FROM `dg_corporation` [ RunTime:0.0004s ]
SQL: SELECT * FROM `dg_corporation` WHERE ( name="去去去" ) LIMIT 1   [ RunTime:0.0001s ]
SQL: SHOW COLUMNS FROM `dg_practice` [ RunTime:0.0004s ]
SQL: INSERT INTO `dg_practice` (`cname`,`profession`,`insurance`,`position`,`phone`,`address`,`starttime`,`endtime`,`student_id`,`corporation_id`) VALUES ('去去去','0','0','阿凡达','发发','','2016-12-1','','20170209','5') [ RunTime:0.0001s ]

[ 2017-03-04T11:00:19+08:00 ] 116.226.184.99 /index.php/student/Report/js/agent/agent.js?_=1488596379191
INFO: [ app_begin ] --START--
INFO: Run Behavior\ReadHtmlCacheBehavior [ RunTime:0.000290s ]
INFO: [ app_begin ] --END-- [ RunTime:0.000513s ]
ERR: 非法操作:js

[ 2017-03-04T11:00:21+08:00 ] 116.226.184.99 /index.php/student/Apply/js/agent/agent.js?_=1488596380904
INFO: [ app_begin ] --START--
INFO: Run Behavior\ReadHtmlCacheBehavior [ RunTime:0.000298s ]
INFO: [ app_begin ] --END-- [ RunTime:0.000518s ]
ERR: 非法操作:js

[ 2017-03-04T11:01:44+08:00 ] 116.226.184.99 /index.php/student/Apply/js/agent/agent.js?_=1488596464563
INFO: [ app_begin ] --START--
INFO: Run Behavior\ReadHtmlCacheBehavior [ RunTime:0.000296s ]
INFO: [ app_begin ] --END-- [ RunTime:0.000518s ]
ERR: 非法操作:js

[ 2017-03-04T11:03:13+08:00 ] 116.226.184.99 /index.php?m=student&c=apply&a=changeCorporation
INFO: [ app_begin ] --START--
INFO: Run Behavior\ReadHtmlCacheBehavior [ RunTime:0.000282s ]
INFO: [ app_begin ] --END-- [ RunTime:0.000502s ]

[ 2017-03-04T11:03:18+08:00 ] 116.226.184.99 /index.php?m=student&c=apply&a=changeCorporation
INFO: [ app_begin ] --START--
INFO: Run Behavior\ReadHtmlCacheBehavior [ RunTime:0.000300s ]
INFO: [ app_begin ] --END-- [ RunTime:0.000510s ]

[ 2017-03-04T11:03:30+08:00 ] 116.226.184.99 /index.php?m=student&c=apply&a=changeCorporation
INFO: [ app_begin ] --START--
INFO: Run Behavior\ReadHtmlCacheBehavior [ RunTime:0.000291s ]
INFO: [ app_begin ] --END-- [ RunTime:0.000500s ]

[ 2017-03-04T11:04:04+08:00 ] 116.226.184.99 /index.php?m=student&c=apply&a=changeCorporation
INFO: [ app_begin ] --START--
INFO: Run Behavior\ReadHtmlCacheBehavior [ RunTime:0.000290s ]
INFO: [ app_begin ] --END-- [ RunTime:0.000510s ]

[ 2017-03-04T11:04:36+08:00 ] 116.226.184.99 /index.php?m=student&c=apply&a=changeCorporation
INFO: [ app_begin ] --START--
INFO: Run Behavior\ReadHtmlCacheBehavior [ RunTime:0.000301s ]
INFO: [ app_begin ] --END-- [ RunTime:0.000537s ]

[ 2017-03-04T11:05:13+08:00 ] 116.226.184.99 /index.php/student/Apply/js/agent/agent.js?_=1488596671558
INFO: [ app_begin ] --START--
INFO: Run Behavior\ReadHtmlCacheBehavior [ RunTime:0.000361s ]
INFO: [ app_begin ] --END-- [ RunTime:0.000579s ]
ERR: 非法操作:js

[ 2017-03-04T11:05:22+08:00 ] 116.226.184.99 /index.php?m=student&c=apply&a=changeJob
INFO: [ app_begin ] --START--
INFO: Run Behavior\ReadHtmlCacheBehavior [ RunTime:0.000304s ]
INFO: [ app_begin ] --END-- [ RunTime:0.000516s ]

[ 2017-03-04T11:05:25+08:00 ] 116.226.184.99 /index.php?m=student&c=apply&a=changeJob
INFO: [ app_begin ] --START--
INFO: Run Behavior\ReadHtmlCacheBehavior [ RunTime:0.000300s ]
INFO: [ app_begin ] --END-- [ RunTime:0.000517s ]

[ 2017-03-04T11:05:28+08:00 ] 116.226.184.99 /index.php?m=student&c=apply&a=changeJob
INFO: [ app_begin ] --START--
INFO: Run Behavior\ReadHtmlCacheBehavior [ RunTime:0.000339s ]
INFO: [ app_begin ] --END-- [ RunTime:0.000550s ]

[ 2017-03-04T11:05:33+08:00 ] 116.226.184.99 /index.php?m=student&c=apply&a=changeJob
INFO: [ app_begin ] --START--
INFO: Run Behavior\ReadHtmlCacheBehavior [ RunTime:0.000293s ]
INFO: [ app_begin ] --END-- [ RunTime:0.000512s ]

[ 2017-03-04T11:05:37+08:00 ] 116.226.184.99 /index.php?m=student&c=apply&a=changeJob
INFO: [ app_begin ] --START--
INFO: Run Behavior\ReadHtmlCacheBehavior [ RunTime:0.000300s ]
INFO: [ app_begin ] --END-- [ RunTime:0.000533s ]
SQL: SHOW COLUMNS FROM `dg_student` [ RunTime:0.0006s ]
SQL: SELECT `studentno`,`corporation_id`,`name`,`phone` FROM `dg_student` WHERE ( name="yfy" ) LIMIT 1   [ RunTime:0.0001s ]
SQL: SHOW COLUMNS FROM `dg_practice` [ RunTime:0.0004s ]
SQL: SELECT * FROM `dg_practice` WHERE ( student_id=20170209 ) LIMIT 1   [ RunTime:0.0001s ]
SQL: SHOW COLUMNS FROM `dg_change` [ RunTime:0.0004s ]
SQL: SELECT * FROM `dg_change` WHERE ( student_id=20170209 ) LIMIT 1   [ RunTime:0.0001s ]
SQL: SHOW COLUMNS FROM `dg_change` [ RunTime:0.0003s ]
SQL: INSERT INTO `dg_change` (`type`,`position`,`profession`,`insurance`,`guide`,`phone`,`guide_email`,`reason`,`applytime`,`student_id`,`corporation_id`) VALUES ('1','放大','0','0','大','0',' 啊','的','2017-03-04 11:05:37','20170209','2') [ RunTime:0.0002s ]

[ 2017-03-04T11:14:00+08:00 ] 116.226.184.99 /index.php/student/Apply/js/agent/agent.js?_=1488597200353
INFO: [ app_begin ] --START--
INFO: Run Behavior\ReadHtmlCacheBehavior [ RunTime:0.000289s ]
INFO: [ app_begin ] --END-- [ RunTime:0.000537s ]
ERR: 非法操作:js

[ 2017-03-04T11:14:06+08:00 ] 116.226.184.99 /index.php?m=student&c=apply&a=delApply
INFO: [ app_begin ] --START--
INFO: Run Behavior\ReadHtmlCacheBehavior [ RunTime:0.000285s ]
INFO: [ app_begin ] --END-- [ RunTime:0.000517s ]
SQL: SHOW COLUMNS FROM `dg_practice` [ RunTime:0.0005s ]
SQL: DELETE FROM `dg_practice` WHERE ( id=29 ) [ RunTime:0.0001s ]

[ 2017-03-04T11:14:07+08:00 ] 116.226.184.99 /index.php/student/Apply/js/agent/agent.js?_=1488597206854
INFO: [ app_begin ] --START--
INFO: Run Behavior\ReadHtmlCacheBehavior [ RunTime:0.000294s ]
INFO: [ app_begin ] --END-- [ RunTime:0.000520s ]
ERR: 非法操作:js

[ 2017-03-04T11:14:09+08:00 ] 116.226.184.99 /index.php/student/Apply/js/agent/agent.js?_=1488597208610
INFO: [ app_begin ] --START--
INFO: Run Behavior\ReadHtmlCacheBehavior [ RunTime:0.000298s ]
INFO: [ app_begin ] --END-- [ RunTime:0.000561s ]
ERR: 非法操作:js

[ 2017-03-04T11:15:12+08:00 ] 116.226.184.99 /index.php/student/Apply/js/agent/agent.js?_=1488597271910
INFO: [ app_begin ] --START--
INFO: Run Behavior\ReadHtmlCacheBehavior [ RunTime:0.000288s ]
INFO: [ app_begin ] --END-- [ RunTime:0.000506s ]
ERR: 非法操作:js

[ 2017-03-04T11:15:13+08:00 ] 116.226.184.99 /index.php/student/Report/js/agent/agent.js?_=1488597273158
INFO: [ app_begin ] --START--
INFO: Run Behavior\ReadHtmlCacheBehavior [ RunTime:0.000291s ]
INFO: [ app_begin ] --END-- [ RunTime:0.000497s ]
ERR: 非法操作:js

[ 2017-03-04T11:15:17+08:00 ] 116.226.184.99 /index.php/student/Report/js/agent/agent.js?_=1488597277497
INFO: [ app_begin ] --START--
INFO: Run Behavior\ReadHtmlCacheBehavior [ RunTime:0.000299s ]
INFO: [ app_begin ] --END-- [ RunTime:0.000511s ]
ERR: 非法操作:js

[ 2017-03-04T18:43:11+08:00 ] 61.235.37.202 /index.php/student/Login/js/agent/agent.js?_=1488624201307
INFO: [ app_begin ] --START--
INFO: Run Behavior\ReadHtmlCacheBehavior [ RunTime:0.000310s ]
INFO: [ app_begin ] --END-- [ RunTime:0.000522s ]
ERR: 非法操作:js

[ 2017-03-04T18:43:18+08:00 ] 61.235.37.202 /index.php?m=student&c=login&a=check
INFO: [ app_begin ] --START--
INFO: Run Behavior\ReadHtmlCacheBehavior [ RunTime:0.000291s ]
INFO: [ app_begin ] --END-- [ RunTime:0.000521s ]
SQL: SHOW COLUMNS FROM `dg_user` [ RunTime:0.0004s ]
SQL: SELECT * FROM `dg_user` WHERE (  username="yfy" ) AND (  `type` = 0 ) LIMIT 1   [ RunTime:0.0002s ]
SQL: SHOW COLUMNS FROM `dg_student` [ RunTime:0.0004s ]
SQL: SELECT * FROM `dg_student` WHERE ( name="yfy" ) LIMIT 1   [ RunTime:0.0001s ]

[ 2017-03-04T18:43:26+08:00 ] 61.235.37.202 /index.php/student/Apply/js/agent/agent.js?_=1488624216969
INFO: [ app_begin ] --START--
INFO: Run Behavior\ReadHtmlCacheBehavior [ RunTime:0.000299s ]
INFO: [ app_begin ] --END-- [ RunTime:0.000555s ]
ERR: 非法操作:js

[ 2017-03-04T18:43:48+08:00 ] 61.235.37.202 /index.php/student/Apply/js/agent/agent.js?_=1488624237757
INFO: [ app_begin ] --START--
INFO: Run Behavior\ReadHtmlCacheBehavior [ RunTime:0.000295s ]
INFO: [ app_begin ] --END-- [ RunTime:0.000567s ]
ERR: 非法操作:js

[ 2017-03-04T18:43:50+08:00 ] 61.235.37.202 /index.php/student/Apply/js/agent/agent.js?_=1488624240267
INFO: [ app_begin ] --START--
INFO: Run Behavior\ReadHtmlCacheBehavior [ RunTime:0.000291s ]
INFO: [ app_begin ] --END-- [ RunTime:0.000508s ]
ERR: 非法操作:js

[ 2017-03-04T18:43:52+08:00 ] 61.235.37.202 /index.php/student/Report/js/agent/agent.js?_=1488624242061
INFO: [ app_begin ] --START--
INFO: Run Behavior\ReadHtmlCacheBehavior [ RunTime:0.000287s ]
INFO: [ app_begin ] --END-- [ RunTime:0.000517s ]
ERR: 非法操作:js

[ 2017-03-04T18:43:53+08:00 ] 61.235.37.202 /index.php/student/Contact/js/agent/agent.js?_=1488624243731
INFO: [ app_begin ] --START--
INFO: Run Behavior\ReadHtmlCacheBehavior [ RunTime:0.000283s ]
INFO: [ app_begin ] --END-- [ RunTime:0.000501s ]
ERR: 非法操作:js

[ 2017-03-04T18:43:56+08:00 ] 61.235.37.202 /index.php/student/Notice/js/agent/agent.js?_=1488624246180
INFO: [ app_begin ] --START--
INFO: Run Behavior\ReadHtmlCacheBehavior [ RunTime:0.000306s ]
INFO: [ app_begin ] --END-- [ RunTime:0.000525s ]
ERR: 非法操作:js

[ 2017-03-04T18:44:10+08:00 ] 61.235.37.202 /index.php/student/Notice/js/agent/agent.js?_=1488624260949
INFO: [ app_begin ] --START--
INFO: Run Behavior\ReadHtmlCacheBehavior [ RunTime:0.000315s ]
INFO: [ app_begin ] --END-- [ RunTime:0.000527s ]
ERR: 非法操作:js

[ 2017-03-04T18:44:13+08:00 ] 61.235.37.202 /index.php/student/Notice/js/agent/agent.js?_=1488624263667
INFO: [ app_begin ] --START--
INFO: Run Behavior\ReadHtmlCacheBehavior [ RunTime:0.000303s ]
INFO: [ app_begin ] --END-- [ RunTime:0.000529s ]
ERR: 非法操作:js

[ 2017-03-04T18:44:15+08:00 ] 61.235.37.202 /index.php/student/Notice/js/agent/agent.js?_=1488624266050
INFO: [ app_begin ] --START--
INFO: Run Behavior\ReadHtmlCacheBehavior [ RunTime:0.000297s ]
INFO: [ app_begin ] --END-- [ RunTime:0.000522s ]
ERR: 非法操作:js

[ 2017-03-04T18:44:18+08:00 ] 61.235.37.202 /index.php/student/Grade/js/agent/agent.js?_=1488624268173
INFO: [ app_begin ] --START--
INFO: Run Behavior\ReadHtmlCacheBehavior [ RunTime:0.000309s ]
INFO: [ app_begin ] --END-- [ RunTime:0.000523s ]
ERR: 非法操作:js

[ 2017-03-04T18:44:21+08:00 ] 61.235.37.202 /index.php/student/Report/js/agent/agent.js?_=1488624271975
INFO: [ app_begin ] --START--
INFO: Run Behavior\ReadHtmlCacheBehavior [ RunTime:0.000296s ]
INFO: [ app_begin ] --END-- [ RunTime:0.000505s ]
ERR: 非法操作:js

[ 2017-03-04T18:44:30+08:00 ] 61.235.37.202 /index.php/student/Grade/js/agent/agent.js?_=1488624280683
INFO: [ app_begin ] --START--
INFO: Run Behavior\ReadHtmlCacheBehavior [ RunTime:0.000310s ]
INFO: [ app_begin ] --END-- [ RunTime:0.000523s ]
ERR: 非法操作:js

[ 2017-03-04T18:44:31+08:00 ] 61.235.37.202 /index.php/student/Notice/js/agent/agent.js?_=1488624281963
INFO: [ app_begin ] --START--
INFO: Run Behavior\ReadHtmlCacheBehavior [ RunTime:0.000318s ]
INFO: [ app_begin ] --END-- [ RunTime:0.000535s ]
ERR: 非法操作:js

[ 2017-03-04T18:44:34+08:00 ] 61.235.37.202 /index.php/student/Report/js/agent/agent.js?_=1488624285060
INFO: [ app_begin ] --START--
INFO: Run Behavior\ReadHtmlCacheBehavior [ RunTime:0.000292s ]
INFO: [ app_begin ] --END-- [ RunTime:0.000499s ]
ERR: 非法操作:js

[ 2017-03-04T19:59:11+08:00 ] 180.171.128.31 /index.php/student/login/js/agent/agent.js
ERR: 非法操作:js

[ 2017-03-04T19:59:11+08:00 ] 180.171.128.31 /index.php/student/login/js/agent/agent.js?_=1488629143625
INFO: [ app_begin ] --START--
INFO: Run Behavior\ReadHtmlCacheBehavior [ RunTime:0.000294s ]
INFO: [ app_begin ] --END-- [ RunTime:0.000501s ]
ERR: 非法操作:js

[ 2017-03-04T19:59:20+08:00 ] 180.171.128.31 /index.php?m=student&c=login&a=check
INFO: [ app_begin ] --START--
INFO: Run Behavior\ReadHtmlCacheBehavior [ RunTime:0.000291s ]
INFO: [ app_begin ] --END-- [ RunTime:0.000507s ]
SQL: SHOW COLUMNS FROM `dg_user` [ RunTime:0.0004s ]
SQL: SELECT * FROM `dg_user` WHERE (  username="yfy" ) AND (  `type` = 0 ) LIMIT 1   [ RunTime:0.0002s ]
SQL: SHOW COLUMNS FROM `dg_student` [ RunTime:0.0004s ]
SQL: SELECT * FROM `dg_student` WHERE ( name="yfy" ) LIMIT 1   [ RunTime:0.0001s ]

[ 2017-03-04T20:00:03+08:00 ] 180.171.128.31 /index.php/student/Apply/js/agent/agent.js
ERR: 非法操作:js

[ 2017-03-04T20:00:03+08:00 ] 180.171.128.31 /index.php/student/Apply/js/agent/agent.js?_=1488629196383
INFO: [ app_begin ] --START--
INFO: Run Behavior\ReadHtmlCacheBehavior [ RunTime:0.000280s ]
INFO: [ app_begin ] --END-- [ RunTime:0.000486s ]
ERR: 非法操作:js

[ 2017-03-04T20:00:08+08:00 ] 180.171.128.31 /index.php/student/Apply/js/agent/agent.js
ERR: 非法操作:js

[ 2017-03-04T20:00:08+08:00 ] 180.171.128.31 /index.php/student/Apply/js/agent/agent.js?_=1488629201166
INFO: [ app_begin ] --START--
INFO: Run Behavior\ReadHtmlCacheBehavior [ RunTime:0.000311s ]
INFO: [ app_begin ] --END-- [ RunTime:0.000522s ]
ERR: 非法操作:js

[ 2017-03-04T20:00:09+08:00 ] 180.171.128.31 /index.php/student/Report/js/agent/agent.js
ERR: 非法操作:js

[ 2017-03-04T20:00:09+08:00 ] 180.171.128.31 /index.php/student/Report/js/agent/agent.js?_=1488629202240
INFO: [ app_begin ] --START--
INFO: Run Behavior\ReadHtmlCacheBehavior [ RunTime:0.000301s ]
INFO: [ app_begin ] --END-- [ RunTime:0.000522s ]
ERR: 非法操作:js

[ 2017-03-04T20:13:26+08:00 ] 180.171.128.31 /index.php/student/report/js/agent/agent.js
ERR: 非法操作:js

[ 2017-03-04T20:13:26+08:00 ] 180.171.128.31 /index.php/student/report/js/agent/agent.js?_=1488629999198
INFO: [ app_begin ] --START--
INFO: Run Behavior\ReadHtmlCacheBehavior [ RunTime:0.000343s ]
INFO: [ app_begin ] --END-- [ RunTime:0.000553s ]
ERR: 非法操作:js

[ 2017-03-04T20:15:32+08:00 ] 180.171.128.31 /index.php/student/report/js/agent/agent.js
ERR: 非法操作:js

[ 2017-03-04T20:15:32+08:00 ] 180.171.128.31 /index.php/student/report/js/agent/agent.js?_=1488630125743
INFO: [ app_begin ] --START--
INFO: Run Behavior\ReadHtmlCacheBehavior [ RunTime:0.000303s ]
INFO: [ app_begin ] --END-- [ RunTime:0.000530s ]
ERR: 非法操作:js

[ 2017-03-04T20:15:39+08:00 ] 180.171.128.31 /index.php/student/report/js/agent/agent.js
ERR: 非法操作:js

[ 2017-03-04T20:15:39+08:00 ] 180.171.128.31 /index.php/student/report/js/agent/agent.js?_=1488630132575
INFO: [ app_begin ] --START--
INFO: Run Behavior\ReadHtmlCacheBehavior [ RunTime:0.000313s ]
INFO: [ app_begin ] --END-- [ RunTime:0.000558s ]
ERR: 非法操作:js

[ 2017-03-04T20:29:41+08:00 ] 223.104.147.8 /index.php/student/login/js/agent/agent.js?_=1488630624976
INFO: [ app_begin ] --START--
INFO: Run Behavior\ReadHtmlCacheBehavior [ RunTime:0.000301s ]
INFO: [ app_begin ] --END-- [ RunTime:0.000528s ]
ERR: 非法操作:js

[ 2017-03-04T20:29:51+08:00 ] 223.104.147.8 /index.php?m=student&c=login&a=check
INFO: [ app_begin ] --START--
INFO: Run Behavior\ReadHtmlCacheBehavior [ RunTime:0.000290s ]
INFO: [ app_begin ] --END-- [ RunTime:0.000524s ]
SQL: SHOW COLUMNS FROM `dg_user` [ RunTime:0.0004s ]
SQL: SELECT * FROM `dg_user` WHERE (  username="yfy" ) AND (  `type` = 0 ) LIMIT 1   [ RunTime:0.0002s ]
SQL: SHOW COLUMNS FROM `dg_student` [ RunTime:0.0005s ]
SQL: SELECT * FROM `dg_student` WHERE ( name="yfy" ) LIMIT 1   [ RunTime:0.0001s ]

[ 2017-03-04T20:30:00+08:00 ] 223.104.147.8 /index.php/student/Apply/js/agent/agent.js?_=1488630644220
INFO: [ app_begin ] --START--
INFO: Run Behavior\ReadHtmlCacheBehavior [ RunTime:0.000303s ]
INFO: [ app_begin ] --END-- [ RunTime:0.000513s ]
ERR: 非法操作:js

[ 2017-03-04T20:30:04+08:00 ] 223.104.147.8 /index.php/student/Apply/js/agent/agent.js?_=1488630648568
INFO: [ app_begin ] --START--
INFO: Run Behavior\ReadHtmlCacheBehavior [ RunTime:0.000298s ]
INFO: [ app_begin ] --END-- [ RunTime:0.000524s ]
ERR: 非法操作:js

[ 2017-03-04T20:30:08+08:00 ] 223.104.147.8 /index.php/student/Notice/js/agent/agent.js?_=1488630652334
INFO: [ app_begin ] --START--
INFO: Run Behavior\ReadHtmlCacheBehavior [ RunTime:0.000295s ]
INFO: [ app_begin ] --END-- [ RunTime:0.000510s ]
ERR: 非法操作:js

[ 2017-03-04T20:30:11+08:00 ] 223.104.147.8 /index.php/student/Grade/js/agent/agent.js?_=1488630655009
INFO: [ app_begin ] --START--
INFO: Run Behavior\ReadHtmlCacheBehavior [ RunTime:0.000295s ]
INFO: [ app_begin ] --END-- [ RunTime:0.000519s ]
ERR: 非法操作:js

[ 2017-03-04T20:30:14+08:00 ] 180.153.206.22 /index.php/student/apply/change
ERR: 1064:You have an error in your SQL syntax; check the manual that corresponds to your MySQL server version for the right syntax to use near ') LIMIT 1' at line 1
 [ SQL语句 ] : SELECT * FROM `dg_change` WHERE ( student_id= ) LIMIT 1  

[ 2017-03-04T20:30:20+08:00 ] 101.226.125.103 /index.php/student/grade/index
ERR: 1064:You have an error in your SQL syntax; check the manual that corresponds to your MySQL server version for the right syntax to use near ') ORDER BY pubtime desc LIMIT 1' at line 1
 [ SQL语句 ] : SELECT * FROM `dg_signin` WHERE ( student_id= ) ORDER BY pubtime desc LIMIT 1  

[ 2017-03-04T20:30:29+08:00 ] 223.104.147.8 /index.php/student/Apply/js/agent/agent.js?_=1488630673657
INFO: [ app_begin ] --START--
INFO: Run Behavior\ReadHtmlCacheBehavior [ RunTime:0.000295s ]
INFO: [ app_begin ] --END-- [ RunTime:0.000503s ]
ERR: 非法操作:js

[ 2017-03-04T20:30:55+08:00 ] 223.104.147.8 /index.php/student/Apply/js/agent/agent.js?_=1488630699293
INFO: [ app_begin ] --START--
INFO: Run Behavior\ReadHtmlCacheBehavior [ RunTime:0.000286s ]
INFO: [ app_begin ] --END-- [ RunTime:0.000507s ]
ERR: 非法操作:js

[ 2017-03-04T23:20:09+08:00 ] 117.88.213.135 /index.php/student/login/js/agent/agent.js?_=1488640852751
INFO: [ app_begin ] --START--
INFO: Run Behavior\ReadHtmlCacheBehavior [ RunTime:0.000287s ]
INFO: [ app_begin ] --END-- [ RunTime:0.000537s ]
ERR: 非法操作:js

[ 2017-03-04T23:20:09+08:00 ] 117.88.213.135 /index.php/student/login/js/agent/agent.js?_=1488640853053
INFO: [ app_begin ] --START--
INFO: Run Behavior\ReadHtmlCacheBehavior [ RunTime:0.000294s ]
INFO: [ app_begin ] --END-- [ RunTime:0.000515s ]
ERR: 非法操作:js

[ 2017-03-04T23:20:18+08:00 ] 117.88.213.135 /index.php?m=student&c=login&a=check
INFO: [ app_begin ] --START--
INFO: Run Behavior\ReadHtmlCacheBehavior [ RunTime:0.000287s ]
INFO: [ app_begin ] --END-- [ RunTime:0.000530s ]
SQL: SHOW COLUMNS FROM `dg_user` [ RunTime:0.0004s ]
SQL: SELECT * FROM `dg_user` WHERE (  username="yfy" ) AND (  `type` = 0 ) LIMIT 1   [ RunTime:0.0002s ]
SQL: SHOW COLUMNS FROM `dg_student` [ RunTime:0.0004s ]
SQL: SELECT * FROM `dg_student` WHERE ( name="yfy" ) LIMIT 1   [ RunTime:0.0002s ]

[ 2017-03-04T23:20:21+08:00 ] 117.88.213.135 /index.php/student/Apply/js/agent/agent.js?_=1488640866095
INFO: [ app_begin ] --START--
INFO: Run Behavior\ReadHtmlCacheBehavior [ RunTime:0.000288s ]
INFO: [ app_begin ] --END-- [ RunTime:0.000601s ]
ERR: 非法操作:js

[ 2017-03-04T23:20:24+08:00 ] 117.88.213.135 /index.php/student/Contact/js/agent/agent.js?_=1488640868240
INFO: [ app_begin ] --START--
INFO: Run Behavior\ReadHtmlCacheBehavior [ RunTime:0.000313s ]
INFO: [ app_begin ] --END-- [ RunTime:0.000532s ]
ERR: 非法操作:js

[ 2017-03-04T23:20:29+08:00 ] 117.88.213.135 /index.php/student/Notice/js/agent/agent.js?_=1488640873987
INFO: [ app_begin ] --START--
INFO: Run Behavior\ReadHtmlCacheBehavior [ RunTime:0.000290s ]
INFO: [ app_begin ] --END-- [ RunTime:0.000499s ]
ERR: 非法操作:js

[ 2017-03-04T23:20:33+08:00 ] 117.88.213.135 /index.php/student/Grade/js/agent/agent.js?_=1488640877552
INFO: [ app_begin ] --START--
INFO: Run Behavior\ReadHtmlCacheBehavior [ RunTime:0.000297s ]
INFO: [ app_begin ] --END-- [ RunTime:0.000527s ]
ERR: 非法操作:js

