[ 2017-03-24T10:15:22+08:00 ] 49.77.233.215 /index.php?m=student&c=apply&a=addLeave
INFO: [ app_begin ] --START--
INFO: Run Behavior\ReadHtmlCacheBehavior [ RunTime:0.000296s ]
INFO: [ app_begin ] --END-- [ RunTime:0.000518s ]
SQL: SHOW COLUMNS FROM `dg_leave` [ RunTime:0.0005s ]
SQL: INSERT INTO `dg_leave` (`content`,`emegencyconcat`,`telephone`,`starttime`,`endtime`,`applytime`,`student_id`) VALUES ('需要请假','习近平','13661623965','2017-03-24 10:15','2017-03-26 21:50','2017-03-24 10:15:22','2017103') [ RunTime:0.0002s ]

[ 2017-03-24T10:17:05+08:00 ] 49.77.233.215 /index.php?m=student&c=apply&a=delLeave
INFO: [ app_begin ] --START--
INFO: Run Behavior\ReadHtmlCacheBehavior [ RunTime:0.000326s ]
INFO: [ app_begin ] --END-- [ RunTime:0.000541s ]
SQL: SHOW COLUMNS FROM `dg_leave` [ RunTime:0.0005s ]
SQL: DELETE FROM `dg_leave` WHERE `status` = 0 AND `id` = 121 [ RunTime:0.0001s ]

[ 2017-03-24T10:17:51+08:00 ] 49.77.233.215 /index.php?m=student&c=apply&a=addLeave
INFO: [ app_begin ] --START--
INFO: Run Behavior\ReadHtmlCacheBehavior [ RunTime:0.000292s ]
INFO: [ app_begin ] --END-- [ RunTime:0.000510s ]
SQL: SHOW COLUMNS FROM `dg_leave` [ RunTime:0.0005s ]
SQL: INSERT INTO `dg_leave` (`content`,`emegencyconcat`,`telephone`,`starttime`,`endtime`,`applytime`,`student_id`) VALUES ('我就是','习近平','123','2017-03-24 10:15','2017-03-25 10:15','2017-03-24 10:17:51','2017103') [ RunTime:0.0001s ]

[ 2017-03-24T10:18:00+08:00 ] 49.77.233.215 /index.php?m=student&c=apply&a=delLeave
INFO: [ app_begin ] --START--
INFO: Run Behavior\ReadHtmlCacheBehavior [ RunTime:0.000288s ]
INFO: [ app_begin ] --END-- [ RunTime:0.000512s ]
SQL: SHOW COLUMNS FROM `dg_leave` [ RunTime:0.0005s ]
SQL: DELETE FROM `dg_leave` WHERE `status` = 0 AND `id` = 122 [ RunTime:0.0002s ]

[ 2017-03-24T10:18:30+08:00 ] 49.77.233.215 /index.php?m=student&c=apply&a=addLeave
INFO: [ app_begin ] --START--
INFO: Run Behavior\ReadHtmlCacheBehavior [ RunTime:0.000292s ]
INFO: [ app_begin ] --END-- [ RunTime:0.000525s ]
SQL: SHOW COLUMNS FROM `dg_leave` [ RunTime:0.0005s ]
SQL: INSERT INTO `dg_leave` (`content`,`emegencyconcat`,`telephone`,`starttime`,`endtime`,`applytime`,`student_id`) VALUES ('喔喔','123','123','2017-03-24 10:15','2017-03-24 10:30','2017-03-24 10:18:30','2017103') [ RunTime:0.0001s ]

[ 2017-03-24T10:18:35+08:00 ] 49.77.233.215 /index.php?m=student&c=apply&a=delLeave
INFO: [ app_begin ] --START--
INFO: Run Behavior\ReadHtmlCacheBehavior [ RunTime:0.000294s ]
INFO: [ app_begin ] --END-- [ RunTime:0.000531s ]
SQL: SHOW COLUMNS FROM `dg_leave` [ RunTime:0.0005s ]
SQL: DELETE FROM `dg_leave` WHERE `status` = 0 AND `id` = 123 [ RunTime:0.0001s ]

