[ 2017-03-23T10:58:26+08:00 ] 49.65.251.223 /index.php/student/report/js/agent/agent.js?_=1490237963836
INFO: [ app_begin ] --START--
INFO: Run Behavior\ReadHtmlCacheBehavior [ RunTime:0.000303s ]
INFO: [ app_begin ] --END-- [ RunTime:0.000531s ]
ERR: 非法操作:js

[ 2017-03-23T10:58:29+08:00 ] 49.65.251.223 /index.php?m=student&c=report&a=del
INFO: [ app_begin ] --START--
INFO: Run Behavior\ReadHtmlCacheBehavior [ RunTime:0.000296s ]
INFO: [ app_begin ] --END-- [ RunTime:0.000524s ]
SQL: SHOW COLUMNS FROM `dg_report` [ RunTime:0.0006s ]
SQL: UPDATE `dg_report` SET `stu_del`='0' WHERE ( `id` IN(194) ) [ RunTime:0.0001s ]

[ 2017-03-23T10:58:32+08:00 ] 49.65.251.223 /index.php/student/report/js/agent/agent.js?_=1490237969079
INFO: [ app_begin ] --START--
INFO: Run Behavior\ReadHtmlCacheBehavior [ RunTime:0.000300s ]
INFO: [ app_begin ] --END-- [ RunTime:0.000514s ]
ERR: 非法操作:js

[ 2017-03-23T10:58:41+08:00 ] 49.65.251.223 /index.php/student/report/js/agent/agent.js?_=1490237978769
INFO: [ app_begin ] --START--
INFO: Run Behavior\ReadHtmlCacheBehavior [ RunTime:0.000285s ]
INFO: [ app_begin ] --END-- [ RunTime:0.000496s ]
ERR: 非法操作:js

[ 2017-03-23T10:58:44+08:00 ] 49.65.251.223 /index.php/Student/Common/js/agent/agent.js?_=1490237981096
INFO: [ app_begin ] --START--
INFO: Run Behavior\ReadHtmlCacheBehavior [ RunTime:0.000318s ]
INFO: [ app_begin ] --END-- [ RunTime:0.000534s ]
ERR: 非法操作:js

[ 2017-03-23T10:58:58+08:00 ] 49.65.251.223 /index.php?m=student&c=common&a=save
INFO: [ app_begin ] --START--
INFO: Run Behavior\ReadHtmlCacheBehavior [ RunTime:0.000295s ]
INFO: [ app_begin ] --END-- [ RunTime:0.000519s ]
SQL: SHOW COLUMNS FROM `dg_student` [ RunTime:0.0005s ]
SQL: UPDATE `dg_student` SET `password`='c8837b23ff8aaa8a2dde915473ce0991' WHERE ( studentno=2017888 ) [ RunTime:0.0002s ]

[ 2017-03-23T11:51:50+08:00 ] 49.65.251.223 /index.php?m=student&c=report&a=del
INFO: [ app_begin ] --START--
INFO: Run Behavior\ReadHtmlCacheBehavior [ RunTime:0.000311s ]
INFO: [ app_begin ] --END-- [ RunTime:0.000534s ]
SQL: SHOW COLUMNS FROM `dg_report` [ RunTime:0.0006s ]
SQL: UPDATE `dg_report` SET `stu_del`='0' WHERE ( `id` IN(193,192,191,186) ) [ RunTime:0.0002s ]

[ 2017-03-23T11:51:59+08:00 ] 49.65.251.223 /index.php?m=student&c=report&a=del
INFO: [ app_begin ] --START--
INFO: Run Behavior\ReadHtmlCacheBehavior [ RunTime:0.000290s ]
INFO: [ app_begin ] --END-- [ RunTime:0.000504s ]
SQL: SHOW COLUMNS FROM `dg_report` [ RunTime:0.0006s ]
SQL: UPDATE `dg_report` SET `stu_del`='0' WHERE ( `id` IN(184,182,181,180) ) [ RunTime:0.0002s ]

[ 2017-03-23T11:52:09+08:00 ] 49.65.251.223 /index.php?m=student&c=report&a=del
INFO: [ app_begin ] --START--
INFO: Run Behavior\ReadHtmlCacheBehavior [ RunTime:0.000293s ]
INFO: [ app_begin ] --END-- [ RunTime:0.000525s ]
SQL: SHOW COLUMNS FROM `dg_report` [ RunTime:0.0006s ]
SQL: UPDATE `dg_report` SET `stu_del`='0' WHERE ( `id` IN(179,178,177,176) ) [ RunTime:0.0002s ]

[ 2017-03-23T12:00:00+08:00 ] 49.65.251.223 /index.php?m=student&c=report&a=del
INFO: [ app_begin ] --START--
INFO: Run Behavior\ReadHtmlCacheBehavior [ RunTime:0.000282s ]
INFO: [ app_begin ] --END-- [ RunTime:0.000491s ]
SQL: SHOW COLUMNS FROM `dg_report` [ RunTime:0.0005s ]
SQL: UPDATE `dg_report` SET `stu_del`='0' WHERE ( `id` IN(175) ) [ RunTime:0.0002s ]

[ 2017-03-23T12:00:14+08:00 ] 49.65.251.223 /index.php?m=student&c=report&a=del
INFO: [ app_begin ] --START--
INFO: Run Behavior\ReadHtmlCacheBehavior [ RunTime:0.000301s ]
INFO: [ app_begin ] --END-- [ RunTime:0.000525s ]
SQL: SHOW COLUMNS FROM `dg_report` [ RunTime:0.0006s ]
SQL: UPDATE `dg_report` SET `stu_del`='0' WHERE ( `id` IN(170,164,163,162) ) [ RunTime:0.0002s ]

[ 2017-03-23T12:00:23+08:00 ] 49.65.251.223 /index.php?m=student&c=report&a=del
INFO: [ app_begin ] --START--
INFO: Run Behavior\ReadHtmlCacheBehavior [ RunTime:0.000305s ]
INFO: [ app_begin ] --END-- [ RunTime:0.000534s ]
SQL: SHOW COLUMNS FROM `dg_report` [ RunTime:0.0006s ]
SQL: UPDATE `dg_report` SET `stu_del`='0' WHERE ( `id` IN(174,173,172,171) ) [ RunTime:0.0002s ]

[ 2017-03-23T12:00:52+08:00 ] 49.65.251.223 /index.php?m=student&c=report&a=add
INFO: [ app_begin ] --START--
INFO: Run Behavior\ReadHtmlCacheBehavior [ RunTime:0.000290s ]
INFO: [ app_begin ] --END-- [ RunTime:0.000510s ]

[ 2017-03-23T12:01:37+08:00 ] 49.65.251.223 /index.php?m=student&c=report&a=add
INFO: [ app_begin ] --START--
INFO: Run Behavior\ReadHtmlCacheBehavior [ RunTime:0.000284s ]
INFO: [ app_begin ] --END-- [ RunTime:0.000518s ]

[ 2017-03-23T12:01:45+08:00 ] 49.65.251.223 /index.php?m=student&c=report&a=add
INFO: [ app_begin ] --START--
INFO: Run Behavior\ReadHtmlCacheBehavior [ RunTime:0.000281s ]
INFO: [ app_begin ] --END-- [ RunTime:0.000505s ]
NOTIC: [8] Undefined index: id /var/www/html/Application/Student/Controller/ReportController.class.php 第 50 行.
SQL: SHOW COLUMNS FROM `dg_practice` [ RunTime:0.0006s ]
SQL: SELECT * FROM `dg_practice` WHERE `student_id` = 2017888 AND `status` = 1 LIMIT 1   [ RunTime:0.0002s ]
SQL: SHOW COLUMNS FROM `dg_report` [ RunTime:0.0004s ]
SQL: INSERT INTO `dg_report` (`title`,`content`,`pic`,`address`,`student_id`,`pubtime`) VALUES ('web端发送','web端发送web端发送web端发送web端发送web端发送web端发送web端发送web端发送web端发送web端发送web端发送web端发送web端发送web端发送web端发送web端发送web端发送web端发送web端发送web端发送web端发送web端发送web端发送web端发送web端发送web端发送web端发送web端发送web端发送web端发送web端发送web端发送web端发送web端发送web端发送web端发送web端发送web端发送web端发送web端发送web端发送web端发送web端发送web端发送web端发送web端发送web端发送web端发送web端发送web端发送web端发送web端发送！',';/upload/2017/03/23/58d34892d3252.jpg;/upload/2017/03/23/58d3489c110e9.jpg','q','2017888','2017-03-23 :12:01:45') [ RunTime:0.0002s ]

[ 2017-03-23T12:03:32+08:00 ] 49.65.251.223 /index.php?m=student&c=report&a=del
INFO: [ app_begin ] --START--
INFO: Run Behavior\ReadHtmlCacheBehavior [ RunTime:0.000294s ]
INFO: [ app_begin ] --END-- [ RunTime:0.000503s ]
SQL: SHOW COLUMNS FROM `dg_report` [ RunTime:0.0006s ]
SQL: UPDATE `dg_report` SET `stu_del`='0' WHERE ( `id` IN(195) ) [ RunTime:0.0002s ]

[ 2017-03-23T12:13:12+08:00 ] 61.235.37.202 /index.php/student/report/js/agent/agent.js?_=1490242404670
INFO: [ app_begin ] --START--
INFO: Run Behavior\ReadHtmlCacheBehavior [ RunTime:0.000316s ]
INFO: [ app_begin ] --END-- [ RunTime:0.000539s ]
ERR: 非法操作:js

[ 2017-03-23T12:13:27+08:00 ] 61.235.37.202 /index.php?m=student&c=report&a=add
INFO: [ app_begin ] --START--
INFO: Run Behavior\ReadHtmlCacheBehavior [ RunTime:0.000294s ]
INFO: [ app_begin ] --END-- [ RunTime:0.000512s ]

[ 2017-03-23T12:41:38+08:00 ] 49.65.251.223 /index.php?m=student&c=report&a=add
INFO: [ app_begin ] --START--
INFO: Run Behavior\ReadHtmlCacheBehavior [ RunTime:0.000306s ]
INFO: [ app_begin ] --END-- [ RunTime:0.000515s ]
NOTIC: [8] Undefined index: id /var/www/html/Application/Student/Controller/ReportController.class.php 第 50 行.
SQL: SHOW COLUMNS FROM `dg_practice` [ RunTime:0.0006s ]
SQL: SELECT * FROM `dg_practice` WHERE `student_id` = 2017888 AND `status` = 1 LIMIT 1   [ RunTime:0.0002s ]

[ 2017-03-23T12:44:45+08:00 ] 49.65.251.223 /index.php?m=student&c=apply&a=add
INFO: [ app_begin ] --START--
INFO: Run Behavior\ReadHtmlCacheBehavior [ RunTime:0.000297s ]
INFO: [ app_begin ] --END-- [ RunTime:0.000511s ]
SQL: SHOW COLUMNS FROM `dg_practice` [ RunTime:0.0006s ]
SQL: SELECT * FROM `dg_practice` WHERE `student_id` = 2017888 AND `mode` = 2 LIMIT 1   [ RunTime:0.0002s ]
SQL: SHOW COLUMNS FROM `dg_corporation` [ RunTime:0.0004s ]
SQL: SELECT * FROM `dg_corporation` WHERE ( name="上海大众" ) LIMIT 1   [ RunTime:0.0002s ]
SQL: SHOW COLUMNS FROM `dg_practice` [ RunTime:0.0004s ]
SQL: INSERT INTO `dg_practice` (`cname`,`address`,`profession`,`insurance`,`position`,`guide`,`phone`,`detailaddress`,`starttime`,`endtime`,`student_id`,`corporation_id`,`applytime`) VALUES ('上海大众','南京雨花区软件大道180号','0','0','驾驶员','许三多','13661629866','南京雨花区软件大道180号','2017-03-23','2017-03-31','2017888',NULL,'2017-03-23 12:44:45') [ RunTime:0.0001s ]

[ 2017-03-23T13:05:51+08:00 ] 49.65.251.223 /index.php?m=student&c=report&a=add
INFO: [ app_begin ] --START--
INFO: Run Behavior\ReadHtmlCacheBehavior [ RunTime:0.000300s ]
INFO: [ app_begin ] --END-- [ RunTime:0.000518s ]
NOTIC: [8] Undefined index: id /var/www/html/Application/Student/Controller/ReportController.class.php 第 50 行.
SQL: SHOW COLUMNS FROM `dg_practice` [ RunTime:0.0006s ]
SQL: SELECT * FROM `dg_practice` WHERE `student_id` = 2017888 AND `status` = 1 LIMIT 1   [ RunTime:0.0002s ]
SQL: SHOW COLUMNS FROM `dg_report` [ RunTime:0.0004s ]
SQL: INSERT INTO `dg_report` (`title`,`content`,`pic`,`address`,`student_id`,`pubtime`) VALUES ('测试周报','测试周报测试周报测试周报测试周报测试周报','','11','2017888','2017-03-23 :13:05:51') [ RunTime:0.0002s ]

[ 2017-03-23T13:08:13+08:00 ] 49.65.251.223 /index.php?m=student&c=apply&a=changeJob
INFO: [ app_begin ] --START--
INFO: Run Behavior\ReadHtmlCacheBehavior [ RunTime:0.000304s ]
INFO: [ app_begin ] --END-- [ RunTime:0.000533s ]
SQL: SHOW COLUMNS FROM `dg_practice` [ RunTime:0.0006s ]
SQL: SELECT * FROM `dg_practice` WHERE ( student_id=2017888 AND status=1 ) LIMIT 1   [ RunTime:0.0002s ]
SQL: SHOW COLUMNS FROM `dg_change` [ RunTime:0.0004s ]
SQL: SELECT * FROM `dg_change` WHERE ( student_id=2017888 AND status=0 ) LIMIT 1   [ RunTime:0.0001s ]
SQL: SHOW COLUMNS FROM `dg_change` [ RunTime:0.0003s ]
SQL: SELECT * FROM `dg_change` WHERE ( student_id=2017888 AND status=1 ) ORDER BY `applytime` desc LIMIT 1   [ RunTime:0.0002s ]
SQL: SHOW COLUMNS FROM `dg_change` [ RunTime:0.0003s ]
SQL: INSERT INTO `dg_change` (`type`,`position`,`profession`,`insurance`,`guide`,`phone`,`guide_email`,`reason`,`applytime`,`student_id`,`corporation_id`) VALUES ('1','厨师','1','1','许气量','13799886008','qq','1111','2017-03-23 13:08:13','2017888','3') [ RunTime:0.0002s ]

[ 2017-03-23T13:27:33+08:00 ] 36.6.183.220 /index.php?m=student&c=apply&a=changeJob
INFO: [ app_begin ] --START--
INFO: Run Behavior\ReadHtmlCacheBehavior [ RunTime:0.000289s ]
INFO: [ app_begin ] --END-- [ RunTime:0.000518s ]
SQL: SHOW COLUMNS FROM `dg_practice` [ RunTime:0.0006s ]
SQL: SELECT * FROM `dg_practice` WHERE ( student_id=2017888 AND status=1 ) LIMIT 1   [ RunTime:0.0002s ]

[ 2017-03-23T13:27:44+08:00 ] 36.6.183.220 /index.php?m=student&c=apply&a=changeJob
INFO: [ app_begin ] --START--
INFO: Run Behavior\ReadHtmlCacheBehavior [ RunTime:0.000291s ]
INFO: [ app_begin ] --END-- [ RunTime:0.000518s ]
SQL: SHOW COLUMNS FROM `dg_practice` [ RunTime:0.0006s ]
SQL: SELECT * FROM `dg_practice` WHERE ( student_id=2017888 AND status=1 ) LIMIT 1   [ RunTime:0.0002s ]

[ 2017-03-23T13:28:16+08:00 ] 36.6.183.220 /index.php?m=student&c=apply&a=changeJob
INFO: [ app_begin ] --START--
INFO: Run Behavior\ReadHtmlCacheBehavior [ RunTime:0.000301s ]
INFO: [ app_begin ] --END-- [ RunTime:0.000526s ]
SQL: SHOW COLUMNS FROM `dg_practice` [ RunTime:0.0006s ]
SQL: SELECT * FROM `dg_practice` WHERE ( student_id=2017888 AND status=1 ) LIMIT 1   [ RunTime:0.0002s ]

[ 2017-03-23T13:28:25+08:00 ] 36.6.183.220 /index.php?m=student&c=apply&a=changeJob
INFO: [ app_begin ] --START--
INFO: Run Behavior\ReadHtmlCacheBehavior [ RunTime:0.000305s ]
INFO: [ app_begin ] --END-- [ RunTime:0.000541s ]
SQL: SHOW COLUMNS FROM `dg_practice` [ RunTime:0.0006s ]
SQL: SELECT * FROM `dg_practice` WHERE ( student_id=2017888 AND status=1 ) LIMIT 1   [ RunTime:0.0002s ]
SQL: SHOW COLUMNS FROM `dg_change` [ RunTime:0.0004s ]
SQL: SELECT * FROM `dg_change` WHERE ( student_id=2017888 AND status=0 ) LIMIT 1   [ RunTime:0.0001s ]

[ 2017-03-23T13:29:49+08:00 ] 36.6.183.220 /index.php?m=student&c=apply&a=changeJob
INFO: [ app_begin ] --START--
INFO: Run Behavior\ReadHtmlCacheBehavior [ RunTime:0.000302s ]
INFO: [ app_begin ] --END-- [ RunTime:0.000519s ]
SQL: SHOW COLUMNS FROM `dg_practice` [ RunTime:0.0006s ]
SQL: SELECT * FROM `dg_practice` WHERE ( student_id=2017888 AND status=1 ) LIMIT 1   [ RunTime:0.0002s ]
SQL: SHOW COLUMNS FROM `dg_change` [ RunTime:0.0004s ]
SQL: SELECT * FROM `dg_change` WHERE ( student_id=2017888 AND status=0 ) LIMIT 1   [ RunTime:0.0001s ]

[ 2017-03-23T13:34:03+08:00 ] 36.6.183.220 /index.php?m=student&c=apply&a=changeJob
INFO: [ app_begin ] --START--
INFO: Run Behavior\ReadHtmlCacheBehavior [ RunTime:0.000295s ]
INFO: [ app_begin ] --END-- [ RunTime:0.000510s ]
SQL: SHOW COLUMNS FROM `dg_practice` [ RunTime:0.0006s ]
SQL: SELECT * FROM `dg_practice` WHERE ( student_id=2017888 AND status=1 ) LIMIT 1   [ RunTime:0.0002s ]
SQL: SHOW COLUMNS FROM `dg_change` [ RunTime:0.0004s ]
SQL: SELECT * FROM `dg_change` WHERE ( student_id=2017888 AND status=0 ) LIMIT 1   [ RunTime:0.0001s ]
SQL: SHOW COLUMNS FROM `dg_change` [ RunTime:0.0004s ]
SQL: SELECT * FROM `dg_change` WHERE ( student_id=2017888 AND status=1 ) ORDER BY `applytime` desc LIMIT 1   [ RunTime:0.0001s ]
SQL: SHOW COLUMNS FROM `dg_change` [ RunTime:0.0003s ]
SQL: INSERT INTO `dg_change` (`type`,`position`,`profession`,`insurance`,`guide`,`phone`,`guide_email`,`reason`,`applytime`,`student_id`,`corporation_id`,`cname`,`address`,`detailaddress`) VALUES ('1','test','0','0','test','0101234567','test@ga.com','变更原因变更原因变更原因变更原因变更原因变更原因','2017-03-23 13:34:03','2017888','3','上海大众','2','南京雨花区软件大道180号') [ RunTime:0.0002s ]

[ 2017-03-23T13:37:55+08:00 ] 49.65.251.223 /index.php?m=student&c=apply&a=changeJob
INFO: [ app_begin ] --START--
INFO: Run Behavior\ReadHtmlCacheBehavior [ RunTime:0.000302s ]
INFO: [ app_begin ] --END-- [ RunTime:0.000518s ]
SQL: SHOW COLUMNS FROM `dg_practice` [ RunTime:0.0006s ]
SQL: SELECT * FROM `dg_practice` WHERE ( student_id=2017888 AND status=1 ) LIMIT 1   [ RunTime:0.0002s ]
SQL: SHOW COLUMNS FROM `dg_change` [ RunTime:0.0004s ]
SQL: SELECT * FROM `dg_change` WHERE ( student_id=2017888 AND status=0 ) LIMIT 1   [ RunTime:0.0001s ]
SQL: SHOW COLUMNS FROM `dg_change` [ RunTime:0.0004s ]
SQL: SELECT * FROM `dg_change` WHERE ( student_id=2017888 AND status=1 ) ORDER BY `applytime` desc LIMIT 1   [ RunTime:0.0001s ]
SQL: SHOW COLUMNS FROM `dg_change` [ RunTime:0.0003s ]
SQL: INSERT INTO `dg_change` (`type`,`position`,`profession`,`insurance`,`guide`,`phone`,`guide_email`,`reason`,`applytime`,`student_id`,`corporation_id`,`cname`,`address`,`detailaddress`) VALUES ('1','厨师','1','1','马宇','16899002346','1@sohu.com','岗位变更岗位变更岗位变更岗位变更岗位变更岗位变更岗位变更岗位变更岗位变更岗位变更岗位变更岗位变更岗位变更岗位变更岗位变更岗位变更岗位变更岗位变更岗位变更！','2017-03-23 13:37:55','2017888','3','上海大众','南京雨花区软件大道180号','南京雨花区软件大道180号') [ RunTime:0.0003s ]

[ 2017-03-23T13:40:28+08:00 ] 49.65.251.223 /index.php?m=student&c=apply&a=changeCorporation
INFO: [ app_begin ] --START--
INFO: Run Behavior\ReadHtmlCacheBehavior [ RunTime:0.000291s ]
INFO: [ app_begin ] --END-- [ RunTime:0.000505s ]
SQL: SHOW COLUMNS FROM `dg_corporation` [ RunTime:0.0006s ]
SQL: SELECT * FROM `dg_corporation` WHERE ( name="南京润和" ) LIMIT 1   [ RunTime:0.0002s ]
SQL: SHOW COLUMNS FROM `dg_practice` [ RunTime:0.0004s ]
SQL: SELECT * FROM `dg_practice` WHERE ( student_id=2017888 AND status=1 ) LIMIT 1   [ RunTime:0.0001s ]
SQL: SHOW COLUMNS FROM `dg_change` [ RunTime:0.0004s ]
SQL: SELECT * FROM `dg_change` WHERE ( student_id=2017888 AND status=0 ) LIMIT 1   [ RunTime:0.0001s ]
SQL: SHOW COLUMNS FROM `dg_change` [ RunTime:0.0003s ]
SQL: INSERT INTO `dg_change` (`type`,`cname`,`profession`,`insurance`,`position`,`address`,`phone`,`guide`,`detailaddress`,`reason`,`applytime`,`student_id`,`corporation_id`) VALUES ('0','南京润和','1','1','软件开发','南京雨花台区','12345678900','马钰','南京雨花台区南京雨花台区南京雨花台区南京雨花台区南京雨花台区','南京雨花台区南京雨花台区南京雨花台区南京雨花台区南京雨花台区南京雨花台区南京雨花台区南京雨花台区南京雨花台区南京雨花台区南京雨花台区南京雨花台区南京雨花台区南京雨花台区南京雨花台区！','2017-03-23 13:40:28','2017888','0') [ RunTime:0.0002s ]

[ 2017-03-23T13:59:12+08:00 ] 36.6.183.220 /index.php?m=student&c=apply&a=changeJob
INFO: [ app_begin ] --START--
INFO: Run Behavior\ReadHtmlCacheBehavior [ RunTime:0.000295s ]
INFO: [ app_begin ] --END-- [ RunTime:0.000510s ]
SQL: SHOW COLUMNS FROM `dg_practice` [ RunTime:0.0006s ]
SQL: SELECT * FROM `dg_practice` WHERE ( student_id=2017888 AND status=1 ) LIMIT 1   [ RunTime:0.0002s ]
SQL: SHOW COLUMNS FROM `dg_change` [ RunTime:0.0004s ]
SQL: SELECT * FROM `dg_change` WHERE ( student_id=2017888 AND status=0 ) LIMIT 1   [ RunTime:0.0001s ]
SQL: SHOW COLUMNS FROM `dg_change` [ RunTime:0.0004s ]
SQL: SELECT * FROM `dg_change` WHERE ( student_id=2017888 AND status=1 ) ORDER BY `applytime` desc LIMIT 1   [ RunTime:0.0001s ]
SQL: SHOW COLUMNS FROM `dg_change` [ RunTime:0.0003s ]
SQL: INSERT INTO `dg_change` (`type`,`position`,`profession`,`insurance`,`guide`,`phone`,`guide_email`,`reason`,`applytime`,`student_id`,`corporation_id`,`cname`,`address`,`detailaddress`) VALUES ('1','test1','0','0','test','0101234567','test@gmail.com','fdsafdsafds','2017-03-23 13:59:12','2017888','3','上海大众','南京雨花区软件大道180号','南京雨花区软件大道180号') [ RunTime:0.0002s ]

[ 2017-03-23T14:06:59+08:00 ] 49.65.251.223 /index.php?m=student&c=apply&a=add
INFO: [ app_begin ] --START--
INFO: Run Behavior\ReadHtmlCacheBehavior [ RunTime:0.000295s ]
INFO: [ app_begin ] --END-- [ RunTime:0.000520s ]
SQL: SHOW COLUMNS FROM `dg_practice` [ RunTime:0.0006s ]
SQL: SELECT * FROM `dg_practice` WHERE `student_id` = 2017888 AND `mode` = 2 LIMIT 1   [ RunTime:0.0002s ]
SQL: SHOW COLUMNS FROM `dg_corporation` [ RunTime:0.0004s ]
SQL: SELECT * FROM `dg_corporation` WHERE ( name="上海大众" ) LIMIT 1   [ RunTime:0.0001s ]
SQL: SHOW COLUMNS FROM `dg_practice` [ RunTime:0.0004s ]
SQL: INSERT INTO `dg_practice` (`cname`,`address`,`profession`,`insurance`,`position`,`guide`,`phone`,`detailaddress`,`starttime`,`endtime`,`student_id`,`corporation_id`,`applytime`) VALUES ('上海大众','南京雨花区','0','0','工程师','许三多','13699886622','南京雨花区香巷路180号三号楼五楼208室','2017-03-23','2017-07-27','2017888',NULL,'2017-03-23 14:06:59') [ RunTime:0.0001s ]

[ 2017-03-23T14:08:34+08:00 ] 49.65.251.223 /index.php?m=student&c=apply&a=changeJob
INFO: [ app_begin ] --START--
INFO: Run Behavior\ReadHtmlCacheBehavior [ RunTime:0.000290s ]
INFO: [ app_begin ] --END-- [ RunTime:0.000506s ]
SQL: SHOW COLUMNS FROM `dg_practice` [ RunTime:0.0005s ]
SQL: SELECT * FROM `dg_practice` WHERE ( student_id=2017888 AND status=1 ) LIMIT 1   [ RunTime:0.0002s ]
SQL: SHOW COLUMNS FROM `dg_change` [ RunTime:0.0004s ]
SQL: SELECT * FROM `dg_change` WHERE ( student_id=2017888 AND status=0 ) LIMIT 1   [ RunTime:0.0001s ]
SQL: SHOW COLUMNS FROM `dg_change` [ RunTime:0.0004s ]
SQL: SELECT * FROM `dg_change` WHERE ( student_id=2017888 AND status=1 ) ORDER BY `applytime` desc LIMIT 1   [ RunTime:0.0001s ]
SQL: SHOW COLUMNS FROM `dg_change` [ RunTime:0.0004s ]
SQL: INSERT INTO `dg_change` (`type`,`position`,`profession`,`insurance`,`guide`,`phone`,`guide_email`,`reason`,`applytime`,`student_id`,`corporation_id`,`cname`,`address`,`detailaddress`) VALUES ('1','司机','1','1','马云','13899006655','1@ss','岗位变更','2017-03-23 14:08:34','2017888','3','上海大众','南京雨花区','南京雨花区香巷路180号三号楼五楼208室') [ RunTime:0.0002s ]

[ 2017-03-23T14:26:55+08:00 ] 49.65.251.223 /index.php?m=student&c=apply&a=changeCorporation
INFO: [ app_begin ] --START--
INFO: Run Behavior\ReadHtmlCacheBehavior [ RunTime:0.000294s ]
INFO: [ app_begin ] --END-- [ RunTime:0.000535s ]
SQL: SHOW COLUMNS FROM `dg_corporation` [ RunTime:0.0006s ]
SQL: SELECT * FROM `dg_corporation` WHERE ( name="宇通科技" ) LIMIT 1   [ RunTime:0.0002s ]
SQL: SHOW COLUMNS FROM `dg_practice` [ RunTime:0.0004s ]
SQL: SELECT * FROM `dg_practice` WHERE ( student_id=2017888 AND status=1 ) LIMIT 1   [ RunTime:0.0001s ]
SQL: SHOW COLUMNS FROM `dg_change` [ RunTime:0.0003s ]
SQL: SELECT * FROM `dg_change` WHERE ( student_id=2017888 AND status=0 ) LIMIT 1   [ RunTime:0.0002s ]
SQL: SHOW COLUMNS FROM `dg_change` [ RunTime:0.0003s ]
SQL: INSERT INTO `dg_change` (`type`,`cname`,`profession`,`insurance`,`position`,`address`,`phone`,`guide`,`detailaddress`,`reason`,`applytime`,`student_id`,`corporation_id`) VALUES ('0','宇通科技','1','1','医生','南京','13788993366','习近平','南京雨花区南京雨花区','南京雨花区南京雨花区南京雨花区南京雨花区南京雨花区南京雨花区南京雨花区南京雨花区南京雨花区南京雨花区南京雨花区南京雨花区南京雨花区南京雨花区','2017-03-23 14:26:55','2017888','0') [ RunTime:0.0002s ]

[ 2017-03-23T14:26:56+08:00 ] 49.65.251.223 /index.php?m=student&c=apply&a=changeCorporation
INFO: [ app_begin ] --START--
INFO: Run Behavior\ReadHtmlCacheBehavior [ RunTime:0.000336s ]
INFO: [ app_begin ] --END-- [ RunTime:0.000584s ]
SQL: SHOW COLUMNS FROM `dg_corporation` [ RunTime:0.0006s ]
SQL: SELECT * FROM `dg_corporation` WHERE ( name="宇通科技" ) LIMIT 1   [ RunTime:0.0002s ]
SQL: SHOW COLUMNS FROM `dg_practice` [ RunTime:0.0004s ]
SQL: SELECT * FROM `dg_practice` WHERE ( student_id=2017888 AND status=1 ) LIMIT 1   [ RunTime:0.0001s ]
SQL: SHOW COLUMNS FROM `dg_change` [ RunTime:0.0003s ]
SQL: SELECT * FROM `dg_change` WHERE ( student_id=2017888 AND status=0 ) LIMIT 1   [ RunTime:0.0002s ]

[ 2017-03-23T14:27:05+08:00 ] 49.65.251.223 /index.php?m=student&c=apply&a=changeCorporation
INFO: [ app_begin ] --START--
INFO: Run Behavior\ReadHtmlCacheBehavior [ RunTime:0.000291s ]
INFO: [ app_begin ] --END-- [ RunTime:0.000519s ]
SQL: SHOW COLUMNS FROM `dg_corporation` [ RunTime:0.0006s ]
SQL: SELECT * FROM `dg_corporation` WHERE ( name="宇通科技" ) LIMIT 1   [ RunTime:0.0002s ]
SQL: SHOW COLUMNS FROM `dg_practice` [ RunTime:0.0004s ]
SQL: SELECT * FROM `dg_practice` WHERE ( student_id=2017888 AND status=1 ) LIMIT 1   [ RunTime:0.0001s ]
SQL: SHOW COLUMNS FROM `dg_change` [ RunTime:0.0004s ]
SQL: SELECT * FROM `dg_change` WHERE ( student_id=2017888 AND status=0 ) LIMIT 1   [ RunTime:0.0001s ]

[ 2017-03-23T14:27:05+08:00 ] 49.65.251.223 /index.php?m=student&c=apply&a=changeCorporation
INFO: [ app_begin ] --START--
INFO: Run Behavior\ReadHtmlCacheBehavior [ RunTime:0.000339s ]
INFO: [ app_begin ] --END-- [ RunTime:0.000586s ]
SQL: SHOW COLUMNS FROM `dg_corporation` [ RunTime:0.0006s ]
SQL: SELECT * FROM `dg_corporation` WHERE ( name="宇通科技" ) LIMIT 1   [ RunTime:0.0002s ]
SQL: SHOW COLUMNS FROM `dg_practice` [ RunTime:0.0004s ]
SQL: SELECT * FROM `dg_practice` WHERE ( student_id=2017888 AND status=1 ) LIMIT 1   [ RunTime:0.0001s ]
SQL: SHOW COLUMNS FROM `dg_change` [ RunTime:0.0004s ]
SQL: SELECT * FROM `dg_change` WHERE ( student_id=2017888 AND status=0 ) LIMIT 1   [ RunTime:0.0002s ]

[ 2017-03-23T14:55:54+08:00 ] 49.65.251.223 /index.php?m=student&c=apply&a=changeCorporation
INFO: [ app_begin ] --START--
INFO: Run Behavior\ReadHtmlCacheBehavior [ RunTime:0.000312s ]
INFO: [ app_begin ] --END-- [ RunTime:0.000538s ]
SQL: SHOW COLUMNS FROM `dg_corporation` [ RunTime:0.0006s ]
SQL: SELECT * FROM `dg_corporation` WHERE ( name="创维电视" ) LIMIT 1   [ RunTime:0.0002s ]
SQL: SHOW COLUMNS FROM `dg_practice` [ RunTime:0.0004s ]
SQL: SELECT * FROM `dg_practice` WHERE ( student_id=2017888 AND status=1 ) LIMIT 1   [ RunTime:0.0001s ]
SQL: SHOW COLUMNS FROM `dg_change` [ RunTime:0.0004s ]
SQL: SELECT * FROM `dg_change` WHERE ( student_id=2017888 AND status=0 ) LIMIT 1   [ RunTime:0.0001s ]
SQL: SHOW COLUMNS FROM `dg_change` [ RunTime:0.0003s ]
SQL: INSERT INTO `dg_change` (`type`,`cname`,`profession`,`insurance`,`position`,`address`,`phone`,`guide`,`detailaddress`,`reason`,`applytime`,`student_id`,`corporation_id`) VALUES ('0','创维电视','0','0','看电视','南京江浦','123456789','123','南京江浦南京江浦南京江浦南京江浦','南京江浦南京江浦南京江浦南京江浦南京江浦','2017-03-23 14:55:54','2017888','0') [ RunTime:0.0002s ]

[ 2017-03-23T17:33:49+08:00 ] 61.235.37.202 /index.php?m=student&c=report&a=add
INFO: [ app_begin ] --START--
INFO: Run Behavior\ReadHtmlCacheBehavior [ RunTime:0.000285s ]
INFO: [ app_begin ] --END-- [ RunTime:0.000504s ]

[ 2017-03-23T17:36:17+08:00 ] 61.235.37.202 /index.php?m=student&c=report&a=add
INFO: [ app_begin ] --START--
INFO: Run Behavior\ReadHtmlCacheBehavior [ RunTime:0.000296s ]
INFO: [ app_begin ] --END-- [ RunTime:0.000521s ]

[ 2017-03-23T17:38:41+08:00 ] 61.235.37.202 /index.php?m=student&c=report&a=add
INFO: [ app_begin ] --START--
INFO: Run Behavior\ReadHtmlCacheBehavior [ RunTime:0.000291s ]
INFO: [ app_begin ] --END-- [ RunTime:0.000511s ]

[ 2017-03-23T18:47:15+08:00 ] 36.57.215.120 /index.php/Student/Report/month.html
ERR: 非法操作:month

[ 2017-03-23T19:20:49+08:00 ] 36.57.215.120 /index.php?m=student&c=apply&a=delApply
INFO: [ app_begin ] --START--
INFO: Run Behavior\ReadHtmlCacheBehavior [ RunTime:0.000290s ]
INFO: [ app_begin ] --END-- [ RunTime:0.000517s ]
SQL: SHOW COLUMNS FROM `dg_practice` [ RunTime:0.0006s ]
SQL: DELETE FROM `dg_practice` WHERE `id` = 208 AND `status` = 0 [ RunTime:0.0001s ]

[ 2017-03-23T19:26:25+08:00 ] 36.57.215.120 /index.php/Student/Report/month.html
ERR: 非法操作:month

[ 2017-03-23T19:29:37+08:00 ] 36.57.215.120 /index.php?m=student&c=apply&a=add
INFO: [ app_begin ] --START--
INFO: Run Behavior\ReadHtmlCacheBehavior [ RunTime:0.000293s ]
INFO: [ app_begin ] --END-- [ RunTime:0.000512s ]
SQL: SHOW COLUMNS FROM `dg_practice` [ RunTime:0.0006s ]
SQL: SELECT * FROM `dg_practice` WHERE `student_id` = 20170209 AND `mode` = 2 LIMIT 1   [ RunTime:0.0002s ]
SQL: SHOW COLUMNS FROM `dg_corporation` [ RunTime:0.0004s ]
SQL: SELECT * FROM `dg_corporation` WHERE ( name="test" ) LIMIT 1   [ RunTime:0.0001s ]
SQL: SHOW COLUMNS FROM `dg_practice` [ RunTime:0.0004s ]
SQL: INSERT INTO `dg_practice` (`cname`,`address`,`profession`,`insurance`,`position`,`guide`,`phone`,`detailaddress`,`starttime`,`endtime`,`student_id`,`corporation_id`,`applytime`) VALUES ('test','test','0','0','test','tsset','test','ste','2017-02-22','2017-03-22','20170209',NULL,'2017-03-23 19:29:37') [ RunTime:0.0001s ]

[ 2017-03-23T19:47:25+08:00 ] 36.57.215.120 /index.php?m=student&c=apply&a=add
INFO: [ app_begin ] --START--
INFO: Run Behavior\ReadHtmlCacheBehavior [ RunTime:0.000278s ]
INFO: [ app_begin ] --END-- [ RunTime:0.000488s ]
SQL: SHOW COLUMNS FROM `dg_practice` [ RunTime:0.0006s ]
SQL: SELECT * FROM `dg_practice` WHERE `student_id` = 20170209 AND `mode` = 2 LIMIT 1   [ RunTime:0.0002s ]
SQL: SHOW COLUMNS FROM `dg_corporation` [ RunTime:0.0004s ]
SQL: SELECT * FROM `dg_corporation` WHERE ( name="企业名称" ) LIMIT 1   [ RunTime:0.0002s ]
SQL: SHOW COLUMNS FROM `dg_practice` [ RunTime:0.0004s ]
SQL: INSERT INTO `dg_practice` (`cname`,`address`,`profession`,`insurance`,`position`,`guide`,`phone`,`detailaddress`,`starttime`,`endtime`,`student_id`,`corporation_id`,`applytime`) VALUES ('企业名称','地址','0','0','岗位','老师','0101234567','详细地址','2017-03-24','2017-03-31','20170209',NULL,'2017-03-23 19:47:25') [ RunTime:0.0002s ]

[ 2017-03-23T20:05:17+08:00 ] 36.57.215.120 /index.php?m=student&c=apply&a=delApply
INFO: [ app_begin ] --START--
INFO: Run Behavior\ReadHtmlCacheBehavior [ RunTime:0.000298s ]
INFO: [ app_begin ] --END-- [ RunTime:0.000521s ]
SQL: SHOW COLUMNS FROM `dg_practice` [ RunTime:0.0006s ]
SQL: DELETE FROM `dg_practice` WHERE `id` = 215 AND `status` = 0 [ RunTime:0.0001s ]

[ 2017-03-23T20:14:22+08:00 ] 36.57.215.120 /index.php?m=student&c=apply&a=add
INFO: [ app_begin ] --START--
INFO: Run Behavior\ReadHtmlCacheBehavior [ RunTime:0.000299s ]
INFO: [ app_begin ] --END-- [ RunTime:0.000518s ]
SQL: SHOW COLUMNS FROM `dg_practice` [ RunTime:0.0006s ]
SQL: SELECT * FROM `dg_practice` WHERE `student_id` = 20170209 AND `mode` = 2 LIMIT 1   [ RunTime:0.0002s ]
SQL: SHOW COLUMNS FROM `dg_corporation` [ RunTime:0.0004s ]
SQL: SELECT * FROM `dg_corporation` WHERE ( name="企业名称" ) LIMIT 1   [ RunTime:0.0002s ]
SQL: SHOW COLUMNS FROM `dg_practice` [ RunTime:0.0004s ]
SQL: INSERT INTO `dg_practice` (`cname`,`address`,`profession`,`insurance`,`position`,`guide`,`phone`,`detailaddress`,`starttime`,`endtime`,`student_id`,`corporation_id`,`applytime`) VALUES ('企业名称','所在地址','0','0','实习岗位','企业老师','0101234567','详细地址','2017-03-24','2017-03-31','20170209',NULL,'2017-03-23 20:14:22') [ RunTime:0.0002s ]

[ 2017-03-23T23:41:33+08:00 ] 117.88.212.199 /index.php?m=student&c=report&a=del
INFO: [ app_begin ] --START--
INFO: Run Behavior\ReadHtmlCacheBehavior [ RunTime:0.000296s ]
INFO: [ app_begin ] --END-- [ RunTime:0.000508s ]
SQL: SHOW COLUMNS FROM `dg_report` [ RunTime:0.0005s ]
SQL: UPDATE `dg_report` SET `stu_del`='0' WHERE ( `id` IN(196) ) [ RunTime:0.0001s ]

[ 2017-03-23T23:54:10+08:00 ] 117.88.212.199 /index.php?m=student&c=report&a=add
INFO: [ app_begin ] --START--
INFO: Run Behavior\ReadHtmlCacheBehavior [ RunTime:0.000301s ]
INFO: [ app_begin ] --END-- [ RunTime:0.000528s ]
NOTIC: [8] Undefined index: id /var/www/html/Application/Student/Controller/ReportController.class.php 第 54 行.
SQL: SHOW COLUMNS FROM `dg_practice` [ RunTime:0.0006s ]
SQL: SELECT * FROM `dg_practice` WHERE `student_id` = 2017888 AND `status` = 1 LIMIT 1   [ RunTime:0.0002s ]
SQL: SHOW COLUMNS FROM `dg_report` [ RunTime:0.0004s ]
SQL: INSERT INTO `dg_report` (`title`,`content`,`pic`,`address`,`student_id`,`pubtime`) VALUES ('我的第一篇周报','这周到公司第一天，公司环境非常好。主要学习了桌面办公软件的安装和使用，又去实验室做了几个实验，感觉非常好！',';/upload/2017/03/23/58d3ef8b51c7f.jpg;/upload/2017/03/23/58d3ef94416c5.jpg','南京市雨花台区小行路','2017888','2017-03-23 :23:54:10') [ RunTime:0.0002s ]

