[ 2017-03-07T14:22:04+08:00 ] 116.231.184.69 /index.php/student/login/js/agent/agent.js?_=1488867724549
INFO: [ app_begin ] --START--
INFO: Run Behavior\ReadHtmlCacheBehavior [ RunTime:0.000297s ]
INFO: [ app_begin ] --END-- [ RunTime:0.000546s ]
ERR: 非法操作:js

[ 2017-03-07T14:47:16+08:00 ] 220.178.150.44 /index.php/student/js/agent/agent.js?_=1458456435754
INFO: [ app_begin ] --START--
INFO: Run Behavior\ReadHtmlCacheBehavior [ RunTime:0.000309s ]
INFO: [ app_begin ] --END-- [ RunTime:0.000535s ]
ERR: 无法加载控制器:Js

[ 2017-03-07T14:47:21+08:00 ] 220.178.150.44 /index.php?m=student&c=login&a=check
INFO: [ app_begin ] --START--
INFO: Run Behavior\ReadHtmlCacheBehavior [ RunTime:0.000307s ]
INFO: [ app_begin ] --END-- [ RunTime:0.000543s ]
SQL: SHOW COLUMNS FROM `dg_user` [ RunTime:0.0004s ]
SQL: SELECT * FROM `dg_user` WHERE (  username="yfy" ) AND (  `type` = 0 ) LIMIT 1   [ RunTime:0.0002s ]
SQL: SHOW COLUMNS FROM `dg_student` [ RunTime:0.0004s ]
SQL: SELECT * FROM `dg_student` WHERE ( name="yfy" ) LIMIT 1   [ RunTime:0.0001s ]

[ 2017-03-07T14:47:36+08:00 ] 220.178.150.44 /index.php/student/Apply/js/agent/agent.js?_=1458456456539
INFO: [ app_begin ] --START--
INFO: Run Behavior\ReadHtmlCacheBehavior [ RunTime:0.000301s ]
INFO: [ app_begin ] --END-- [ RunTime:0.000519s ]
ERR: 非法操作:js

[ 2017-03-07T14:47:53+08:00 ] 220.178.150.44 /index.php/student/Grade/js/agent/agent.js?_=1458456473414
INFO: [ app_begin ] --START--
INFO: Run Behavior\ReadHtmlCacheBehavior [ RunTime:0.000290s ]
INFO: [ app_begin ] --END-- [ RunTime:0.000500s ]
ERR: 非法操作:js

[ 2017-03-07T14:47:54+08:00 ] 220.178.150.44 /index.php/student/Notice/js/agent/agent.js?_=1458456474562
INFO: [ app_begin ] --START--
INFO: Run Behavior\ReadHtmlCacheBehavior [ RunTime:0.000313s ]
INFO: [ app_begin ] --END-- [ RunTime:0.000540s ]
ERR: 非法操作:js

[ 2017-03-07T14:48:01+08:00 ] 220.178.150.44 /index.php/student/Report/js/agent/agent.js?_=1458456480845
INFO: [ app_begin ] --START--
INFO: Run Behavior\ReadHtmlCacheBehavior [ RunTime:0.000281s ]
INFO: [ app_begin ] --END-- [ RunTime:0.000490s ]
ERR: 非法操作:js

[ 2017-03-07T14:48:02+08:00 ] 220.178.150.44 /index.php/student/Report/js/agent/agent.js?_=1458456482507
INFO: [ app_begin ] --START--
INFO: Run Behavior\ReadHtmlCacheBehavior [ RunTime:0.000356s ]
INFO: [ app_begin ] --END-- [ RunTime:0.000570s ]
ERR: 非法操作:js

[ 2017-03-07T14:48:03+08:00 ] 220.178.150.44 /index.php/student/Apply/js/agent/agent.js?_=1458456483736
INFO: [ app_begin ] --START--
INFO: Run Behavior\ReadHtmlCacheBehavior [ RunTime:0.000470s ]
INFO: [ app_begin ] --END-- [ RunTime:0.000782s ]
ERR: 非法操作:js

[ 2017-03-07T14:48:06+08:00 ] 220.178.150.44 /index.php/student/Contact/js/agent/agent.js?_=1458456485873
INFO: [ app_begin ] --START--
INFO: Run Behavior\ReadHtmlCacheBehavior [ RunTime:0.000320s ]
INFO: [ app_begin ] --END-- [ RunTime:0.000648s ]
ERR: 非法操作:js

[ 2017-03-07T14:48:24+08:00 ] 220.178.150.44 /index.php/student/Contact/js/agent/agent.js?_=1458456503919
INFO: [ app_begin ] --START--
INFO: Run Behavior\ReadHtmlCacheBehavior [ RunTime:0.000311s ]
INFO: [ app_begin ] --END-- [ RunTime:0.000550s ]
ERR: 非法操作:js

[ 2017-03-07T14:48:27+08:00 ] 220.178.150.44 /index.php/student/Report/js/agent/agent.js?_=1458456507202
INFO: [ app_begin ] --START--
INFO: Run Behavior\ReadHtmlCacheBehavior [ RunTime:0.000297s ]
INFO: [ app_begin ] --END-- [ RunTime:0.000525s ]
ERR: 非法操作:js

[ 2017-03-07T14:52:48+08:00 ] 220.178.150.44 /index.php/student/Login/js/agent/agent.js?_=1458456768601
INFO: [ app_begin ] --START--
INFO: Run Behavior\ReadHtmlCacheBehavior [ RunTime:0.000284s ]
INFO: [ app_begin ] --END-- [ RunTime:0.000511s ]
ERR: 非法操作:js

[ 2017-03-07T14:52:53+08:00 ] 220.178.150.44 /index.php?m=student&c=login&a=check
INFO: [ app_begin ] --START--
INFO: Run Behavior\ReadHtmlCacheBehavior [ RunTime:0.000301s ]
INFO: [ app_begin ] --END-- [ RunTime:0.000523s ]
SQL: SHOW COLUMNS FROM `dg_user` [ RunTime:0.0004s ]
SQL: SELECT * FROM `dg_user` WHERE (  username="yfy" ) AND (  `type` = 0 ) LIMIT 1   [ RunTime:0.0002s ]
SQL: SHOW COLUMNS FROM `dg_student` [ RunTime:0.0004s ]
SQL: SELECT * FROM `dg_student` WHERE ( name="yfy" ) LIMIT 1   [ RunTime:0.0001s ]

[ 2017-03-07T14:52:56+08:00 ] 220.178.150.44 /index.php/student/Apply/js/agent/agent.js?_=1458456776773
INFO: [ app_begin ] --START--
INFO: Run Behavior\ReadHtmlCacheBehavior [ RunTime:0.000303s ]
INFO: [ app_begin ] --END-- [ RunTime:0.000519s ]
ERR: 非法操作:js

[ 2017-03-07T14:53:15+08:00 ] 220.178.150.44 /index.php/student/Apply/js/agent/agent.js?_=1458456795068
INFO: [ app_begin ] --START--
INFO: Run Behavior\ReadHtmlCacheBehavior [ RunTime:0.000304s ]
INFO: [ app_begin ] --END-- [ RunTime:0.000531s ]
ERR: 非法操作:js

[ 2017-03-07T14:53:25+08:00 ] 220.178.150.44 /index.php/student/Report/js/agent/agent.js?_=1458456805658
INFO: [ app_begin ] --START--
INFO: Run Behavior\ReadHtmlCacheBehavior [ RunTime:0.000309s ]
INFO: [ app_begin ] --END-- [ RunTime:0.000523s ]
ERR: 非法操作:js

[ 2017-03-07T14:53:28+08:00 ] 220.178.150.44 /index.php/student/Report/js/agent/agent.js?_=1458456808128
INFO: [ app_begin ] --START--
INFO: Run Behavior\ReadHtmlCacheBehavior [ RunTime:0.000307s ]
INFO: [ app_begin ] --END-- [ RunTime:0.000517s ]
ERR: 非法操作:js

[ 2017-03-07T14:53:29+08:00 ] 220.178.150.44 /index.php/student/Apply/js/agent/agent.js?_=1458456809423
INFO: [ app_begin ] --START--
INFO: Run Behavior\ReadHtmlCacheBehavior [ RunTime:0.000306s ]
INFO: [ app_begin ] --END-- [ RunTime:0.000524s ]
ERR: 非法操作:js

[ 2017-03-07T15:06:27+08:00 ] 180.111.33.22 /index.php/student/login/js/agent/agent.js?_=1488870433317
INFO: [ app_begin ] --START--
INFO: Run Behavior\ReadHtmlCacheBehavior [ RunTime:0.000330s ]
INFO: [ app_begin ] --END-- [ RunTime:0.000548s ]
ERR: 非法操作:js

[ 2017-03-07T15:06:34+08:00 ] 180.111.33.22 /index.php?m=student&c=login&a=check
INFO: [ app_begin ] --START--
INFO: Run Behavior\ReadHtmlCacheBehavior [ RunTime:0.000286s ]
INFO: [ app_begin ] --END-- [ RunTime:0.000513s ]
SQL: SHOW COLUMNS FROM `dg_user` [ RunTime:0.0004s ]
SQL: SELECT * FROM `dg_user` WHERE (  username="yfy" ) AND (  `type` = 0 ) LIMIT 1   [ RunTime:0.0002s ]
SQL: SHOW COLUMNS FROM `dg_student` [ RunTime:0.0004s ]
SQL: SELECT * FROM `dg_student` WHERE ( name="yfy" ) LIMIT 1   [ RunTime:0.0001s ]

[ 2017-03-07T15:06:39+08:00 ] 180.111.33.22 /index.php/student/Apply/js/agent/agent.js?_=1488870444733
INFO: [ app_begin ] --START--
INFO: Run Behavior\ReadHtmlCacheBehavior [ RunTime:0.000289s ]
INFO: [ app_begin ] --END-- [ RunTime:0.000505s ]
ERR: 非法操作:js

[ 2017-03-07T15:11:28+08:00 ] 180.111.33.22 /index.php?m=student&c=apply&a=delChange
INFO: [ app_begin ] --START--
INFO: Run Behavior\ReadHtmlCacheBehavior [ RunTime:0.000283s ]
INFO: [ app_begin ] --END-- [ RunTime:0.000493s ]
SQL: SHOW COLUMNS FROM `dg_change` [ RunTime:0.0005s ]
SQL: DELETE FROM `dg_change` WHERE ( id=14 ) [ RunTime:0.0001s ]

[ 2017-03-07T15:11:38+08:00 ] 180.111.33.22 /index.php?m=student&c=apply&a=changeCorporation
INFO: [ app_begin ] --START--
INFO: Run Behavior\ReadHtmlCacheBehavior [ RunTime:0.000295s ]
INFO: [ app_begin ] --END-- [ RunTime:0.000521s ]

[ 2017-03-07T15:11:43+08:00 ] 180.111.33.22 /index.php?m=student&c=apply&a=changeCorporation
INFO: [ app_begin ] --START--
INFO: Run Behavior\ReadHtmlCacheBehavior [ RunTime:0.000285s ]
INFO: [ app_begin ] --END-- [ RunTime:0.000508s ]

[ 2017-03-07T15:11:47+08:00 ] 180.111.33.22 /index.php?m=student&c=apply&a=changeCorporation
INFO: [ app_begin ] --START--
INFO: Run Behavior\ReadHtmlCacheBehavior [ RunTime:0.000319s ]
INFO: [ app_begin ] --END-- [ RunTime:0.000566s ]

[ 2017-03-07T15:11:59+08:00 ] 180.111.33.22 /index.php/student/Apply/js/agent/agent.js?_=1488870765029
INFO: [ app_begin ] --START--
INFO: Run Behavior\ReadHtmlCacheBehavior [ RunTime:0.000289s ]
INFO: [ app_begin ] --END-- [ RunTime:0.000516s ]
ERR: 非法操作:js

[ 2017-03-07T15:12:05+08:00 ] 180.111.33.22 /index.php?m=student&c=apply&a=changeJob
INFO: [ app_begin ] --START--
INFO: Run Behavior\ReadHtmlCacheBehavior [ RunTime:0.000296s ]
INFO: [ app_begin ] --END-- [ RunTime:0.000514s ]

[ 2017-03-07T15:12:15+08:00 ] 180.111.33.22 /index.php?m=student&c=apply&a=changeJob
INFO: [ app_begin ] --START--
INFO: Run Behavior\ReadHtmlCacheBehavior [ RunTime:0.000278s ]
INFO: [ app_begin ] --END-- [ RunTime:0.000496s ]

[ 2017-03-07T15:12:22+08:00 ] 180.111.33.22 /index.php?m=student&c=apply&a=changeJob
INFO: [ app_begin ] --START--
INFO: Run Behavior\ReadHtmlCacheBehavior [ RunTime:0.000285s ]
INFO: [ app_begin ] --END-- [ RunTime:0.000506s ]

[ 2017-03-07T15:12:29+08:00 ] 180.111.33.22 /index.php?m=student&c=apply&a=changeJob
INFO: [ app_begin ] --START--
INFO: Run Behavior\ReadHtmlCacheBehavior [ RunTime:0.000293s ]
INFO: [ app_begin ] --END-- [ RunTime:0.000521s ]

[ 2017-03-07T15:12:35+08:00 ] 180.111.33.22 /index.php?m=student&c=apply&a=changeJob
INFO: [ app_begin ] --START--
INFO: Run Behavior\ReadHtmlCacheBehavior [ RunTime:0.000313s ]
INFO: [ app_begin ] --END-- [ RunTime:0.000525s ]

[ 2017-03-07T15:12:41+08:00 ] 180.111.33.22 /index.php?m=student&c=apply&a=changeJob
INFO: [ app_begin ] --START--
INFO: Run Behavior\ReadHtmlCacheBehavior [ RunTime:0.000303s ]
INFO: [ app_begin ] --END-- [ RunTime:0.000546s ]
SQL: SHOW COLUMNS FROM `dg_student` [ RunTime:0.0005s ]
SQL: SELECT `studentno`,`corporation_id`,`name`,`phone` FROM `dg_student` WHERE ( name="yfy" ) LIMIT 1   [ RunTime:0.0001s ]
SQL: SHOW COLUMNS FROM `dg_practice` [ RunTime:0.0004s ]
SQL: SELECT * FROM `dg_practice` WHERE ( student_id=20170209 ) LIMIT 1   [ RunTime:0.0001s ]
SQL: SHOW COLUMNS FROM `dg_change` [ RunTime:0.0004s ]
SQL: SELECT * FROM `dg_change` WHERE ( student_id=20170209 ) LIMIT 1   [ RunTime:0.0001s ]
SQL: SHOW COLUMNS FROM `dg_change` [ RunTime:0.0003s ]
SQL: INSERT INTO `dg_change` (`type`,`position`,`profession`,`insurance`,`guide`,`phone`,`guide_email`,`reason`,`applytime`,`student_id`,`corporation_id`) VALUES ('1','工程师','0','0','我我我','0','得到','呜呜呜呜','2017-03-07 15:12:41','20170209','2') [ RunTime:0.0002s ]

[ 2017-03-07T15:12:49+08:00 ] 180.111.33.22 /index.php?m=student&c=apply&a=delChange
INFO: [ app_begin ] --START--
INFO: Run Behavior\ReadHtmlCacheBehavior [ RunTime:0.000293s ]
INFO: [ app_begin ] --END-- [ RunTime:0.000510s ]
SQL: SHOW COLUMNS FROM `dg_change` [ RunTime:0.0005s ]
SQL: DELETE FROM `dg_change` WHERE ( id=15 ) [ RunTime:0.0001s ]

[ 2017-03-07T15:14:15+08:00 ] 180.111.33.22 /index.php/student/Apply/js/agent/agent.js?_=1488870900238
INFO: [ app_begin ] --START--
INFO: Run Behavior\ReadHtmlCacheBehavior [ RunTime:0.000312s ]
INFO: [ app_begin ] --END-- [ RunTime:0.000561s ]
ERR: 非法操作:js

[ 2017-03-07T15:15:39+08:00 ] 180.111.33.22 /index.php?m=student&c=apply&a=changeJob
INFO: [ app_begin ] --START--
INFO: Run Behavior\ReadHtmlCacheBehavior [ RunTime:0.000296s ]
INFO: [ app_begin ] --END-- [ RunTime:0.000540s ]

[ 2017-03-07T15:15:45+08:00 ] 180.111.33.22 /index.php/student/Apply/js/agent/agent.js?_=1488870991361
INFO: [ app_begin ] --START--
INFO: Run Behavior\ReadHtmlCacheBehavior [ RunTime:0.000289s ]
INFO: [ app_begin ] --END-- [ RunTime:0.000508s ]
ERR: 非法操作:js

[ 2017-03-07T17:44:48+08:00 ] 116.231.184.69 /index.php/student/login/js/agent/agent.js?_=1488879888137
INFO: [ app_begin ] --START--
INFO: Run Behavior\ReadHtmlCacheBehavior [ RunTime:0.000299s ]
INFO: [ app_begin ] --END-- [ RunTime:0.000523s ]
ERR: 非法操作:js

[ 2017-03-07T17:44:55+08:00 ] 116.231.184.69 /index.php?m=student&c=login&a=check
INFO: [ app_begin ] --START--
INFO: Run Behavior\ReadHtmlCacheBehavior [ RunTime:0.000290s ]
INFO: [ app_begin ] --END-- [ RunTime:0.000513s ]
SQL: SHOW COLUMNS FROM `dg_user` [ RunTime:0.0005s ]
SQL: SELECT * FROM `dg_user` WHERE (  username="yfy" ) AND (  `type` = 0 ) LIMIT 1   [ RunTime:0.0002s ]
SQL: SHOW COLUMNS FROM `dg_student` [ RunTime:0.0005s ]
SQL: SELECT * FROM `dg_student` WHERE ( name="yfy" ) LIMIT 1   [ RunTime:0.0001s ]

[ 2017-03-07T17:45:16+08:00 ] 116.231.184.69 /index.php?m=student&c=login&a=check
INFO: [ app_begin ] --START--
INFO: Run Behavior\ReadHtmlCacheBehavior [ RunTime:0.000292s ]
INFO: [ app_begin ] --END-- [ RunTime:0.000532s ]
SQL: SHOW COLUMNS FROM `dg_user` [ RunTime:0.0004s ]
SQL: SELECT * FROM `dg_user` WHERE (  username="yfy" ) AND (  `type` = 0 ) LIMIT 1   [ RunTime:0.0002s ]
SQL: SHOW COLUMNS FROM `dg_student` [ RunTime:0.0004s ]
SQL: SELECT * FROM `dg_student` WHERE ( name="yfy" ) LIMIT 1   [ RunTime:0.0001s ]

[ 2017-03-07T17:50:28+08:00 ] 116.231.184.69 /index.php?m=student&c=report&a=del
INFO: [ app_begin ] --START--
INFO: Run Behavior\ReadHtmlCacheBehavior [ RunTime:0.000287s ]
INFO: [ app_begin ] --END-- [ RunTime:0.000502s ]
SQL: SHOW COLUMNS FROM `dg_report` [ RunTime:0.0005s ]
SQL: DELETE FROM `dg_report` WHERE `id` = 56 [ RunTime:0.0001s ]

[ 2017-03-07T17:50:31+08:00 ] 116.231.184.69 /index.php/student/report/js/agent/agent.js?_=1488880231352
INFO: [ app_begin ] --START--
INFO: Run Behavior\ReadHtmlCacheBehavior [ RunTime:0.000304s ]
INFO: [ app_begin ] --END-- [ RunTime:0.000534s ]
ERR: 非法操作:js

[ 2017-03-07T17:50:42+08:00 ] 116.231.184.69 /index.php?m=student&c=report&a=add
INFO: [ app_begin ] --START--
INFO: Run Behavior\ReadHtmlCacheBehavior [ RunTime:0.000305s ]
INFO: [ app_begin ] --END-- [ RunTime:0.000536s ]
NOTIC: [8] Undefined index: id /var/www/html/Application/Student/Controller/ReportController.class.php 第 27 行.
SQL: SHOW COLUMNS FROM `dg_student` [ RunTime:0.0005s ]
SQL: SELECT `studentno`,`corporation_id`,`name`,`phone` FROM `dg_student` WHERE ( name="yfy" ) LIMIT 1   [ RunTime:0.0001s ]
SQL: SHOW COLUMNS FROM `dg_report` [ RunTime:0.0004s ]
SQL: INSERT INTO `dg_report` (`title`,`content`,`pic`,`address`,`student_id`,`pubtime`) VALUES ('hahahahah','aklghkalghaklsg','','asdfg','20170209','2017-03-07 :17:50:42') [ RunTime:0.0001s ]

[ 2017-03-07T19:10:24+08:00 ] 180.111.33.22 /index.php/student/Report/js/agent/agent.js?_=1488885069768
INFO: [ app_begin ] --START--
INFO: Run Behavior\ReadHtmlCacheBehavior [ RunTime:0.000308s ]
INFO: [ app_begin ] --END-- [ RunTime:0.000524s ]
ERR: 非法操作:js

[ 2017-03-07T19:10:49+08:00 ] 180.111.33.22 /index.php?m=student&c=login&a=check
INFO: [ app_begin ] --START--
INFO: Run Behavior\ReadHtmlCacheBehavior [ RunTime:0.000322s ]
INFO: [ app_begin ] --END-- [ RunTime:0.000552s ]
SQL: SHOW COLUMNS FROM `dg_user` [ RunTime:0.0004s ]
SQL: SELECT * FROM `dg_user` WHERE (  username="wyk" ) AND (  `type` = 0 ) LIMIT 1   [ RunTime:0.0001s ]
SQL: SHOW COLUMNS FROM `dg_student` [ RunTime:0.0004s ]
SQL: SELECT * FROM `dg_student` WHERE ( name="wyk" ) LIMIT 1   [ RunTime:0.0001s ]

[ 2017-03-07T19:10:52+08:00 ] 180.111.33.22 /index.php?m=student&c=login&a=check
INFO: [ app_begin ] --START--
INFO: Run Behavior\ReadHtmlCacheBehavior [ RunTime:0.000303s ]
INFO: [ app_begin ] --END-- [ RunTime:0.000531s ]
SQL: SHOW COLUMNS FROM `dg_user` [ RunTime:0.0005s ]
SQL: SELECT * FROM `dg_user` WHERE (  username="wyk" ) AND (  `type` = 0 ) LIMIT 1   [ RunTime:0.0001s ]
SQL: SHOW COLUMNS FROM `dg_student` [ RunTime:0.0004s ]
SQL: SELECT * FROM `dg_student` WHERE ( name="wyk" ) LIMIT 1   [ RunTime:0.0001s ]

[ 2017-03-07T19:11:02+08:00 ] 180.111.33.22 /index.php?m=student&c=login&a=check
INFO: [ app_begin ] --START--
INFO: Run Behavior\ReadHtmlCacheBehavior [ RunTime:0.000297s ]
INFO: [ app_begin ] --END-- [ RunTime:0.000528s ]
SQL: SHOW COLUMNS FROM `dg_user` [ RunTime:0.0004s ]
SQL: SELECT * FROM `dg_user` WHERE (  username="wow" ) AND (  `type` = 0 ) LIMIT 1   [ RunTime:0.0002s ]
SQL: SHOW COLUMNS FROM `dg_student` [ RunTime:0.0004s ]
SQL: SELECT * FROM `dg_student` WHERE ( name="wow" ) LIMIT 1   [ RunTime:0.0001s ]

