[ 2017-03-22T00:00:03+08:00 ] 223.245.80.142 /index.php/student/Apply/js/agent/agent.js?_=1490112003022
INFO: [ app_begin ] --START--
INFO: Run Behavior\ReadHtmlCacheBehavior [ RunTime:0.000289s ]
INFO: [ app_begin ] --END-- [ RunTime:0.000511s ]
ERR: 非法操作:js

[ 2017-03-22T00:02:35+08:00 ] 223.245.80.142 /index.php?m=student&c=apply&a=changeCorporation
INFO: [ app_begin ] --START--
INFO: Run Behavior\ReadHtmlCacheBehavior [ RunTime:0.000295s ]
INFO: [ app_begin ] --END-- [ RunTime:0.000566s ]
SQL: SHOW COLUMNS FROM `dg_corporation` [ RunTime:0.0006s ]
SQL: SELECT * FROM `dg_corporation` WHERE ( name="企业名称" ) LIMIT 1   [ RunTime:0.0002s ]
SQL: SHOW COLUMNS FROM `dg_practice` [ RunTime:0.0004s ]
SQL: SELECT * FROM `dg_practice` WHERE ( student_id=2017102 ) LIMIT 1   [ RunTime:0.0001s ]
SQL: SHOW COLUMNS FROM `dg_change` [ RunTime:0.0003s ]
SQL: SELECT * FROM `dg_change` WHERE ( student_id=2017102 AND status=0 ) LIMIT 1   [ RunTime:0.0002s ]
SQL: SHOW COLUMNS FROM `dg_change` [ RunTime:0.0003s ]
SQL: INSERT INTO `dg_change` (`type`,`cname`,`profession`,`insurance`,`position`,`address`,`phone`,`guide`,`detailaddress`,`reason`,`applytime`,`student_id`,`corporation_id`) VALUES ('0','企业名称','0','0','实习岗位','所在地址','0101234567','企业老师','详细地址详细地址详细地址详细地址详细地址详细地址','变更原因变更原因变更原因变更原因变更原因变更原因变更原因变更原因','2017-03-22 00:02:35','2017102','0') [ RunTime:0.0002s ]

[ 2017-03-22T00:03:43+08:00 ] 223.245.80.142 /index.php/student/Apply/js/agent/agent.js?_=1490112223703
INFO: [ app_begin ] --START--
INFO: Run Behavior\ReadHtmlCacheBehavior [ RunTime:0.000314s ]
INFO: [ app_begin ] --END-- [ RunTime:0.000554s ]
ERR: 非法操作:js

[ 2017-03-22T00:04:31+08:00 ] 223.245.80.142 /index.php?m=student&c=apply&a=changeJob
INFO: [ app_begin ] --START--
INFO: Run Behavior\ReadHtmlCacheBehavior [ RunTime:0.000284s ]
INFO: [ app_begin ] --END-- [ RunTime:0.000505s ]
SQL: SHOW COLUMNS FROM `dg_practice` [ RunTime:0.0006s ]
SQL: SELECT * FROM `dg_practice` WHERE ( student_id=2017102 ) LIMIT 1   [ RunTime:0.0002s ]
SQL: SHOW COLUMNS FROM `dg_change` [ RunTime:0.0004s ]
SQL: SELECT * FROM `dg_change` WHERE ( student_id=2017102 ) LIMIT 1   [ RunTime:0.0001s ]

[ 2017-03-22T00:06:21+08:00 ] 223.245.80.142 /index.php?m=student&c=apply&a=changeJob
INFO: [ app_begin ] --START--
INFO: Run Behavior\ReadHtmlCacheBehavior [ RunTime:0.000308s ]
INFO: [ app_begin ] --END-- [ RunTime:0.000538s ]
SQL: SHOW COLUMNS FROM `dg_practice` [ RunTime:0.0005s ]
SQL: SELECT * FROM `dg_practice` WHERE ( student_id=2017102 AND status=0 ) LIMIT 1   [ RunTime:0.0002s ]

[ 2017-03-22T00:07:46+08:00 ] 223.245.80.142 /index.php?m=student&c=apply&a=changeJob
INFO: [ app_begin ] --START--
INFO: Run Behavior\ReadHtmlCacheBehavior [ RunTime:0.000309s ]
INFO: [ app_begin ] --END-- [ RunTime:0.000530s ]
SQL: SHOW COLUMNS FROM `dg_practice` [ RunTime:0.0006s ]
SQL: SELECT * FROM `dg_practice` WHERE ( student_id=2017102 AND status=1 ) LIMIT 1   [ RunTime:0.0002s ]
SQL: SHOW COLUMNS FROM `dg_change` [ RunTime:0.0004s ]
SQL: SELECT * FROM `dg_change` WHERE ( student_id=2017102 AND status=0 ) LIMIT 1   [ RunTime:0.0001s ]
SQL: SHOW COLUMNS FROM `dg_change` [ RunTime:0.0003s ]
SQL: INSERT INTO `dg_change` (`type`,`position`,`profession`,`insurance`,`guide`,`phone`,`guide_email`,`reason`,`applytime`,`student_id`,`corporation_id`) VALUES ('1','test','0','0','企业老师','0101234567','test@gmail.com','变更原因变更原因变更原因变更原因','2017-03-22 00:07:46','2017102','23') [ RunTime:0.0002s ]

[ 2017-03-22T00:07:58+08:00 ] 223.245.80.142 /index.php?m=student&c=apply&a=changeCorporation
INFO: [ app_begin ] --START--
INFO: Run Behavior\ReadHtmlCacheBehavior [ RunTime:0.000298s ]
INFO: [ app_begin ] --END-- [ RunTime:0.000523s ]

[ 2017-03-22T00:08:05+08:00 ] 223.245.80.142 /index.php?m=student&c=apply&a=changeCorporation
INFO: [ app_begin ] --START--
INFO: Run Behavior\ReadHtmlCacheBehavior [ RunTime:0.000303s ]
INFO: [ app_begin ] --END-- [ RunTime:0.000535s ]

[ 2017-03-22T00:08:15+08:00 ] 223.245.80.142 /index.php?m=student&c=apply&a=changeCorporation
INFO: [ app_begin ] --START--
INFO: Run Behavior\ReadHtmlCacheBehavior [ RunTime:0.000308s ]
INFO: [ app_begin ] --END-- [ RunTime:0.000520s ]

[ 2017-03-22T00:08:19+08:00 ] 223.245.80.142 /index.php?m=student&c=apply&a=changeCorporation
INFO: [ app_begin ] --START--
INFO: Run Behavior\ReadHtmlCacheBehavior [ RunTime:0.000317s ]
INFO: [ app_begin ] --END-- [ RunTime:0.000545s ]
SQL: SHOW COLUMNS FROM `dg_corporation` [ RunTime:0.0006s ]
SQL: SELECT * FROM `dg_corporation` WHERE ( name="tese" ) LIMIT 1   [ RunTime:0.0002s ]
SQL: SHOW COLUMNS FROM `dg_practice` [ RunTime:0.0004s ]
SQL: SELECT * FROM `dg_practice` WHERE ( student_id=2017102 AND status=1 ) LIMIT 1   [ RunTime:0.0001s ]
SQL: SHOW COLUMNS FROM `dg_change` [ RunTime:0.0004s ]
SQL: SELECT * FROM `dg_change` WHERE ( student_id=2017102 AND status=0 ) LIMIT 1   [ RunTime:0.0001s ]

[ 2017-03-22T00:10:11+08:00 ] 223.245.80.142 /index.php/student/Apply/js/agent/agent.js?_=1490112609495
INFO: [ app_begin ] --START--
INFO: Run Behavior\ReadHtmlCacheBehavior [ RunTime:0.000300s ]
INFO: [ app_begin ] --END-- [ RunTime:0.000513s ]
ERR: 非法操作:js

[ 2017-03-22T00:36:26+08:00 ] 223.245.80.142 /index.php?m=student&c=apply&a=delChange
INFO: [ app_begin ] --START--
INFO: Run Behavior\ReadHtmlCacheBehavior [ RunTime:0.000303s ]
INFO: [ app_begin ] --END-- [ RunTime:0.000557s ]
SQL: SHOW COLUMNS FROM `dg_change` [ RunTime:0.0006s ]
SQL: DELETE FROM `dg_change` WHERE ( id=83 ) [ RunTime:0.0002s ]

[ 2017-03-22T00:39:04+08:00 ] 223.245.80.142 /index.php/student/Apply/js/agent/agent.js?_=1490114217153
INFO: [ app_begin ] --START--
INFO: Run Behavior\ReadHtmlCacheBehavior [ RunTime:0.000302s ]
INFO: [ app_begin ] --END-- [ RunTime:0.000515s ]
ERR: 非法操作:js

[ 2017-03-22T00:40:04+08:00 ] 223.245.80.142 /index.php?m=student&c=apply&a=changeJob
INFO: [ app_begin ] --START--
INFO: Run Behavior\ReadHtmlCacheBehavior [ RunTime:0.000295s ]
INFO: [ app_begin ] --END-- [ RunTime:0.000507s ]
SQL: SHOW COLUMNS FROM `dg_practice` [ RunTime:0.0006s ]
SQL: SELECT * FROM `dg_practice` WHERE ( student_id=2017102 AND status=1 ) LIMIT 1   [ RunTime:0.0002s ]
SQL: SHOW COLUMNS FROM `dg_change` [ RunTime:0.0004s ]
SQL: SELECT * FROM `dg_change` WHERE ( student_id=2017102 AND status=0 ) LIMIT 1   [ RunTime:0.0001s ]
SQL: SHOW COLUMNS FROM `dg_change` [ RunTime:0.0004s ]
SQL: SELECT * FROM `dg_change` WHERE ( student_id=2017102 AND status=1 ) ORDER BY `applytime` desc LIMIT 1   [ RunTime:0.0001s ]
SQL: SHOW COLUMNS FROM `dg_change` [ RunTime:0.0003s ]
SQL: INSERT INTO `dg_change` (`type`,`position`,`profession`,`insurance`,`guide`,`phone`,`guide_email`,`reason`,`applytime`,`student_id`,`corporation_id`,`cname`) VALUES ('1','testt232','0','0','企业老师','0101234567','fdsafd@fdsafd','企业老师企业老师企业老师企业老师企业老师企业老师企业老师','2017-03-22 00:40:04','2017102','23','企业名称') [ RunTime:0.0002s ]

[ 2017-03-22T08:40:10+08:00 ] 117.136.45.133 /index.php/student/Apply/js/agent/agent.js?_=1490143266717
INFO: [ app_begin ] --START--
INFO: Run Behavior\ReadHtmlCacheBehavior [ RunTime:0.000311s ]
INFO: [ app_begin ] --END-- [ RunTime:0.000531s ]
ERR: 非法操作:js

[ 2017-03-22T08:40:30+08:00 ] 117.136.45.133 /index.php/student/apply/js/agent/agent.js?_=1490143286861
INFO: [ app_begin ] --START--
INFO: Run Behavior\ReadHtmlCacheBehavior [ RunTime:0.000293s ]
INFO: [ app_begin ] --END-- [ RunTime:0.000520s ]
ERR: 非法操作:js

[ 2017-03-22T08:45:37+08:00 ] 117.136.45.133 /index.php/student/Apply/js/agent/agent.js?_=1490143593461
INFO: [ app_begin ] --START--
INFO: Run Behavior\ReadHtmlCacheBehavior [ RunTime:0.000305s ]
INFO: [ app_begin ] --END-- [ RunTime:0.000535s ]
ERR: 非法操作:js

[ 2017-03-22T08:45:40+08:00 ] 117.136.45.133 /index.php/student/Apply/js/agent/agent.js?_=1490143596350
INFO: [ app_begin ] --START--
INFO: Run Behavior\ReadHtmlCacheBehavior [ RunTime:0.000315s ]
INFO: [ app_begin ] --END-- [ RunTime:0.000593s ]
ERR: 非法操作:js

[ 2017-03-22T08:45:46+08:00 ] 117.136.45.133 /index.php/student/Contact/js/agent/agent.js?_=1490143602235
INFO: [ app_begin ] --START--
INFO: Run Behavior\ReadHtmlCacheBehavior [ RunTime:0.000295s ]
INFO: [ app_begin ] --END-- [ RunTime:0.000505s ]
ERR: 非法操作:js

[ 2017-03-22T08:45:56+08:00 ] 117.136.45.133 /index.php/student/Contact/js/agent/agent.js?_=1490143612700
INFO: [ app_begin ] --START--
INFO: Run Behavior\ReadHtmlCacheBehavior [ RunTime:0.000290s ]
INFO: [ app_begin ] --END-- [ RunTime:0.000508s ]
ERR: 非法操作:js

[ 2017-03-22T08:46:11+08:00 ] 117.136.45.133 /index.php/Student/Contact/teacher/pageNum/js/agent/agent.js?_=1490143627847
INFO: [ app_begin ] --START--
INFO: Run Behavior\ReadHtmlCacheBehavior [ RunTime:0.000307s ]
INFO: [ app_begin ] --END-- [ RunTime:0.000523s ]
SQL: SHOW COLUMNS FROM `dg_teacher` [ RunTime:0.0005s ]
SQL: SELECT COUNT(*) AS tp_count FROM `dg_teacher` LIMIT 1   [ RunTime:0.0001s ]
SQL: SELECT * FROM `dg_teacher` LIMIT 0,4   [ RunTime:0.0001s ]
SQL: SHOW COLUMNS FROM `dg_class` [ RunTime:0.0003s ]
SQL: SELECT * FROM `dg_class` WHERE ( id=1 ) LIMIT 1   [ RunTime:0.0002s ]
SQL: SELECT * FROM `dg_class` WHERE ( id=2 ) LIMIT 1   [ RunTime:0.0001s ]
SQL: SHOW COLUMNS FROM `dg_department` [ RunTime:0.0003s ]
SQL: SELECT * FROM `dg_department` WHERE ( id=1 ) LIMIT 1   [ RunTime:0.0001s ]
SQL: SELECT * FROM `dg_department` WHERE ( id=1 ) LIMIT 1   [ RunTime:0.0001s ]
SQL: SELECT * FROM `dg_department` WHERE ( id=1 ) LIMIT 1   [ RunTime:0.0001s ]
SQL: SELECT * FROM `dg_department` WHERE ( id=2 ) LIMIT 1   [ RunTime:0.0001s ]
SQL: SHOW COLUMNS FROM `dg_department` [ RunTime:0.0002s ]
SQL: SELECT * FROM `dg_department`  [ RunTime:0.0001s ]
INFO: [ view_parse ] --START--
INFO: [ template_filter ] --START--
INFO: Run Behavior\ContentReplaceBehavior [ RunTime:0.000064s ]
INFO: [ template_filter ] --END-- [ RunTime:0.000096s ]
INFO: Run Behavior\ParseTemplateBehavior [ RunTime:0.006025s ]
INFO: [ view_parse ] --END-- [ RunTime:0.006060s ]
INFO: [ view_filter ] --START--
INFO: Run Behavior\WriteHtmlCacheBehavior [ RunTime:0.000100s ]
INFO: [ view_filter ] --END-- [ RunTime:0.000124s ]
INFO: [ app_end ] --START--
INFO: Run Behavior\ShowPageTraceBehavior [ RunTime:0.000318s ]
INFO: [ app_end ] --END-- [ RunTime:0.000351s ]

[ 2017-03-22T08:46:14+08:00 ] 117.136.45.133 /index.php/Student/Contact/teacher/pageNum/js/agent/agent.js?_=1490143630281
INFO: [ app_begin ] --START--
INFO: Run Behavior\ReadHtmlCacheBehavior [ RunTime:0.000301s ]
INFO: [ app_begin ] --END-- [ RunTime:0.000518s ]
SQL: SHOW COLUMNS FROM `dg_teacher` [ RunTime:0.0005s ]
SQL: SELECT COUNT(*) AS tp_count FROM `dg_teacher` LIMIT 1   [ RunTime:0.0001s ]
SQL: SELECT * FROM `dg_teacher` LIMIT 0,4   [ RunTime:0.0001s ]
SQL: SHOW COLUMNS FROM `dg_class` [ RunTime:0.0003s ]
SQL: SELECT * FROM `dg_class` WHERE ( id=1 ) LIMIT 1   [ RunTime:0.0002s ]
SQL: SELECT * FROM `dg_class` WHERE ( id=2 ) LIMIT 1   [ RunTime:0.0001s ]
SQL: SHOW COLUMNS FROM `dg_department` [ RunTime:0.0003s ]
SQL: SELECT * FROM `dg_department` WHERE ( id=1 ) LIMIT 1   [ RunTime:0.0001s ]
SQL: SELECT * FROM `dg_department` WHERE ( id=1 ) LIMIT 1   [ RunTime:0.0001s ]
SQL: SELECT * FROM `dg_department` WHERE ( id=1 ) LIMIT 1   [ RunTime:0.0001s ]
SQL: SELECT * FROM `dg_department` WHERE ( id=2 ) LIMIT 1   [ RunTime:0.0001s ]
SQL: SHOW COLUMNS FROM `dg_department` [ RunTime:0.0002s ]
SQL: SELECT * FROM `dg_department`  [ RunTime:0.0001s ]
INFO: [ view_parse ] --START--
INFO: [ template_filter ] --START--
INFO: Run Behavior\ContentReplaceBehavior [ RunTime:0.000063s ]
INFO: [ template_filter ] --END-- [ RunTime:0.000097s ]
INFO: Run Behavior\ParseTemplateBehavior [ RunTime:0.006012s ]
INFO: [ view_parse ] --END-- [ RunTime:0.006048s ]
INFO: [ view_filter ] --START--
INFO: Run Behavior\WriteHtmlCacheBehavior [ RunTime:0.000100s ]
INFO: [ view_filter ] --END-- [ RunTime:0.000126s ]
INFO: [ app_end ] --START--
INFO: Run Behavior\ShowPageTraceBehavior [ RunTime:0.000302s ]
INFO: [ app_end ] --END-- [ RunTime:0.000335s ]

[ 2017-03-22T08:46:18+08:00 ] 117.136.45.133 /index.php/student/Notice/js/agent/agent.js?_=1490143634946
INFO: [ app_begin ] --START--
INFO: Run Behavior\ReadHtmlCacheBehavior [ RunTime:0.000306s ]
INFO: [ app_begin ] --END-- [ RunTime:0.000533s ]
ERR: 非法操作:js

[ 2017-03-22T08:46:26+08:00 ] 117.136.45.133 /index.php/student/Personal/js/agent/agent.js?_=1490143642119
INFO: [ app_begin ] --START--
INFO: Run Behavior\ReadHtmlCacheBehavior [ RunTime:0.000285s ]
INFO: [ app_begin ] --END-- [ RunTime:0.000496s ]
ERR: 非法操作:js

[ 2017-03-22T08:50:21+08:00 ] 117.136.45.133 /index.php/student/Notice/js/agent/agent.js?_=1490143877606
INFO: [ app_begin ] --START--
INFO: Run Behavior\ReadHtmlCacheBehavior [ RunTime:0.000304s ]
INFO: [ app_begin ] --END-- [ RunTime:0.000532s ]
ERR: 非法操作:js

[ 2017-03-22T08:50:26+08:00 ] 117.136.45.133 /index.php/Student/Notice/read.html
INFO: [ app_begin ] --START--
INFO: Run Behavior\ReadHtmlCacheBehavior [ RunTime:0.000285s ]
INFO: [ app_begin ] --END-- [ RunTime:0.000509s ]
NOTIC: [8] Undefined variable: error /var/www/html/Application/Student/Controller/NoticeController.class.php 第 54 行.
SQL: SHOW COLUMNS FROM `dg_notice_view` [ RunTime:0.0004s ]
SQL: DELETE FROM `dg_notice_view` WHERE ( notice_id=73 and user_id=2017103 ) [ RunTime:0.0001s ]
SQL: INSERT INTO `dg_notice_view` (`notice_id`,`user_id`) VALUES ('73','2017103') [ RunTime:0.0001s ]
NOTIC: [8] Undefined variable: data /var/www/html/Application/Student/Controller/NoticeController.class.php 第 61 行.

[ 2017-03-22T08:50:39+08:00 ] 117.136.45.133 /index.php/student/Notice/js/agent/agent.js?_=1490143896021
INFO: [ app_begin ] --START--
INFO: Run Behavior\ReadHtmlCacheBehavior [ RunTime:0.000292s ]
INFO: [ app_begin ] --END-- [ RunTime:0.000500s ]
ERR: 非法操作:js

[ 2017-03-22T09:50:11+08:00 ] 223.245.80.142 /index.php/student/Report/js/agent/agent.js?_=1490147410823
INFO: [ app_begin ] --START--
INFO: Run Behavior\ReadHtmlCacheBehavior [ RunTime:0.000325s ]
INFO: [ app_begin ] --END-- [ RunTime:0.000538s ]
ERR: 非法操作:js

[ 2017-03-22T09:50:16+08:00 ] 223.245.80.142 /index.php/student/report/js/agent/agent.js?_=1490147416271
INFO: [ app_begin ] --START--
INFO: Run Behavior\ReadHtmlCacheBehavior [ RunTime:0.000292s ]
INFO: [ app_begin ] --END-- [ RunTime:0.000513s ]
ERR: 非法操作:js

[ 2017-03-22T09:52:53+08:00 ] 223.245.80.142 /index.php/student/report/js/agent/agent.js?_=1490147572932
INFO: [ app_begin ] --START--
INFO: Run Behavior\ReadHtmlCacheBehavior [ RunTime:0.000301s ]
INFO: [ app_begin ] --END-- [ RunTime:0.000537s ]
ERR: 非法操作:js

[ 2017-03-22T09:53:08+08:00 ] 223.245.80.142 /index.php/student/report/js/agent/agent.js?_=1490147587807
INFO: [ app_begin ] --START--
INFO: Run Behavior\ReadHtmlCacheBehavior [ RunTime:0.000287s ]
INFO: [ app_begin ] --END-- [ RunTime:0.000513s ]
ERR: 非法操作:js

[ 2017-03-22T09:53:35+08:00 ] 223.245.80.142 /index.php/student/report/js/agent/agent.js?_=1490147615144
INFO: [ app_begin ] --START--
INFO: Run Behavior\ReadHtmlCacheBehavior [ RunTime:0.000300s ]
INFO: [ app_begin ] --END-- [ RunTime:0.000522s ]
ERR: 非法操作:js

[ 2017-03-22T09:54:48+08:00 ] 220.178.150.44 /index.php/student/Report/js/agent/agent.js?_=1490147687924
INFO: [ app_begin ] --START--
INFO: Run Behavior\ReadHtmlCacheBehavior [ RunTime:0.000315s ]
INFO: [ app_begin ] --END-- [ RunTime:0.000546s ]
ERR: 非法操作:js

[ 2017-03-22T09:54:50+08:00 ] 220.178.150.44 /index.php/Student/Common/js/agent/agent.js?_=1490147690180
INFO: [ app_begin ] --START--
INFO: Run Behavior\ReadHtmlCacheBehavior [ RunTime:0.000287s ]
INFO: [ app_begin ] --END-- [ RunTime:0.000517s ]
ERR: 非法操作:js

[ 2017-03-22T09:54:51+08:00 ] 220.178.150.44 /index.php/student/Report/js/agent/agent.js?_=1490147691549
INFO: [ app_begin ] --START--
INFO: Run Behavior\ReadHtmlCacheBehavior [ RunTime:0.000292s ]
INFO: [ app_begin ] --END-- [ RunTime:0.000506s ]
ERR: 非法操作:js

[ 2017-03-22T09:54:57+08:00 ] 220.178.150.44 /index.php/student/Report/js/agent/agent.js?_=1490147697084
INFO: [ app_begin ] --START--
INFO: Run Behavior\ReadHtmlCacheBehavior [ RunTime:0.000312s ]
INFO: [ app_begin ] --END-- [ RunTime:0.000524s ]
ERR: 非法操作:js

[ 2017-03-22T09:54:58+08:00 ] 220.178.150.44 /index.php/student/Notice/js/agent/agent.js?_=1490147698654
INFO: [ app_begin ] --START--
INFO: Run Behavior\ReadHtmlCacheBehavior [ RunTime:0.000307s ]
INFO: [ app_begin ] --END-- [ RunTime:0.000539s ]
ERR: 非法操作:js

[ 2017-03-22T09:55:01+08:00 ] 220.178.150.44 /index.php/Student/Notice/read.html
INFO: [ app_begin ] --START--
INFO: Run Behavior\ReadHtmlCacheBehavior [ RunTime:0.000282s ]
INFO: [ app_begin ] --END-- [ RunTime:0.000501s ]
NOTIC: [8] Undefined variable: error /var/www/html/Application/Student/Controller/NoticeController.class.php 第 54 行.
SQL: SHOW COLUMNS FROM `dg_notice_view` [ RunTime:0.0004s ]
SQL: DELETE FROM `dg_notice_view` WHERE ( notice_id=73 and user_id=20170209 ) [ RunTime:0.0001s ]
SQL: INSERT INTO `dg_notice_view` (`notice_id`,`user_id`) VALUES ('73','20170209') [ RunTime:0.0001s ]
NOTIC: [8] Undefined variable: data /var/www/html/Application/Student/Controller/NoticeController.class.php 第 61 行.

[ 2017-03-22T09:55:04+08:00 ] 220.178.150.44 /index.php/student/Notice/js/agent/agent.js?_=1490147704019
INFO: [ app_begin ] --START--
INFO: Run Behavior\ReadHtmlCacheBehavior [ RunTime:0.000310s ]
INFO: [ app_begin ] --END-- [ RunTime:0.000545s ]
ERR: 非法操作:js

[ 2017-03-22T09:55:08+08:00 ] 220.178.150.44 /index.php/student/Contact/js/agent/agent.js?_=1490147707812
INFO: [ app_begin ] --START--
INFO: Run Behavior\ReadHtmlCacheBehavior [ RunTime:0.000302s ]
INFO: [ app_begin ] --END-- [ RunTime:0.000512s ]
ERR: 非法操作:js

[ 2017-03-22T09:55:09+08:00 ] 220.178.150.44 /index.php/student/Contact/js/agent/agent.js?_=1490147709455
INFO: [ app_begin ] --START--
INFO: Run Behavior\ReadHtmlCacheBehavior [ RunTime:0.000303s ]
INFO: [ app_begin ] --END-- [ RunTime:0.000513s ]
ERR: 非法操作:js

[ 2017-03-22T09:55:12+08:00 ] 220.178.150.44 /index.php/Student/Contact/teacher/pageNum/js/agent/agent.js?_=1490147711816
INFO: [ app_begin ] --START--
INFO: Run Behavior\ReadHtmlCacheBehavior [ RunTime:0.000291s ]
INFO: [ app_begin ] --END-- [ RunTime:0.000500s ]
SQL: SHOW COLUMNS FROM `dg_teacher` [ RunTime:0.0005s ]
SQL: SELECT COUNT(*) AS tp_count FROM `dg_teacher` LIMIT 1   [ RunTime:0.0001s ]
SQL: SELECT * FROM `dg_teacher` LIMIT 0,4   [ RunTime:0.0001s ]
SQL: SHOW COLUMNS FROM `dg_class` [ RunTime:0.0003s ]
SQL: SELECT * FROM `dg_class` WHERE ( id=1 ) LIMIT 1   [ RunTime:0.0001s ]
SQL: SELECT * FROM `dg_class` WHERE ( id=2 ) LIMIT 1   [ RunTime:0.0001s ]
SQL: SHOW COLUMNS FROM `dg_department` [ RunTime:0.0003s ]
SQL: SELECT * FROM `dg_department` WHERE ( id=1 ) LIMIT 1   [ RunTime:0.0001s ]
SQL: SELECT * FROM `dg_department` WHERE ( id=1 ) LIMIT 1   [ RunTime:0.0001s ]
SQL: SELECT * FROM `dg_department` WHERE ( id=1 ) LIMIT 1   [ RunTime:0.0001s ]
SQL: SELECT * FROM `dg_department` WHERE ( id=2 ) LIMIT 1   [ RunTime:0.0001s ]
SQL: SHOW COLUMNS FROM `dg_department` [ RunTime:0.0002s ]
SQL: SELECT * FROM `dg_department`  [ RunTime:0.0001s ]
INFO: [ view_parse ] --START--
INFO: [ template_filter ] --START--
INFO: Run Behavior\ContentReplaceBehavior [ RunTime:0.000073s ]
INFO: [ template_filter ] --END-- [ RunTime:0.000106s ]
INFO: Run Behavior\ParseTemplateBehavior [ RunTime:0.005932s ]
INFO: [ view_parse ] --END-- [ RunTime:0.005967s ]
INFO: [ view_filter ] --START--
INFO: Run Behavior\WriteHtmlCacheBehavior [ RunTime:0.000104s ]
INFO: [ view_filter ] --END-- [ RunTime:0.000129s ]
INFO: [ app_end ] --START--
INFO: Run Behavior\ShowPageTraceBehavior [ RunTime:0.000318s ]
INFO: [ app_end ] --END-- [ RunTime:0.000365s ]

[ 2017-03-22T09:55:12+08:00 ] 220.178.150.44 /index.php/Student/Contact/teacher/pageNum/js/agent/agent.js?_=1490147712516
INFO: [ app_begin ] --START--
INFO: Run Behavior\ReadHtmlCacheBehavior [ RunTime:0.000313s ]
INFO: [ app_begin ] --END-- [ RunTime:0.000542s ]
SQL: SHOW COLUMNS FROM `dg_teacher` [ RunTime:0.0005s ]
SQL: SELECT COUNT(*) AS tp_count FROM `dg_teacher` LIMIT 1   [ RunTime:0.0001s ]
SQL: SELECT * FROM `dg_teacher` LIMIT 0,4   [ RunTime:0.0001s ]
SQL: SHOW COLUMNS FROM `dg_class` [ RunTime:0.0003s ]
SQL: SELECT * FROM `dg_class` WHERE ( id=1 ) LIMIT 1   [ RunTime:0.0001s ]
SQL: SELECT * FROM `dg_class` WHERE ( id=2 ) LIMIT 1   [ RunTime:0.0001s ]
SQL: SHOW COLUMNS FROM `dg_department` [ RunTime:0.0003s ]
SQL: SELECT * FROM `dg_department` WHERE ( id=1 ) LIMIT 1   [ RunTime:0.0001s ]
SQL: SELECT * FROM `dg_department` WHERE ( id=1 ) LIMIT 1   [ RunTime:0.0001s ]
SQL: SELECT * FROM `dg_department` WHERE ( id=1 ) LIMIT 1   [ RunTime:0.0001s ]
SQL: SELECT * FROM `dg_department` WHERE ( id=2 ) LIMIT 1   [ RunTime:0.0001s ]
SQL: SHOW COLUMNS FROM `dg_department` [ RunTime:0.0002s ]
SQL: SELECT * FROM `dg_department`  [ RunTime:0.0001s ]
INFO: [ view_parse ] --START--
INFO: [ template_filter ] --START--
INFO: Run Behavior\ContentReplaceBehavior [ RunTime:0.000066s ]
INFO: [ template_filter ] --END-- [ RunTime:0.000102s ]
INFO: Run Behavior\ParseTemplateBehavior [ RunTime:0.011181s ]
INFO: [ view_parse ] --END-- [ RunTime:0.011218s ]
INFO: [ view_filter ] --START--
INFO: Run Behavior\WriteHtmlCacheBehavior [ RunTime:0.000100s ]
INFO: [ view_filter ] --END-- [ RunTime:0.000125s ]
INFO: [ app_end ] --START--
INFO: Run Behavior\ShowPageTraceBehavior [ RunTime:0.000333s ]
INFO: [ app_end ] --END-- [ RunTime:0.000367s ]

[ 2017-03-22T09:55:14+08:00 ] 220.178.150.44 /index.php/student/Personal/js/agent/agent.js?_=1490147713932
INFO: [ app_begin ] --START--
INFO: Run Behavior\ReadHtmlCacheBehavior [ RunTime:0.000303s ]
INFO: [ app_begin ] --END-- [ RunTime:0.000536s ]
ERR: 非法操作:js

[ 2017-03-22T09:55:25+08:00 ] 220.178.150.44 /index.php/student/Report/js/agent/agent.js?_=1490147725326
INFO: [ app_begin ] --START--
INFO: Run Behavior\ReadHtmlCacheBehavior [ RunTime:0.000284s ]
INFO: [ app_begin ] --END-- [ RunTime:0.000521s ]
ERR: 非法操作:js

[ 2017-03-22T09:55:26+08:00 ] 220.178.150.44 /index.php/student/Apply/js/agent/agent.js?_=1490147726128
INFO: [ app_begin ] --START--
INFO: Run Behavior\ReadHtmlCacheBehavior [ RunTime:0.000284s ]
INFO: [ app_begin ] --END-- [ RunTime:0.000508s ]
ERR: 非法操作:js

[ 2017-03-22T09:55:26+08:00 ] 220.178.150.44 /index.php/student/Contact/js/agent/agent.js?_=1490147726846
INFO: [ app_begin ] --START--
INFO: Run Behavior\ReadHtmlCacheBehavior [ RunTime:0.000297s ]
INFO: [ app_begin ] --END-- [ RunTime:0.000507s ]
ERR: 非法操作:js

[ 2017-03-22T09:55:28+08:00 ] 220.178.150.44 /index.php/student/Apply/js/agent/agent.js?_=1490147728097
INFO: [ app_begin ] --START--
INFO: Run Behavior\ReadHtmlCacheBehavior [ RunTime:0.000296s ]
INFO: [ app_begin ] --END-- [ RunTime:0.000513s ]
ERR: 非法操作:js

[ 2017-03-22T09:55:29+08:00 ] 220.178.150.44 /index.php/student/Apply/js/agent/agent.js?_=1490147728956
INFO: [ app_begin ] --START--
INFO: Run Behavior\ReadHtmlCacheBehavior [ RunTime:0.000310s ]
INFO: [ app_begin ] --END-- [ RunTime:0.000537s ]
ERR: 非法操作:js

[ 2017-03-22T09:55:32+08:00 ] 220.178.150.44 /index.php/student/Report/js/agent/agent.js?_=1490147731515
INFO: [ app_begin ] --START--
INFO: Run Behavior\ReadHtmlCacheBehavior [ RunTime:0.000307s ]
INFO: [ app_begin ] --END-- [ RunTime:0.000627s ]
ERR: 非法操作:js

[ 2017-03-22T09:55:42+08:00 ] 220.178.150.44 /index.php?m=student&c=report&a=del
INFO: [ app_begin ] --START--
INFO: Run Behavior\ReadHtmlCacheBehavior [ RunTime:0.000298s ]
INFO: [ app_begin ] --END-- [ RunTime:0.000526s ]
SQL: SHOW COLUMNS FROM `dg_report` [ RunTime:0.0006s ]
SQL: UPDATE `dg_report` SET `stu_del`='0' WHERE ( `id` IN(183,161,160,157) ) [ RunTime:0.0002s ]

[ 2017-03-22T09:55:44+08:00 ] 220.178.150.44 /index.php/student/Report/js/agent/agent.js?_=1490147743850
INFO: [ app_begin ] --START--
INFO: Run Behavior\ReadHtmlCacheBehavior [ RunTime:0.000285s ]
INFO: [ app_begin ] --END-- [ RunTime:0.000500s ]
ERR: 非法操作:js

[ 2017-03-22T09:55:49+08:00 ] 220.178.150.44 /index.php?m=student&c=report&a=del
INFO: [ app_begin ] --START--
INFO: Run Behavior\ReadHtmlCacheBehavior [ RunTime:0.000291s ]
INFO: [ app_begin ] --END-- [ RunTime:0.000504s ]
SQL: SHOW COLUMNS FROM `dg_report` [ RunTime:0.0005s ]
SQL: UPDATE `dg_report` SET `stu_del`='0' WHERE ( `id` IN(156) ) [ RunTime:0.0002s ]

[ 2017-03-22T09:55:49+08:00 ] 220.178.150.44 /index.php/student/Report/js/agent/agent.js?_=1490147749583
INFO: [ app_begin ] --START--
INFO: Run Behavior\ReadHtmlCacheBehavior [ RunTime:0.000315s ]
INFO: [ app_begin ] --END-- [ RunTime:0.000534s ]
ERR: 非法操作:js

[ 2017-03-22T09:55:51+08:00 ] 220.178.150.44 /index.php/student/Apply/js/agent/agent.js?_=1490147751679
INFO: [ app_begin ] --START--
INFO: Run Behavior\ReadHtmlCacheBehavior [ RunTime:0.000291s ]
INFO: [ app_begin ] --END-- [ RunTime:0.000503s ]
ERR: 非法操作:js

[ 2017-03-22T09:55:53+08:00 ] 220.178.150.44 /index.php/student/Apply/js/agent/agent.js?_=1490147753039
INFO: [ app_begin ] --START--
INFO: Run Behavior\ReadHtmlCacheBehavior [ RunTime:0.000291s ]
INFO: [ app_begin ] --END-- [ RunTime:0.000503s ]
ERR: 非法操作:js

[ 2017-03-22T09:56:02+08:00 ] 220.178.150.44 /index.php?m=student&c=apply&a=add
INFO: [ app_begin ] --START--
INFO: Run Behavior\ReadHtmlCacheBehavior [ RunTime:0.000321s ]
INFO: [ app_begin ] --END-- [ RunTime:0.000532s ]

[ 2017-03-22T09:56:07+08:00 ] 220.178.150.44 /index.php?m=student&c=apply&a=add
INFO: [ app_begin ] --START--
INFO: Run Behavior\ReadHtmlCacheBehavior [ RunTime:0.000294s ]
INFO: [ app_begin ] --END-- [ RunTime:0.000502s ]

[ 2017-03-22T09:56:09+08:00 ] 220.178.150.44 /index.php?m=student&c=apply&a=add
INFO: [ app_begin ] --START--
INFO: Run Behavior\ReadHtmlCacheBehavior [ RunTime:0.000288s ]
INFO: [ app_begin ] --END-- [ RunTime:0.000505s ]

[ 2017-03-22T09:56:11+08:00 ] 220.178.150.44 /index.php/student/Apply/js/agent/agent.js?_=1490147771591
INFO: [ app_begin ] --START--
INFO: Run Behavior\ReadHtmlCacheBehavior [ RunTime:0.000317s ]
INFO: [ app_begin ] --END-- [ RunTime:0.000530s ]
ERR: 非法操作:js

[ 2017-03-22T09:56:12+08:00 ] 220.178.150.44 /index.php?m=student&c=apply&a=add
INFO: [ app_begin ] --START--
INFO: Run Behavior\ReadHtmlCacheBehavior [ RunTime:0.000281s ]
INFO: [ app_begin ] --END-- [ RunTime:0.000503s ]

[ 2017-03-22T09:56:15+08:00 ] 220.178.150.44 /index.php/student/Apply/js/agent/agent.js?_=1490147774710
INFO: [ app_begin ] --START--
INFO: Run Behavior\ReadHtmlCacheBehavior [ RunTime:0.000297s ]
INFO: [ app_begin ] --END-- [ RunTime:0.000506s ]
ERR: 非法操作:js

[ 2017-03-22T09:56:16+08:00 ] 220.178.150.44 /index.php/student/Apply/js/agent/agent.js?_=1490147775491
INFO: [ app_begin ] --START--
INFO: Run Behavior\ReadHtmlCacheBehavior [ RunTime:0.000291s ]
INFO: [ app_begin ] --END-- [ RunTime:0.000522s ]
ERR: 非法操作:js

[ 2017-03-22T09:56:17+08:00 ] 220.178.150.44 /index.php/student/Apply/js/agent/agent.js?_=1490147777009
INFO: [ app_begin ] --START--
INFO: Run Behavior\ReadHtmlCacheBehavior [ RunTime:0.000285s ]
INFO: [ app_begin ] --END-- [ RunTime:0.000513s ]
ERR: 非法操作:js

[ 2017-03-22T09:56:18+08:00 ] 220.178.150.44 /index.php/student/Apply/js/agent/agent.js?_=1490147778224
INFO: [ app_begin ] --START--
INFO: Run Behavior\ReadHtmlCacheBehavior [ RunTime:0.000305s ]
INFO: [ app_begin ] --END-- [ RunTime:0.000516s ]
ERR: 非法操作:js

[ 2017-03-22T09:56:19+08:00 ] 220.178.150.44 /index.php/student/Apply/js/agent/agent.js?_=1490147778815
INFO: [ app_begin ] --START--
INFO: Run Behavior\ReadHtmlCacheBehavior [ RunTime:0.000309s ]
INFO: [ app_begin ] --END-- [ RunTime:0.000524s ]
ERR: 非法操作:js

[ 2017-03-22T09:56:20+08:00 ] 220.178.150.44 /index.php/student/Report/js/agent/agent.js?_=1490147779999
INFO: [ app_begin ] --START--
INFO: Run Behavior\ReadHtmlCacheBehavior [ RunTime:0.000284s ]
INFO: [ app_begin ] --END-- [ RunTime:0.000504s ]
ERR: 非法操作:js

[ 2017-03-22T09:56:21+08:00 ] 220.178.150.44 /index.php/student/report/js/agent/agent.js?_=1490147781574
INFO: [ app_begin ] --START--
INFO: Run Behavior\ReadHtmlCacheBehavior [ RunTime:0.000300s ]
INFO: [ app_begin ] --END-- [ RunTime:0.000526s ]
ERR: 非法操作:js

[ 2017-03-22T09:57:25+08:00 ] 223.245.80.142 /index.php/student/report/js/agent/agent.js?_=1490147845288
INFO: [ app_begin ] --START--
INFO: Run Behavior\ReadHtmlCacheBehavior [ RunTime:0.000310s ]
INFO: [ app_begin ] --END-- [ RunTime:0.000533s ]
ERR: 非法操作:js

[ 2017-03-22T09:57:51+08:00 ] 223.245.80.142 /index.php/student/report/js/agent/agent.js?_=1490147871156
INFO: [ app_begin ] --START--
INFO: Run Behavior\ReadHtmlCacheBehavior [ RunTime:0.000301s ]
INFO: [ app_begin ] --END-- [ RunTime:0.000520s ]
ERR: 非法操作:js

[ 2017-03-22T10:22:42+08:00 ] 223.245.80.142 /index.php/student/report/js/agent/agent.js?_=1490149362098
INFO: [ app_begin ] --START--
INFO: Run Behavior\ReadHtmlCacheBehavior [ RunTime:0.000298s ]
INFO: [ app_begin ] --END-- [ RunTime:0.000511s ]
ERR: 非法操作:js

[ 2017-03-22T10:23:14+08:00 ] 223.245.80.142 /index.php/student/report/js/agent/agent.js?_=1490149394211
INFO: [ app_begin ] --START--
INFO: Run Behavior\ReadHtmlCacheBehavior [ RunTime:0.000310s ]
INFO: [ app_begin ] --END-- [ RunTime:0.000532s ]
ERR: 非法操作:js

[ 2017-03-22T10:23:15+08:00 ] 223.245.80.142 /index.php/student/report/js/agent/agent.js?_=1490149395652
INFO: [ app_begin ] --START--
INFO: Run Behavior\ReadHtmlCacheBehavior [ RunTime:0.000297s ]
INFO: [ app_begin ] --END-- [ RunTime:0.000513s ]
ERR: 非法操作:js

[ 2017-03-22T10:23:17+08:00 ] 223.245.80.142 /index.php/student/report/js/agent/agent.js?_=1490149397122
INFO: [ app_begin ] --START--
INFO: Run Behavior\ReadHtmlCacheBehavior [ RunTime:0.000297s ]
INFO: [ app_begin ] --END-- [ RunTime:0.000525s ]
ERR: 非法操作:js

[ 2017-03-22T10:33:20+08:00 ] 220.178.150.44 /index.php/student/report/js/agent/agent.js?_=1490149999993
INFO: [ app_begin ] --START--
INFO: Run Behavior\ReadHtmlCacheBehavior [ RunTime:0.000292s ]
INFO: [ app_begin ] --END-- [ RunTime:0.000532s ]
ERR: 非法操作:js

[ 2017-03-22T10:33:22+08:00 ] 220.178.150.44 /index.php?m=student&c=report&a=add
INFO: [ app_begin ] --START--
INFO: Run Behavior\ReadHtmlCacheBehavior [ RunTime:0.000310s ]
INFO: [ app_begin ] --END-- [ RunTime:0.000524s ]

[ 2017-03-22T10:33:23+08:00 ] 220.178.150.44 /index.php?m=student&c=report&a=add
INFO: [ app_begin ] --START--
INFO: Run Behavior\ReadHtmlCacheBehavior [ RunTime:0.000285s ]
INFO: [ app_begin ] --END-- [ RunTime:0.000517s ]

[ 2017-03-22T10:33:25+08:00 ] 220.178.150.44 /index.php?m=student&c=report&a=add
INFO: [ app_begin ] --START--
INFO: Run Behavior\ReadHtmlCacheBehavior [ RunTime:0.000300s ]
INFO: [ app_begin ] --END-- [ RunTime:0.000514s ]

[ 2017-03-22T10:33:27+08:00 ] 220.178.150.44 /index.php?m=student&c=report&a=add
INFO: [ app_begin ] --START--
INFO: Run Behavior\ReadHtmlCacheBehavior [ RunTime:0.000314s ]
INFO: [ app_begin ] --END-- [ RunTime:0.000537s ]

[ 2017-03-22T10:33:29+08:00 ] 220.178.150.44 /index.php?m=student&c=report&a=add
INFO: [ app_begin ] --START--
INFO: Run Behavior\ReadHtmlCacheBehavior [ RunTime:0.000290s ]
INFO: [ app_begin ] --END-- [ RunTime:0.000521s ]

[ 2017-03-22T10:33:30+08:00 ] 220.178.150.44 /index.php?m=student&c=report&a=add
INFO: [ app_begin ] --START--
INFO: Run Behavior\ReadHtmlCacheBehavior [ RunTime:0.000306s ]
INFO: [ app_begin ] --END-- [ RunTime:0.000531s ]

[ 2017-03-22T10:33:32+08:00 ] 220.178.150.44 /index.php?m=student&c=report&a=add
INFO: [ app_begin ] --START--
INFO: Run Behavior\ReadHtmlCacheBehavior [ RunTime:0.000284s ]
INFO: [ app_begin ] --END-- [ RunTime:0.000504s ]

[ 2017-03-22T10:33:37+08:00 ] 220.178.150.44 /index.php?m=student&c=report&a=add
INFO: [ app_begin ] --START--
INFO: Run Behavior\ReadHtmlCacheBehavior [ RunTime:0.000302s ]
INFO: [ app_begin ] --END-- [ RunTime:0.000529s ]

[ 2017-03-22T10:33:38+08:00 ] 220.178.150.44 /index.php?m=student&c=report&a=add
INFO: [ app_begin ] --START--
INFO: Run Behavior\ReadHtmlCacheBehavior [ RunTime:0.000290s ]
INFO: [ app_begin ] --END-- [ RunTime:0.000518s ]

[ 2017-03-22T10:33:41+08:00 ] 220.178.150.44 /index.php?m=student&c=report&a=add
INFO: [ app_begin ] --START--
INFO: Run Behavior\ReadHtmlCacheBehavior [ RunTime:0.000305s ]
INFO: [ app_begin ] --END-- [ RunTime:0.000548s ]

[ 2017-03-22T10:33:43+08:00 ] 220.178.150.44 /index.php?m=student&c=report&a=add
INFO: [ app_begin ] --START--
INFO: Run Behavior\ReadHtmlCacheBehavior [ RunTime:0.000285s ]
INFO: [ app_begin ] --END-- [ RunTime:0.000508s ]

[ 2017-03-22T10:33:48+08:00 ] 220.178.150.44 /index.php?m=student&c=report&a=add
INFO: [ app_begin ] --START--
INFO: Run Behavior\ReadHtmlCacheBehavior [ RunTime:0.000297s ]
INFO: [ app_begin ] --END-- [ RunTime:0.000529s ]

[ 2017-03-22T10:33:50+08:00 ] 220.178.150.44 /index.php/student/Apply/js/agent/agent.js?_=1490150030449
INFO: [ app_begin ] --START--
INFO: Run Behavior\ReadHtmlCacheBehavior [ RunTime:0.000285s ]
INFO: [ app_begin ] --END-- [ RunTime:0.000503s ]
ERR: 非法操作:js

[ 2017-03-22T10:33:51+08:00 ] 220.178.150.44 /index.php/student/Contact/js/agent/agent.js?_=1490150031682
INFO: [ app_begin ] --START--
INFO: Run Behavior\ReadHtmlCacheBehavior [ RunTime:0.000303s ]
INFO: [ app_begin ] --END-- [ RunTime:0.000516s ]
ERR: 非法操作:js

[ 2017-03-22T10:33:52+08:00 ] 220.178.150.44 /index.php/student/Notice/js/agent/agent.js?_=1490150032648
INFO: [ app_begin ] --START--
INFO: Run Behavior\ReadHtmlCacheBehavior [ RunTime:0.000293s ]
INFO: [ app_begin ] --END-- [ RunTime:0.000508s ]
ERR: 非法操作:js

[ 2017-03-22T10:33:55+08:00 ] 220.178.150.44 /index.php/student/Personal/js/agent/agent.js?_=1490150034997
INFO: [ app_begin ] --START--
INFO: Run Behavior\ReadHtmlCacheBehavior [ RunTime:0.000300s ]
INFO: [ app_begin ] --END-- [ RunTime:0.000527s ]
ERR: 非法操作:js

[ 2017-03-22T10:33:59+08:00 ] 220.178.150.44 /index.php/student/Notice/js/agent/agent.js?_=1490150038997
INFO: [ app_begin ] --START--
INFO: Run Behavior\ReadHtmlCacheBehavior [ RunTime:0.000293s ]
INFO: [ app_begin ] --END-- [ RunTime:0.000512s ]
ERR: 非法操作:js

[ 2017-03-22T10:34:00+08:00 ] 220.178.150.44 /index.php/student/Contact/js/agent/agent.js?_=1490150039969
INFO: [ app_begin ] --START--
INFO: Run Behavior\ReadHtmlCacheBehavior [ RunTime:0.000311s ]
INFO: [ app_begin ] --END-- [ RunTime:0.000523s ]
ERR: 非法操作:js

[ 2017-03-22T10:34:03+08:00 ] 220.178.150.44 /index.php/student/Apply/js/agent/agent.js?_=1490150043166
INFO: [ app_begin ] --START--
INFO: Run Behavior\ReadHtmlCacheBehavior [ RunTime:0.000294s ]
INFO: [ app_begin ] --END-- [ RunTime:0.000500s ]
ERR: 非法操作:js

[ 2017-03-22T10:34:04+08:00 ] 220.178.150.44 /index.php/student/Report/js/agent/agent.js?_=1490150043919
INFO: [ app_begin ] --START--
INFO: Run Behavior\ReadHtmlCacheBehavior [ RunTime:0.000345s ]
INFO: [ app_begin ] --END-- [ RunTime:0.000568s ]
ERR: 非法操作:js

[ 2017-03-22T10:34:04+08:00 ] 220.178.150.44 /index.php/student/Apply/js/agent/agent.js?_=1490150044891
INFO: [ app_begin ] --START--
INFO: Run Behavior\ReadHtmlCacheBehavior [ RunTime:0.000293s ]
INFO: [ app_begin ] --END-- [ RunTime:0.000499s ]
ERR: 非法操作:js

[ 2017-03-22T10:34:06+08:00 ] 220.178.150.44 /index.php/student/Contact/js/agent/agent.js?_=1490150046020
INFO: [ app_begin ] --START--
INFO: Run Behavior\ReadHtmlCacheBehavior [ RunTime:0.000293s ]
INFO: [ app_begin ] --END-- [ RunTime:0.000504s ]
ERR: 非法操作:js

[ 2017-03-22T10:34:06+08:00 ] 220.178.150.44 /index.php/student/Notice/js/agent/agent.js?_=1490150046702
INFO: [ app_begin ] --START--
INFO: Run Behavior\ReadHtmlCacheBehavior [ RunTime:0.000280s ]
INFO: [ app_begin ] --END-- [ RunTime:0.000493s ]
ERR: 非法操作:js

[ 2017-03-22T10:34:07+08:00 ] 220.178.150.44 /index.php/student/Personal/js/agent/agent.js?_=1490150047406
INFO: [ app_begin ] --START--
INFO: Run Behavior\ReadHtmlCacheBehavior [ RunTime:0.000308s ]
INFO: [ app_begin ] --END-- [ RunTime:0.000543s ]
ERR: 非法操作:js

[ 2017-03-22T10:34:08+08:00 ] 220.178.150.44 /index.php/student/Report/js/agent/agent.js?_=1490150048235
INFO: [ app_begin ] --START--
INFO: Run Behavior\ReadHtmlCacheBehavior [ RunTime:0.000285s ]
INFO: [ app_begin ] --END-- [ RunTime:0.000507s ]
ERR: 非法操作:js

[ 2017-03-22T10:34:08+08:00 ] 220.178.150.44 /index.php/student/Apply/js/agent/agent.js?_=1490150048795
INFO: [ app_begin ] --START--
INFO: Run Behavior\ReadHtmlCacheBehavior [ RunTime:0.000281s ]
INFO: [ app_begin ] --END-- [ RunTime:0.000502s ]
ERR: 非法操作:js

[ 2017-03-22T10:34:09+08:00 ] 220.178.150.44 /index.php/student/Contact/js/agent/agent.js?_=1490150049490
INFO: [ app_begin ] --START--
INFO: Run Behavior\ReadHtmlCacheBehavior [ RunTime:0.000290s ]
INFO: [ app_begin ] --END-- [ RunTime:0.000512s ]
ERR: 非法操作:js

[ 2017-03-22T10:34:10+08:00 ] 220.178.150.44 /index.php/student/Notice/js/agent/agent.js?_=1490150050108
INFO: [ app_begin ] --START--
INFO: Run Behavior\ReadHtmlCacheBehavior [ RunTime:0.000302s ]
INFO: [ app_begin ] --END-- [ RunTime:0.000523s ]
ERR: 非法操作:js

[ 2017-03-22T10:34:10+08:00 ] 220.178.150.44 /index.php/student/Personal/js/agent/agent.js?_=1490150050812
INFO: [ app_begin ] --START--
INFO: Run Behavior\ReadHtmlCacheBehavior [ RunTime:0.000297s ]
INFO: [ app_begin ] --END-- [ RunTime:0.000524s ]
ERR: 非法操作:js

[ 2017-03-22T10:34:11+08:00 ] 220.178.150.44 /index.php/student/Report/js/agent/agent.js?_=1490150051567
INFO: [ app_begin ] --START--
INFO: Run Behavior\ReadHtmlCacheBehavior [ RunTime:0.000291s ]
INFO: [ app_begin ] --END-- [ RunTime:0.000501s ]
ERR: 非法操作:js

[ 2017-03-22T10:34:12+08:00 ] 220.178.150.44 /index.php/student/Apply/js/agent/agent.js?_=1490150052302
INFO: [ app_begin ] --START--
INFO: Run Behavior\ReadHtmlCacheBehavior [ RunTime:0.000297s ]
INFO: [ app_begin ] --END-- [ RunTime:0.000516s ]
ERR: 非法操作:js

[ 2017-03-22T10:34:13+08:00 ] 220.178.150.44 /index.php/student/Contact/js/agent/agent.js?_=1490150052946
INFO: [ app_begin ] --START--
INFO: Run Behavior\ReadHtmlCacheBehavior [ RunTime:0.000292s ]
INFO: [ app_begin ] --END-- [ RunTime:0.000529s ]
ERR: 非法操作:js

[ 2017-03-22T10:34:13+08:00 ] 220.178.150.44 /index.php/student/Notice/js/agent/agent.js?_=1490150053575
INFO: [ app_begin ] --START--
INFO: Run Behavior\ReadHtmlCacheBehavior [ RunTime:0.000301s ]
INFO: [ app_begin ] --END-- [ RunTime:0.000531s ]
ERR: 非法操作:js

[ 2017-03-22T10:34:14+08:00 ] 220.178.150.44 /index.php/student/Personal/js/agent/agent.js?_=1490150054299
INFO: [ app_begin ] --START--
INFO: Run Behavior\ReadHtmlCacheBehavior [ RunTime:0.000283s ]
INFO: [ app_begin ] --END-- [ RunTime:0.000491s ]
ERR: 非法操作:js

[ 2017-03-22T10:34:15+08:00 ] 220.178.150.44 /index.php/student/Report/js/agent/agent.js?_=1490150055539
INFO: [ app_begin ] --START--
INFO: Run Behavior\ReadHtmlCacheBehavior [ RunTime:0.000286s ]
INFO: [ app_begin ] --END-- [ RunTime:0.000506s ]
ERR: 非法操作:js

[ 2017-03-22T10:34:19+08:00 ] 220.178.150.44 /index.php/Student/report/index/month/0/status/js/agent/agent.js?_=1490150059144
INFO: [ app_begin ] --START--
INFO: Run Behavior\ReadHtmlCacheBehavior [ RunTime:0.000285s ]
INFO: [ app_begin ] --END-- [ RunTime:0.000514s ]
SQL: SHOW COLUMNS FROM `dg_report` [ RunTime:0.0005s ]
SQL: SHOW COLUMNS FROM `dg_student` [ RunTime:0.0004s ]
SQL: SHOW COLUMNS FROM `dg_class` [ RunTime:0.0003s ]
SQL: SELECT COUNT(*) AS tp_count FROM dg_report myReport LEFT JOIN dg_student Student ON myReport.student_id = Student.studentno LEFT JOIN dg_class Class ON Student.classno=Class.id WHERE myReport.student_id = '20170209' AND `stu_del` = 1 AND myReport.status = 'js' LIMIT 1   [ RunTime:0.0002s ]
SQL: SHOW COLUMNS FROM `dg_practice` [ RunTime:0.0003s ]
SQL: SELECT * FROM `dg_practice` WHERE ( student_id=20170209 ) LIMIT 1   [ RunTime:0.0002s ]
SQL: SELECT myReport.id AS id,myReport.pubtime AS pubtime,myReport.score AS score,myReport.student_id AS student_id,myReport.status AS status,Student.id AS sid,Student.studentno AS studentno,Student.name AS name,Student.classno AS classno,Class.id AS cid,Class.classname AS classname FROM dg_report myReport LEFT JOIN dg_student Student ON myReport.student_id = Student.studentno LEFT JOIN dg_class Class ON Student.classno=Class.id WHERE myReport.student_id = '20170209' AND `stu_del` = 1 AND myReport.status = 'js' ORDER BY myReport.pubtime desc LIMIT 0,4   [ RunTime:0.0002s ]
INFO: [ view_parse ] --START--
INFO: [ template_filter ] --START--
INFO: Run Behavior\ContentReplaceBehavior [ RunTime:0.000082s ]
INFO: [ template_filter ] --END-- [ RunTime:0.000114s ]
INFO: Run Behavior\ParseTemplateBehavior [ RunTime:0.007496s ]
INFO: [ view_parse ] --END-- [ RunTime:0.007531s ]
INFO: [ view_filter ] --START--
INFO: Run Behavior\WriteHtmlCacheBehavior [ RunTime:0.000092s ]
INFO: [ view_filter ] --END-- [ RunTime:0.000118s ]
INFO: [ app_end ] --START--
INFO: Run Behavior\ShowPageTraceBehavior [ RunTime:0.000299s ]
INFO: [ app_end ] --END-- [ RunTime:0.000330s ]

[ 2017-03-22T10:34:20+08:00 ] 220.178.150.44 /index.php/student/Apply/js/agent/agent.js?_=1490150060513
INFO: [ app_begin ] --START--
INFO: Run Behavior\ReadHtmlCacheBehavior [ RunTime:0.000305s ]
INFO: [ app_begin ] --END-- [ RunTime:0.000513s ]
ERR: 非法操作:js

[ 2017-03-22T10:34:21+08:00 ] 220.178.150.44 /index.php/student/Apply/js/agent/agent.js?_=1490150061732
INFO: [ app_begin ] --START--
INFO: Run Behavior\ReadHtmlCacheBehavior [ RunTime:0.000312s ]
INFO: [ app_begin ] --END-- [ RunTime:0.000524s ]
ERR: 非法操作:js

[ 2017-03-22T10:34:26+08:00 ] 220.178.150.44 /index.php?m=student&c=apply&a=addLeave
INFO: [ app_begin ] --START--
INFO: Run Behavior\ReadHtmlCacheBehavior [ RunTime:0.000287s ]
INFO: [ app_begin ] --END-- [ RunTime:0.000525s ]

[ 2017-03-22T10:34:28+08:00 ] 220.178.150.44 /index.php/student/Report/js/agent/agent.js?_=1490150068763
INFO: [ app_begin ] --START--
INFO: Run Behavior\ReadHtmlCacheBehavior [ RunTime:0.000281s ]
INFO: [ app_begin ] --END-- [ RunTime:0.000500s ]
ERR: 非法操作:js

[ 2017-03-22T10:34:29+08:00 ] 220.178.150.44 /index.php/student/Report/js/agent/agent.js?_=1490150069797
INFO: [ app_begin ] --START--
INFO: Run Behavior\ReadHtmlCacheBehavior [ RunTime:0.000293s ]
INFO: [ app_begin ] --END-- [ RunTime:0.000527s ]
ERR: 非法操作:js

[ 2017-03-22T10:34:31+08:00 ] 220.178.150.44 /index.php/student/Apply/js/agent/agent.js?_=1490150071534
INFO: [ app_begin ] --START--
INFO: Run Behavior\ReadHtmlCacheBehavior [ RunTime:0.000315s ]
INFO: [ app_begin ] --END-- [ RunTime:0.000630s ]
ERR: 非法操作:js

[ 2017-03-22T10:34:32+08:00 ] 220.178.150.44 /index.php/student/Contact/js/agent/agent.js?_=1490150072866
INFO: [ app_begin ] --START--
INFO: Run Behavior\ReadHtmlCacheBehavior [ RunTime:0.000292s ]
INFO: [ app_begin ] --END-- [ RunTime:0.000500s ]
ERR: 非法操作:js

[ 2017-03-22T10:34:33+08:00 ] 220.178.150.44 /index.php/student/Notice/js/agent/agent.js?_=1490150073495
INFO: [ app_begin ] --START--
INFO: Run Behavior\ReadHtmlCacheBehavior [ RunTime:0.000302s ]
INFO: [ app_begin ] --END-- [ RunTime:0.000535s ]
ERR: 非法操作:js

[ 2017-03-22T10:34:34+08:00 ] 220.178.150.44 /index.php/student/Personal/js/agent/agent.js?_=1490150074172
INFO: [ app_begin ] --START--
INFO: Run Behavior\ReadHtmlCacheBehavior [ RunTime:0.000285s ]
INFO: [ app_begin ] --END-- [ RunTime:0.000502s ]
ERR: 非法操作:js

[ 2017-03-22T12:14:15+08:00 ] 223.245.80.142 /index.php/student/report/js/agent/agent.js?_=1490156055458
INFO: [ app_begin ] --START--
INFO: Run Behavior\ReadHtmlCacheBehavior [ RunTime:0.000285s ]
INFO: [ app_begin ] --END-- [ RunTime:0.000506s ]
ERR: 非法操作:js

[ 2017-03-22T12:14:17+08:00 ] 223.245.80.142 /index.php/student/report/js/agent/agent.js?_=1490156057413
INFO: [ app_begin ] --START--
INFO: Run Behavior\ReadHtmlCacheBehavior [ RunTime:0.000287s ]
INFO: [ app_begin ] --END-- [ RunTime:0.000512s ]
ERR: 非法操作:js

[ 2017-03-22T12:15:21+08:00 ] 223.245.80.142 /index.php/student/report/js/agent/agent.js?_=1490156121398
INFO: [ app_begin ] --START--
INFO: Run Behavior\ReadHtmlCacheBehavior [ RunTime:0.000297s ]
INFO: [ app_begin ] --END-- [ RunTime:0.000516s ]
ERR: 非法操作:js

[ 2017-03-22T12:16:47+08:00 ] 223.245.80.142 /index.php?m=student&c=report&a=add
INFO: [ app_begin ] --START--
INFO: Run Behavior\ReadHtmlCacheBehavior [ RunTime:0.000330s ]
INFO: [ app_begin ] --END-- [ RunTime:0.000541s ]
NOTIC: [8] Undefined index: id /var/www/html/Application/Student/Controller/ReportController.class.php 第 50 行.
SQL: SHOW COLUMNS FROM `dg_practice` [ RunTime:0.0005s ]
SQL: SELECT * FROM `dg_practice` WHERE `student_id` = 2017102 AND `status` = 1 LIMIT 1   [ RunTime:0.0002s ]

[ 2017-03-22T12:16:54+08:00 ] 223.245.80.142 /index.php/student/Apply/js/agent/agent.js?_=1490156212876
INFO: [ app_begin ] --START--
INFO: Run Behavior\ReadHtmlCacheBehavior [ RunTime:0.000300s ]
INFO: [ app_begin ] --END-- [ RunTime:0.000523s ]
ERR: 非法操作:js

[ 2017-03-22T12:16:56+08:00 ] 223.245.80.142 /index.php/student/Apply/js/agent/agent.js?_=1490156216599
INFO: [ app_begin ] --START--
INFO: Run Behavior\ReadHtmlCacheBehavior [ RunTime:0.000281s ]
INFO: [ app_begin ] --END-- [ RunTime:0.000491s ]
ERR: 非法操作:js

[ 2017-03-22T12:17:11+08:00 ] 223.245.80.142 /index.php?m=student&c=apply&a=add
INFO: [ app_begin ] --START--
INFO: Run Behavior\ReadHtmlCacheBehavior [ RunTime:0.000302s ]
INFO: [ app_begin ] --END-- [ RunTime:0.000521s ]
SQL: SHOW COLUMNS FROM `dg_practice` [ RunTime:0.0006s ]
SQL: SELECT * FROM `dg_practice` WHERE `student_id` = 2017102 AND `mode` = 2 LIMIT 1   [ RunTime:0.0002s ]
SQL: SHOW COLUMNS FROM `dg_corporation` [ RunTime:0.0004s ]
SQL: SELECT * FROM `dg_corporation` WHERE ( name="test" ) LIMIT 1   [ RunTime:0.0001s ]
SQL: SHOW COLUMNS FROM `dg_practice` [ RunTime:0.0004s ]
SQL: INSERT INTO `dg_practice` (`cname`,`address`,`profession`,`insurance`,`position`,`guide`,`phone`,`detailaddress`,`starttime`,`endtime`,`student_id`,`corporation_id`,`applytime`) VALUES ('test','test','0','0','test','test','test','tset','2017-03-22','2017-03-29','2017102',NULL,'2017-03-22 12:17:11') [ RunTime:0.0001s ]

[ 2017-03-22T12:21:03+08:00 ] 223.245.80.142 /index.php/student/Apply/js/agent/agent.js?_=1490156462854
INFO: [ app_begin ] --START--
INFO: Run Behavior\ReadHtmlCacheBehavior [ RunTime:0.000304s ]
INFO: [ app_begin ] --END-- [ RunTime:0.000534s ]
ERR: 非法操作:js

[ 2017-03-22T12:21:08+08:00 ] 223.245.80.142 /index.php/student/Apply/js/agent/agent.js?_=1490156467807
INFO: [ app_begin ] --START--
INFO: Run Behavior\ReadHtmlCacheBehavior [ RunTime:0.000286s ]
INFO: [ app_begin ] --END-- [ RunTime:0.000498s ]
ERR: 非法操作:js

[ 2017-03-22T12:21:09+08:00 ] 223.245.80.142 /index.php/student/Apply/js/agent/agent.js?_=1490156469722
INFO: [ app_begin ] --START--
INFO: Run Behavior\ReadHtmlCacheBehavior [ RunTime:0.000320s ]
INFO: [ app_begin ] --END-- [ RunTime:0.000540s ]
ERR: 非法操作:js

[ 2017-03-22T12:21:22+08:00 ] 223.245.80.142 /index.php?m=student&c=apply&a=add
INFO: [ app_begin ] --START--
INFO: Run Behavior\ReadHtmlCacheBehavior [ RunTime:0.000297s ]
INFO: [ app_begin ] --END-- [ RunTime:0.000515s ]
SQL: SHOW COLUMNS FROM `dg_practice` [ RunTime:0.0006s ]
SQL: SELECT * FROM `dg_practice` WHERE `student_id` = 2017888 AND `mode` = 2 LIMIT 1   [ RunTime:0.0002s ]
SQL: SHOW COLUMNS FROM `dg_corporation` [ RunTime:0.0004s ]
SQL: SELECT * FROM `dg_corporation` WHERE ( name="test" ) LIMIT 1   [ RunTime:0.0001s ]
SQL: SHOW COLUMNS FROM `dg_practice` [ RunTime:0.0004s ]
SQL: INSERT INTO `dg_practice` (`cname`,`address`,`profession`,`insurance`,`position`,`guide`,`phone`,`detailaddress`,`starttime`,`endtime`,`student_id`,`corporation_id`,`applytime`) VALUES ('test','test','0','0','test','test','test','tse','2017-03-23','2017-03-29','2017888',NULL,'2017-03-22 12:21:22') [ RunTime:0.0002s ]

[ 2017-03-22T12:21:49+08:00 ] 223.245.80.142 /index.php/student/Report/js/agent/agent.js?_=1490156508104
INFO: [ app_begin ] --START--
INFO: Run Behavior\ReadHtmlCacheBehavior [ RunTime:0.000301s ]
INFO: [ app_begin ] --END-- [ RunTime:0.000557s ]
ERR: 非法操作:js

[ 2017-03-22T12:21:49+08:00 ] 223.245.80.142 /index.php/student/Apply/js/agent/agent.js?_=1490156509522
INFO: [ app_begin ] --START--
INFO: Run Behavior\ReadHtmlCacheBehavior [ RunTime:0.000294s ]
INFO: [ app_begin ] --END-- [ RunTime:0.000515s ]
ERR: 非法操作:js

[ 2017-03-22T12:21:53+08:00 ] 223.245.80.142 /index.php/student/Report/js/agent/agent.js?_=1490156512831
INFO: [ app_begin ] --START--
INFO: Run Behavior\ReadHtmlCacheBehavior [ RunTime:0.000320s ]
INFO: [ app_begin ] --END-- [ RunTime:0.000530s ]
ERR: 非法操作:js

[ 2017-03-22T12:22:16+08:00 ] 223.245.80.142 /index.php/student/report/js/agent/agent.js?_=1490156517535
INFO: [ app_begin ] --START--
INFO: Run Behavior\ReadHtmlCacheBehavior [ RunTime:0.000298s ]
INFO: [ app_begin ] --END-- [ RunTime:0.000511s ]
ERR: 非法操作:js

[ 2017-03-22T12:22:36+08:00 ] 223.245.80.142 /index.php?m=student&c=report&a=add
INFO: [ app_begin ] --START--
INFO: Run Behavior\ReadHtmlCacheBehavior [ RunTime:0.000299s ]
INFO: [ app_begin ] --END-- [ RunTime:0.000524s ]
NOTIC: [8] Undefined index: id /var/www/html/Application/Student/Controller/ReportController.class.php 第 50 行.
SQL: SHOW COLUMNS FROM `dg_practice` [ RunTime:0.0006s ]
SQL: SELECT * FROM `dg_practice` WHERE `student_id` = 2017888 AND `status` = 1 LIMIT 1   [ RunTime:0.0002s ]
SQL: SHOW COLUMNS FROM `dg_report` [ RunTime:0.0004s ]
SQL: INSERT INTO `dg_report` (`title`,`content`,`pic`,`address`,`student_id`,`pubtime`) VALUES ('test','test',';/upload/2017/03/22/58d1fc0658c26.png;/upload/2017/03/22/58d1fc07b48eb.png','test','2017888','2017-03-22 :12:22:36') [ RunTime:0.0001s ]

[ 2017-03-22T12:26:04+08:00 ] 223.245.80.142 /index.php/student/Report/js/agent/agent.js?_=1490156764363
INFO: [ app_begin ] --START--
INFO: Run Behavior\ReadHtmlCacheBehavior [ RunTime:0.000308s ]
INFO: [ app_begin ] --END-- [ RunTime:0.000520s ]
ERR: 非法操作:js

[ 2017-03-22T12:34:38+08:00 ] 49.65.251.223 /index.php/student/report/js/agent/agent.js?_=1490157335320
INFO: [ app_begin ] --START--
INFO: Run Behavior\ReadHtmlCacheBehavior [ RunTime:0.000298s ]
INFO: [ app_begin ] --END-- [ RunTime:0.000612s ]
ERR: 非法操作:js

[ 2017-03-22T12:34:41+08:00 ] 49.65.251.223 /index.php/student/report/js/agent/agent.js?_=1490157338653
INFO: [ app_begin ] --START--
INFO: Run Behavior\ReadHtmlCacheBehavior [ RunTime:0.000295s ]
INFO: [ app_begin ] --END-- [ RunTime:0.000502s ]
ERR: 非法操作:js

[ 2017-03-22T12:39:42+08:00 ] 49.65.251.223 /index.php/student/Apply/js/agent/agent.js?_=1490157639830
INFO: [ app_begin ] --START--
INFO: Run Behavior\ReadHtmlCacheBehavior [ RunTime:0.000297s ]
INFO: [ app_begin ] --END-- [ RunTime:0.000509s ]
ERR: 非法操作:js

[ 2017-03-22T12:39:53+08:00 ] 49.65.251.223 /index.php/student/Apply/js/agent/agent.js?_=1490157650639
INFO: [ app_begin ] --START--
INFO: Run Behavior\ReadHtmlCacheBehavior [ RunTime:0.000295s ]
INFO: [ app_begin ] --END-- [ RunTime:0.000522s ]
ERR: 非法操作:js

[ 2017-03-22T12:40:21+08:00 ] 49.65.251.223 /index.php?m=student&c=apply&a=changeJob
INFO: [ app_begin ] --START--
INFO: Run Behavior\ReadHtmlCacheBehavior [ RunTime:0.000296s ]
INFO: [ app_begin ] --END-- [ RunTime:0.000520s ]
SQL: SHOW COLUMNS FROM `dg_practice` [ RunTime:0.0006s ]
SQL: SELECT * FROM `dg_practice` WHERE ( student_id=2017888 AND status=1 ) LIMIT 1   [ RunTime:0.0002s ]
SQL: SHOW COLUMNS FROM `dg_change` [ RunTime:0.0004s ]
SQL: SELECT * FROM `dg_change` WHERE ( student_id=2017888 AND status=0 ) LIMIT 1   [ RunTime:0.0001s ]
SQL: SHOW COLUMNS FROM `dg_change` [ RunTime:0.0004s ]
SQL: SELECT * FROM `dg_change` WHERE ( student_id=2017888 AND status=1 ) ORDER BY `applytime` desc LIMIT 1   [ RunTime:0.0001s ]
SQL: SHOW COLUMNS FROM `dg_change` [ RunTime:0.0003s ]
SQL: INSERT INTO `dg_change` (`type`,`position`,`profession`,`insurance`,`guide`,`phone`,`guide_email`,`reason`,`applytime`,`student_id`,`corporation_id`,`cname`) VALUES ('1','摄影师','1','1','马云','13699880000','齐全','少时诵诗书所所所所所所所所','2017-03-22 12:40:21','2017888','3','企业名称') [ RunTime:0.0002s ]

[ 2017-03-22T12:40:55+08:00 ] 49.65.251.223 /index.php?m=student&c=apply&a=delChange
INFO: [ app_begin ] --START--
INFO: Run Behavior\ReadHtmlCacheBehavior [ RunTime:0.000286s ]
INFO: [ app_begin ] --END-- [ RunTime:0.000509s ]
SQL: SHOW COLUMNS FROM `dg_change` [ RunTime:0.0006s ]
SQL: DELETE FROM `dg_change` WHERE ( id=85 ) [ RunTime:0.0001s ]

[ 2017-03-22T14:41:16+08:00 ] 49.65.251.223 /index.php/student/Report/js/agent/agent.js?_=1490164933657
INFO: [ app_begin ] --START--
INFO: Run Behavior\ReadHtmlCacheBehavior [ RunTime:0.000304s ]
INFO: [ app_begin ] --END-- [ RunTime:0.000530s ]
ERR: 非法操作:js

[ 2017-03-22T14:41:20+08:00 ] 49.65.251.223 /index.php/student/report/js/agent/agent.js?_=1490164937304
INFO: [ app_begin ] --START--
INFO: Run Behavior\ReadHtmlCacheBehavior [ RunTime:0.000306s ]
INFO: [ app_begin ] --END-- [ RunTime:0.000549s ]
ERR: 非法操作:js

[ 2017-03-22T14:42:08+08:00 ] 49.65.251.223 /index.php?m=student&c=report&a=add
INFO: [ app_begin ] --START--
INFO: Run Behavior\ReadHtmlCacheBehavior [ RunTime:0.000308s ]
INFO: [ app_begin ] --END-- [ RunTime:0.000656s ]
NOTIC: [8] Undefined index: id /var/www/html/Application/Student/Controller/ReportController.class.php 第 50 行.
SQL: SHOW COLUMNS FROM `dg_practice` [ RunTime:0.0006s ]
SQL: SELECT * FROM `dg_practice` WHERE `student_id` = 2017888 AND `status` = 1 LIMIT 1   [ RunTime:0.0002s ]
SQL: SHOW COLUMNS FROM `dg_report` [ RunTime:0.0004s ]
SQL: INSERT INTO `dg_report` (`title`,`content`,`pic`,`address`,`student_id`,`pubtime`) VALUES ('测试多张图片','测试多张图片测试多张图片测试多张图片测试多张图片测试多张图片测试多张图片测试多张图片',';/upload/2017/03/22/58d21c9b8e152.jpg;/upload/2017/03/22/58d21caa87fb2.jpg','啊啊啊','2017888','2017-03-22 :14:42:08') [ RunTime:0.0002s ]

[ 2017-03-22T14:48:51+08:00 ] 49.65.251.223 /index.php/student/Notice/js/agent/agent.js?_=1490165387968
INFO: [ app_begin ] --START--
INFO: Run Behavior\ReadHtmlCacheBehavior [ RunTime:0.000298s ]
INFO: [ app_begin ] --END-- [ RunTime:0.000526s ]
ERR: 非法操作:js

[ 2017-03-22T14:48:58+08:00 ] 49.65.251.223 /index.php/Student/Notice/read.html
INFO: [ app_begin ] --START--
INFO: Run Behavior\ReadHtmlCacheBehavior [ RunTime:0.000313s ]
INFO: [ app_begin ] --END-- [ RunTime:0.000542s ]
NOTIC: [8] Undefined variable: error /var/www/html/Application/Student/Controller/NoticeController.class.php 第 54 行.
SQL: SHOW COLUMNS FROM `dg_notice_view` [ RunTime:0.0004s ]
SQL: DELETE FROM `dg_notice_view` WHERE ( notice_id=74 and user_id=2017888 ) [ RunTime:0.0001s ]
SQL: INSERT INTO `dg_notice_view` (`notice_id`,`user_id`) VALUES ('74','2017888') [ RunTime:0.0001s ]
NOTIC: [8] Undefined variable: data /var/www/html/Application/Student/Controller/NoticeController.class.php 第 61 行.

[ 2017-03-22T19:38:51+08:00 ] 117.136.67.4 /index.php/Student/Common/js/agent/agent.js?_=1490182787601
INFO: [ app_begin ] --START--
INFO: Run Behavior\ReadHtmlCacheBehavior [ RunTime:0.000313s ]
INFO: [ app_begin ] --END-- [ RunTime:0.000530s ]
ERR: 非法操作:js

[ 2017-03-22T19:41:07+08:00 ] 117.136.67.4 /index.php/student/Report/js/agent/agent.js?_=1490182923494
INFO: [ app_begin ] --START--
INFO: Run Behavior\ReadHtmlCacheBehavior [ RunTime:0.000288s ]
INFO: [ app_begin ] --END-- [ RunTime:0.000522s ]
ERR: 非法操作:js

[ 2017-03-22T19:41:09+08:00 ] 117.136.67.4 /index.php/student/Apply/js/agent/agent.js?_=1490182926297
INFO: [ app_begin ] --START--
INFO: Run Behavior\ReadHtmlCacheBehavior [ RunTime:0.000292s ]
INFO: [ app_begin ] --END-- [ RunTime:0.000531s ]
ERR: 非法操作:js

[ 2017-03-22T19:44:10+08:00 ] 223.245.80.142 /index.php/student/report/js/agent/agent.js?_=1490183045442
INFO: [ app_begin ] --START--
INFO: Run Behavior\ReadHtmlCacheBehavior [ RunTime:0.000303s ]
INFO: [ app_begin ] --END-- [ RunTime:0.000530s ]
ERR: 非法操作:js

[ 2017-03-22T19:44:52+08:00 ] 223.245.80.142 /index.php/student/report/js/agent/agent.js?_=1490183091532
INFO: [ app_begin ] --START--
INFO: Run Behavior\ReadHtmlCacheBehavior [ RunTime:0.000303s ]
INFO: [ app_begin ] --END-- [ RunTime:0.000525s ]
ERR: 非法操作:js

[ 2017-03-22T19:45:34+08:00 ] 223.245.80.142 /index.php/student/report/js/agent/agent.js?_=1490183133792
INFO: [ app_begin ] --START--
INFO: Run Behavior\ReadHtmlCacheBehavior [ RunTime:0.000298s ]
INFO: [ app_begin ] --END-- [ RunTime:0.000541s ]
ERR: 非法操作:js

[ 2017-03-22T19:45:51+08:00 ] 223.245.80.142 /index.php/student/report/js/agent/agent.js?_=1490183150540
INFO: [ app_begin ] --START--
INFO: Run Behavior\ReadHtmlCacheBehavior [ RunTime:0.000308s ]
INFO: [ app_begin ] --END-- [ RunTime:0.000526s ]
ERR: 非法操作:js

[ 2017-03-22T19:47:31+08:00 ] 223.245.80.142 /index.php/student/report/js/agent/agent.js?_=1490183248263
INFO: [ app_begin ] --START--
INFO: Run Behavior\ReadHtmlCacheBehavior [ RunTime:0.000290s ]
INFO: [ app_begin ] --END-- [ RunTime:0.000522s ]
ERR: 非法操作:js

[ 2017-03-22T19:48:25+08:00 ] 223.245.80.142 /index.php/student/report/js/agent/agent.js?_=1490183299988
INFO: [ app_begin ] --START--
INFO: Run Behavior\ReadHtmlCacheBehavior [ RunTime:0.000290s ]
INFO: [ app_begin ] --END-- [ RunTime:0.000522s ]
ERR: 非法操作:js

[ 2017-03-22T19:48:32+08:00 ] 117.136.67.4 /index.php/student/Report/js/agent/agent.js?_=1490183368378
INFO: [ app_begin ] --START--
INFO: Run Behavior\ReadHtmlCacheBehavior [ RunTime:0.000307s ]
INFO: [ app_begin ] --END-- [ RunTime:0.000544s ]
ERR: 非法操作:js

[ 2017-03-22T19:48:38+08:00 ] 117.136.67.4 /index.php/student/report/js/agent/agent.js?_=1490183373031
INFO: [ app_begin ] --START--
INFO: Run Behavior\ReadHtmlCacheBehavior [ RunTime:0.000313s ]
INFO: [ app_begin ] --END-- [ RunTime:0.000530s ]
ERR: 非法操作:js

[ 2017-03-22T19:49:14+08:00 ] 117.136.67.4 /index.php/student/Report/js/agent/agent.js?_=1490183411143
INFO: [ app_begin ] --START--
INFO: Run Behavior\ReadHtmlCacheBehavior [ RunTime:0.000303s ]
INFO: [ app_begin ] --END-- [ RunTime:0.000515s ]
ERR: 非法操作:js

[ 2017-03-22T19:49:20+08:00 ] 117.136.67.4 /index.php/student/Apply/js/agent/agent.js?_=1490183417142
INFO: [ app_begin ] --START--
INFO: Run Behavior\ReadHtmlCacheBehavior [ RunTime:0.000307s ]
INFO: [ app_begin ] --END-- [ RunTime:0.000530s ]
ERR: 非法操作:js

[ 2017-03-22T19:49:22+08:00 ] 223.245.80.142 /index.php/student/report/js/agent/agent.js?_=1490183358465
INFO: [ app_begin ] --START--
INFO: Run Behavior\ReadHtmlCacheBehavior [ RunTime:0.000297s ]
INFO: [ app_begin ] --END-- [ RunTime:0.000517s ]
ERR: 非法操作:js

[ 2017-03-22T19:49:24+08:00 ] 117.136.67.4 /index.php/student/Contact/js/agent/agent.js?_=1490183420933
INFO: [ app_begin ] --START--
INFO: Run Behavior\ReadHtmlCacheBehavior [ RunTime:0.000293s ]
INFO: [ app_begin ] --END-- [ RunTime:0.000504s ]
ERR: 非法操作:js

[ 2017-03-22T19:49:29+08:00 ] 117.136.67.4 /index.php/student/Notice/js/agent/agent.js?_=1490183425648
INFO: [ app_begin ] --START--
INFO: Run Behavior\ReadHtmlCacheBehavior [ RunTime:0.000283s ]
INFO: [ app_begin ] --END-- [ RunTime:0.000504s ]
ERR: 非法操作:js

[ 2017-03-22T19:49:31+08:00 ] 117.136.67.4 /index.php/student/Personal/js/agent/agent.js?_=1490183427565
INFO: [ app_begin ] --START--
INFO: Run Behavior\ReadHtmlCacheBehavior [ RunTime:0.000295s ]
INFO: [ app_begin ] --END-- [ RunTime:0.000511s ]
ERR: 非法操作:js

[ 2017-03-22T19:49:51+08:00 ] 223.245.80.142 /index.php/student/report/js/agent/agent.js?_=1490183389649
INFO: [ app_begin ] --START--
INFO: Run Behavior\ReadHtmlCacheBehavior [ RunTime:0.000331s ]
INFO: [ app_begin ] --END-- [ RunTime:0.000541s ]
ERR: 非法操作:js

[ 2017-03-22T19:51:34+08:00 ] 223.245.80.142 /index.php/student/report/js/agent/agent.js?_=1490183492521
INFO: [ app_begin ] --START--
INFO: Run Behavior\ReadHtmlCacheBehavior [ RunTime:0.000304s ]
INFO: [ app_begin ] --END-- [ RunTime:0.000533s ]
ERR: 非法操作:js

[ 2017-03-22T19:54:18+08:00 ] 223.245.80.142 /index.php/student/report/js/agent/agent.js?_=1490183654608
INFO: [ app_begin ] --START--
INFO: Run Behavior\ReadHtmlCacheBehavior [ RunTime:0.000288s ]
INFO: [ app_begin ] --END-- [ RunTime:0.000512s ]
ERR: 非法操作:js

[ 2017-03-22T19:54:30+08:00 ] 223.245.80.142 /index.php/student/report/js/agent/agent.js?_=1490183665948
INFO: [ app_begin ] --START--
INFO: Run Behavior\ReadHtmlCacheBehavior [ RunTime:0.000302s ]
INFO: [ app_begin ] --END-- [ RunTime:0.000522s ]
ERR: 非法操作:js

[ 2017-03-22T19:55:34+08:00 ] 223.245.80.142 /index.php/student/report/js/agent/agent.js?_=1490183730048
INFO: [ app_begin ] --START--
INFO: Run Behavior\ReadHtmlCacheBehavior [ RunTime:0.000286s ]
INFO: [ app_begin ] --END-- [ RunTime:0.000508s ]
ERR: 非法操作:js

[ 2017-03-22T19:56:33+08:00 ] 223.245.80.142 /index.php/student/report/js/agent/agent.js?_=1490183789370
INFO: [ app_begin ] --START--
INFO: Run Behavior\ReadHtmlCacheBehavior [ RunTime:0.000287s ]
INFO: [ app_begin ] --END-- [ RunTime:0.000499s ]
ERR: 非法操作:js

[ 2017-03-22T19:56:37+08:00 ] 223.245.80.142 /index.php/student/report/js/agent/agent.js?_=1490183795947
INFO: [ app_begin ] --START--
INFO: Run Behavior\ReadHtmlCacheBehavior [ RunTime:0.000283s ]
INFO: [ app_begin ] --END-- [ RunTime:0.000497s ]
ERR: 非法操作:js

[ 2017-03-22T19:57:02+08:00 ] 223.245.80.142 /index.php/student/report/js/agent/agent.js?_=1490183821076
INFO: [ app_begin ] --START--
INFO: Run Behavior\ReadHtmlCacheBehavior [ RunTime:0.000300s ]
INFO: [ app_begin ] --END-- [ RunTime:0.000525s ]
ERR: 非法操作:js

[ 2017-03-22T19:57:28+08:00 ] 223.245.80.142 /index.php/student/report/js/agent/agent.js?_=1490183846843
INFO: [ app_begin ] --START--
INFO: Run Behavior\ReadHtmlCacheBehavior [ RunTime:0.000307s ]
INFO: [ app_begin ] --END-- [ RunTime:0.000539s ]
ERR: 非法操作:js

[ 2017-03-22T20:06:46+08:00 ] 223.245.80.142 /index.php/student/report/js/agent/agent.js?_=1490184404512
INFO: [ app_begin ] --START--
INFO: Run Behavior\ReadHtmlCacheBehavior [ RunTime:0.000303s ]
INFO: [ app_begin ] --END-- [ RunTime:0.000531s ]
ERR: 非法操作:js

[ 2017-03-22T20:11:48+08:00 ] 117.136.67.4 /index.php/student/Report/js/agent/agent.js?_=1490184765057
INFO: [ app_begin ] --START--
INFO: Run Behavior\ReadHtmlCacheBehavior [ RunTime:0.000302s ]
INFO: [ app_begin ] --END-- [ RunTime:0.000523s ]
ERR: 非法操作:js

[ 2017-03-22T20:12:07+08:00 ] 117.136.67.4 /index.php/student/Report/js/agent/agent.js?_=1490184783970
INFO: [ app_begin ] --START--
INFO: Run Behavior\ReadHtmlCacheBehavior [ RunTime:0.000292s ]
INFO: [ app_begin ] --END-- [ RunTime:0.000515s ]
ERR: 非法操作:js

[ 2017-03-22T20:12:22+08:00 ] 117.136.67.4 /index.php/student/report/js/agent/agent.js?_=1490184795805
INFO: [ app_begin ] --START--
INFO: Run Behavior\ReadHtmlCacheBehavior [ RunTime:0.000287s ]
INFO: [ app_begin ] --END-- [ RunTime:0.000510s ]
ERR: 非法操作:js

[ 2017-03-22T20:12:39+08:00 ] 117.136.67.4 /index.php/student/Apply/js/agent/agent.js?_=1490184815379
INFO: [ app_begin ] --START--
INFO: Run Behavior\ReadHtmlCacheBehavior [ RunTime:0.000283s ]
INFO: [ app_begin ] --END-- [ RunTime:0.000492s ]
ERR: 非法操作:js

[ 2017-03-22T20:12:52+08:00 ] 117.136.67.4 /index.php/student/Contact/js/agent/agent.js?_=1490184828565
INFO: [ app_begin ] --START--
INFO: Run Behavior\ReadHtmlCacheBehavior [ RunTime:0.000314s ]
INFO: [ app_begin ] --END-- [ RunTime:0.000543s ]
ERR: 非法操作:js

[ 2017-03-22T20:13:05+08:00 ] 117.136.67.4 /index.php/student/Notice/js/agent/agent.js?_=1490184842140
INFO: [ app_begin ] --START--
INFO: Run Behavior\ReadHtmlCacheBehavior [ RunTime:0.000291s ]
INFO: [ app_begin ] --END-- [ RunTime:0.000511s ]
ERR: 非法操作:js

[ 2017-03-22T20:13:14+08:00 ] 117.136.67.4 /index.php/student/Personal/js/agent/agent.js?_=1490184850853
INFO: [ app_begin ] --START--
INFO: Run Behavior\ReadHtmlCacheBehavior [ RunTime:0.000297s ]
INFO: [ app_begin ] --END-- [ RunTime:0.000517s ]
ERR: 非法操作:js

[ 2017-03-22T23:06:01+08:00 ] 180.110.231.183 /index.php/student/Apply/js/agent/agent.js?_=1490195217767
INFO: [ app_begin ] --START--
INFO: Run Behavior\ReadHtmlCacheBehavior [ RunTime:0.000304s ]
INFO: [ app_begin ] --END-- [ RunTime:0.000518s ]
ERR: 非法操作:js

[ 2017-03-22T23:06:05+08:00 ] 180.110.231.183 /index.php/student/Report/js/agent/agent.js?_=1490195222119
INFO: [ app_begin ] --START--
INFO: Run Behavior\ReadHtmlCacheBehavior [ RunTime:0.000290s ]
INFO: [ app_begin ] --END-- [ RunTime:0.000499s ]
ERR: 非法操作:js

[ 2017-03-22T23:08:19+08:00 ] 180.110.231.183 /index.php/student/Apply/js/agent/agent.js?_=1490195355480
INFO: [ app_begin ] --START--
INFO: Run Behavior\ReadHtmlCacheBehavior [ RunTime:0.000318s ]
INFO: [ app_begin ] --END-- [ RunTime:0.000532s ]
ERR: 非法操作:js

[ 2017-03-22T23:08:52+08:00 ] 180.110.231.183 /index.php/student/Contact/js/agent/agent.js?_=1490195388582
INFO: [ app_begin ] --START--
INFO: Run Behavior\ReadHtmlCacheBehavior [ RunTime:0.000297s ]
INFO: [ app_begin ] --END-- [ RunTime:0.000528s ]
ERR: 非法操作:js

[ 2017-03-22T23:08:54+08:00 ] 180.110.231.183 /index.php/student/Contact/js/agent/agent.js?_=1490195390937
INFO: [ app_begin ] --START--
INFO: Run Behavior\ReadHtmlCacheBehavior [ RunTime:0.000300s ]
INFO: [ app_begin ] --END-- [ RunTime:0.000527s ]
ERR: 非法操作:js

[ 2017-03-22T23:08:56+08:00 ] 180.110.231.183 /index.php/student/Contact/js/agent/agent.js?_=1490195392647
INFO: [ app_begin ] --START--
INFO: Run Behavior\ReadHtmlCacheBehavior [ RunTime:0.000287s ]
INFO: [ app_begin ] --END-- [ RunTime:0.000501s ]
ERR: 非法操作:js

[ 2017-03-22T23:08:58+08:00 ] 180.110.231.183 /index.php/student/Apply/js/agent/agent.js?_=1490195395173
INFO: [ app_begin ] --START--
INFO: Run Behavior\ReadHtmlCacheBehavior [ RunTime:0.000354s ]
INFO: [ app_begin ] --END-- [ RunTime:0.000575s ]
ERR: 非法操作:js

[ 2017-03-22T23:11:51+08:00 ] 180.110.231.183 /index.php?m=student&c=apply&a=addLeave
INFO: [ app_begin ] --START--
INFO: Run Behavior\ReadHtmlCacheBehavior [ RunTime:0.000287s ]
INFO: [ app_begin ] --END-- [ RunTime:0.000516s ]
SQL: SHOW COLUMNS FROM `dg_leave` [ RunTime:0.0005s ]
SQL: INSERT INTO `dg_leave` (`content`,`emegencyconcat`,`telephone`,`starttime`,`endtime`,`applytime`,`student_id`) VALUES ('qqq','qqq','qq','1899-12-31 00:00','1900-02-09 09:30','2017-03-22 23:11:51','2017888') [ RunTime:0.0001s ]

[ 2017-03-22T23:12:08+08:00 ] 180.110.231.183 /index.php/student/Apply/js/agent/agent.js?_=1490195584985
INFO: [ app_begin ] --START--
INFO: Run Behavior\ReadHtmlCacheBehavior [ RunTime:0.000316s ]
INFO: [ app_begin ] --END-- [ RunTime:0.000595s ]
ERR: 非法操作:js

[ 2017-03-22T23:12:16+08:00 ] 180.110.231.183 /index.php?m=student&c=apply&a=changeJob
INFO: [ app_begin ] --START--
INFO: Run Behavior\ReadHtmlCacheBehavior [ RunTime:0.000294s ]
INFO: [ app_begin ] --END-- [ RunTime:0.000508s ]
SQL: SHOW COLUMNS FROM `dg_practice` [ RunTime:0.0006s ]
SQL: SELECT * FROM `dg_practice` WHERE ( student_id=2017888 AND status=1 ) LIMIT 1   [ RunTime:0.0002s ]
SQL: SHOW COLUMNS FROM `dg_change` [ RunTime:0.0004s ]
SQL: SELECT * FROM `dg_change` WHERE ( student_id=2017888 AND status=0 ) LIMIT 1   [ RunTime:0.0001s ]
SQL: SHOW COLUMNS FROM `dg_change` [ RunTime:0.0004s ]
SQL: SELECT * FROM `dg_change` WHERE ( student_id=2017888 AND status=1 ) ORDER BY `applytime` desc LIMIT 1   [ RunTime:0.0001s ]
SQL: SHOW COLUMNS FROM `dg_change` [ RunTime:0.0003s ]
SQL: INSERT INTO `dg_change` (`type`,`position`,`profession`,`insurance`,`guide`,`phone`,`guide_email`,`reason`,`applytime`,`student_id`,`corporation_id`,`cname`) VALUES ('1','123','0','0','123','123','123','123','2017-03-22 23:12:16','2017888','3','企业名称') [ RunTime:0.0002s ]

[ 2017-03-22T23:44:03+08:00 ] 180.110.231.183 /index.php/student/Notice/js/agent/agent.js?_=1490197499807
INFO: [ app_begin ] --START--
INFO: Run Behavior\ReadHtmlCacheBehavior [ RunTime:0.000299s ]
INFO: [ app_begin ] --END-- [ RunTime:0.000522s ]
ERR: 非法操作:js

