[ 2017-03-10T13:06:56+08:00 ] 116.226.184.99 /index.php/student/login/js/agent/agent.js?_=1489122389154
INFO: [ app_begin ] --START--
INFO: Run Behavior\ReadHtmlCacheBehavior [ RunTime:0.000288s ]
INFO: [ app_begin ] --END-- [ RunTime:0.000515s ]
ERR: 非法操作:js

[ 2017-03-10T13:07:10+08:00 ] 116.226.184.99 /index.php?m=student&c=login&a=check
INFO: [ app_begin ] --START--
INFO: Run Behavior\ReadHtmlCacheBehavior [ RunTime:0.000301s ]
INFO: [ app_begin ] --END-- [ RunTime:0.000533s ]
SQL: SHOW COLUMNS FROM `dg_student` [ RunTime:0.0005s ]
SQL: SELECT * FROM `dg_student` WHERE ( name="yfy" ) LIMIT 1   [ RunTime:0.0002s ]

[ 2017-03-10T13:08:21+08:00 ] 116.226.184.99 /index.php/student/Apply/js/agent/agent.js?_=1489122474188
INFO: [ app_begin ] --START--
INFO: Run Behavior\ReadHtmlCacheBehavior [ RunTime:0.000302s ]
INFO: [ app_begin ] --END-- [ RunTime:0.000518s ]
ERR: 非法操作:js

[ 2017-03-10T13:08:25+08:00 ] 116.226.184.99 /index.php/student/Report/js/agent/agent.js?_=1489122477957
INFO: [ app_begin ] --START--
INFO: Run Behavior\ReadHtmlCacheBehavior [ RunTime:0.000309s ]
INFO: [ app_begin ] --END-- [ RunTime:0.000523s ]
ERR: 非法操作:js

[ 2017-03-10T13:08:31+08:00 ] 116.226.184.99 /index.php/student/Apply/js/agent/agent.js?_=1489122484749
INFO: [ app_begin ] --START--
INFO: Run Behavior\ReadHtmlCacheBehavior [ RunTime:0.000315s ]
INFO: [ app_begin ] --END-- [ RunTime:0.000545s ]
ERR: 非法操作:js

[ 2017-03-10T13:08:37+08:00 ] 116.226.184.99 /index.php/student/Report/js/agent/agent.js?_=1489122490251
INFO: [ app_begin ] --START--
INFO: Run Behavior\ReadHtmlCacheBehavior [ RunTime:0.000285s ]
INFO: [ app_begin ] --END-- [ RunTime:0.000516s ]
ERR: 非法操作:js

[ 2017-03-10T13:09:13+08:00 ] 116.226.184.99 /index.php/student/Report/js/agent/agent.js?_=1489122526074
INFO: [ app_begin ] --START--
INFO: Run Behavior\ReadHtmlCacheBehavior [ RunTime:0.000319s ]
INFO: [ app_begin ] --END-- [ RunTime:0.000551s ]
ERR: 非法操作:js

[ 2017-03-10T13:13:33+08:00 ] 116.226.184.99 /index.php/student/report/js/agent/agent.js?_=1489122786210
INFO: [ app_begin ] --START--
INFO: Run Behavior\ReadHtmlCacheBehavior [ RunTime:0.000287s ]
INFO: [ app_begin ] --END-- [ RunTime:0.000529s ]
ERR: 非法操作:js

[ 2017-03-10T13:15:09+08:00 ] 116.226.184.99 /index.php?m=student&c=report&a=add
INFO: [ app_begin ] --START--
INFO: Run Behavior\ReadHtmlCacheBehavior [ RunTime:0.000295s ]
INFO: [ app_begin ] --END-- [ RunTime:0.000505s ]
NOTIC: [8] Undefined index: id /var/www/html/Application/Student/Controller/ReportController.class.php 第 44 行.
SQL: SHOW COLUMNS FROM `dg_report` [ RunTime:0.0006s ]
SQL: INSERT INTO `dg_report` (`title`,`content`,`pic`,`address`,`student_id`,`pubtime`) VALUES ('新增实习报告 新增实习报告 新增实习报告 新增实习报告 新增实习报告 新增实习报告 ','新增实习报告 新增实习报告 新增实习报告 新增实习报告 新增实习报告 新增实习报告 新增实习报告 新增实习报告 新增实习报告 新增实习报告 新增实习报告 新增实习报告 新增实习报告 新增实习报告 新增实习报告 新增实习报告 新增实习报告 新增实习报告 ','','新增实习报告 新增实习报告 新增实习报告 新增实习报告 新增实习报告 新增实习报告 新增实习报告 新增实习报告 新增实习报告 新增实习报告 新增实习报告 新增实习报告 新增实习报告 新增实习报告 新增实习报告 新增实习报告 新增实习报告 新增实习报告 新增实习报告 ','20170209','2017-03-10 :13:15:09') [ RunTime:0.0002s ]

[ 2017-03-10T13:18:18+08:00 ] 116.226.184.99 /index.php/student/report/js/agent/agent.js?_=1489123070927
INFO: [ app_begin ] --START--
INFO: Run Behavior\ReadHtmlCacheBehavior [ RunTime:0.000310s ]
INFO: [ app_begin ] --END-- [ RunTime:0.000532s ]
ERR: 非法操作:js

[ 2017-03-10T13:18:24+08:00 ] 116.226.184.99 /index.php/student/report/js/agent/agent.js?_=1489123077424
INFO: [ app_begin ] --START--
INFO: Run Behavior\ReadHtmlCacheBehavior [ RunTime:0.000316s ]
INFO: [ app_begin ] --END-- [ RunTime:0.000543s ]
ERR: 非法操作:js

[ 2017-03-10T13:18:32+08:00 ] 116.226.184.99 /index.php?m=student&c=report&a=del
INFO: [ app_begin ] --START--
INFO: Run Behavior\ReadHtmlCacheBehavior [ RunTime:0.000295s ]
INFO: [ app_begin ] --END-- [ RunTime:0.000514s ]
SQL: SHOW COLUMNS FROM `dg_report` [ RunTime:0.0009s ]
SQL: DELETE FROM `dg_report` WHERE ( `id` IN(79) ) [ RunTime:0.0002s ]

[ 2017-03-10T13:18:34+08:00 ] 116.226.184.99 /index.php/student/report/js/agent/agent.js?_=1489123087014
INFO: [ app_begin ] --START--
INFO: Run Behavior\ReadHtmlCacheBehavior [ RunTime:0.000299s ]
INFO: [ app_begin ] --END-- [ RunTime:0.000511s ]
ERR: 非法操作:js

[ 2017-03-10T13:21:24+08:00 ] 116.226.184.99 /index.php/student/report/js/agent/agent.js?_=1489123257594
INFO: [ app_begin ] --START--
INFO: Run Behavior\ReadHtmlCacheBehavior [ RunTime:0.000290s ]
INFO: [ app_begin ] --END-- [ RunTime:0.000516s ]
ERR: 非法操作:js

[ 2017-03-10T13:22:32+08:00 ] 116.226.184.99 /index.php?m=student&c=report&a=add
INFO: [ app_begin ] --START--
INFO: Run Behavior\ReadHtmlCacheBehavior [ RunTime:0.000299s ]
INFO: [ app_begin ] --END-- [ RunTime:0.000520s ]
NOTIC: [8] Undefined index: id /var/www/html/Application/Student/Controller/ReportController.class.php 第 44 行.
SQL: SHOW COLUMNS FROM `dg_report` [ RunTime:0.0005s ]
SQL: INSERT INTO `dg_report` (`title`,`content`,`pic`,`address`,`student_id`,`pubtime`) VALUES ('1234567890qwertyuiopasdfghjkl;zxcvbnm,./','1111111111111111111111111111111
222222222222222
33333333333333333333333
44444444444444444444
555555555555555555555
','','1234567890qwertyuiopasdfghjkl;zxcvbnm,./','20170209','2017-03-10 :13:22:32') [ RunTime:0.0002s ]

[ 2017-03-10T13:23:14+08:00 ] 116.226.184.99 /index.php/student/report/js/agent/agent.js?_=1489123367501
INFO: [ app_begin ] --START--
INFO: Run Behavior\ReadHtmlCacheBehavior [ RunTime:0.000316s ]
INFO: [ app_begin ] --END-- [ RunTime:0.000529s ]
ERR: 非法操作:js

[ 2017-03-10T13:23:20+08:00 ] 116.226.184.99 /index.php/student/report/js/agent/agent.js?_=1489123373506
INFO: [ app_begin ] --START--
INFO: Run Behavior\ReadHtmlCacheBehavior [ RunTime:0.000311s ]
INFO: [ app_begin ] --END-- [ RunTime:0.000538s ]
ERR: 非法操作:js

[ 2017-03-10T13:23:38+08:00 ] 116.226.184.99 /index.php/student/report/js/agent/agent.js?_=1489123391158
INFO: [ app_begin ] --START--
INFO: Run Behavior\ReadHtmlCacheBehavior [ RunTime:0.000285s ]
INFO: [ app_begin ] --END-- [ RunTime:0.000507s ]
ERR: 非法操作:js

[ 2017-03-10T13:23:42+08:00 ] 116.226.184.99 /index.php/student/report/js/agent/agent.js?_=1489123395413
INFO: [ app_begin ] --START--
INFO: Run Behavior\ReadHtmlCacheBehavior [ RunTime:0.000298s ]
INFO: [ app_begin ] --END-- [ RunTime:0.000517s ]
ERR: 非法操作:js

[ 2017-03-10T13:23:47+08:00 ] 116.226.184.99 /index.php/student/report/js/agent/agent.js?_=1489123399843
INFO: [ app_begin ] --START--
INFO: Run Behavior\ReadHtmlCacheBehavior [ RunTime:0.000385s ]
INFO: [ app_begin ] --END-- [ RunTime:0.000598s ]
ERR: 非法操作:js

[ 2017-03-10T13:23:58+08:00 ] 116.226.184.99 /index.php/student/report/js/agent/agent.js?_=1489123411295
INFO: [ app_begin ] --START--
INFO: Run Behavior\ReadHtmlCacheBehavior [ RunTime:0.000303s ]
INFO: [ app_begin ] --END-- [ RunTime:0.000518s ]
ERR: 非法操作:js

[ 2017-03-10T14:07:48+08:00 ] 116.226.184.99 /index.php/student/report/js/agent/agent.js?_=1489126041371
INFO: [ app_begin ] --START--
INFO: Run Behavior\ReadHtmlCacheBehavior [ RunTime:0.000296s ]
INFO: [ app_begin ] --END-- [ RunTime:0.000631s ]
ERR: 非法操作:js

[ 2017-03-10T14:07:58+08:00 ] 116.226.184.99 /index.php/student/report/js/agent/agent.js?_=1489126051064
INFO: [ app_begin ] --START--
INFO: Run Behavior\ReadHtmlCacheBehavior [ RunTime:0.000293s ]
INFO: [ app_begin ] --END-- [ RunTime:0.000504s ]
ERR: 非法操作:js

[ 2017-03-10T14:08:03+08:00 ] 116.226.184.99 /index.php?m=student&c=report&a=add
INFO: [ app_begin ] --START--
INFO: Run Behavior\ReadHtmlCacheBehavior [ RunTime:0.000289s ]
INFO: [ app_begin ] --END-- [ RunTime:0.000519s ]
NOTIC: [8] Undefined index: id /var/www/html/Application/Student/Controller/ReportController.class.php 第 44 行.
SQL: SHOW COLUMNS FROM `dg_report` [ RunTime:0.0006s ]
SQL: INSERT INTO `dg_report` (`title`,`content`,`pic`,`address`,`student_id`,`pubtime`) VALUES ('2','2','','2','20170209','2017-03-10 :14:08:03') [ RunTime:0.0002s ]

[ 2017-03-10T14:12:37+08:00 ] 116.226.184.99 /index.php/student/report/js/agent/agent.js?_=1489126329833
INFO: [ app_begin ] --START--
INFO: Run Behavior\ReadHtmlCacheBehavior [ RunTime:0.000299s ]
INFO: [ app_begin ] --END-- [ RunTime:0.000521s ]
ERR: 非法操作:js

[ 2017-03-10T14:12:58+08:00 ] 116.226.184.99 /index.php/student/report/js/agent/agent.js?_=1489126351040
INFO: [ app_begin ] --START--
INFO: Run Behavior\ReadHtmlCacheBehavior [ RunTime:0.000367s ]
INFO: [ app_begin ] --END-- [ RunTime:0.000631s ]
ERR: 非法操作:js

[ 2017-03-10T14:40:02+08:00 ] 116.226.184.99 /index.php/student/Report/js/agent/agent.js?_=1489127975606
INFO: [ app_begin ] --START--
INFO: Run Behavior\ReadHtmlCacheBehavior [ RunTime:0.000306s ]
INFO: [ app_begin ] --END-- [ RunTime:0.000525s ]
ERR: 非法操作:js

[ 2017-03-10T14:40:22+08:00 ] 116.226.184.99 /index.php/student/Apply/js/agent/agent.js?_=1489127995494
INFO: [ app_begin ] --START--
INFO: Run Behavior\ReadHtmlCacheBehavior [ RunTime:0.000291s ]
INFO: [ app_begin ] --END-- [ RunTime:0.000500s ]
ERR: 非法操作:js

[ 2017-03-10T14:40:23+08:00 ] 116.226.184.99 /index.php/student/Apply/js/agent/agent.js?_=1489127995939
INFO: [ app_begin ] --START--
INFO: Run Behavior\ReadHtmlCacheBehavior [ RunTime:0.000306s ]
INFO: [ app_begin ] --END-- [ RunTime:0.000520s ]
ERR: 非法操作:js

[ 2017-03-10T14:40:24+08:00 ] 116.226.184.99 /index.php/student/Report/js/agent/agent.js?_=1489127997161
INFO: [ app_begin ] --START--
INFO: Run Behavior\ReadHtmlCacheBehavior [ RunTime:0.000288s ]
INFO: [ app_begin ] --END-- [ RunTime:0.000498s ]
ERR: 非法操作:js

[ 2017-03-10T14:40:26+08:00 ] 116.226.184.99 /index.php/student/Report/js/agent/agent.js?_=1489127999129
INFO: [ app_begin ] --START--
INFO: Run Behavior\ReadHtmlCacheBehavior [ RunTime:0.000311s ]
INFO: [ app_begin ] --END-- [ RunTime:0.000565s ]
ERR: 非法操作:js

[ 2017-03-10T14:40:27+08:00 ] 116.226.184.99 /index.php/student/Report/js/agent/agent.js?_=1489128000202
INFO: [ app_begin ] --START--
INFO: Run Behavior\ReadHtmlCacheBehavior [ RunTime:0.000289s ]
INFO: [ app_begin ] --END-- [ RunTime:0.000557s ]
ERR: 非法操作:js

[ 2017-03-10T14:59:36+08:00 ] 116.226.184.99 /index.php/student/report/js/agent/agent.js?_=1489129149186
INFO: [ app_begin ] --START--
INFO: Run Behavior\ReadHtmlCacheBehavior [ RunTime:0.000307s ]
INFO: [ app_begin ] --END-- [ RunTime:0.000515s ]
ERR: 非法操作:js

[ 2017-03-10T14:59:42+08:00 ] 116.226.184.99 /index.php/student/report/js/agent/agent.js?_=1489129154846
INFO: [ app_begin ] --START--
INFO: Run Behavior\ReadHtmlCacheBehavior [ RunTime:0.000308s ]
INFO: [ app_begin ] --END-- [ RunTime:0.000535s ]
ERR: 非法操作:js

[ 2017-03-10T15:00:30+08:00 ] 116.226.184.99 /index.php/student/report/js/agent/agent.js?_=1489129202975
INFO: [ app_begin ] --START--
INFO: Run Behavior\ReadHtmlCacheBehavior [ RunTime:0.000309s ]
INFO: [ app_begin ] --END-- [ RunTime:0.000519s ]
ERR: 非法操作:js

[ 2017-03-10T15:06:08+08:00 ] 116.226.184.99 /index.php/student/report/js/agent/agent.js?_=1489129540734
INFO: [ app_begin ] --START--
INFO: Run Behavior\ReadHtmlCacheBehavior [ RunTime:0.000298s ]
INFO: [ app_begin ] --END-- [ RunTime:0.000524s ]
ERR: 非法操作:js

[ 2017-03-10T15:06:12+08:00 ] 116.226.184.99 /index.php?m=student&c=report&a=add
INFO: [ app_begin ] --START--
INFO: Run Behavior\ReadHtmlCacheBehavior [ RunTime:0.000367s ]
INFO: [ app_begin ] --END-- [ RunTime:0.000604s ]
NOTIC: [8] Undefined index: id /var/www/html/Application/Student/Controller/ReportController.class.php 第 44 行.
SQL: SHOW COLUMNS FROM `dg_report` [ RunTime:0.0006s ]
SQL: INSERT INTO `dg_report` (`title`,`content`,`pic`,`address`,`student_id`,`pubtime`) VALUES ('1','1','','1','20170209','2017-03-10 :15:06:12') [ RunTime:0.0002s ]

[ 2017-03-10T15:10:34+08:00 ] 116.226.184.99 /index.php/student/Report/js/agent/agent.js?_=1489129807424
INFO: [ app_begin ] --START--
INFO: Run Behavior\ReadHtmlCacheBehavior [ RunTime:0.000309s ]
INFO: [ app_begin ] --END-- [ RunTime:0.000573s ]
ERR: 非法操作:js

[ 2017-03-10T15:10:35+08:00 ] 116.226.184.99 /index.php/student/Report/js/agent/agent.js?_=1489129808313
INFO: [ app_begin ] --START--
INFO: Run Behavior\ReadHtmlCacheBehavior [ RunTime:0.000303s ]
INFO: [ app_begin ] --END-- [ RunTime:0.000519s ]
ERR: 非法操作:js

[ 2017-03-10T15:11:48+08:00 ] 116.226.184.99 /index.php/student/Report/js/agent/agent.js?_=1489129881405
INFO: [ app_begin ] --START--
INFO: Run Behavior\ReadHtmlCacheBehavior [ RunTime:0.000301s ]
INFO: [ app_begin ] --END-- [ RunTime:0.000543s ]
ERR: 非法操作:js

[ 2017-03-10T15:11:50+08:00 ] 116.226.184.99 /index.php/student/Report/js/agent/agent.js?_=1489129883159
INFO: [ app_begin ] --START--
INFO: Run Behavior\ReadHtmlCacheBehavior [ RunTime:0.000284s ]
INFO: [ app_begin ] --END-- [ RunTime:0.000506s ]
ERR: 非法操作:js

[ 2017-03-10T16:09:23+08:00 ] 116.226.184.99 /index.php/student/login/js/agent/agent.js?_=1489133333986
INFO: [ app_begin ] --START--
INFO: Run Behavior\ReadHtmlCacheBehavior [ RunTime:0.000332s ]
INFO: [ app_begin ] --END-- [ RunTime:0.000725s ]
ERR: 非法操作:js

[ 2017-03-10T16:10:15+08:00 ] 116.226.184.99 /index.php?m=student&c=login&a=check
INFO: [ app_begin ] --START--
INFO: Run Behavior\ReadHtmlCacheBehavior [ RunTime:0.000308s ]
INFO: [ app_begin ] --END-- [ RunTime:0.000523s ]
SQL: SHOW COLUMNS FROM `dg_student` [ RunTime:0.0005s ]
SQL: SELECT * FROM `dg_student` WHERE ( name="yfy" ) LIMIT 1   [ RunTime:0.0002s ]

[ 2017-03-10T16:10:34+08:00 ] 116.226.184.99 /index.php/Student/report/index/status/js/agent/agent.js?_=1489133406692
INFO: [ app_begin ] --START--
INFO: Run Behavior\ReadHtmlCacheBehavior [ RunTime:0.000302s ]
INFO: [ app_begin ] --END-- [ RunTime:0.000521s ]
SQL: SHOW COLUMNS FROM `dg_report` [ RunTime:0.0006s ]
SQL: SHOW COLUMNS FROM `dg_student` [ RunTime:0.0004s ]
SQL: SHOW COLUMNS FROM `dg_class` [ RunTime:0.0005s ]
SQL: SELECT COUNT(*) AS tp_count FROM dg_report myReport  JOIN dg_student Student ON myReport.student_id = Student.studentno  JOIN dg_class Class ON Student.classno=Class.id WHERE myReport.student_id = '20170209' AND myReport.status = 'js' LIMIT 1   [ RunTime:0.0002s ]
SQL: SHOW COLUMNS FROM `dg_corporation` [ RunTime:0.0003s ]
SQL: SELECT * FROM `dg_corporation` WHERE ( id=2 ) LIMIT 1   [ RunTime:0.0002s ]
SQL: SELECT myReport.id AS id,myReport.pubtime AS pubtime,myReport.student_id AS student_id,myReport.status AS status,Student.id AS sid,Student.studentno AS studentno,Student.name AS name,Student.classno AS classno,Class.id AS cid,Class.classname AS classname FROM dg_report myReport  JOIN dg_student Student ON myReport.student_id = Student.studentno  JOIN dg_class Class ON Student.classno=Class.id WHERE myReport.student_id = '20170209' AND myReport.status = 'js' LIMIT 0,4   [ RunTime:0.0002s ]
INFO: [ view_parse ] --START--
INFO: [ template_filter ] --START--
INFO: Run Behavior\ContentReplaceBehavior [ RunTime:0.000091s ]
INFO: [ template_filter ] --END-- [ RunTime:0.000129s ]
INFO: Run Behavior\ParseTemplateBehavior [ RunTime:0.006514s ]
INFO: [ view_parse ] --END-- [ RunTime:0.006555s ]
INFO: [ view_filter ] --START--
INFO: Run Behavior\WriteHtmlCacheBehavior [ RunTime:0.000102s ]
INFO: [ view_filter ] --END-- [ RunTime:0.000127s ]
INFO: [ app_end ] --START--
INFO: Run Behavior\ShowPageTraceBehavior [ RunTime:0.000337s ]
INFO: [ app_end ] --END-- [ RunTime:0.000370s ]

[ 2017-03-10T16:10:38+08:00 ] 116.226.184.99 /index.php/Student/report/index/status/js/agent/agent.js?_=1489133411246
INFO: [ app_begin ] --START--
INFO: Run Behavior\ReadHtmlCacheBehavior [ RunTime:0.000292s ]
INFO: [ app_begin ] --END-- [ RunTime:0.000529s ]
SQL: SHOW COLUMNS FROM `dg_report` [ RunTime:0.0007s ]
SQL: SHOW COLUMNS FROM `dg_student` [ RunTime:0.0004s ]
SQL: SHOW COLUMNS FROM `dg_class` [ RunTime:0.0003s ]
SQL: SELECT COUNT(*) AS tp_count FROM dg_report myReport  JOIN dg_student Student ON myReport.student_id = Student.studentno  JOIN dg_class Class ON Student.classno=Class.id WHERE myReport.student_id = '20170209' AND myReport.status = 'js' LIMIT 1   [ RunTime:0.0002s ]
SQL: SHOW COLUMNS FROM `dg_corporation` [ RunTime:0.0003s ]
SQL: SELECT * FROM `dg_corporation` WHERE ( id=2 ) LIMIT 1   [ RunTime:0.0002s ]
SQL: SELECT myReport.id AS id,myReport.pubtime AS pubtime,myReport.student_id AS student_id,myReport.status AS status,Student.id AS sid,Student.studentno AS studentno,Student.name AS name,Student.classno AS classno,Class.id AS cid,Class.classname AS classname FROM dg_report myReport  JOIN dg_student Student ON myReport.student_id = Student.studentno  JOIN dg_class Class ON Student.classno=Class.id WHERE myReport.student_id = '20170209' AND myReport.status = 'js' LIMIT 0,4   [ RunTime:0.0002s ]
INFO: [ view_parse ] --START--
INFO: [ template_filter ] --START--
INFO: Run Behavior\ContentReplaceBehavior [ RunTime:0.000082s ]
INFO: [ template_filter ] --END-- [ RunTime:0.000115s ]
INFO: Run Behavior\ParseTemplateBehavior [ RunTime:0.007519s ]
INFO: [ view_parse ] --END-- [ RunTime:0.007572s ]
INFO: [ view_filter ] --START--
INFO: Run Behavior\WriteHtmlCacheBehavior [ RunTime:0.000113s ]
INFO: [ view_filter ] --END-- [ RunTime:0.000145s ]
INFO: [ app_end ] --START--
INFO: Run Behavior\ShowPageTraceBehavior [ RunTime:0.000318s ]
INFO: [ app_end ] --END-- [ RunTime:0.000352s ]

[ 2017-03-10T16:10:39+08:00 ] 116.226.184.99 /index.php/Student/report/index/status/js/agent/agent.js?_=1489133412268
INFO: [ app_begin ] --START--
INFO: Run Behavior\ReadHtmlCacheBehavior [ RunTime:0.000306s ]
INFO: [ app_begin ] --END-- [ RunTime:0.000527s ]
SQL: SHOW COLUMNS FROM `dg_report` [ RunTime:0.0006s ]
SQL: SHOW COLUMNS FROM `dg_student` [ RunTime:0.0004s ]
SQL: SHOW COLUMNS FROM `dg_class` [ RunTime:0.0003s ]
SQL: SELECT COUNT(*) AS tp_count FROM dg_report myReport  JOIN dg_student Student ON myReport.student_id = Student.studentno  JOIN dg_class Class ON Student.classno=Class.id WHERE myReport.student_id = '20170209' AND myReport.status = 'js' LIMIT 1   [ RunTime:0.0002s ]
SQL: SHOW COLUMNS FROM `dg_corporation` [ RunTime:0.0003s ]
SQL: SELECT * FROM `dg_corporation` WHERE ( id=2 ) LIMIT 1   [ RunTime:0.0002s ]
SQL: SELECT myReport.id AS id,myReport.pubtime AS pubtime,myReport.student_id AS student_id,myReport.status AS status,Student.id AS sid,Student.studentno AS studentno,Student.name AS name,Student.classno AS classno,Class.id AS cid,Class.classname AS classname FROM dg_report myReport  JOIN dg_student Student ON myReport.student_id = Student.studentno  JOIN dg_class Class ON Student.classno=Class.id WHERE myReport.student_id = '20170209' AND myReport.status = 'js' LIMIT 0,4   [ RunTime:0.0002s ]
INFO: [ view_parse ] --START--
INFO: [ template_filter ] --START--
INFO: Run Behavior\ContentReplaceBehavior [ RunTime:0.000083s ]
INFO: [ template_filter ] --END-- [ RunTime:0.000119s ]
INFO: Run Behavior\ParseTemplateBehavior [ RunTime:0.006571s ]
INFO: [ view_parse ] --END-- [ RunTime:0.006605s ]
INFO: [ view_filter ] --START--
INFO: Run Behavior\WriteHtmlCacheBehavior [ RunTime:0.000109s ]
INFO: [ view_filter ] --END-- [ RunTime:0.000136s ]
INFO: [ app_end ] --START--
INFO: Run Behavior\ShowPageTraceBehavior [ RunTime:0.000321s ]
INFO: [ app_end ] --END-- [ RunTime:0.000353s ]

[ 2017-03-10T16:10:43+08:00 ] 116.226.184.99 /index.php/Student/report/index/status/js/agent/agent.js?_=1489133416058
INFO: [ app_begin ] --START--
INFO: Run Behavior\ReadHtmlCacheBehavior [ RunTime:0.000291s ]
INFO: [ app_begin ] --END-- [ RunTime:0.000520s ]
SQL: SHOW COLUMNS FROM `dg_report` [ RunTime:0.0005s ]
SQL: SHOW COLUMNS FROM `dg_student` [ RunTime:0.0004s ]
SQL: SHOW COLUMNS FROM `dg_class` [ RunTime:0.0003s ]
SQL: SELECT COUNT(*) AS tp_count FROM dg_report myReport  JOIN dg_student Student ON myReport.student_id = Student.studentno  JOIN dg_class Class ON Student.classno=Class.id WHERE myReport.student_id = '20170209' AND myReport.status = 'js' LIMIT 1   [ RunTime:0.0003s ]
SQL: SHOW COLUMNS FROM `dg_corporation` [ RunTime:0.0003s ]
SQL: SELECT * FROM `dg_corporation` WHERE ( id=2 ) LIMIT 1   [ RunTime:0.0002s ]
SQL: SELECT myReport.id AS id,myReport.pubtime AS pubtime,myReport.student_id AS student_id,myReport.status AS status,Student.id AS sid,Student.studentno AS studentno,Student.name AS name,Student.classno AS classno,Class.id AS cid,Class.classname AS classname FROM dg_report myReport  JOIN dg_student Student ON myReport.student_id = Student.studentno  JOIN dg_class Class ON Student.classno=Class.id WHERE myReport.student_id = '20170209' AND myReport.status = 'js' LIMIT 0,4   [ RunTime:0.0002s ]
INFO: [ view_parse ] --START--
INFO: [ template_filter ] --START--
INFO: Run Behavior\ContentReplaceBehavior [ RunTime:0.000083s ]
INFO: [ template_filter ] --END-- [ RunTime:0.000117s ]
INFO: Run Behavior\ParseTemplateBehavior [ RunTime:0.006535s ]
INFO: [ view_parse ] --END-- [ RunTime:0.006570s ]
INFO: [ view_filter ] --START--
INFO: Run Behavior\WriteHtmlCacheBehavior [ RunTime:0.000098s ]
INFO: [ view_filter ] --END-- [ RunTime:0.000122s ]
INFO: [ app_end ] --START--
INFO: Run Behavior\ShowPageTraceBehavior [ RunTime:0.000331s ]
INFO: [ app_end ] --END-- [ RunTime:0.000365s ]

[ 2017-03-10T17:20:54+08:00 ] 116.226.184.99 /index.php/Student/report/index/status/js/agent/agent.js?_=1489137627087
INFO: [ app_begin ] --START--
INFO: Run Behavior\ReadHtmlCacheBehavior [ RunTime:0.000320s ]
INFO: [ app_begin ] --END-- [ RunTime:0.000544s ]
SQL: SHOW COLUMNS FROM `dg_report` [ RunTime:0.0006s ]
SQL: SHOW COLUMNS FROM `dg_student` [ RunTime:0.0004s ]
SQL: SHOW COLUMNS FROM `dg_class` [ RunTime:0.0004s ]
SQL: SELECT COUNT(*) AS tp_count FROM dg_report myReport  JOIN dg_student Student ON myReport.student_id = Student.studentno  JOIN dg_class Class ON Student.classno=Class.id WHERE myReport.student_id = '20170209' AND myReport.status = 'js' LIMIT 1   [ RunTime:0.0002s ]
SQL: SHOW COLUMNS FROM `dg_corporation` [ RunTime:0.0004s ]
SQL: SELECT * FROM `dg_corporation` WHERE ( id=2 ) LIMIT 1   [ RunTime:0.0002s ]
SQL: SELECT myReport.id AS id,myReport.pubtime AS pubtime,myReport.student_id AS student_id,myReport.status AS status,Student.id AS sid,Student.studentno AS studentno,Student.name AS name,Student.classno AS classno,Class.id AS cid,Class.classname AS classname FROM dg_report myReport  JOIN dg_student Student ON myReport.student_id = Student.studentno  JOIN dg_class Class ON Student.classno=Class.id WHERE myReport.student_id = '20170209' AND myReport.status = 'js' LIMIT 0,4   [ RunTime:0.0002s ]
INFO: [ view_parse ] --START--
INFO: [ template_filter ] --START--
INFO: Run Behavior\ContentReplaceBehavior [ RunTime:0.000084s ]
INFO: [ template_filter ] --END-- [ RunTime:0.000119s ]
INFO: Run Behavior\ParseTemplateBehavior [ RunTime:0.006786s ]
INFO: [ view_parse ] --END-- [ RunTime:0.006822s ]
INFO: [ view_filter ] --START--
INFO: Run Behavior\WriteHtmlCacheBehavior [ RunTime:0.000099s ]
INFO: [ view_filter ] --END-- [ RunTime:0.000124s ]
INFO: [ app_end ] --START--
INFO: Run Behavior\ShowPageTraceBehavior [ RunTime:0.000321s ]
INFO: [ app_end ] --END-- [ RunTime:0.000353s ]

[ 2017-03-10T17:20:58+08:00 ] 116.226.184.99 /index.php/Student/report/index/status/js/agent/agent.js?_=1489137630511
INFO: [ app_begin ] --START--
INFO: Run Behavior\ReadHtmlCacheBehavior [ RunTime:0.000299s ]
INFO: [ app_begin ] --END-- [ RunTime:0.000514s ]
SQL: SHOW COLUMNS FROM `dg_report` [ RunTime:0.0005s ]
SQL: SHOW COLUMNS FROM `dg_student` [ RunTime:0.0004s ]
SQL: SHOW COLUMNS FROM `dg_class` [ RunTime:0.0003s ]
SQL: SELECT COUNT(*) AS tp_count FROM dg_report myReport  JOIN dg_student Student ON myReport.student_id = Student.studentno  JOIN dg_class Class ON Student.classno=Class.id WHERE myReport.student_id = '20170209' AND myReport.status = 'js' LIMIT 1   [ RunTime:0.0002s ]
SQL: SHOW COLUMNS FROM `dg_corporation` [ RunTime:0.0003s ]
SQL: SELECT * FROM `dg_corporation` WHERE ( id=2 ) LIMIT 1   [ RunTime:0.0002s ]
SQL: SELECT myReport.id AS id,myReport.pubtime AS pubtime,myReport.student_id AS student_id,myReport.status AS status,Student.id AS sid,Student.studentno AS studentno,Student.name AS name,Student.classno AS classno,Class.id AS cid,Class.classname AS classname FROM dg_report myReport  JOIN dg_student Student ON myReport.student_id = Student.studentno  JOIN dg_class Class ON Student.classno=Class.id WHERE myReport.student_id = '20170209' AND myReport.status = 'js' LIMIT 0,4   [ RunTime:0.0002s ]
INFO: [ view_parse ] --START--
INFO: [ template_filter ] --START--
INFO: Run Behavior\ContentReplaceBehavior [ RunTime:0.000076s ]
INFO: [ template_filter ] --END-- [ RunTime:0.000114s ]
INFO: Run Behavior\ParseTemplateBehavior [ RunTime:0.006435s ]
INFO: [ view_parse ] --END-- [ RunTime:0.006467s ]
INFO: [ view_filter ] --START--
INFO: Run Behavior\WriteHtmlCacheBehavior [ RunTime:0.000109s ]
INFO: [ view_filter ] --END-- [ RunTime:0.000134s ]
INFO: [ app_end ] --START--
INFO: Run Behavior\ShowPageTraceBehavior [ RunTime:0.000352s ]
INFO: [ app_end ] --END-- [ RunTime:0.000385s ]

[ 2017-03-10T17:21:02+08:00 ] 116.226.184.99 /index.php/Student/report/index/status/js/agent/agent.js?_=1489137634597
INFO: [ app_begin ] --START--
INFO: Run Behavior\ReadHtmlCacheBehavior [ RunTime:0.000289s ]
INFO: [ app_begin ] --END-- [ RunTime:0.000525s ]
SQL: SHOW COLUMNS FROM `dg_report` [ RunTime:0.0006s ]
SQL: SHOW COLUMNS FROM `dg_student` [ RunTime:0.0004s ]
SQL: SHOW COLUMNS FROM `dg_class` [ RunTime:0.0003s ]
SQL: SELECT COUNT(*) AS tp_count FROM dg_report myReport  JOIN dg_student Student ON myReport.student_id = Student.studentno  JOIN dg_class Class ON Student.classno=Class.id WHERE myReport.student_id = '20170209' AND myReport.status = 'js' LIMIT 1   [ RunTime:0.0003s ]
SQL: SHOW COLUMNS FROM `dg_corporation` [ RunTime:0.0004s ]
SQL: SELECT * FROM `dg_corporation` WHERE ( id=2 ) LIMIT 1   [ RunTime:0.0002s ]
SQL: SELECT myReport.id AS id,myReport.pubtime AS pubtime,myReport.student_id AS student_id,myReport.status AS status,Student.id AS sid,Student.studentno AS studentno,Student.name AS name,Student.classno AS classno,Class.id AS cid,Class.classname AS classname FROM dg_report myReport  JOIN dg_student Student ON myReport.student_id = Student.studentno  JOIN dg_class Class ON Student.classno=Class.id WHERE myReport.student_id = '20170209' AND myReport.status = 'js' LIMIT 0,4   [ RunTime:0.0002s ]
INFO: [ view_parse ] --START--
INFO: [ template_filter ] --START--
INFO: Run Behavior\ContentReplaceBehavior [ RunTime:0.000084s ]
INFO: [ template_filter ] --END-- [ RunTime:0.000119s ]
INFO: Run Behavior\ParseTemplateBehavior [ RunTime:0.006903s ]
INFO: [ view_parse ] --END-- [ RunTime:0.006945s ]
INFO: [ view_filter ] --START--
INFO: Run Behavior\WriteHtmlCacheBehavior [ RunTime:0.000123s ]
INFO: [ view_filter ] --END-- [ RunTime:0.000149s ]
INFO: [ app_end ] --START--
INFO: Run Behavior\ShowPageTraceBehavior [ RunTime:0.000331s ]
INFO: [ app_end ] --END-- [ RunTime:0.000363s ]

[ 2017-03-10T17:22:18+08:00 ] 116.226.184.99 /index.php/Student/report/index/status/js/agent/agent.js?_=1489137710954
INFO: [ app_begin ] --START--
INFO: Run Behavior\ReadHtmlCacheBehavior [ RunTime:0.000304s ]
INFO: [ app_begin ] --END-- [ RunTime:0.000532s ]
SQL: SHOW COLUMNS FROM `dg_report` [ RunTime:0.0006s ]
SQL: SHOW COLUMNS FROM `dg_student` [ RunTime:0.0004s ]
SQL: SHOW COLUMNS FROM `dg_class` [ RunTime:0.0003s ]
SQL: SELECT COUNT(*) AS tp_count FROM dg_report myReport  JOIN dg_student Student ON myReport.student_id = Student.studentno  JOIN dg_class Class ON Student.classno=Class.id WHERE myReport.student_id = '20170209' AND myReport.status = 'js' LIMIT 1   [ RunTime:0.0002s ]
SQL: SHOW COLUMNS FROM `dg_corporation` [ RunTime:0.0003s ]
SQL: SELECT * FROM `dg_corporation` WHERE ( id=2 ) LIMIT 1   [ RunTime:0.0002s ]
SQL: SELECT myReport.id AS id,myReport.pubtime AS pubtime,myReport.student_id AS student_id,myReport.status AS status,Student.id AS sid,Student.studentno AS studentno,Student.name AS name,Student.classno AS classno,Class.id AS cid,Class.classname AS classname FROM dg_report myReport  JOIN dg_student Student ON myReport.student_id = Student.studentno  JOIN dg_class Class ON Student.classno=Class.id WHERE myReport.student_id = '20170209' AND myReport.status = 'js' LIMIT 0,4   [ RunTime:0.0002s ]
INFO: [ view_parse ] --START--
INFO: [ template_filter ] --START--
INFO: Run Behavior\ContentReplaceBehavior [ RunTime:0.000083s ]
INFO: [ template_filter ] --END-- [ RunTime:0.000119s ]
INFO: Run Behavior\ParseTemplateBehavior [ RunTime:0.006565s ]
INFO: [ view_parse ] --END-- [ RunTime:0.006600s ]
INFO: [ view_filter ] --START--
INFO: Run Behavior\WriteHtmlCacheBehavior [ RunTime:0.000100s ]
INFO: [ view_filter ] --END-- [ RunTime:0.000125s ]
INFO: [ app_end ] --START--
INFO: Run Behavior\ShowPageTraceBehavior [ RunTime:0.000327s ]
INFO: [ app_end ] --END-- [ RunTime:0.000361s ]

[ 2017-03-10T17:22:22+08:00 ] 116.226.184.99 /index.php/Student/report/index/status/js/agent/agent.js?_=1489137714625
INFO: [ app_begin ] --START--
INFO: Run Behavior\ReadHtmlCacheBehavior [ RunTime:0.000288s ]
INFO: [ app_begin ] --END-- [ RunTime:0.000511s ]
SQL: SHOW COLUMNS FROM `dg_report` [ RunTime:0.0006s ]
SQL: SHOW COLUMNS FROM `dg_student` [ RunTime:0.0004s ]
SQL: SHOW COLUMNS FROM `dg_class` [ RunTime:0.0003s ]
SQL: SELECT COUNT(*) AS tp_count FROM dg_report myReport  JOIN dg_student Student ON myReport.student_id = Student.studentno  JOIN dg_class Class ON Student.classno=Class.id WHERE myReport.student_id = '20170209' AND myReport.status = 'js' LIMIT 1   [ RunTime:0.0002s ]
SQL: SHOW COLUMNS FROM `dg_corporation` [ RunTime:0.0003s ]
SQL: SELECT * FROM `dg_corporation` WHERE ( id=2 ) LIMIT 1   [ RunTime:0.0002s ]
SQL: SELECT myReport.id AS id,myReport.pubtime AS pubtime,myReport.student_id AS student_id,myReport.status AS status,Student.id AS sid,Student.studentno AS studentno,Student.name AS name,Student.classno AS classno,Class.id AS cid,Class.classname AS classname FROM dg_report myReport  JOIN dg_student Student ON myReport.student_id = Student.studentno  JOIN dg_class Class ON Student.classno=Class.id WHERE myReport.student_id = '20170209' AND myReport.status = 'js' LIMIT 0,4   [ RunTime:0.0002s ]
INFO: [ view_parse ] --START--
INFO: [ template_filter ] --START--
INFO: Run Behavior\ContentReplaceBehavior [ RunTime:0.000085s ]
INFO: [ template_filter ] --END-- [ RunTime:0.000122s ]
INFO: Run Behavior\ParseTemplateBehavior [ RunTime:0.006482s ]
INFO: [ view_parse ] --END-- [ RunTime:0.006515s ]
INFO: [ view_filter ] --START--
INFO: Run Behavior\WriteHtmlCacheBehavior [ RunTime:0.000097s ]
INFO: [ view_filter ] --END-- [ RunTime:0.000123s ]
INFO: [ app_end ] --START--
INFO: Run Behavior\ShowPageTraceBehavior [ RunTime:0.000321s ]
INFO: [ app_end ] --END-- [ RunTime:0.000360s ]

[ 2017-03-10T17:22:23+08:00 ] 116.226.184.99 /index.php/Student/report/index/status/js/agent/agent.js?_=1489137715651
INFO: [ app_begin ] --START--
INFO: Run Behavior\ReadHtmlCacheBehavior [ RunTime:0.000283s ]
INFO: [ app_begin ] --END-- [ RunTime:0.000508s ]
SQL: SHOW COLUMNS FROM `dg_report` [ RunTime:0.0005s ]
SQL: SHOW COLUMNS FROM `dg_student` [ RunTime:0.0004s ]
SQL: SHOW COLUMNS FROM `dg_class` [ RunTime:0.0003s ]
SQL: SELECT COUNT(*) AS tp_count FROM dg_report myReport  JOIN dg_student Student ON myReport.student_id = Student.studentno  JOIN dg_class Class ON Student.classno=Class.id WHERE myReport.student_id = '20170209' AND myReport.status = 'js' LIMIT 1   [ RunTime:0.0002s ]
SQL: SHOW COLUMNS FROM `dg_corporation` [ RunTime:0.0003s ]
SQL: SELECT * FROM `dg_corporation` WHERE ( id=2 ) LIMIT 1   [ RunTime:0.0002s ]
SQL: SELECT myReport.id AS id,myReport.pubtime AS pubtime,myReport.student_id AS student_id,myReport.status AS status,Student.id AS sid,Student.studentno AS studentno,Student.name AS name,Student.classno AS classno,Class.id AS cid,Class.classname AS classname FROM dg_report myReport  JOIN dg_student Student ON myReport.student_id = Student.studentno  JOIN dg_class Class ON Student.classno=Class.id WHERE myReport.student_id = '20170209' AND myReport.status = 'js' LIMIT 0,4   [ RunTime:0.0002s ]
INFO: [ view_parse ] --START--
INFO: [ template_filter ] --START--
INFO: Run Behavior\ContentReplaceBehavior [ RunTime:0.000086s ]
INFO: [ template_filter ] --END-- [ RunTime:0.000119s ]
INFO: Run Behavior\ParseTemplateBehavior [ RunTime:0.006505s ]
INFO: [ view_parse ] --END-- [ RunTime:0.006539s ]
INFO: [ view_filter ] --START--
INFO: Run Behavior\WriteHtmlCacheBehavior [ RunTime:0.000097s ]
INFO: [ view_filter ] --END-- [ RunTime:0.000122s ]
INFO: [ app_end ] --START--
INFO: Run Behavior\ShowPageTraceBehavior [ RunTime:0.000334s ]
INFO: [ app_end ] --END-- [ RunTime:0.000366s ]

[ 2017-03-10T17:22:23+08:00 ] 116.226.184.99 /index.php/Student/report/index/status/js/agent/agent.js?_=1489137716185
INFO: [ app_begin ] --START--
INFO: Run Behavior\ReadHtmlCacheBehavior [ RunTime:0.000328s ]
INFO: [ app_begin ] --END-- [ RunTime:0.000547s ]
SQL: SHOW COLUMNS FROM `dg_report` [ RunTime:0.0006s ]
SQL: SHOW COLUMNS FROM `dg_student` [ RunTime:0.0004s ]
SQL: SHOW COLUMNS FROM `dg_class` [ RunTime:0.0003s ]
SQL: SELECT COUNT(*) AS tp_count FROM dg_report myReport  JOIN dg_student Student ON myReport.student_id = Student.studentno  JOIN dg_class Class ON Student.classno=Class.id WHERE myReport.student_id = '20170209' AND myReport.status = 'js' LIMIT 1   [ RunTime:0.0002s ]
SQL: SHOW COLUMNS FROM `dg_corporation` [ RunTime:0.0003s ]
SQL: SELECT * FROM `dg_corporation` WHERE ( id=2 ) LIMIT 1   [ RunTime:0.0002s ]
SQL: SELECT myReport.id AS id,myReport.pubtime AS pubtime,myReport.student_id AS student_id,myReport.status AS status,Student.id AS sid,Student.studentno AS studentno,Student.name AS name,Student.classno AS classno,Class.id AS cid,Class.classname AS classname FROM dg_report myReport  JOIN dg_student Student ON myReport.student_id = Student.studentno  JOIN dg_class Class ON Student.classno=Class.id WHERE myReport.student_id = '20170209' AND myReport.status = 'js' LIMIT 0,4   [ RunTime:0.0002s ]
INFO: [ view_parse ] --START--
INFO: [ template_filter ] --START--
INFO: Run Behavior\ContentReplaceBehavior [ RunTime:0.000081s ]
INFO: [ template_filter ] --END-- [ RunTime:0.000114s ]
INFO: Run Behavior\ParseTemplateBehavior [ RunTime:0.006854s ]
INFO: [ view_parse ] --END-- [ RunTime:0.006890s ]
INFO: [ view_filter ] --START--
INFO: Run Behavior\WriteHtmlCacheBehavior [ RunTime:0.000100s ]
INFO: [ view_filter ] --END-- [ RunTime:0.000126s ]
INFO: [ app_end ] --START--
INFO: Run Behavior\ShowPageTraceBehavior [ RunTime:0.000345s ]
INFO: [ app_end ] --END-- [ RunTime:0.000380s ]

[ 2017-03-10T17:22:24+08:00 ] 116.226.184.99 /index.php/Student/report/index/status/js/agent/agent.js?_=1489137717442
INFO: [ app_begin ] --START--
INFO: Run Behavior\ReadHtmlCacheBehavior [ RunTime:0.000297s ]
INFO: [ app_begin ] --END-- [ RunTime:0.000511s ]
SQL: SHOW COLUMNS FROM `dg_report` [ RunTime:0.0006s ]
SQL: SHOW COLUMNS FROM `dg_student` [ RunTime:0.0004s ]
SQL: SHOW COLUMNS FROM `dg_class` [ RunTime:0.0003s ]
SQL: SELECT COUNT(*) AS tp_count FROM dg_report myReport  JOIN dg_student Student ON myReport.student_id = Student.studentno  JOIN dg_class Class ON Student.classno=Class.id WHERE myReport.student_id = '20170209' AND myReport.status = 'js' LIMIT 1   [ RunTime:0.0002s ]
SQL: SHOW COLUMNS FROM `dg_corporation` [ RunTime:0.0003s ]
SQL: SELECT * FROM `dg_corporation` WHERE ( id=2 ) LIMIT 1   [ RunTime:0.0002s ]
SQL: SELECT myReport.id AS id,myReport.pubtime AS pubtime,myReport.student_id AS student_id,myReport.status AS status,Student.id AS sid,Student.studentno AS studentno,Student.name AS name,Student.classno AS classno,Class.id AS cid,Class.classname AS classname FROM dg_report myReport  JOIN dg_student Student ON myReport.student_id = Student.studentno  JOIN dg_class Class ON Student.classno=Class.id WHERE myReport.student_id = '20170209' AND myReport.status = 'js' LIMIT 0,4   [ RunTime:0.0002s ]
INFO: [ view_parse ] --START--
INFO: [ template_filter ] --START--
INFO: Run Behavior\ContentReplaceBehavior [ RunTime:0.000091s ]
INFO: [ template_filter ] --END-- [ RunTime:0.000126s ]
INFO: Run Behavior\ParseTemplateBehavior [ RunTime:0.006499s ]
INFO: [ view_parse ] --END-- [ RunTime:0.006533s ]
INFO: [ view_filter ] --START--
INFO: Run Behavior\WriteHtmlCacheBehavior [ RunTime:0.000098s ]
INFO: [ view_filter ] --END-- [ RunTime:0.000124s ]
INFO: [ app_end ] --START--
INFO: Run Behavior\ShowPageTraceBehavior [ RunTime:0.000323s ]
INFO: [ app_end ] --END-- [ RunTime:0.000357s ]

[ 2017-03-10T17:22:26+08:00 ] 116.226.184.99 /index.php/student/report/js/agent/agent.js?_=1489137718778
INFO: [ app_begin ] --START--
INFO: Run Behavior\ReadHtmlCacheBehavior [ RunTime:0.000291s ]
INFO: [ app_begin ] --END-- [ RunTime:0.000500s ]
ERR: 非法操作:js

[ 2017-03-10T17:24:04+08:00 ] 116.226.184.99 /index.php?m=student&c=report&a=add
INFO: [ app_begin ] --START--
INFO: Run Behavior\ReadHtmlCacheBehavior [ RunTime:0.000305s ]
INFO: [ app_begin ] --END-- [ RunTime:0.000523s ]
NOTIC: [8] Undefined index: id /var/www/html/Application/Student/Controller/ReportController.class.php 第 44 行.
SQL: SHOW COLUMNS FROM `dg_report` [ RunTime:0.0005s ]
SQL: INSERT INTO `dg_report` (`title`,`content`,`pic`,`address`,`student_id`,`pubtime`) VALUES ('6','增加新周报，提示语界增加新周报，提示语界增加新周报，提示语界增加新周报，提示语界增加新周报，提示语界增加新周报，提示语界增加新周报，提示语界增加新周报，提示语界增加新周报，提示语界增加新周报，提示语界增加新周报，提示语界增加新周报，提示语界增加新周报，提示语界增加新周报，提示语界增加新周报，提示语界增加新周报，提示语界v增加新周报，提示语界增加新周报，提示语界增加新周报，提示语界增加新周报，提示语界增加新周报，提示语界增加新周报，提示语界增加新周报，提示语界增加新周报，提示语界增加新周报，提示语界增加新周报，提示语界增加新周报，提示语界增加新周报，提示语界增加新周报，提示语界增加新周报，提示语界增加新周报，提示语界增加新周报，提示语界增加新周报，提示语界增加新周报，提示语界增加新周报，提示语界增加新周报，提示语界增加新周报，提示语界增加新周报，提示语界增加新周报，提示语界增加新周报，提示语界增加新周报，提示语界增加新周报，提示语界增加新周报，提示语界增加新周报，提示语界增加新周报，提示语界增加新周报，提示语界增加新周报，提示语界增加新周报，提示语界增加新周报，提示语界增加新周报，提示语界增加新周报，提示语界增加新周报，提示语界增加新周报，提示语界增加新周报，提示语界增加新周报，提示语界增加新周报，提示语界增加新周报，提示语界增加新周报，提示语界增加新周报，提示语界增加新周报，提示语界增加新周报，提示语界增加新周报，提示语界增加新周报，提示语界增加新周报，提示语界增加新周报，提示语界增加新周报，提示语界增加新周报，提示语界增加新周报，提示语界增加新周报，提示语界增加新周报，提示语界增加新周报，提示语界增加新周报，提示语界增加新周报，提示语界增加新周报，提示语界增加新周报，提示语界增加新周报，提示语界增加新周报，提示语界增加新周报，提示语界增加新周报，提示语界增加新周报，提示语界增加新周报，提示语界增加新周报，提示语界增加新周报，提示语界增加新周报，提示语界增加新周报，提示语界增加新周报，提示语界增加新周报，提示语界增加新周报，提示语界增加新周报，提示语界增加新周报，提示语界增加新周报，提示语界增加新周报，提示语界增加新周报，提示语界增加新周报，提示语界增加新周报，提示语界增加新周报，提示语界增加新周报，提示语界增加新周报，提示语界增加新周报，提示语界增加新周报，提示语界增加新周报，提示语界增加新周报，提示语界增加新周报，提示语界增加新周报，提示语界增加新周报，提示语界增加新周报，提示语界增加新周报，提示语界增加新周报，提示语界增加新周报，提示语界增加新周报，提示语界增加新周报，提示语界增加新周报，提示语界增加新周报，提示语界增加新周报，提示语界增加新周报，提示语界增加新周报，提示语界增加新周报，提示语界增加新周报，提示语界增加新周报，提示语界增加新周报，提示语界增加新周报，提示语界增加新周报，提示语界增加新周报，提示语界增加新周报，提示语界增加新周报，提示语界增加新周报，提示语界增加新周报，提示语界增加新周报，提示语界增加新周报，提示语界增加新周报，提示语界增加新周报，提示语界增加新周报，提示语界增加新周报，提示语界增加新周报，提示语界增加新周报，提示语界增加新周报，提示语界增加新周报，提示语界增加新周报，提示语界增加新周报，提示语界增加新周报，提示语界增加新周报，提示语界增加新周报，提示语界增加新周报，提示语界增加新周报，提示语界增加新周报，提示语界增加新周报，提示语界增加新周报，提示语界增加新周报，提示语界增加新周报，提示语界增加新周报，提示语界增加新周报，提示语界增加新周报，提示语界增加新周报，提示语界增加新周报，提示语界增加新周报，提示语界增加新周报，提示语界增加新周报，提示语界增加新周报，提示语界增加新周报，提示语界增加新周报，提示语界增加新周报，提示语界增加新周报，提示语界增加新周报，提示语界增加新周报，提示语界增加新周报，提示语界增加新周报，提示语界增加新周报，提示语界增加新周报，提示语界增加新周报，提示语界增加新周报，提示语界增加新周报，提示语界增加新周报，提示语界增加新周报，提示语界增加新周报，提示语界增加新周报，提示语界增加新周报，提示语界增加新周报，提示语界增加新周报，提示语界增加新周报，提示语界增加新周报，提示语界增加新周报，提示语界增加新周报，提示语界增加新周报，提示语界增加新周报，提示语界增加新周报，提示语界增加新周报，提示语界增加新周报，提示语界增加新周报，提示语界增加新周报，提示语界增加新周报，提示语界增加新周报，提示语界增加新周报，提示语界增加新周报，提示语界增加新周报，提示语界增加新周报，提示语界增加新周报，提示语界增加新周报，提示语界增加新周报，提示语界增加新周报，提示语界增加新周报，提示语界增加新周报，提示语界增加新周报，提示语界增加新周报，提示语界增加新周报，提示语界增加新周报，提示语界增加新周报，提示语界增加新周报，提示语界增加新周报，提示语界增加新周报，提示语界增加新周报，提示语界增加新周报，提示语界增加新周报，提示语界增加新周报，提示语界增加新周报，提示语界增加新周报，提示语界增加新周报，提示语界增加新周报，提示语界增加新周报，提示语界增加新周报，提示语界增加新周报，提示语界增加新周报，提示语界增加新周报，提示语界增加新周报，提示语界增加新周报，提示语界增加新周报，提示语界增加新周报，提示语界增加新周报，提示语界增加新周报，提示语界增加新周报，提示语界增加新周报，提示语界增加新周报，提示语界增加新周报，提示语界增加新周报，提示语界增加新周报，提示语界增加新周报，提示语界增加新周报，提示语界增加新周报，提示语界增加新周报，提示语界增加新周报，提示语界增加新周报，提示语界增加新周报，提示语界增加新周报，提示语界增加新周报，提示语界增加新周报，提示语界增加新周报，提示语界增加新周报，提示语界增加新周报，提示语界增加新周报，提示语界增加新周报，提示语界增加新周报，提示语界增加新周报，提示语界增加新周报，提示语界增加新周报，提示语界增加新周报，提示语界增加新周报，提示语界增加新周报，提示语界增加新周报，提示语界增加新周报，提示语界增加新周报，提示语界增加新周报，提示语界增加新周报，提示语界增加新周报，提示语界增加新周报，提示语界增加新周报，提示语界增加新周报，提示语界增加新周报，提示语界增加新周报，提示语界增加新周报，提示语界增加新周报，提示语界增加新周报，提示语界增加新周报，提示语界增加新周报，提示语界增加新周报，提示语界增加新周报，提示语界增加新周报，提示语界增加新周报，提示语界增加新周报，提示语界增加新周报，提示语界增加新周报，提示语界增加新周报，提示语界增加新周报，提示语界增加新周报，提示语界增加新周报，提示语界增加新周报，提示语界增加新周报，提示语界增加新周报，提示语界增加新周报，提示语界增加新周报，提示语界增加新周报，提示语界增加新周报，提示语界增加新周报，提示语界增加新周报，提示语界','','6','20170209','2017-03-10 :17:24:04') [ RunTime:0.0003s ]

[ 2017-03-10T17:24:15+08:00 ] 116.226.184.99 /index.php/Student/report/index/status/js/agent/agent.js?_=1489137827942
INFO: [ app_begin ] --START--
INFO: Run Behavior\ReadHtmlCacheBehavior [ RunTime:0.000286s ]
INFO: [ app_begin ] --END-- [ RunTime:0.000520s ]
SQL: SHOW COLUMNS FROM `dg_report` [ RunTime:0.0006s ]
SQL: SHOW COLUMNS FROM `dg_student` [ RunTime:0.0004s ]
SQL: SHOW COLUMNS FROM `dg_class` [ RunTime:0.0003s ]
SQL: SELECT COUNT(*) AS tp_count FROM dg_report myReport  JOIN dg_student Student ON myReport.student_id = Student.studentno  JOIN dg_class Class ON Student.classno=Class.id WHERE myReport.student_id = '20170209' AND myReport.status = 'js' LIMIT 1   [ RunTime:0.0002s ]
SQL: SHOW COLUMNS FROM `dg_corporation` [ RunTime:0.0003s ]
SQL: SELECT * FROM `dg_corporation` WHERE ( id=2 ) LIMIT 1   [ RunTime:0.0002s ]
SQL: SELECT myReport.id AS id,myReport.pubtime AS pubtime,myReport.student_id AS student_id,myReport.status AS status,Student.id AS sid,Student.studentno AS studentno,Student.name AS name,Student.classno AS classno,Class.id AS cid,Class.classname AS classname FROM dg_report myReport  JOIN dg_student Student ON myReport.student_id = Student.studentno  JOIN dg_class Class ON Student.classno=Class.id WHERE myReport.student_id = '20170209' AND myReport.status = 'js' LIMIT 0,4   [ RunTime:0.0002s ]
INFO: [ view_parse ] --START--
INFO: [ template_filter ] --START--
INFO: Run Behavior\ContentReplaceBehavior [ RunTime:0.000083s ]
INFO: [ template_filter ] --END-- [ RunTime:0.000118s ]
INFO: Run Behavior\ParseTemplateBehavior [ RunTime:0.006507s ]
INFO: [ view_parse ] --END-- [ RunTime:0.006541s ]
INFO: [ view_filter ] --START--
INFO: Run Behavior\WriteHtmlCacheBehavior [ RunTime:0.000096s ]
INFO: [ view_filter ] --END-- [ RunTime:0.000122s ]
INFO: [ app_end ] --START--
INFO: Run Behavior\ShowPageTraceBehavior [ RunTime:0.000331s ]
INFO: [ app_end ] --END-- [ RunTime:0.000365s ]

[ 2017-03-10T17:24:19+08:00 ] 116.226.184.99 /index.php/Student/Report/index/pageNum/js/agent/agent.js?_=1489137831959
INFO: [ app_begin ] --START--
INFO: Run Behavior\ReadHtmlCacheBehavior [ RunTime:0.000285s ]
INFO: [ app_begin ] --END-- [ RunTime:0.000496s ]
SQL: SHOW COLUMNS FROM `dg_report` [ RunTime:0.0006s ]
SQL: SHOW COLUMNS FROM `dg_student` [ RunTime:0.0004s ]
SQL: SHOW COLUMNS FROM `dg_class` [ RunTime:0.0003s ]
SQL: SELECT COUNT(*) AS tp_count FROM dg_report myReport  JOIN dg_student Student ON myReport.student_id = Student.studentno  JOIN dg_class Class ON Student.classno=Class.id WHERE myReport.student_id = '20170209' LIMIT 1   [ RunTime:0.0002s ]
SQL: SHOW COLUMNS FROM `dg_corporation` [ RunTime:0.0003s ]
SQL: SELECT * FROM `dg_corporation` WHERE ( id=2 ) LIMIT 1   [ RunTime:0.0002s ]
SQL: SELECT myReport.id AS id,myReport.pubtime AS pubtime,myReport.student_id AS student_id,myReport.status AS status,Student.id AS sid,Student.studentno AS studentno,Student.name AS name,Student.classno AS classno,Class.id AS cid,Class.classname AS classname FROM dg_report myReport  JOIN dg_student Student ON myReport.student_id = Student.studentno  JOIN dg_class Class ON Student.classno=Class.id WHERE myReport.student_id = '20170209' LIMIT 0,4   [ RunTime:0.0002s ]
INFO: [ view_parse ] --START--
INFO: [ template_filter ] --START--
INFO: Run Behavior\ContentReplaceBehavior [ RunTime:0.000085s ]
INFO: [ template_filter ] --END-- [ RunTime:0.000120s ]
INFO: Run Behavior\ParseTemplateBehavior [ RunTime:0.006499s ]
INFO: [ view_parse ] --END-- [ RunTime:0.006533s ]
INFO: [ view_filter ] --START--
INFO: Run Behavior\WriteHtmlCacheBehavior [ RunTime:0.000103s ]
INFO: [ view_filter ] --END-- [ RunTime:0.000129s ]
INFO: [ app_end ] --START--
INFO: Run Behavior\ShowPageTraceBehavior [ RunTime:0.000315s ]
INFO: [ app_end ] --END-- [ RunTime:0.000347s ]

[ 2017-03-10T17:24:29+08:00 ] 116.226.184.99 /index.php/student/report/js/agent/agent.js?_=1489137842421
INFO: [ app_begin ] --START--
INFO: Run Behavior\ReadHtmlCacheBehavior [ RunTime:0.000303s ]
INFO: [ app_begin ] --END-- [ RunTime:0.000559s ]
ERR: 非法操作:js

[ 2017-03-10T17:24:57+08:00 ] 116.226.184.99 /index.php/student/report/js/agent/agent.js?_=1489137869663
INFO: [ app_begin ] --START--
INFO: Run Behavior\ReadHtmlCacheBehavior [ RunTime:0.000297s ]
INFO: [ app_begin ] --END-- [ RunTime:0.000511s ]
ERR: 非法操作:js

[ 2017-03-10T17:24:59+08:00 ] 116.226.184.99 /index.php/student/report/js/agent/agent.js?_=1489137871675
INFO: [ app_begin ] --START--
INFO: Run Behavior\ReadHtmlCacheBehavior [ RunTime:0.000284s ]
INFO: [ app_begin ] --END-- [ RunTime:0.000497s ]
ERR: 非法操作:js

[ 2017-03-10T17:29:21+08:00 ] 116.226.184.99 /index.php/student/report/js/agent/agent.js?_=1489138133545
INFO: [ app_begin ] --START--
INFO: Run Behavior\ReadHtmlCacheBehavior [ RunTime:0.000287s ]
INFO: [ app_begin ] --END-- [ RunTime:0.000530s ]
ERR: 非法操作:js

[ 2017-03-10T17:29:30+08:00 ] 116.226.184.99 /index.php/student/Report/js/agent/agent.js?_=1489138142584
INFO: [ app_begin ] --START--
INFO: Run Behavior\ReadHtmlCacheBehavior [ RunTime:0.000292s ]
INFO: [ app_begin ] --END-- [ RunTime:0.000525s ]
ERR: 非法操作:js

[ 2017-03-10T17:30:17+08:00 ] 116.226.184.99 /index.php?m=student&c=report&a=del
INFO: [ app_begin ] --START--
INFO: Run Behavior\ReadHtmlCacheBehavior [ RunTime:0.000297s ]
INFO: [ app_begin ] --END-- [ RunTime:0.000518s ]

[ 2017-03-10T17:30:25+08:00 ] 116.226.184.99 /index.php?m=student&c=report&a=del
INFO: [ app_begin ] --START--
INFO: Run Behavior\ReadHtmlCacheBehavior [ RunTime:0.000303s ]
INFO: [ app_begin ] --END-- [ RunTime:0.000526s ]
SQL: SHOW COLUMNS FROM `dg_report` [ RunTime:0.0006s ]
SQL: DELETE FROM `dg_report` WHERE ( `id` IN(0,0,0,80) ) [ RunTime:0.0002s ]

[ 2017-03-10T17:30:27+08:00 ] 116.226.184.99 /index.php/student/Report/js/agent/agent.js?_=1489138199650
INFO: [ app_begin ] --START--
INFO: Run Behavior\ReadHtmlCacheBehavior [ RunTime:0.000345s ]
INFO: [ app_begin ] --END-- [ RunTime:0.000562s ]
ERR: 非法操作:js

[ 2017-03-10T19:06:03+08:00 ] 61.235.37.202 /index.php/Student/Apply/index.html
ERR: 1064:You have an error in your SQL syntax; check the manual that corresponds to your MySQL server version for the right syntax to use near ') LIMIT 1' at line 1
 [ SQL语句 ] : SELECT * FROM `dg_practice` WHERE ( student_id= ) LIMIT 1  

[ 2017-03-10T23:12:04+08:00 ] 121.225.28.71 /index.php/student/login/js/agent/agent.js?_=1489158771861
INFO: [ app_begin ] --START--
INFO: Run Behavior\ReadHtmlCacheBehavior [ RunTime:0.000314s ]
INFO: [ app_begin ] --END-- [ RunTime:0.000575s ]
ERR: 非法操作:js

[ 2017-03-10T23:12:11+08:00 ] 121.225.28.71 /index.php?m=student&c=login&a=check
INFO: [ app_begin ] --START--
INFO: Run Behavior\ReadHtmlCacheBehavior [ RunTime:0.000288s ]
INFO: [ app_begin ] --END-- [ RunTime:0.000502s ]
SQL: SHOW COLUMNS FROM `dg_student` [ RunTime:0.0005s ]
SQL: SELECT * FROM `dg_student` WHERE ( name="yfy" ) LIMIT 1   [ RunTime:0.0002s ]

[ 2017-03-10T23:12:16+08:00 ] 121.225.28.71 /index.php/student/Apply/js/agent/agent.js?_=1489158784483
INFO: [ app_begin ] --START--
INFO: Run Behavior\ReadHtmlCacheBehavior [ RunTime:0.000331s ]
INFO: [ app_begin ] --END-- [ RunTime:0.000546s ]
ERR: 非法操作:js

[ 2017-03-10T23:12:23+08:00 ] 121.225.28.71 /index.php?m=student&c=apply&a=delApply
INFO: [ app_begin ] --START--
INFO: Run Behavior\ReadHtmlCacheBehavior [ RunTime:0.000292s ]
INFO: [ app_begin ] --END-- [ RunTime:0.000505s ]
SQL: SHOW COLUMNS FROM `dg_practice` [ RunTime:0.0006s ]
SQL: DELETE FROM `dg_practice` WHERE ( id=49 ) [ RunTime:0.0002s ]

[ 2017-03-10T23:12:27+08:00 ] 121.225.28.71 /index.php/student/Apply/js/agent/agent.js?_=1489158795412
INFO: [ app_begin ] --START--
INFO: Run Behavior\ReadHtmlCacheBehavior [ RunTime:0.000297s ]
INFO: [ app_begin ] --END-- [ RunTime:0.000520s ]
ERR: 非法操作:js

[ 2017-03-10T23:12:34+08:00 ] 121.225.28.71 /index.php?m=student&c=apply&a=delApply
INFO: [ app_begin ] --START--
INFO: Run Behavior\ReadHtmlCacheBehavior [ RunTime:0.000320s ]
INFO: [ app_begin ] --END-- [ RunTime:0.000545s ]
SQL: SHOW COLUMNS FROM `dg_practice` [ RunTime:0.0006s ]
SQL: DELETE FROM `dg_practice` WHERE ( id=47 ) [ RunTime:0.0002s ]

[ 2017-03-10T23:12:36+08:00 ] 121.225.28.71 /index.php/student/Apply/js/agent/agent.js?_=1489158804332
INFO: [ app_begin ] --START--
INFO: Run Behavior\ReadHtmlCacheBehavior [ RunTime:0.000296s ]
INFO: [ app_begin ] --END-- [ RunTime:0.000506s ]
ERR: 非法操作:js

[ 2017-03-10T23:14:45+08:00 ] 121.225.28.71 /index.php/student/apply/js/agent/agent.js?_=1489158933558
INFO: [ app_begin ] --START--
INFO: Run Behavior\ReadHtmlCacheBehavior [ RunTime:0.000297s ]
INFO: [ app_begin ] --END-- [ RunTime:0.000520s ]
ERR: 非法操作:js

[ 2017-03-10T23:14:49+08:00 ] 121.225.28.71 /index.php?m=student&c=apply&a=delChange
INFO: [ app_begin ] --START--
INFO: Run Behavior\ReadHtmlCacheBehavior [ RunTime:0.000296s ]
INFO: [ app_begin ] --END-- [ RunTime:0.000519s ]
SQL: SHOW COLUMNS FROM `dg_change` [ RunTime:0.0005s ]
SQL: DELETE FROM `dg_change` WHERE ( id=29 ) [ RunTime:0.0001s ]

[ 2017-03-10T23:14:51+08:00 ] 121.225.28.71 /index.php/student/apply/js/agent/agent.js?_=1489158938998
INFO: [ app_begin ] --START--
INFO: Run Behavior\ReadHtmlCacheBehavior [ RunTime:0.000286s ]
INFO: [ app_begin ] --END-- [ RunTime:0.000507s ]
ERR: 非法操作:js

[ 2017-03-10T23:14:55+08:00 ] 121.225.28.71 /index.php?m=student&c=apply&a=delChange
INFO: [ app_begin ] --START--
INFO: Run Behavior\ReadHtmlCacheBehavior [ RunTime:0.000306s ]
INFO: [ app_begin ] --END-- [ RunTime:0.000554s ]
SQL: SHOW COLUMNS FROM `dg_change` [ RunTime:0.0006s ]
SQL: DELETE FROM `dg_change` WHERE ( id=27 ) [ RunTime:0.0001s ]

[ 2017-03-10T23:14:56+08:00 ] 121.225.28.71 /index.php/student/apply/js/agent/agent.js?_=1489158944777
INFO: [ app_begin ] --START--
INFO: Run Behavior\ReadHtmlCacheBehavior [ RunTime:0.000298s ]
INFO: [ app_begin ] --END-- [ RunTime:0.000518s ]
ERR: 非法操作:js

[ 2017-03-10T23:15:01+08:00 ] 121.225.28.71 /index.php?m=student&c=apply&a=delChange
INFO: [ app_begin ] --START--
INFO: Run Behavior\ReadHtmlCacheBehavior [ RunTime:0.000291s ]
INFO: [ app_begin ] --END-- [ RunTime:0.000498s ]
SQL: SHOW COLUMNS FROM `dg_change` [ RunTime:0.0005s ]
SQL: DELETE FROM `dg_change` WHERE ( id=28 ) [ RunTime:0.0001s ]

[ 2017-03-10T23:15:03+08:00 ] 121.225.28.71 /index.php/student/apply/js/agent/agent.js?_=1489158951767
INFO: [ app_begin ] --START--
INFO: Run Behavior\ReadHtmlCacheBehavior [ RunTime:0.000309s ]
INFO: [ app_begin ] --END-- [ RunTime:0.000518s ]
ERR: 非法操作:js

[ 2017-03-10T23:48:15+08:00 ] 121.225.28.71 /index.php/student/Report/js/agent/agent.js?_=1489160943423
INFO: [ app_begin ] --START--
INFO: Run Behavior\ReadHtmlCacheBehavior [ RunTime:0.000287s ]
INFO: [ app_begin ] --END-- [ RunTime:0.000506s ]
ERR: 非法操作:js

[ 2017-03-10T23:48:19+08:00 ] 121.225.28.71 /index.php/student/report/js/agent/agent.js?_=1489160947449
INFO: [ app_begin ] --START--
INFO: Run Behavior\ReadHtmlCacheBehavior [ RunTime:0.000297s ]
INFO: [ app_begin ] --END-- [ RunTime:0.000510s ]
ERR: 非法操作:js

[ 2017-03-10T23:48:51+08:00 ] 121.225.28.71 /index.php?m=student&c=report&a=add
INFO: [ app_begin ] --START--
INFO: Run Behavior\ReadHtmlCacheBehavior [ RunTime:0.000296s ]
INFO: [ app_begin ] --END-- [ RunTime:0.000510s ]

[ 2017-03-10T23:48:57+08:00 ] 121.225.28.71 /index.php?m=student&c=report&a=add
INFO: [ app_begin ] --START--
INFO: Run Behavior\ReadHtmlCacheBehavior [ RunTime:0.000289s ]
INFO: [ app_begin ] --END-- [ RunTime:0.000511s ]
NOTIC: [8] Undefined index: id /var/www/html/Application/Student/Controller/ReportController.class.php 第 44 行.
SQL: SHOW COLUMNS FROM `dg_report` [ RunTime:0.0005s ]
SQL: INSERT INTO `dg_report` (`title`,`content`,`pic`,`address`,`student_id`,`pubtime`) VALUES ('0000000000','000000000000000000000000000000000000000000000000000000000000000000000000','','kkkkkkk','20170209','2017-03-10 :23:48:57') [ RunTime:0.0002s ]

[ 2017-03-10T23:51:09+08:00 ] 121.225.28.71 /index.php/student/report/js/agent/agent.js?_=1489161117120
INFO: [ app_begin ] --START--
INFO: Run Behavior\ReadHtmlCacheBehavior [ RunTime:0.000300s ]
INFO: [ app_begin ] --END-- [ RunTime:0.000513s ]
ERR: 非法操作:js

[ 2017-03-10T23:51:22+08:00 ] 121.225.28.71 /index.php?m=student&c=report&a=add
INFO: [ app_begin ] --START--
INFO: Run Behavior\ReadHtmlCacheBehavior [ RunTime:0.000300s ]
INFO: [ app_begin ] --END-- [ RunTime:0.000523s ]
NOTIC: [8] Undefined index: id /var/www/html/Application/Student/Controller/ReportController.class.php 第 44 行.
SQL: SHOW COLUMNS FROM `dg_report` [ RunTime:0.0006s ]
SQL: INSERT INTO `dg_report` (`title`,`content`,`pic`,`address`,`student_id`,`pubtime`) VALUES ('999999999999999999999','999999999999999999999999999999999999999','','kkkkkkkkkkkkkkkkkkkkkkkkkkk','20170209','2017-03-10 :23:51:22') [ RunTime:0.0002s ]

[ 2017-03-10T23:56:40+08:00 ] 121.225.28.71 /index.php/student/report/js/agent/agent.js?_=1489161448847
INFO: [ app_begin ] --START--
INFO: Run Behavior\ReadHtmlCacheBehavior [ RunTime:0.000286s ]
INFO: [ app_begin ] --END-- [ RunTime:0.000520s ]
ERR: 非法操作:js

[ 2017-03-10T23:56:52+08:00 ] 121.225.28.71 /index.php/student/report/js/agent/agent.js?_=1489161460010
INFO: [ app_begin ] --START--
INFO: Run Behavior\ReadHtmlCacheBehavior [ RunTime:0.000326s ]
INFO: [ app_begin ] --END-- [ RunTime:0.000561s ]
ERR: 非法操作:js

[ 2017-03-10T23:58:34+08:00 ] 121.225.28.71 /index.php/student/report/js/agent/agent.js?_=1489161562281
INFO: [ app_begin ] --START--
INFO: Run Behavior\ReadHtmlCacheBehavior [ RunTime:0.000285s ]
INFO: [ app_begin ] --END-- [ RunTime:0.000498s ]
ERR: 非法操作:js

[ 2017-03-10T23:58:36+08:00 ] 121.225.28.71 /index.php/student/report/js/agent/agent.js?_=1489161564868
INFO: [ app_begin ] --START--
INFO: Run Behavior\ReadHtmlCacheBehavior [ RunTime:0.000305s ]
INFO: [ app_begin ] --END-- [ RunTime:0.000534s ]
ERR: 非法操作:js

[ 2017-03-10T23:58:43+08:00 ] 121.225.28.71 /index.php?m=student&c=report&a=add
INFO: [ app_begin ] --START--
INFO: Run Behavior\ReadHtmlCacheBehavior [ RunTime:0.000350s ]
INFO: [ app_begin ] --END-- [ RunTime:0.000578s ]
NOTIC: [8] Undefined index: id /var/www/html/Application/Student/Controller/ReportController.class.php 第 44 行.
SQL: SHOW COLUMNS FROM `dg_report` [ RunTime:0.0006s ]
SQL: INSERT INTO `dg_report` (`title`,`content`,`pic`,`address`,`student_id`,`pubtime`) VALUES ('111','111','','111','20170209','2017-03-10 :23:58:43') [ RunTime:0.0002s ]

[ 2017-03-10T23:59:48+08:00 ] 121.225.28.71 /index.php/student/report/js/agent/agent.js?_=1489161636740
INFO: [ app_begin ] --START--
INFO: Run Behavior\ReadHtmlCacheBehavior [ RunTime:0.000303s ]
INFO: [ app_begin ] --END-- [ RunTime:0.000530s ]
ERR: 非法操作:js

[ 2017-03-10T23:59:51+08:00 ] 121.225.28.71 /index.php?m=student&c=report&a=del
INFO: [ app_begin ] --START--
INFO: Run Behavior\ReadHtmlCacheBehavior [ RunTime:0.000298s ]
INFO: [ app_begin ] --END-- [ RunTime:0.000514s ]
SQL: SHOW COLUMNS FROM `dg_report` [ RunTime:0.0005s ]
SQL: DELETE FROM `dg_report` WHERE ( `id` IN(88) ) [ RunTime:0.0002s ]

[ 2017-03-10T23:59:57+08:00 ] 121.225.28.71 /index.php/student/report/js/agent/agent.js?_=1489161645278
INFO: [ app_begin ] --START--
INFO: Run Behavior\ReadHtmlCacheBehavior [ RunTime:0.000344s ]
INFO: [ app_begin ] --END-- [ RunTime:0.000566s ]
ERR: 非法操作:js

