[ 2017-03-02T13:26:16+08:00 ] ::1 /shixi/index.php/Home/Image/index.html
ERR: SQLSTATE[HY000] [1045] Access denied for user 'root'@'localhost' (using password: YES)

[ 2017-03-02T13:31:08+08:00 ] ::1 /shixi/index.php/Home/Image/index.html
ERR: 1146:Table 'shixi.dg_upload_image' doesn't exist
 [ SQL语句 ] : SHOW COLUMNS FROM `dg_upload_image`

[ 2017-03-02T13:31:51+08:00 ] ::1 /shixi/index.php/Home/Image/index.html
ERR: 1146:Table 'shixi.dg_upload_image' doesn't exist
 [ SQL语句 ] : SHOW COLUMNS FROM `dg_upload_image`

[ 2017-03-02T13:32:04+08:00 ] ::1 /shixi/index.php/Home/Image/index.html
ERR: 1146:Table 'shixi.dg_upload_image' doesn't exist
 [ SQL语句 ] : SHOW COLUMNS FROM `dg_upload_image`

[ 2017-03-02T13:35:44+08:00 ] ::1 /shixi/index.php/Home/Image/index.html
ERR: 1146:Table 'shixi.dg_upload_image' doesn't exist
 [ SQL语句 ] : SHOW COLUMNS FROM `dg_upload_image`

[ 2017-03-02T13:39:45+08:00 ] ::1 /shixi/index.php/Home/Image/index.html
ERR: 1146:Table 'shixi.dg_upload_image' doesn't exist
 [ SQL语句 ] : SHOW COLUMNS FROM `dg_upload_image`

[ 2017-03-02T13:40:23+08:00 ] ::1 /shixi/index.php/Home/Image/index.html
ERR: Think\Model:imageUpload方法不存在！

[ 2017-03-02T13:41:13+08:00 ] ::1 /shixi/index.php/Home/Image/index.html
ERR: Think\Model:imageUpload方法不存在！

[ 2017-03-02T13:41:59+08:00 ] ::1 /shixi/index.php/Home/Image/index.html
ERR: Think\Model:imageUpload方法不存在！

[ 2017-03-02T13:44:29+08:00 ] ::1 /shixi/index.php/Home/Image/index.html
ERR: Think\Model:imageUpload方法不存在！

[ 2017-03-02T13:45:12+08:00 ] ::1 /shixi/index.php/Home/Image/index.html
ERR: Think\Model:imageUpload方法不存在！

[ 2017-03-02T13:46:36+08:00 ] ::1 /shixi/index.php/Home/Image/index.html
ERR: Think\Model:imageUpload方法不存在！

[ 2017-03-02T13:47:22+08:00 ] ::1 /shixi/index.php/Home/Image/index.html
ERR: Think\Model:imageUpload方法不存在！

