[ 2017-02-21T20:18:18+08:00 ] 117.152.93.95 /index.php/Home/Login/index.html?password=123&username=yfy
ERR: 无法加载控制器:Login

[ 2017-02-21T20:24:15+08:00 ] 117.152.93.95 /index.php/Home/Login/index.html?username=%27yfy%27&password=%27123%27
ERR: 无法加载控制器:Login

[ 2017-02-21T20:25:15+08:00 ] 117.152.93.95 /index.php/Home/Login/index.html
ERR: 无法加载控制器:Login

[ 2017-02-21T20:27:16+08:00 ] 49.77.217.198 /index.php/Home/Login/index.html
ERR: 无法加载控制器:Login

[ 2017-02-21T20:29:04+08:00 ] 117.152.93.95 /index.php/Home/Login/index.html
ERR: 无法加载控制器:Login

[ 2017-02-21T20:29:08+08:00 ] 117.152.93.95 /index.php/Home/Login/index.html?username=%27yfy%27&password=%27123%27
ERR: 无法加载控制器:Login

[ 2017-02-21T20:29:27+08:00 ] 117.152.93.95 /index.php/Home/Login/index.html
ERR: 无法加载控制器:Login

[ 2017-02-21T20:29:37+08:00 ] 117.185.27.115 /index.php/Home/Login/index.html
ERR: 无法加载控制器:Login

[ 2017-02-21T20:30:35+08:00 ] 117.152.93.95 /index.php/Home/Login/index.html
ERR: 无法加载控制器:Login

[ 2017-02-21T20:30:39+08:00 ] 117.152.93.95 /index.php/Home/Login/index.html
ERR: 无法加载控制器:Login

[ 2017-02-21T21:03:24+08:00 ] 117.152.93.95 /index.php/Home/Report/index.html
INFO: [ app_begin ] --START--
INFO: Run Behavior\ReadHtmlCacheBehavior [ RunTime:0.000279s ]
INFO: [ app_begin ] --END-- [ RunTime:0.000494s ]
NOTIC: [8] Undefined index: data /var/www/html/Application/Home/Controller/ReportController.class.php 第 6 行.
NOTIC: [2] Invalid argument supplied for foreach() /var/www/html/Application/Home/Controller/ReportController.class.php 第 7 行.
NOTIC: [8] Undefined index: student_id /var/www/html/Application/Home/Controller/ReportController.class.php 第 12 行.
NOTIC: [8] Undefined index: teacher_id /var/www/html/Application/Home/Controller/ReportController.class.php 第 15 行.
NOTIC: [8] Undefined index: status /var/www/html/Application/Home/Controller/ReportController.class.php 第 18 行.
NOTIC: [8] Undefined index: id /var/www/html/Application/Home/Controller/ReportController.class.php 第 21 行.
SQL: SHOW COLUMNS FROM `dg_report` [ RunTime:0.0005s ]
SQL: SELECT * FROM `dg_report` WHERE `isDel` = 0  [ RunTime:0.0001s ]

[ 2017-02-21T21:03:37+08:00 ] 117.152.93.95 /index.php/Home/Report/index.html
INFO: [ app_begin ] --START--
INFO: Run Behavior\ReadHtmlCacheBehavior [ RunTime:0.000283s ]
INFO: [ app_begin ] --END-- [ RunTime:0.000497s ]
NOTIC: [8] Undefined index: data /var/www/html/Application/Home/Controller/ReportController.class.php 第 6 行.
NOTIC: [2] Invalid argument supplied for foreach() /var/www/html/Application/Home/Controller/ReportController.class.php 第 7 行.
NOTIC: [8] Undefined index: student_id /var/www/html/Application/Home/Controller/ReportController.class.php 第 12 行.
NOTIC: [8] Undefined index: teacher_id /var/www/html/Application/Home/Controller/ReportController.class.php 第 15 行.
NOTIC: [8] Undefined index: status /var/www/html/Application/Home/Controller/ReportController.class.php 第 18 行.
NOTIC: [8] Undefined index: id /var/www/html/Application/Home/Controller/ReportController.class.php 第 21 行.
SQL: SHOW COLUMNS FROM `dg_report` [ RunTime:0.0005s ]
SQL: SELECT * FROM `dg_report` WHERE `isDel` = 0  [ RunTime:0.0001s ]

[ 2017-02-21T21:04:17+08:00 ] 117.152.93.95 /index.php/Home/Report/index.html
INFO: [ app_begin ] --START--
INFO: Run Behavior\ReadHtmlCacheBehavior [ RunTime:0.000279s ]
INFO: [ app_begin ] --END-- [ RunTime:0.000494s ]
NOTIC: [8] Undefined index: data /var/www/html/Application/Home/Controller/ReportController.class.php 第 6 行.
NOTIC: [2] Invalid argument supplied for foreach() /var/www/html/Application/Home/Controller/ReportController.class.php 第 7 行.
NOTIC: [8] Undefined index: student_id /var/www/html/Application/Home/Controller/ReportController.class.php 第 12 行.
NOTIC: [8] Undefined index: teacher_id /var/www/html/Application/Home/Controller/ReportController.class.php 第 15 行.
NOTIC: [8] Undefined index: status /var/www/html/Application/Home/Controller/ReportController.class.php 第 18 行.
NOTIC: [8] Undefined index: id /var/www/html/Application/Home/Controller/ReportController.class.php 第 21 行.
SQL: SHOW COLUMNS FROM `dg_report` [ RunTime:0.0005s ]
SQL: SELECT * FROM `dg_report` WHERE `isDel` = 0  [ RunTime:0.0001s ]

[ 2017-02-21T21:06:42+08:00 ] 117.152.93.95 /index.php/Home/Report/index.html
INFO: [ app_begin ] --START--
INFO: Run Behavior\ReadHtmlCacheBehavior [ RunTime:0.000276s ]
INFO: [ app_begin ] --END-- [ RunTime:0.000494s ]
NOTIC: [8] Undefined index: data /var/www/html/Application/Home/Controller/ReportController.class.php 第 6 行.
NOTIC: [2] Invalid argument supplied for foreach() /var/www/html/Application/Home/Controller/ReportController.class.php 第 7 行.
NOTIC: [8] Undefined index: student_id /var/www/html/Application/Home/Controller/ReportController.class.php 第 12 行.
NOTIC: [8] Undefined index: teacher_id /var/www/html/Application/Home/Controller/ReportController.class.php 第 15 行.
NOTIC: [8] Undefined index: status /var/www/html/Application/Home/Controller/ReportController.class.php 第 18 行.
NOTIC: [8] Undefined index: id /var/www/html/Application/Home/Controller/ReportController.class.php 第 21 行.
SQL: SHOW COLUMNS FROM `dg_report` [ RunTime:0.0005s ]
SQL: SELECT * FROM `dg_report` WHERE `isDel` = 0  [ RunTime:0.0001s ]

[ 2017-02-21T21:07:31+08:00 ] 117.152.93.95 /index.php/Home/Report/index.html
INFO: [ app_begin ] --START--
INFO: Run Behavior\ReadHtmlCacheBehavior [ RunTime:0.000290s ]
INFO: [ app_begin ] --END-- [ RunTime:0.000500s ]
NOTIC: [8] Undefined index: data /var/www/html/Application/Home/Controller/ReportController.class.php 第 6 行.
NOTIC: [2] Invalid argument supplied for foreach() /var/www/html/Application/Home/Controller/ReportController.class.php 第 7 行.
NOTIC: [8] Undefined index: student_id /var/www/html/Application/Home/Controller/ReportController.class.php 第 12 行.
NOTIC: [8] Undefined index: teacher_id /var/www/html/Application/Home/Controller/ReportController.class.php 第 15 行.
NOTIC: [8] Undefined index: status /var/www/html/Application/Home/Controller/ReportController.class.php 第 18 行.
NOTIC: [8] Undefined index: id /var/www/html/Application/Home/Controller/ReportController.class.php 第 21 行.
SQL: SHOW COLUMNS FROM `dg_report` [ RunTime:0.0005s ]
SQL: SELECT * FROM `dg_report` WHERE `isDel` = 0  [ RunTime:0.0001s ]

[ 2017-02-21T21:09:26+08:00 ] 117.152.93.95 /index.php/Home/Report/index.html
INFO: [ app_begin ] --START--
INFO: Run Behavior\ReadHtmlCacheBehavior [ RunTime:0.000308s ]
INFO: [ app_begin ] --END-- [ RunTime:0.000522s ]
NOTIC: [8] Undefined index: data /var/www/html/Application/Home/Controller/ReportController.class.php 第 6 行.
NOTIC: [2] Invalid argument supplied for foreach() /var/www/html/Application/Home/Controller/ReportController.class.php 第 7 行.
NOTIC: [8] Undefined index: student_id /var/www/html/Application/Home/Controller/ReportController.class.php 第 12 行.
NOTIC: [8] Undefined index: teacher_id /var/www/html/Application/Home/Controller/ReportController.class.php 第 15 行.
NOTIC: [8] Undefined index: status /var/www/html/Application/Home/Controller/ReportController.class.php 第 18 行.
NOTIC: [8] Undefined index: id /var/www/html/Application/Home/Controller/ReportController.class.php 第 21 行.
SQL: SHOW COLUMNS FROM `dg_report` [ RunTime:0.0005s ]
SQL: SELECT * FROM `dg_report` WHERE `isDel` = 0  [ RunTime:0.0001s ]

[ 2017-02-21T21:09:59+08:00 ] 117.152.93.95 /index.php/Home/Report/index.html
INFO: [ app_begin ] --START--
INFO: Run Behavior\ReadHtmlCacheBehavior [ RunTime:0.000322s ]
INFO: [ app_begin ] --END-- [ RunTime:0.000540s ]
NOTIC: [8] Undefined index: data /var/www/html/Application/Home/Controller/ReportController.class.php 第 6 行.
NOTIC: [2] Invalid argument supplied for foreach() /var/www/html/Application/Home/Controller/ReportController.class.php 第 7 行.
NOTIC: [8] Undefined index: student_id /var/www/html/Application/Home/Controller/ReportController.class.php 第 12 行.
NOTIC: [8] Undefined index: teacher_id /var/www/html/Application/Home/Controller/ReportController.class.php 第 15 行.
NOTIC: [8] Undefined index: status /var/www/html/Application/Home/Controller/ReportController.class.php 第 18 行.
NOTIC: [8] Undefined index: id /var/www/html/Application/Home/Controller/ReportController.class.php 第 21 行.
SQL: SHOW COLUMNS FROM `dg_report` [ RunTime:0.0005s ]
SQL: SELECT * FROM `dg_report` WHERE `isDel` = 0  [ RunTime:0.0001s ]

[ 2017-02-21T21:09:59+08:00 ] 117.152.93.95 /index.php/Home/Report/index.html
INFO: [ app_begin ] --START--
INFO: Run Behavior\ReadHtmlCacheBehavior [ RunTime:0.000303s ]
INFO: [ app_begin ] --END-- [ RunTime:0.000545s ]
NOTIC: [8] Undefined index: data /var/www/html/Application/Home/Controller/ReportController.class.php 第 6 行.
NOTIC: [2] Invalid argument supplied for foreach() /var/www/html/Application/Home/Controller/ReportController.class.php 第 7 行.
NOTIC: [8] Undefined index: student_id /var/www/html/Application/Home/Controller/ReportController.class.php 第 12 行.
NOTIC: [8] Undefined index: teacher_id /var/www/html/Application/Home/Controller/ReportController.class.php 第 15 行.
NOTIC: [8] Undefined index: status /var/www/html/Application/Home/Controller/ReportController.class.php 第 18 行.
NOTIC: [8] Undefined index: id /var/www/html/Application/Home/Controller/ReportController.class.php 第 21 行.
SQL: SHOW COLUMNS FROM `dg_report` [ RunTime:0.0004s ]
SQL: SELECT * FROM `dg_report` WHERE `isDel` = 0  [ RunTime:0.0001s ]

[ 2017-02-21T21:09:59+08:00 ] 117.152.93.95 /index.php/Home/Report/index.html
INFO: [ app_begin ] --START--
INFO: Run Behavior\ReadHtmlCacheBehavior [ RunTime:0.000310s ]
INFO: [ app_begin ] --END-- [ RunTime:0.000519s ]
NOTIC: [8] Undefined index: data /var/www/html/Application/Home/Controller/ReportController.class.php 第 6 行.
NOTIC: [2] Invalid argument supplied for foreach() /var/www/html/Application/Home/Controller/ReportController.class.php 第 7 行.
NOTIC: [8] Undefined index: student_id /var/www/html/Application/Home/Controller/ReportController.class.php 第 12 行.
NOTIC: [8] Undefined index: teacher_id /var/www/html/Application/Home/Controller/ReportController.class.php 第 15 行.
NOTIC: [8] Undefined index: status /var/www/html/Application/Home/Controller/ReportController.class.php 第 18 行.
NOTIC: [8] Undefined index: id /var/www/html/Application/Home/Controller/ReportController.class.php 第 21 行.
SQL: SHOW COLUMNS FROM `dg_report` [ RunTime:0.0005s ]
SQL: SELECT * FROM `dg_report` WHERE `isDel` = 0  [ RunTime:0.0001s ]

[ 2017-02-21T21:15:57+08:00 ] 117.152.93.95 /index.php/Home/Report/index.html
INFO: [ app_begin ] --START--
INFO: Run Behavior\ReadHtmlCacheBehavior [ RunTime:0.000298s ]
INFO: [ app_begin ] --END-- [ RunTime:0.000507s ]
NOTIC: [8] Undefined index: data /var/www/html/Application/Home/Controller/ReportController.class.php 第 6 行.
NOTIC: [2] Invalid argument supplied for foreach() /var/www/html/Application/Home/Controller/ReportController.class.php 第 7 行.
NOTIC: [8] Undefined index: student_id /var/www/html/Application/Home/Controller/ReportController.class.php 第 12 行.
NOTIC: [8] Undefined index: teacher_id /var/www/html/Application/Home/Controller/ReportController.class.php 第 15 行.
NOTIC: [8] Undefined index: status /var/www/html/Application/Home/Controller/ReportController.class.php 第 18 行.
NOTIC: [8] Undefined index: id /var/www/html/Application/Home/Controller/ReportController.class.php 第 21 行.
SQL: SHOW COLUMNS FROM `dg_report` [ RunTime:0.0004s ]
SQL: SELECT * FROM `dg_report` WHERE `isDel` = 0  [ RunTime:0.0001s ]

[ 2017-02-21T21:15:58+08:00 ] 117.152.93.95 /index.php/Home/Report/index.html
INFO: [ app_begin ] --START--
INFO: Run Behavior\ReadHtmlCacheBehavior [ RunTime:0.000281s ]
INFO: [ app_begin ] --END-- [ RunTime:0.000506s ]
NOTIC: [8] Undefined index: data /var/www/html/Application/Home/Controller/ReportController.class.php 第 6 行.
NOTIC: [2] Invalid argument supplied for foreach() /var/www/html/Application/Home/Controller/ReportController.class.php 第 7 行.
NOTIC: [8] Undefined index: student_id /var/www/html/Application/Home/Controller/ReportController.class.php 第 12 行.
NOTIC: [8] Undefined index: teacher_id /var/www/html/Application/Home/Controller/ReportController.class.php 第 15 行.
NOTIC: [8] Undefined index: status /var/www/html/Application/Home/Controller/ReportController.class.php 第 18 行.
NOTIC: [8] Undefined index: id /var/www/html/Application/Home/Controller/ReportController.class.php 第 21 行.
SQL: SHOW COLUMNS FROM `dg_report` [ RunTime:0.0005s ]
SQL: SELECT * FROM `dg_report` WHERE `isDel` = 0  [ RunTime:0.0001s ]

[ 2017-02-21T21:21:22+08:00 ] 117.152.93.95 /index.php/Home/Report/index.html
INFO: [ app_begin ] --START--
INFO: Run Behavior\ReadHtmlCacheBehavior [ RunTime:0.000277s ]
INFO: [ app_begin ] --END-- [ RunTime:0.000488s ]
NOTIC: [8] Undefined index: data /var/www/html/Application/Home/Controller/ReportController.class.php 第 6 行.
NOTIC: [2] Invalid argument supplied for foreach() /var/www/html/Application/Home/Controller/ReportController.class.php 第 7 行.
NOTIC: [8] Undefined index: student_id /var/www/html/Application/Home/Controller/ReportController.class.php 第 12 行.
NOTIC: [8] Undefined index: teacher_id /var/www/html/Application/Home/Controller/ReportController.class.php 第 15 行.
NOTIC: [8] Undefined index: status /var/www/html/Application/Home/Controller/ReportController.class.php 第 18 行.
NOTIC: [8] Undefined index: id /var/www/html/Application/Home/Controller/ReportController.class.php 第 21 行.
SQL: SHOW COLUMNS FROM `dg_report` [ RunTime:0.0005s ]
SQL: SELECT * FROM `dg_report` WHERE `isDel` = 0  [ RunTime:0.0001s ]

[ 2017-02-21T21:25:46+08:00 ] 117.152.93.95 /index.php/Home/Login/index.html
ERR: 无法加载控制器:Login

[ 2017-02-21T21:25:51+08:00 ] 117.152.93.95 /index.php/Home/Login/index.html
ERR: 无法加载控制器:Login

[ 2017-02-21T21:34:17+08:00 ] 117.152.93.95 /index.php/Home/Login/index.html
ERR: 无法加载控制器:Login

[ 2017-02-21T21:34:29+08:00 ] 117.152.93.95 /index.php/Home/Login/index.html
ERR: 无法加载控制器:Login

[ 2017-02-21T21:34:29+08:00 ] 117.152.93.95 /index.php/Home/Login/index.html
ERR: 无法加载控制器:Login

[ 2017-02-21T21:34:30+08:00 ] 117.152.93.95 /index.php/Home/Login/index.html
ERR: 无法加载控制器:Login

[ 2017-02-21T21:34:30+08:00 ] 117.152.93.95 /index.php/Home/Login/index.html
ERR: 无法加载控制器:Login

[ 2017-02-21T21:35:07+08:00 ] 117.152.93.95 /index.php/Home/Login/index.html
ERR: 无法加载控制器:Login

[ 2017-02-21T21:35:08+08:00 ] 117.152.93.95 /index.php/Home/Login/index.html
ERR: 无法加载控制器:Login

[ 2017-02-21T21:36:20+08:00 ] 117.152.93.95 /index.php/Home/Report/index.html
INFO: [ app_begin ] --START--
INFO: Run Behavior\ReadHtmlCacheBehavior [ RunTime:0.000298s ]
INFO: [ app_begin ] --END-- [ RunTime:0.000533s ]
NOTIC: [8] Undefined index: data /var/www/html/Application/Home/Controller/ReportController.class.php 第 6 行.
NOTIC: [2] Invalid argument supplied for foreach() /var/www/html/Application/Home/Controller/ReportController.class.php 第 7 行.
NOTIC: [8] Undefined index: student_id /var/www/html/Application/Home/Controller/ReportController.class.php 第 12 行.
NOTIC: [8] Undefined index: teacher_id /var/www/html/Application/Home/Controller/ReportController.class.php 第 15 行.
NOTIC: [8] Undefined index: status /var/www/html/Application/Home/Controller/ReportController.class.php 第 18 行.
NOTIC: [8] Undefined index: id /var/www/html/Application/Home/Controller/ReportController.class.php 第 21 行.
SQL: SHOW COLUMNS FROM `dg_report` [ RunTime:0.0005s ]
SQL: SELECT * FROM `dg_report` WHERE `isDel` = 0  [ RunTime:0.0001s ]

[ 2017-02-21T21:36:20+08:00 ] 117.152.93.95 /index.php/Home/Report/index.html
INFO: [ app_begin ] --START--
INFO: Run Behavior\ReadHtmlCacheBehavior [ RunTime:0.000315s ]
INFO: [ app_begin ] --END-- [ RunTime:0.000525s ]
NOTIC: [8] Undefined index: data /var/www/html/Application/Home/Controller/ReportController.class.php 第 6 行.
NOTIC: [2] Invalid argument supplied for foreach() /var/www/html/Application/Home/Controller/ReportController.class.php 第 7 行.
NOTIC: [8] Undefined index: student_id /var/www/html/Application/Home/Controller/ReportController.class.php 第 12 行.
NOTIC: [8] Undefined index: teacher_id /var/www/html/Application/Home/Controller/ReportController.class.php 第 15 行.
NOTIC: [8] Undefined index: status /var/www/html/Application/Home/Controller/ReportController.class.php 第 18 行.
NOTIC: [8] Undefined index: id /var/www/html/Application/Home/Controller/ReportController.class.php 第 21 行.
SQL: SHOW COLUMNS FROM `dg_report` [ RunTime:0.0005s ]
SQL: SELECT * FROM `dg_report` WHERE `isDel` = 0  [ RunTime:0.0001s ]

[ 2017-02-21T21:36:22+08:00 ] 117.152.93.95 /index.php/Home/Report/index.html
INFO: [ app_begin ] --START--
INFO: Run Behavior\ReadHtmlCacheBehavior [ RunTime:0.000297s ]
INFO: [ app_begin ] --END-- [ RunTime:0.000535s ]
NOTIC: [8] Undefined index: data /var/www/html/Application/Home/Controller/ReportController.class.php 第 6 行.
NOTIC: [2] Invalid argument supplied for foreach() /var/www/html/Application/Home/Controller/ReportController.class.php 第 7 行.
NOTIC: [8] Undefined index: student_id /var/www/html/Application/Home/Controller/ReportController.class.php 第 12 行.
NOTIC: [8] Undefined index: teacher_id /var/www/html/Application/Home/Controller/ReportController.class.php 第 15 行.
NOTIC: [8] Undefined index: status /var/www/html/Application/Home/Controller/ReportController.class.php 第 18 行.
NOTIC: [8] Undefined index: id /var/www/html/Application/Home/Controller/ReportController.class.php 第 21 行.
SQL: SHOW COLUMNS FROM `dg_report` [ RunTime:0.0005s ]
SQL: SELECT * FROM `dg_report` WHERE `isDel` = 0  [ RunTime:0.0001s ]

[ 2017-02-21T21:36:51+08:00 ] 117.152.93.95 /index.php/Home/Report/index.html
INFO: [ app_begin ] --START--
INFO: Run Behavior\ReadHtmlCacheBehavior [ RunTime:0.000318s ]
INFO: [ app_begin ] --END-- [ RunTime:0.000562s ]
NOTIC: [8] Undefined index: data /var/www/html/Application/Home/Controller/ReportController.class.php 第 6 行.
NOTIC: [2] Invalid argument supplied for foreach() /var/www/html/Application/Home/Controller/ReportController.class.php 第 7 行.
NOTIC: [8] Undefined index: student_id /var/www/html/Application/Home/Controller/ReportController.class.php 第 12 行.
NOTIC: [8] Undefined index: teacher_id /var/www/html/Application/Home/Controller/ReportController.class.php 第 15 行.
NOTIC: [8] Undefined index: status /var/www/html/Application/Home/Controller/ReportController.class.php 第 18 行.
NOTIC: [8] Undefined index: id /var/www/html/Application/Home/Controller/ReportController.class.php 第 21 行.
SQL: SHOW COLUMNS FROM `dg_report` [ RunTime:0.0005s ]
SQL: SELECT * FROM `dg_report` WHERE `isDel` = 0  [ RunTime:0.0002s ]

[ 2017-02-21T21:38:11+08:00 ] 117.152.93.95 /index.php/Home/Report/index.html
INFO: [ app_begin ] --START--
INFO: Run Behavior\ReadHtmlCacheBehavior [ RunTime:0.000307s ]
INFO: [ app_begin ] --END-- [ RunTime:0.000533s ]
NOTIC: [8] Undefined index: data /var/www/html/Application/Home/Controller/ReportController.class.php 第 6 行.
NOTIC: [2] Invalid argument supplied for foreach() /var/www/html/Application/Home/Controller/ReportController.class.php 第 7 行.
NOTIC: [8] Undefined index: student_id /var/www/html/Application/Home/Controller/ReportController.class.php 第 12 行.
NOTIC: [8] Undefined index: teacher_id /var/www/html/Application/Home/Controller/ReportController.class.php 第 15 行.
NOTIC: [8] Undefined index: status /var/www/html/Application/Home/Controller/ReportController.class.php 第 18 行.
NOTIC: [8] Undefined index: id /var/www/html/Application/Home/Controller/ReportController.class.php 第 21 行.
SQL: SHOW COLUMNS FROM `dg_report` [ RunTime:0.0005s ]
SQL: SELECT * FROM `dg_report` WHERE `isDel` = 0  [ RunTime:0.0001s ]

[ 2017-02-21T22:04:26+08:00 ] 117.152.93.95 /index.php/Home/Report/add.html
INFO: [ app_begin ] --START--
INFO: Run Behavior\ReadHtmlCacheBehavior [ RunTime:0.000312s ]
INFO: [ app_begin ] --END-- [ RunTime:0.000527s ]
INFO: [ app_end ] --START--
INFO: Run Behavior\ShowPageTraceBehavior [ RunTime:0.000307s ]
INFO: [ app_end ] --END-- [ RunTime:0.000345s ]

[ 2017-02-21T22:04:26+08:00 ] 117.152.93.95 /index.php/Home/Report/add.html
INFO: [ app_begin ] --START--
INFO: Run Behavior\ReadHtmlCacheBehavior [ RunTime:0.000311s ]
INFO: [ app_begin ] --END-- [ RunTime:0.000533s ]
INFO: [ app_end ] --START--
INFO: Run Behavior\ShowPageTraceBehavior [ RunTime:0.000317s ]
INFO: [ app_end ] --END-- [ RunTime:0.000354s ]

[ 2017-02-21T22:04:27+08:00 ] 117.152.93.95 /index.php/Home/Report/add.html
INFO: [ app_begin ] --START--
INFO: Run Behavior\ReadHtmlCacheBehavior [ RunTime:0.000308s ]
INFO: [ app_begin ] --END-- [ RunTime:0.000534s ]
INFO: [ app_end ] --START--
INFO: Run Behavior\ShowPageTraceBehavior [ RunTime:0.000319s ]
INFO: [ app_end ] --END-- [ RunTime:0.000364s ]

[ 2017-02-21T22:04:27+08:00 ] 117.152.93.95 /index.php/Home/Report/add.html
INFO: [ app_begin ] --START--
INFO: Run Behavior\ReadHtmlCacheBehavior [ RunTime:0.000277s ]
INFO: [ app_begin ] --END-- [ RunTime:0.000488s ]
INFO: [ app_end ] --START--
INFO: Run Behavior\ShowPageTraceBehavior [ RunTime:0.000302s ]
INFO: [ app_end ] --END-- [ RunTime:0.000339s ]

[ 2017-02-21T22:04:27+08:00 ] 117.152.93.95 /index.php/Home/Report/add.html
INFO: [ app_begin ] --START--
INFO: Run Behavior\ReadHtmlCacheBehavior [ RunTime:0.000283s ]
INFO: [ app_begin ] --END-- [ RunTime:0.000542s ]
INFO: [ app_end ] --START--
INFO: Run Behavior\ShowPageTraceBehavior [ RunTime:0.000335s ]
INFO: [ app_end ] --END-- [ RunTime:0.000382s ]

[ 2017-02-21T22:05:24+08:00 ] 117.152.93.95 /index.php/Home/Report/add.html
INFO: [ app_begin ] --START--
INFO: Run Behavior\ReadHtmlCacheBehavior [ RunTime:0.000288s ]
INFO: [ app_begin ] --END-- [ RunTime:0.000496s ]
INFO: [ app_end ] --START--
INFO: Run Behavior\ShowPageTraceBehavior [ RunTime:0.000298s ]
INFO: [ app_end ] --END-- [ RunTime:0.000334s ]

[ 2017-02-21T22:05:24+08:00 ] 117.152.93.95 /index.php/Home/Report/add.html
INFO: [ app_begin ] --START--
INFO: Run Behavior\ReadHtmlCacheBehavior [ RunTime:0.000282s ]
INFO: [ app_begin ] --END-- [ RunTime:0.000490s ]
INFO: [ app_end ] --START--
INFO: Run Behavior\ShowPageTraceBehavior [ RunTime:0.000305s ]
INFO: [ app_end ] --END-- [ RunTime:0.000342s ]

[ 2017-02-21T22:05:24+08:00 ] 117.152.93.95 /index.php/Home/Report/add.html
INFO: [ app_begin ] --START--
INFO: Run Behavior\ReadHtmlCacheBehavior [ RunTime:0.000284s ]
INFO: [ app_begin ] --END-- [ RunTime:0.000503s ]
INFO: [ app_end ] --START--
INFO: Run Behavior\ShowPageTraceBehavior [ RunTime:0.000301s ]
INFO: [ app_end ] --END-- [ RunTime:0.000338s ]

[ 2017-02-21T22:05:24+08:00 ] 117.152.93.95 /index.php/Home/Report/add.html
INFO: [ app_begin ] --START--
INFO: Run Behavior\ReadHtmlCacheBehavior [ RunTime:0.000286s ]
INFO: [ app_begin ] --END-- [ RunTime:0.005041s ]
INFO: [ app_end ] --START--
INFO: Run Behavior\ShowPageTraceBehavior [ RunTime:0.000308s ]
INFO: [ app_end ] --END-- [ RunTime:0.000346s ]

[ 2017-02-21T22:05:27+08:00 ] 117.152.93.95 /index.php/Home/Report/add.html
INFO: [ app_begin ] --START--
INFO: Run Behavior\ReadHtmlCacheBehavior [ RunTime:0.000295s ]
INFO: [ app_begin ] --END-- [ RunTime:0.000511s ]
INFO: [ app_end ] --START--
INFO: Run Behavior\ShowPageTraceBehavior [ RunTime:0.000302s ]
INFO: [ app_end ] --END-- [ RunTime:0.000341s ]

[ 2017-02-21T22:06:07+08:00 ] 117.152.93.95 /index.php/Home/Report/add.html
INFO: [ app_begin ] --START--
INFO: Run Behavior\ReadHtmlCacheBehavior [ RunTime:0.000273s ]
INFO: [ app_begin ] --END-- [ RunTime:0.000497s ]
NOTIC: [8] Undefined index: data /var/www/html/Application/Home/Controller/ReportController.class.php 第 30 行.
NOTIC: [2] Invalid argument supplied for foreach() /var/www/html/Application/Home/Controller/ReportController.class.php 第 31 行.
NOTIC: [8] Undefined index: course /var/www/html/Application/Home/Controller/ReportController.class.php 第 35 行.
NOTIC: [8] Undefined index: title /var/www/html/Application/Home/Controller/ReportController.class.php 第 38 行.
NOTIC: [8] Undefined index: content /var/www/html/Application/Home/Controller/ReportController.class.php 第 41 行.
NOTIC: [8] Undefined index: nexplan /var/www/html/Application/Home/Controller/ReportController.class.php 第 44 行.
NOTIC: [8] Undefined index: address /var/www/html/Application/Home/Controller/ReportController.class.php 第 47 行.
NOTIC: [8] Undefined variable: res /var/www/html/Application/Home/Controller/ReportController.class.php 第 51 行.

