[ 2017-02-22T21:05:11+08:00 ] 117.151.13.173 /index.php/Home/Report/add.html
INFO: [ app_begin ] --START--
INFO: Run Behavior\ReadHtmlCacheBehavior [ RunTime:0.000273s ]
INFO: [ app_begin ] --END-- [ RunTime:0.000480s ]
NOTIC: [8] Undefined index: data /var/www/html/Application/Home/Controller/ReportController.class.php 第 30 行.
NOTIC: [2] Invalid argument supplied for foreach() /var/www/html/Application/Home/Controller/ReportController.class.php 第 31 行.
NOTIC: [8] Undefined index: course /var/www/html/Application/Home/Controller/ReportController.class.php 第 35 行.
NOTIC: [8] Undefined index: title /var/www/html/Application/Home/Controller/ReportController.class.php 第 38 行.
NOTIC: [8] Undefined index: content /var/www/html/Application/Home/Controller/ReportController.class.php 第 41 行.
NOTIC: [8] Undefined index: nexplan /var/www/html/Application/Home/Controller/ReportController.class.php 第 44 行.
NOTIC: [8] Undefined index: address /var/www/html/Application/Home/Controller/ReportController.class.php 第 47 行.
NOTIC: [8] Undefined variable: res /var/www/html/Application/Home/Controller/ReportController.class.php 第 51 行.

[ 2017-02-22T21:08:31+08:00 ] 117.151.13.173 /index.php/Home/Report/index.html
INFO: [ app_begin ] --START--
INFO: Run Behavior\ReadHtmlCacheBehavior [ RunTime:0.000293s ]
INFO: [ app_begin ] --END-- [ RunTime:0.000508s ]
NOTIC: [8] Undefined index: data /var/www/html/Application/Home/Controller/ReportController.class.php 第 6 行.
NOTIC: [2] Invalid argument supplied for foreach() /var/www/html/Application/Home/Controller/ReportController.class.php 第 7 行.
NOTIC: [8] Undefined index: student_id /var/www/html/Application/Home/Controller/ReportController.class.php 第 12 行.
NOTIC: [8] Undefined index: teacher_id /var/www/html/Application/Home/Controller/ReportController.class.php 第 15 行.
NOTIC: [8] Undefined index: status /var/www/html/Application/Home/Controller/ReportController.class.php 第 18 行.
NOTIC: [8] Undefined index: id /var/www/html/Application/Home/Controller/ReportController.class.php 第 21 行.
SQL: SHOW COLUMNS FROM `dg_report` [ RunTime:0.0005s ]
SQL: SELECT * FROM `dg_report` WHERE `isDel` = 0  [ RunTime:0.0001s ]

[ 2017-02-22T21:11:48+08:00 ] 117.151.13.173 /index.php/Home/Report/add.html
INFO: [ app_begin ] --START--
INFO: Run Behavior\ReadHtmlCacheBehavior [ RunTime:0.000302s ]
INFO: [ app_begin ] --END-- [ RunTime:0.000514s ]
NOTIC: [8] Undefined index: data /var/www/html/Application/Home/Controller/ReportController.class.php 第 30 行.
NOTIC: [2] Invalid argument supplied for foreach() /var/www/html/Application/Home/Controller/ReportController.class.php 第 31 行.
NOTIC: [8] Undefined index: course /var/www/html/Application/Home/Controller/ReportController.class.php 第 35 行.
NOTIC: [8] Undefined index: nexplan /var/www/html/Application/Home/Controller/ReportController.class.php 第 44 行.
NOTIC: [8] Undefined index: address /var/www/html/Application/Home/Controller/ReportController.class.php 第 47 行.
NOTIC: [8] Undefined variable: res /var/www/html/Application/Home/Controller/ReportController.class.php 第 51 行.

[ 2017-02-22T21:12:44+08:00 ] 117.151.13.173 /index.php/Home/Report/add.html
INFO: [ app_begin ] --START--
INFO: Run Behavior\ReadHtmlCacheBehavior [ RunTime:0.000301s ]
INFO: [ app_begin ] --END-- [ RunTime:0.000521s ]
NOTIC: [8] Undefined index: data /var/www/html/Application/Home/Controller/ReportController.class.php 第 30 行.
NOTIC: [2] Invalid argument supplied for foreach() /var/www/html/Application/Home/Controller/ReportController.class.php 第 31 行.
NOTIC: [8] Undefined index: course /var/www/html/Application/Home/Controller/ReportController.class.php 第 35 行.
NOTIC: [8] Undefined index: nexplan /var/www/html/Application/Home/Controller/ReportController.class.php 第 44 行.
NOTIC: [8] Undefined index: address /var/www/html/Application/Home/Controller/ReportController.class.php 第 47 行.
NOTIC: [8] Undefined variable: res /var/www/html/Application/Home/Controller/ReportController.class.php 第 51 行.

[ 2017-02-22T21:13:23+08:00 ] 117.151.13.173 /index.php/Home/Report/add.html
INFO: [ app_begin ] --START--
INFO: Run Behavior\ReadHtmlCacheBehavior [ RunTime:0.000282s ]
INFO: [ app_begin ] --END-- [ RunTime:0.000514s ]
NOTIC: [8] Undefined index: data /var/www/html/Application/Home/Controller/ReportController.class.php 第 30 行.
NOTIC: [2] Invalid argument supplied for foreach() /var/www/html/Application/Home/Controller/ReportController.class.php 第 31 行.
NOTIC: [8] Undefined index: course /var/www/html/Application/Home/Controller/ReportController.class.php 第 35 行.
NOTIC: [8] Undefined index: address /var/www/html/Application/Home/Controller/ReportController.class.php 第 47 行.
NOTIC: [8] Undefined variable: res /var/www/html/Application/Home/Controller/ReportController.class.php 第 51 行.

[ 2017-02-22T21:13:32+08:00 ] 117.151.13.173 /index.php/Home/Report/add.html
INFO: [ app_begin ] --START--
INFO: Run Behavior\ReadHtmlCacheBehavior [ RunTime:0.000277s ]
INFO: [ app_begin ] --END-- [ RunTime:0.000489s ]
NOTIC: [8] Undefined index: data /var/www/html/Application/Home/Controller/ReportController.class.php 第 30 行.
NOTIC: [2] Invalid argument supplied for foreach() /var/www/html/Application/Home/Controller/ReportController.class.php 第 31 行.
NOTIC: [8] Undefined index: course /var/www/html/Application/Home/Controller/ReportController.class.php 第 35 行.
NOTIC: [8] Undefined index: address /var/www/html/Application/Home/Controller/ReportController.class.php 第 47 行.
NOTIC: [8] Undefined variable: res /var/www/html/Application/Home/Controller/ReportController.class.php 第 51 行.

[ 2017-02-22T21:14:40+08:00 ] 117.151.13.173 /index.php/Home/Report/add.html
INFO: [ app_begin ] --START--
INFO: Run Behavior\ReadHtmlCacheBehavior [ RunTime:0.000286s ]
INFO: [ app_begin ] --END-- [ RunTime:0.000515s ]
NOTIC: [8] Undefined index: data /var/www/html/Application/Home/Controller/ReportController.class.php 第 30 行.
NOTIC: [2] Invalid argument supplied for foreach() /var/www/html/Application/Home/Controller/ReportController.class.php 第 31 行.
NOTIC: [8] Undefined index: address /var/www/html/Application/Home/Controller/ReportController.class.php 第 47 行.
NOTIC: [8] Undefined variable: res /var/www/html/Application/Home/Controller/ReportController.class.php 第 51 行.

[ 2017-02-22T21:15:04+08:00 ] 117.151.13.173 /index.php/Home/Report/add.html
INFO: [ app_begin ] --START--
INFO: Run Behavior\ReadHtmlCacheBehavior [ RunTime:0.000297s ]
INFO: [ app_begin ] --END-- [ RunTime:0.000515s ]
NOTIC: [8] Undefined index: data /var/www/html/Application/Home/Controller/ReportController.class.php 第 30 行.
NOTIC: [2] Invalid argument supplied for foreach() /var/www/html/Application/Home/Controller/ReportController.class.php 第 31 行.
NOTIC: [8] Undefined index: nexplan /var/www/html/Application/Home/Controller/ReportController.class.php 第 44 行.
NOTIC: [8] Undefined index: address /var/www/html/Application/Home/Controller/ReportController.class.php 第 47 行.
NOTIC: [8] Undefined variable: res /var/www/html/Application/Home/Controller/ReportController.class.php 第 51 行.

[ 2017-02-22T21:15:13+08:00 ] 117.151.13.173 /index.php/Home/Report/add.html
INFO: [ app_begin ] --START--
INFO: Run Behavior\ReadHtmlCacheBehavior [ RunTime:0.000301s ]
INFO: [ app_begin ] --END-- [ RunTime:0.000515s ]
NOTIC: [8] Undefined index: data /var/www/html/Application/Home/Controller/ReportController.class.php 第 30 行.
NOTIC: [2] Invalid argument supplied for foreach() /var/www/html/Application/Home/Controller/ReportController.class.php 第 31 行.
NOTIC: [8] Undefined index: nexplan /var/www/html/Application/Home/Controller/ReportController.class.php 第 44 行.
NOTIC: [8] Undefined index: address /var/www/html/Application/Home/Controller/ReportController.class.php 第 47 行.
NOTIC: [8] Undefined variable: res /var/www/html/Application/Home/Controller/ReportController.class.php 第 51 行.

[ 2017-02-22T21:15:51+08:00 ] 117.151.13.173 /index.php/Home/Report/add.html
INFO: [ app_begin ] --START--
INFO: Run Behavior\ReadHtmlCacheBehavior [ RunTime:0.000277s ]
INFO: [ app_begin ] --END-- [ RunTime:0.000499s ]
NOTIC: [8] Undefined index: data /var/www/html/Application/Home/Controller/ReportController.class.php 第 30 行.
NOTIC: [2] Invalid argument supplied for foreach() /var/www/html/Application/Home/Controller/ReportController.class.php 第 31 行.
NOTIC: [8] Undefined index: title /var/www/html/Application/Home/Controller/ReportController.class.php 第 38 行.
NOTIC: [8] Undefined index: content /var/www/html/Application/Home/Controller/ReportController.class.php 第 41 行.
NOTIC: [8] Undefined index: nexplan /var/www/html/Application/Home/Controller/ReportController.class.php 第 44 行.
NOTIC: [8] Undefined variable: res /var/www/html/Application/Home/Controller/ReportController.class.php 第 51 行.

[ 2017-02-22T21:15:52+08:00 ] 117.151.13.173 /index.php/Home/Report/add.html
INFO: [ app_begin ] --START--
INFO: Run Behavior\ReadHtmlCacheBehavior [ RunTime:0.000296s ]
INFO: [ app_begin ] --END-- [ RunTime:0.000511s ]
NOTIC: [8] Undefined index: data /var/www/html/Application/Home/Controller/ReportController.class.php 第 30 行.
NOTIC: [2] Invalid argument supplied for foreach() /var/www/html/Application/Home/Controller/ReportController.class.php 第 31 行.
NOTIC: [8] Undefined index: title /var/www/html/Application/Home/Controller/ReportController.class.php 第 38 行.
NOTIC: [8] Undefined index: content /var/www/html/Application/Home/Controller/ReportController.class.php 第 41 行.
NOTIC: [8] Undefined index: nexplan /var/www/html/Application/Home/Controller/ReportController.class.php 第 44 行.
NOTIC: [8] Undefined variable: res /var/www/html/Application/Home/Controller/ReportController.class.php 第 51 行.

[ 2017-02-22T21:15:52+08:00 ] 117.151.13.173 /index.php/Home/Report/add.html
INFO: [ app_begin ] --START--
INFO: Run Behavior\ReadHtmlCacheBehavior [ RunTime:0.000304s ]
INFO: [ app_begin ] --END-- [ RunTime:0.000521s ]
NOTIC: [8] Undefined index: data /var/www/html/Application/Home/Controller/ReportController.class.php 第 30 行.
NOTIC: [2] Invalid argument supplied for foreach() /var/www/html/Application/Home/Controller/ReportController.class.php 第 31 行.
NOTIC: [8] Undefined index: title /var/www/html/Application/Home/Controller/ReportController.class.php 第 38 行.
NOTIC: [8] Undefined index: content /var/www/html/Application/Home/Controller/ReportController.class.php 第 41 行.
NOTIC: [8] Undefined index: nexplan /var/www/html/Application/Home/Controller/ReportController.class.php 第 44 行.
NOTIC: [8] Undefined variable: res /var/www/html/Application/Home/Controller/ReportController.class.php 第 51 行.

[ 2017-02-22T21:15:53+08:00 ] 117.151.13.173 /index.php/Home/Report/add.html
INFO: [ app_begin ] --START--
INFO: Run Behavior\ReadHtmlCacheBehavior [ RunTime:0.000282s ]
INFO: [ app_begin ] --END-- [ RunTime:0.000509s ]
NOTIC: [8] Undefined index: data /var/www/html/Application/Home/Controller/ReportController.class.php 第 30 行.
NOTIC: [2] Invalid argument supplied for foreach() /var/www/html/Application/Home/Controller/ReportController.class.php 第 31 行.
NOTIC: [8] Undefined index: title /var/www/html/Application/Home/Controller/ReportController.class.php 第 38 行.
NOTIC: [8] Undefined index: content /var/www/html/Application/Home/Controller/ReportController.class.php 第 41 行.
NOTIC: [8] Undefined index: nexplan /var/www/html/Application/Home/Controller/ReportController.class.php 第 44 行.
NOTIC: [8] Undefined variable: res /var/www/html/Application/Home/Controller/ReportController.class.php 第 51 行.

[ 2017-02-22T21:15:53+08:00 ] 117.151.13.173 /index.php/Home/Report/add.html
INFO: [ app_begin ] --START--
INFO: Run Behavior\ReadHtmlCacheBehavior [ RunTime:0.000278s ]
INFO: [ app_begin ] --END-- [ RunTime:0.000506s ]
NOTIC: [8] Undefined index: data /var/www/html/Application/Home/Controller/ReportController.class.php 第 30 行.
NOTIC: [2] Invalid argument supplied for foreach() /var/www/html/Application/Home/Controller/ReportController.class.php 第 31 行.
NOTIC: [8] Undefined index: title /var/www/html/Application/Home/Controller/ReportController.class.php 第 38 行.
NOTIC: [8] Undefined index: content /var/www/html/Application/Home/Controller/ReportController.class.php 第 41 行.
NOTIC: [8] Undefined index: nexplan /var/www/html/Application/Home/Controller/ReportController.class.php 第 44 行.
NOTIC: [8] Undefined variable: res /var/www/html/Application/Home/Controller/ReportController.class.php 第 51 行.

[ 2017-02-22T21:15:53+08:00 ] 117.151.13.173 /index.php/Home/Report/add.html
INFO: [ app_begin ] --START--
INFO: Run Behavior\ReadHtmlCacheBehavior [ RunTime:0.000299s ]
INFO: [ app_begin ] --END-- [ RunTime:0.000518s ]
NOTIC: [8] Undefined index: data /var/www/html/Application/Home/Controller/ReportController.class.php 第 30 行.
NOTIC: [2] Invalid argument supplied for foreach() /var/www/html/Application/Home/Controller/ReportController.class.php 第 31 行.
NOTIC: [8] Undefined index: title /var/www/html/Application/Home/Controller/ReportController.class.php 第 38 行.
NOTIC: [8] Undefined index: content /var/www/html/Application/Home/Controller/ReportController.class.php 第 41 行.
NOTIC: [8] Undefined index: nexplan /var/www/html/Application/Home/Controller/ReportController.class.php 第 44 行.
NOTIC: [8] Undefined variable: res /var/www/html/Application/Home/Controller/ReportController.class.php 第 51 行.

[ 2017-02-22T21:15:53+08:00 ] 117.151.13.173 /index.php/Home/Report/add.html
INFO: [ app_begin ] --START--
INFO: Run Behavior\ReadHtmlCacheBehavior [ RunTime:0.000280s ]
INFO: [ app_begin ] --END-- [ RunTime:0.000508s ]
NOTIC: [8] Undefined index: data /var/www/html/Application/Home/Controller/ReportController.class.php 第 30 行.
NOTIC: [2] Invalid argument supplied for foreach() /var/www/html/Application/Home/Controller/ReportController.class.php 第 31 行.
NOTIC: [8] Undefined index: title /var/www/html/Application/Home/Controller/ReportController.class.php 第 38 行.
NOTIC: [8] Undefined index: content /var/www/html/Application/Home/Controller/ReportController.class.php 第 41 行.
NOTIC: [8] Undefined index: nexplan /var/www/html/Application/Home/Controller/ReportController.class.php 第 44 行.
NOTIC: [8] Undefined variable: res /var/www/html/Application/Home/Controller/ReportController.class.php 第 51 行.

[ 2017-02-22T21:15:53+08:00 ] 117.151.13.173 /index.php/Home/Report/add.html
INFO: [ app_begin ] --START--
INFO: Run Behavior\ReadHtmlCacheBehavior [ RunTime:0.000295s ]
INFO: [ app_begin ] --END-- [ RunTime:0.000519s ]
NOTIC: [8] Undefined index: data /var/www/html/Application/Home/Controller/ReportController.class.php 第 30 行.
NOTIC: [2] Invalid argument supplied for foreach() /var/www/html/Application/Home/Controller/ReportController.class.php 第 31 行.
NOTIC: [8] Undefined index: title /var/www/html/Application/Home/Controller/ReportController.class.php 第 38 行.
NOTIC: [8] Undefined index: content /var/www/html/Application/Home/Controller/ReportController.class.php 第 41 行.
NOTIC: [8] Undefined index: nexplan /var/www/html/Application/Home/Controller/ReportController.class.php 第 44 行.
NOTIC: [8] Undefined variable: res /var/www/html/Application/Home/Controller/ReportController.class.php 第 51 行.

[ 2017-02-22T21:16:48+08:00 ] 117.151.13.173 /index.php/Home/Report/add.html
INFO: [ app_begin ] --START--
INFO: Run Behavior\ReadHtmlCacheBehavior [ RunTime:0.000309s ]
INFO: [ app_begin ] --END-- [ RunTime:0.000549s ]
NOTIC: [8] Undefined index: data /var/www/html/Application/Home/Controller/ReportController.class.php 第 30 行.
NOTIC: [2] Invalid argument supplied for foreach() /var/www/html/Application/Home/Controller/ReportController.class.php 第 31 行.
NOTIC: [8] Undefined index: nexplan /var/www/html/Application/Home/Controller/ReportController.class.php 第 44 行.
NOTIC: [8] Undefined variable: res /var/www/html/Application/Home/Controller/ReportController.class.php 第 51 行.

[ 2017-02-22T21:17:38+08:00 ] 117.151.13.173 /index.php/Home/Report/add.html
INFO: [ app_begin ] --START--
INFO: Run Behavior\ReadHtmlCacheBehavior [ RunTime:0.000291s ]
INFO: [ app_begin ] --END-- [ RunTime:0.000510s ]
NOTIC: [8] Undefined index: data /var/www/html/Application/Home/Controller/ReportController.class.php 第 30 行.
NOTIC: [2] Invalid argument supplied for foreach() /var/www/html/Application/Home/Controller/ReportController.class.php 第 31 行.
NOTIC: [8] Undefined index: nexplan /var/www/html/Application/Home/Controller/ReportController.class.php 第 44 行.
NOTIC: [8] Undefined variable: res /var/www/html/Application/Home/Controller/ReportController.class.php 第 51 行.

[ 2017-02-22T21:24:11+08:00 ] 117.151.13.173 /index.php/Home/Report/index.html
INFO: [ app_begin ] --START--
INFO: Run Behavior\ReadHtmlCacheBehavior [ RunTime:0.000289s ]
INFO: [ app_begin ] --END-- [ RunTime:0.000521s ]
NOTIC: [8] Undefined index: data /var/www/html/Application/Home/Controller/ReportController.class.php 第 6 行.
NOTIC: [2] Invalid argument supplied for foreach() /var/www/html/Application/Home/Controller/ReportController.class.php 第 7 行.
NOTIC: [8] Undefined index: student_id /var/www/html/Application/Home/Controller/ReportController.class.php 第 12 行.
NOTIC: [8] Undefined index: teacher_id /var/www/html/Application/Home/Controller/ReportController.class.php 第 15 行.
NOTIC: [8] Undefined index: status /var/www/html/Application/Home/Controller/ReportController.class.php 第 18 行.
NOTIC: [8] Undefined index: id /var/www/html/Application/Home/Controller/ReportController.class.php 第 21 行.
SQL: SHOW COLUMNS FROM `dg_report` [ RunTime:0.0005s ]
SQL: SELECT * FROM `dg_report` WHERE `isDel` = 0  [ RunTime:0.0001s ]

[ 2017-02-22T21:24:12+08:00 ] 117.151.13.173 /index.php/Home/Report/index.html
INFO: [ app_begin ] --START--
INFO: Run Behavior\ReadHtmlCacheBehavior [ RunTime:0.000285s ]
INFO: [ app_begin ] --END-- [ RunTime:0.000514s ]
NOTIC: [8] Undefined index: data /var/www/html/Application/Home/Controller/ReportController.class.php 第 6 行.
NOTIC: [2] Invalid argument supplied for foreach() /var/www/html/Application/Home/Controller/ReportController.class.php 第 7 行.
NOTIC: [8] Undefined index: student_id /var/www/html/Application/Home/Controller/ReportController.class.php 第 12 行.
NOTIC: [8] Undefined index: teacher_id /var/www/html/Application/Home/Controller/ReportController.class.php 第 15 行.
NOTIC: [8] Undefined index: status /var/www/html/Application/Home/Controller/ReportController.class.php 第 18 行.
NOTIC: [8] Undefined index: id /var/www/html/Application/Home/Controller/ReportController.class.php 第 21 行.
SQL: SHOW COLUMNS FROM `dg_report` [ RunTime:0.0005s ]
SQL: SELECT * FROM `dg_report` WHERE `isDel` = 0  [ RunTime:0.0001s ]

[ 2017-02-22T21:30:37+08:00 ] 117.151.13.173 /index.php/Home/Report/index.html
INFO: [ app_begin ] --START--
INFO: Run Behavior\ReadHtmlCacheBehavior [ RunTime:0.000290s ]
INFO: [ app_begin ] --END-- [ RunTime:0.009698s ]
NOTIC: [8] Undefined index: data /var/www/html/Application/Home/Controller/ReportController.class.php 第 6 行.
NOTIC: [2] Invalid argument supplied for foreach() /var/www/html/Application/Home/Controller/ReportController.class.php 第 7 行.
NOTIC: [8] Undefined index: student_id /var/www/html/Application/Home/Controller/ReportController.class.php 第 12 行.
NOTIC: [8] Undefined index: teacher_id /var/www/html/Application/Home/Controller/ReportController.class.php 第 15 行.
NOTIC: [8] Undefined index: status /var/www/html/Application/Home/Controller/ReportController.class.php 第 18 行.
NOTIC: [8] Undefined index: id /var/www/html/Application/Home/Controller/ReportController.class.php 第 21 行.
SQL: SHOW COLUMNS FROM `dg_report` [ RunTime:0.0004s ]
SQL: SELECT * FROM `dg_report` WHERE `isDel` = 0  [ RunTime:0.0002s ]

[ 2017-02-22T21:30:37+08:00 ] 117.151.13.173 /index.php/Home/Report/index.html
INFO: [ app_begin ] --START--
INFO: Run Behavior\ReadHtmlCacheBehavior [ RunTime:0.000324s ]
INFO: [ app_begin ] --END-- [ RunTime:0.000538s ]
NOTIC: [8] Undefined index: data /var/www/html/Application/Home/Controller/ReportController.class.php 第 6 行.
NOTIC: [2] Invalid argument supplied for foreach() /var/www/html/Application/Home/Controller/ReportController.class.php 第 7 行.
NOTIC: [8] Undefined index: student_id /var/www/html/Application/Home/Controller/ReportController.class.php 第 12 行.
NOTIC: [8] Undefined index: teacher_id /var/www/html/Application/Home/Controller/ReportController.class.php 第 15 行.
NOTIC: [8] Undefined index: status /var/www/html/Application/Home/Controller/ReportController.class.php 第 18 行.
NOTIC: [8] Undefined index: id /var/www/html/Application/Home/Controller/ReportController.class.php 第 21 行.
SQL: SHOW COLUMNS FROM `dg_report` [ RunTime:0.0003s ]
SQL: SELECT * FROM `dg_report` WHERE `isDel` = 0  [ RunTime:0.0002s ]

[ 2017-02-22T21:31:57+08:00 ] 117.151.13.173 /index.php/Home/Report/add.html
INFO: [ app_begin ] --START--
INFO: Run Behavior\ReadHtmlCacheBehavior [ RunTime:0.000282s ]
INFO: [ app_begin ] --END-- [ RunTime:0.000495s ]
NOTIC: [8] Undefined index: data /var/www/html/Application/Home/Controller/ReportController.class.php 第 30 行.
NOTIC: [2] Invalid argument supplied for foreach() /var/www/html/Application/Home/Controller/ReportController.class.php 第 31 行.
NOTIC: [8] Undefined variable: error /var/www/html/Application/Home/Controller/ReportController.class.php 第 50 行.
SQL: SHOW COLUMNS FROM `dg_report` [ RunTime:0.0005s ]
SQL: INSERT INTO `dg_report` (`id`,`nexplan`,`address`,`course`,`title`,`content`,`pubtime`) VALUES ('0','a','a','a','1','2','2017-02-22 :21:31:57') [ RunTime:0.0001s ]
SQL: SELECT * FROM `dg_report` WHERE ( `id` = 7 )  [ RunTime:0.0001s ]

[ 2017-02-22T21:33:25+08:00 ] 117.151.13.173 /index.php/Home/Report/add.html
INFO: [ app_begin ] --START--
INFO: Run Behavior\ReadHtmlCacheBehavior [ RunTime:0.000294s ]
INFO: [ app_begin ] --END-- [ RunTime:0.000518s ]
NOTIC: [8] Undefined index: data /var/www/html/Application/Home/Controller/ReportController.class.php 第 30 行.
NOTIC: [2] Invalid argument supplied for foreach() /var/www/html/Application/Home/Controller/ReportController.class.php 第 31 行.
NOTIC: [8] Undefined variable: error /var/www/html/Application/Home/Controller/ReportController.class.php 第 50 行.
SQL: SHOW COLUMNS FROM `dg_report` [ RunTime:0.0006s ]
SQL: INSERT INTO `dg_report` (`id`,`nexplan`,`address`,`course`,`title`,`content`,`pubtime`) VALUES ('0','a','a','a','4','5','2017-02-22 :21:33:25') [ RunTime:0.0001s ]
SQL: SELECT * FROM `dg_report` WHERE ( `id` = 8 )  [ RunTime:0.0001s ]

[ 2017-02-22T21:33:25+08:00 ] 117.151.13.173 /index.php/Home/Report/add.html
INFO: [ app_begin ] --START--
INFO: Run Behavior\ReadHtmlCacheBehavior [ RunTime:0.000286s ]
INFO: [ app_begin ] --END-- [ RunTime:0.000524s ]
NOTIC: [8] Undefined index: data /var/www/html/Application/Home/Controller/ReportController.class.php 第 30 行.
NOTIC: [2] Invalid argument supplied for foreach() /var/www/html/Application/Home/Controller/ReportController.class.php 第 31 行.
NOTIC: [8] Undefined variable: error /var/www/html/Application/Home/Controller/ReportController.class.php 第 50 行.
SQL: SHOW COLUMNS FROM `dg_report` [ RunTime:0.0005s ]
SQL: INSERT INTO `dg_report` (`id`,`nexplan`,`address`,`course`,`title`,`content`,`pubtime`) VALUES ('0','a','a','a','4','5','2017-02-22 :21:33:25') [ RunTime:0.0001s ]
SQL: SELECT * FROM `dg_report` WHERE ( `id` = 9 )  [ RunTime:0.0001s ]

[ 2017-02-22T21:33:28+08:00 ] 117.151.13.173 /index.php/Home/Report/add.html
INFO: [ app_begin ] --START--
INFO: Run Behavior\ReadHtmlCacheBehavior [ RunTime:0.000316s ]
INFO: [ app_begin ] --END-- [ RunTime:0.000549s ]
NOTIC: [8] Undefined index: data /var/www/html/Application/Home/Controller/ReportController.class.php 第 30 行.
NOTIC: [2] Invalid argument supplied for foreach() /var/www/html/Application/Home/Controller/ReportController.class.php 第 31 行.
NOTIC: [8] Undefined variable: error /var/www/html/Application/Home/Controller/ReportController.class.php 第 50 行.
SQL: SHOW COLUMNS FROM `dg_report` [ RunTime:0.0005s ]
SQL: INSERT INTO `dg_report` (`id`,`nexplan`,`address`,`course`,`title`,`content`,`pubtime`) VALUES ('0','a','a','a','4','5','2017-02-22 :21:33:28') [ RunTime:0.0001s ]
SQL: SELECT * FROM `dg_report` WHERE ( `id` = 10 )  [ RunTime:0.0001s ]

[ 2017-02-22T21:33:47+08:00 ] 117.151.13.173 /index.php/Home/Report/add.html
INFO: [ app_begin ] --START--
INFO: Run Behavior\ReadHtmlCacheBehavior [ RunTime:0.000282s ]
INFO: [ app_begin ] --END-- [ RunTime:0.000505s ]
NOTIC: [8] Undefined index: data /var/www/html/Application/Home/Controller/ReportController.class.php 第 30 行.
NOTIC: [2] Invalid argument supplied for foreach() /var/www/html/Application/Home/Controller/ReportController.class.php 第 31 行.
NOTIC: [8] Undefined index: nexplan /var/www/html/Application/Home/Controller/ReportController.class.php 第 44 行.
NOTIC: [8] Undefined variable: res /var/www/html/Application/Home/Controller/ReportController.class.php 第 51 行.

[ 2017-02-22T21:33:50+08:00 ] 117.151.13.173 /index.php/Home/Report/add.html
INFO: [ app_begin ] --START--
INFO: Run Behavior\ReadHtmlCacheBehavior [ RunTime:0.000282s ]
INFO: [ app_begin ] --END-- [ RunTime:0.000508s ]
NOTIC: [8] Undefined index: data /var/www/html/Application/Home/Controller/ReportController.class.php 第 30 行.
NOTIC: [2] Invalid argument supplied for foreach() /var/www/html/Application/Home/Controller/ReportController.class.php 第 31 行.
NOTIC: [8] Undefined index: nexplan /var/www/html/Application/Home/Controller/ReportController.class.php 第 44 行.
NOTIC: [8] Undefined variable: res /var/www/html/Application/Home/Controller/ReportController.class.php 第 51 行.

[ 2017-02-22T21:34:03+08:00 ] 117.151.13.173 /index.php/Home/Report/add.html
INFO: [ app_begin ] --START--
INFO: Run Behavior\ReadHtmlCacheBehavior [ RunTime:0.000304s ]
INFO: [ app_begin ] --END-- [ RunTime:0.000525s ]
NOTIC: [8] Undefined index: data /var/www/html/Application/Home/Controller/ReportController.class.php 第 30 行.
NOTIC: [2] Invalid argument supplied for foreach() /var/www/html/Application/Home/Controller/ReportController.class.php 第 31 行.
NOTIC: [8] Undefined index: title /var/www/html/Application/Home/Controller/ReportController.class.php 第 38 行.
NOTIC: [8] Undefined index: content /var/www/html/Application/Home/Controller/ReportController.class.php 第 41 行.
NOTIC: [8] Undefined variable: res /var/www/html/Application/Home/Controller/ReportController.class.php 第 51 行.

[ 2017-02-22T21:34:05+08:00 ] 117.151.13.173 /index.php/Home/Report/add.html
INFO: [ app_begin ] --START--
INFO: Run Behavior\ReadHtmlCacheBehavior [ RunTime:0.000279s ]
INFO: [ app_begin ] --END-- [ RunTime:0.000490s ]
NOTIC: [8] Undefined index: data /var/www/html/Application/Home/Controller/ReportController.class.php 第 30 行.
NOTIC: [2] Invalid argument supplied for foreach() /var/www/html/Application/Home/Controller/ReportController.class.php 第 31 行.
NOTIC: [8] Undefined variable: error /var/www/html/Application/Home/Controller/ReportController.class.php 第 50 行.
SQL: SHOW COLUMNS FROM `dg_report` [ RunTime:0.0005s ]
SQL: INSERT INTO `dg_report` (`id`,`nexplan`,`address`,`course`,`title`,`content`,`pubtime`) VALUES ('0','a','a','a','1','2','2017-02-22 :21:34:05') [ RunTime:0.0001s ]
SQL: SELECT * FROM `dg_report` WHERE ( `id` = 11 )  [ RunTime:0.0001s ]

