[ 2017-03-17T00:06:57+08:00 ] ::1 /upload/2017/03/14/58c7dbe8b68c3.png;
ERR: 无法加载模块:Upload

[ 2017-03-17T00:07:11+08:00 ] ::1 /upload/2017/03/14/58c7de22a11b1.png;/upload/2017/03/14/58c7de2db80e0.png;
ERR: 无法加载模块:Upload

[ 2017-03-17T00:07:55+08:00 ] ::1 /upload/2017/03/14/58c7de22a11b1.png;/upload/2017/03/14/58c7de2db80e0.png;
ERR: 无法加载模块:Upload

[ 2017-03-17T00:07:55+08:00 ] ::1 /upload/2017/03/14/58c7de22a11b1.png;/upload/2017/03/14/58c7de2db80e0.png;
ERR: 无法加载模块:Upload

[ 2017-03-17T07:19:58+08:00 ] ::1 /Public/Student/js/H-ui-Admin.js
ERR: 无法加载模块:Public

[ 2017-03-17T07:19:58+08:00 ] ::1 /img/avatar1.jpg
ERR: 无法加载模块:Img

[ 2017-03-17T07:19:58+08:00 ] ::1 /Public/Student/js/H-ui-Admin.js
ERR: 无法加载模块:Public

[ 2017-03-17T07:19:58+08:00 ] ::1 /img/avatar1.jpg
ERR: 无法加载模块:Img

[ 2017-03-17T07:19:58+08:00 ] ::1 /js/agent/agent.js?_=1489706398826
ERR: 无法加载模块:Js

[ 2017-03-17T07:20:01+08:00 ] ::1 /Public/Student/js/H-ui-Admin.js
ERR: 无法加载模块:Public

[ 2017-03-17T07:20:03+08:00 ] ::1 /Public/Student/js/H-ui-Admin.js
ERR: 无法加载模块:Public

[ 2017-03-17T07:20:11+08:00 ] ::1 /Public/Student/js/H-ui-Admin.js
ERR: 无法加载模块:Public

[ 2017-03-17T07:20:12+08:00 ] ::1 /Public/Student/js/H-ui-Admin.js
ERR: 无法加载模块:Public

[ 2017-03-17T07:20:15+08:00 ] ::1 /Public/Student/js/H-ui-Admin.js
ERR: 无法加载模块:Public

[ 2017-03-17T07:20:15+08:00 ] ::1 /Public/Student/js/H-ui-Admin.js
ERR: 无法加载模块:Public

[ 2017-03-17T07:20:17+08:00 ] ::1 /Public/Student/js/H-ui-Admin.js
ERR: 无法加载模块:Public

[ 2017-03-17T07:20:17+08:00 ] ::1 /Public/Student/js/H-ui-Admin.js
ERR: 无法加载模块:Public

[ 2017-03-17T07:22:33+08:00 ] ::1 /Public/Student/js/H-ui-Admin.js
ERR: 无法加载模块:Public

[ 2017-03-17T07:22:33+08:00 ] ::1 /img/avatar1.jpg
ERR: 无法加载模块:Img

[ 2017-03-17T07:22:33+08:00 ] ::1 /Public/Student/js/H-ui-Admin.js
ERR: 无法加载模块:Public

[ 2017-03-17T07:22:33+08:00 ] ::1 /img/avatar1.jpg
ERR: 无法加载模块:Img

[ 2017-03-17T07:22:33+08:00 ] ::1 /js/agent/agent.js?_=1489706553590
ERR: 无法加载模块:Js

[ 2017-03-17T07:28:09+08:00 ] ::1 /Public/Student/js/H-ui-Admin.js
ERR: 无法加载模块:Public

[ 2017-03-17T07:28:09+08:00 ] ::1 /Public/Student/js/H-ui-Admin.js
ERR: 无法加载模块:Public

[ 2017-03-17T07:30:05+08:00 ] ::1 /Public/Student/js/H-ui-Admin.js
ERR: 无法加载模块:Public

[ 2017-03-17T07:30:06+08:00 ] ::1 /Public/Student/js/H-ui-Admin.js
ERR: 无法加载模块:Public

[ 2017-03-17T07:30:16+08:00 ] ::1 /student.php/Notice/index
ERR: 无法加载模块:Student.php

[ 2017-03-17T07:30:48+08:00 ] ::1 /student.php/Notice/index
ERR: 无法加载模块:Student.php

[ 2017-03-17T07:30:51+08:00 ] ::1 /student.php/Notice/index
ERR: 无法加载模块:Student.php

[ 2017-03-17T07:31:45+08:00 ] ::1 /student.php/Notice/index
ERR: 无法加载模块:Student.php

[ 2017-03-17T07:31:52+08:00 ] ::1 /Public/Student/js/H-ui-Admin.js
ERR: 无法加载模块:Public

[ 2017-03-17T07:31:52+08:00 ] ::1 /Public/Student/js/H-ui-Admin.js
ERR: 无法加载模块:Public

[ 2017-03-17T07:32:21+08:00 ] ::1 /Public/Student/js/H-ui-Admin.js
ERR: 无法加载模块:Public

[ 2017-03-17T07:32:21+08:00 ] ::1 /Public/Student/js/H-ui-Admin.js
ERR: 无法加载模块:Public

[ 2017-03-17T07:32:29+08:00 ] ::1 /Public/Student/js/H-ui-Admin.js
ERR: 无法加载模块:Public

[ 2017-03-17T07:32:29+08:00 ] ::1 /img/avatar1.jpg
ERR: 无法加载模块:Img

[ 2017-03-17T07:32:29+08:00 ] ::1 /Public/Student/js/H-ui-Admin.js
ERR: 无法加载模块:Public

[ 2017-03-17T07:32:29+08:00 ] ::1 /img/avatar1.jpg
ERR: 无法加载模块:Img

[ 2017-03-17T07:32:29+08:00 ] ::1 /js/agent/agent.js?_=1489707149394
ERR: 无法加载模块:Js

[ 2017-03-17T07:32:57+08:00 ] ::1 /Public/Student/js/H-ui-Admin.js
ERR: 无法加载模块:Public

[ 2017-03-17T07:32:57+08:00 ] ::1 /img/avatar1.jpg
ERR: 无法加载模块:Img

[ 2017-03-17T07:32:57+08:00 ] ::1 /Public/Student/js/H-ui-Admin.js
ERR: 无法加载模块:Public

[ 2017-03-17T07:32:57+08:00 ] ::1 /img/avatar1.jpg
ERR: 无法加载模块:Img

[ 2017-03-17T07:32:58+08:00 ] ::1 /js/agent/agent.js?_=1489707177569
ERR: 无法加载模块:Js

[ 2017-03-17T07:33:04+08:00 ] ::1 /Public/Student/js/H-ui-Admin.js
ERR: 无法加载模块:Public

[ 2017-03-17T07:33:04+08:00 ] ::1 /img/avatar1.jpg
ERR: 无法加载模块:Img

[ 2017-03-17T07:33:04+08:00 ] ::1 /Public/Student/js/H-ui-Admin.js
ERR: 无法加载模块:Public

[ 2017-03-17T07:33:04+08:00 ] ::1 /img/avatar1.jpg
ERR: 无法加载模块:Img

[ 2017-03-17T07:33:04+08:00 ] ::1 /js/agent/agent.js?_=1489707184252
ERR: 无法加载模块:Js

[ 2017-03-17T07:34:14+08:00 ] ::1 /Public/Student/js/H-ui-Admin.js
ERR: 无法加载模块:Public

[ 2017-03-17T07:34:14+08:00 ] ::1 /img/avatar1.jpg
ERR: 无法加载模块:Img

[ 2017-03-17T07:34:14+08:00 ] ::1 /Public/Student/js/H-ui-Admin.js
ERR: 无法加载模块:Public

[ 2017-03-17T07:34:15+08:00 ] ::1 /img/avatar1.jpg
ERR: 无法加载模块:Img

[ 2017-03-17T07:34:15+08:00 ] ::1 /js/agent/agent.js?_=1489707254677
ERR: 无法加载模块:Js

[ 2017-03-17T07:34:39+08:00 ] ::1 /Public/Student/js/H-ui-Admin.js
ERR: 无法加载模块:Public

[ 2017-03-17T07:34:39+08:00 ] ::1 /img/avatar1.jpg
ERR: 无法加载模块:Img

[ 2017-03-17T07:34:39+08:00 ] ::1 /Public/Student/js/H-ui-Admin.js
ERR: 无法加载模块:Public

[ 2017-03-17T07:34:40+08:00 ] ::1 /img/avatar1.jpg
ERR: 无法加载模块:Img

[ 2017-03-17T07:34:40+08:00 ] ::1 /js/agent/agent.js?_=1489707279787
ERR: 无法加载模块:Js

[ 2017-03-17T07:35:05+08:00 ] ::1 /Public/Student/js/H-ui-Admin.js
ERR: 无法加载模块:Public

[ 2017-03-17T07:35:05+08:00 ] ::1 /img/avatar1.jpg
ERR: 无法加载模块:Img

[ 2017-03-17T07:35:05+08:00 ] ::1 /Public/Student/js/H-ui-Admin.js
ERR: 无法加载模块:Public

[ 2017-03-17T07:35:06+08:00 ] ::1 /img/avatar1.jpg
ERR: 无法加载模块:Img

[ 2017-03-17T07:35:06+08:00 ] ::1 /js/agent/agent.js?_=1489707305783
ERR: 无法加载模块:Js

[ 2017-03-17T07:35:43+08:00 ] ::1 /Public/Student/js/H-ui-Admin.js
ERR: 无法加载模块:Public

[ 2017-03-17T07:35:43+08:00 ] ::1 /img/avatar1.jpg
ERR: 无法加载模块:Img

[ 2017-03-17T07:35:43+08:00 ] ::1 /Public/Student/js/H-ui-Admin.js
ERR: 无法加载模块:Public

[ 2017-03-17T07:35:44+08:00 ] ::1 /img/avatar1.jpg
ERR: 无法加载模块:Img

[ 2017-03-17T07:35:44+08:00 ] ::1 /js/agent/agent.js?_=1489707343923
ERR: 无法加载模块:Js

[ 2017-03-17T07:36:10+08:00 ] ::1 /Public/Student/js/H-ui-Admin.js
ERR: 无法加载模块:Public

[ 2017-03-17T07:36:10+08:00 ] ::1 /img/avatar1.jpg
ERR: 无法加载模块:Img

[ 2017-03-17T07:36:10+08:00 ] ::1 /Public/Student/js/H-ui-Admin.js
ERR: 无法加载模块:Public

[ 2017-03-17T07:36:11+08:00 ] ::1 /img/avatar1.jpg
ERR: 无法加载模块:Img

[ 2017-03-17T07:36:11+08:00 ] ::1 /js/agent/agent.js?_=1489707370778
ERR: 无法加载模块:Js

[ 2017-03-17T07:36:20+08:00 ] ::1 /Public/Student/js/H-ui-Admin.js
ERR: 无法加载模块:Public

[ 2017-03-17T07:36:20+08:00 ] ::1 /img/avatar1.jpg
ERR: 无法加载模块:Img

[ 2017-03-17T07:36:20+08:00 ] ::1 /Public/Student/js/H-ui-Admin.js
ERR: 无法加载模块:Public

[ 2017-03-17T07:36:20+08:00 ] ::1 /img/avatar1.jpg
ERR: 无法加载模块:Img

[ 2017-03-17T07:36:21+08:00 ] ::1 /js/agent/agent.js?_=1489707380664
ERR: 无法加载模块:Js

[ 2017-03-17T07:36:42+08:00 ] ::1 /Public/Student/js/H-ui-Admin.js
ERR: 无法加载模块:Public

[ 2017-03-17T07:36:42+08:00 ] ::1 /img/avatar1.jpg
ERR: 无法加载模块:Img

[ 2017-03-17T07:36:42+08:00 ] ::1 /Public/Student/js/H-ui-Admin.js
ERR: 无法加载模块:Public

[ 2017-03-17T07:36:43+08:00 ] ::1 /img/avatar1.jpg
ERR: 无法加载模块:Img

[ 2017-03-17T07:36:43+08:00 ] ::1 /js/agent/agent.js?_=1489707402728
ERR: 无法加载模块:Js

[ 2017-03-17T07:37:53+08:00 ] ::1 /Public/Student/js/H-ui-Admin.js
ERR: 无法加载模块:Public

[ 2017-03-17T07:37:53+08:00 ] ::1 /img/avatar1.jpg
ERR: 无法加载模块:Img

[ 2017-03-17T07:37:53+08:00 ] ::1 /Public/Student/js/H-ui-Admin.js
ERR: 无法加载模块:Public

[ 2017-03-17T07:37:54+08:00 ] ::1 /img/avatar1.jpg
ERR: 无法加载模块:Img

[ 2017-03-17T07:37:57+08:00 ] ::1 /js/agent/agent.js?_=1489707473749
ERR: 无法加载模块:Js

[ 2017-03-17T07:38:36+08:00 ] ::1 /Public/Student/js/H-ui-Admin.js
ERR: 无法加载模块:Public

[ 2017-03-17T07:38:36+08:00 ] ::1 /img/avatar1.jpg
ERR: 无法加载模块:Img

[ 2017-03-17T07:38:36+08:00 ] ::1 /Public/Student/js/H-ui-Admin.js
ERR: 无法加载模块:Public

[ 2017-03-17T07:38:37+08:00 ] ::1 /img/avatar1.jpg
ERR: 无法加载模块:Img

[ 2017-03-17T07:38:37+08:00 ] ::1 /js/agent/agent.js?_=1489707516841
ERR: 无法加载模块:Js

[ 2017-03-17T07:47:57+08:00 ] ::1 /Public/Student/js/H-ui-Admin.js
ERR: 无法加载模块:Public

[ 2017-03-17T07:47:57+08:00 ] ::1 /img/avatar1.jpg
ERR: 无法加载模块:Img

[ 2017-03-17T07:47:58+08:00 ] ::1 /Public/Student/js/H-ui-Admin.js
ERR: 无法加载模块:Public

[ 2017-03-17T07:47:58+08:00 ] ::1 /img/avatar1.jpg
ERR: 无法加载模块:Img

[ 2017-03-17T07:47:58+08:00 ] ::1 /js/agent/agent.js?_=1489708077996
ERR: 无法加载模块:Js

[ 2017-03-17T07:53:20+08:00 ] ::1 /Public/Student/js/H-ui-Admin.js
ERR: 无法加载模块:Public

[ 2017-03-17T07:53:20+08:00 ] ::1 /Public/Student/js/H-ui-Admin.js
ERR: 无法加载模块:Public

[ 2017-03-17T07:55:56+08:00 ] ::1 /Public/Student/js/H-ui-Admin.js
ERR: 无法加载模块:Public

[ 2017-03-17T07:55:57+08:00 ] ::1 /Public/Student/js/H-ui-Admin.js
ERR: 无法加载模块:Public

[ 2017-03-17T07:56:28+08:00 ] ::1 /Public/Student/js/H-ui-Admin.js
ERR: 无法加载模块:Public

[ 2017-03-17T07:56:28+08:00 ] ::1 /Public/Student/js/H-ui-Admin.js
ERR: 无法加载模块:Public

[ 2017-03-17T07:56:44+08:00 ] ::1 /Public/Student/js/H-ui-Admin.js
ERR: 无法加载模块:Public

[ 2017-03-17T07:56:45+08:00 ] ::1 /Public/Student/js/H-ui-Admin.js
ERR: 无法加载模块:Public

[ 2017-03-17T07:57:24+08:00 ] ::1 /Public/Student/js/H-ui-Admin.js
ERR: 无法加载模块:Public

[ 2017-03-17T07:57:24+08:00 ] ::1 /Public/Student/js/H-ui-Admin.js
ERR: 无法加载模块:Public

[ 2017-03-17T07:58:58+08:00 ] ::1 /Public/Student/js/H-ui-Admin.js
ERR: 无法加载模块:Public

[ 2017-03-17T07:58:58+08:00 ] ::1 /Public/Student/js/H-ui-Admin.js
ERR: 无法加载模块:Public

[ 2017-03-17T07:59:17+08:00 ] ::1 /Public/Student/js/H-ui-Admin.js
ERR: 无法加载模块:Public

[ 2017-03-17T07:59:17+08:00 ] ::1 /Public/Student/js/H-ui-Admin.js
ERR: 无法加载模块:Public

[ 2017-03-17T08:01:00+08:00 ] ::1 /Public/Student/js/H-ui-Admin.js
ERR: 无法加载模块:Public

[ 2017-03-17T08:01:01+08:00 ] ::1 /Public/Student/js/H-ui-Admin.js
ERR: 无法加载模块:Public

[ 2017-03-17T08:01:26+08:00 ] ::1 /Public/Student/js/H-ui-Admin.js
ERR: 无法加载模块:Public

[ 2017-03-17T08:01:27+08:00 ] ::1 /Public/Student/js/H-ui-Admin.js
ERR: 无法加载模块:Public

[ 2017-03-17T08:01:40+08:00 ] ::1 /Public/Student/js/H-ui-Admin.js
ERR: 无法加载模块:Public

[ 2017-03-17T08:01:40+08:00 ] ::1 /Public/Student/js/H-ui-Admin.js
ERR: 无法加载模块:Public

[ 2017-03-17T08:02:08+08:00 ] ::1 /Public/Student/js/H-ui-Admin.js
ERR: 无法加载模块:Public

[ 2017-03-17T08:02:08+08:00 ] ::1 /Public/Student/js/H-ui-Admin.js
ERR: 无法加载模块:Public

[ 2017-03-17T08:03:31+08:00 ] ::1 /Public/Student/js/H-ui-Admin.js
ERR: 无法加载模块:Public

[ 2017-03-17T08:03:31+08:00 ] ::1 /Public/Student/js/H-ui-Admin.js
ERR: 无法加载模块:Public

[ 2017-03-17T08:03:36+08:00 ] ::1 /Public/Student/js/H-ui-Admin.js
ERR: 无法加载模块:Public

[ 2017-03-17T08:03:36+08:00 ] ::1 /img/avatar1.jpg
ERR: 无法加载模块:Img

[ 2017-03-17T08:03:36+08:00 ] ::1 /Public/Student/js/H-ui-Admin.js
ERR: 无法加载模块:Public

[ 2017-03-17T08:03:37+08:00 ] ::1 /img/avatar1.jpg
ERR: 无法加载模块:Img

[ 2017-03-17T08:03:37+08:00 ] ::1 /js/agent/agent.js?_=1489709016768
ERR: 无法加载模块:Js

[ 2017-03-17T08:03:39+08:00 ] ::1 /Public/Student/js/H-ui-Admin.js
ERR: 无法加载模块:Public

[ 2017-03-17T08:03:39+08:00 ] ::1 /Public/Student/js/H-ui-Admin.js
ERR: 无法加载模块:Public

[ 2017-03-17T08:04:58+08:00 ] ::1 /Public/Student/js/H-ui-Admin.js
ERR: 无法加载模块:Public

[ 2017-03-17T08:04:58+08:00 ] ::1 /Public/Student/js/H-ui-Admin.js
ERR: 无法加载模块:Public

[ 2017-03-17T08:05:24+08:00 ] ::1 /Public/Student/js/H-ui-Admin.js
ERR: 无法加载模块:Public

[ 2017-03-17T08:05:25+08:00 ] ::1 /Public/Student/js/H-ui-Admin.js
ERR: 无法加载模块:Public

[ 2017-03-17T08:11:01+08:00 ] ::1 /Public/Student/js/H-ui-Admin.js
ERR: 无法加载模块:Public

[ 2017-03-17T08:11:01+08:00 ] ::1 /Public/Student/js/H-ui-Admin.js
ERR: 无法加载模块:Public

[ 2017-03-17T08:11:12+08:00 ] ::1 /Public/Student/js/H-ui-Admin.js
ERR: 无法加载模块:Public

[ 2017-03-17T08:11:12+08:00 ] ::1 /img/avatar1.jpg
ERR: 无法加载模块:Img

[ 2017-03-17T08:11:12+08:00 ] ::1 /Public/Student/js/H-ui-Admin.js
ERR: 无法加载模块:Public

[ 2017-03-17T08:11:12+08:00 ] ::1 /img/avatar1.jpg
ERR: 无法加载模块:Img

[ 2017-03-17T08:11:12+08:00 ] ::1 /js/agent/agent.js?_=1489709472180
ERR: 无法加载模块:Js

[ 2017-03-17T08:11:35+08:00 ] ::1 /Public/Student/js/H-ui-Admin.js
ERR: 无法加载模块:Public

[ 2017-03-17T08:11:35+08:00 ] ::1 /img/avatar1.jpg
ERR: 无法加载模块:Img

[ 2017-03-17T08:11:35+08:00 ] ::1 /Public/Student/js/H-ui-Admin.js
ERR: 无法加载模块:Public

[ 2017-03-17T08:11:36+08:00 ] ::1 /img/avatar1.jpg
ERR: 无法加载模块:Img

[ 2017-03-17T08:11:36+08:00 ] ::1 /js/agent/agent.js?_=1489709495719
ERR: 无法加载模块:Js

[ 2017-03-17T08:12:09+08:00 ] ::1 /Public/Student/js/H-ui-Admin.js
ERR: 无法加载模块:Public

[ 2017-03-17T08:12:09+08:00 ] ::1 /img/avatar1.jpg
ERR: 无法加载模块:Img

[ 2017-03-17T08:12:09+08:00 ] ::1 /Public/Student/js/H-ui-Admin.js
ERR: 无法加载模块:Public

[ 2017-03-17T08:12:09+08:00 ] ::1 /img/avatar1.jpg
ERR: 无法加载模块:Img

[ 2017-03-17T08:12:09+08:00 ] ::1 /js/agent/agent.js?_=1489709529376
ERR: 无法加载模块:Js

[ 2017-03-17T08:12:21+08:00 ] ::1 /Public/Student/js/H-ui-Admin.js
ERR: 无法加载模块:Public

[ 2017-03-17T08:12:21+08:00 ] ::1 /img/avatar1.jpg
ERR: 无法加载模块:Img

[ 2017-03-17T08:12:22+08:00 ] ::1 /Public/Student/js/H-ui-Admin.js
ERR: 无法加载模块:Public

[ 2017-03-17T08:12:22+08:00 ] ::1 /img/avatar1.jpg
ERR: 无法加载模块:Img

[ 2017-03-17T08:12:22+08:00 ] ::1 /js/agent/agent.js?_=1489709542201
ERR: 无法加载模块:Js

[ 2017-03-17T08:12:31+08:00 ] ::1 /Public/Student/js/H-ui-Admin.js
ERR: 无法加载模块:Public

[ 2017-03-17T08:12:31+08:00 ] ::1 /img/avatar1.jpg
ERR: 无法加载模块:Img

[ 2017-03-17T08:12:31+08:00 ] ::1 /Public/Student/js/H-ui-Admin.js
ERR: 无法加载模块:Public

[ 2017-03-17T08:12:31+08:00 ] ::1 /img/avatar1.jpg
ERR: 无法加载模块:Img

[ 2017-03-17T08:12:31+08:00 ] ::1 /js/agent/agent.js?_=1489709551442
ERR: 无法加载模块:Js

[ 2017-03-17T08:13:53+08:00 ] ::1 /Public/Student/js/H-ui-Admin.js
ERR: 无法加载模块:Public

[ 2017-03-17T08:13:53+08:00 ] ::1 /img/avatar1.jpg
ERR: 无法加载模块:Img

[ 2017-03-17T08:13:53+08:00 ] ::1 /Public/Student/js/H-ui-Admin.js
ERR: 无法加载模块:Public

[ 2017-03-17T08:13:54+08:00 ] ::1 /img/avatar1.jpg
ERR: 无法加载模块:Img

[ 2017-03-17T08:13:54+08:00 ] ::1 /js/agent/agent.js?_=1489709633686
ERR: 无法加载模块:Js

[ 2017-03-17T08:26:18+08:00 ] ::1 /Public/Student/js/H-ui-Admin.js
ERR: 无法加载模块:Public

[ 2017-03-17T08:26:19+08:00 ] ::1 /Public/Student/js/H-ui-Admin.js
ERR: 无法加载模块:Public

[ 2017-03-17T08:26:19+08:00 ] ::1 /Public/Student/js/H-ui-Admin.js
ERR: 无法加载模块:Public

