[ 2017-02-21T17:37:53+08:00 ] 60.170.255.179 /teacher.php/login/index.html
INFO: [ app_begin ] --START--
INFO: Run Behavior\ReadHtmlCacheBehavior [ RunTime:0.000302s ]
INFO: [ app_begin ] --END-- [ RunTime:0.000533s ]

[ 2017-02-21T17:37:53+08:00 ] 49.77.217.198 /teacher.php/login/index.html
INFO: [ app_begin ] --START--
INFO: Run Behavior\ReadHtmlCacheBehavior [ RunTime:0.000342s ]
INFO: [ app_begin ] --END-- [ RunTime:0.000555s ]
ERR: SQLSTATE[28000] [1045] Access denied for user 'root'@'localhost' (using password: YES)

[ 2017-02-21T17:37:59+08:00 ] 49.77.217.198 /teacher.php/login/index.html
INFO: [ app_begin ] --START--
INFO: Run Behavior\ReadHtmlCacheBehavior [ RunTime:0.000273s ]
INFO: [ app_begin ] --END-- [ RunTime:0.000488s ]
ERR: SQLSTATE[28000] [1045] Access denied for user 'root'@'localhost' (using password: YES)

[ 2017-02-21T17:38:00+08:00 ] 49.77.217.198 /teacher.php/login/index.html
INFO: [ app_begin ] --START--
INFO: Run Behavior\ReadHtmlCacheBehavior [ RunTime:0.000292s ]
INFO: [ app_begin ] --END-- [ RunTime:0.000508s ]
ERR: SQLSTATE[28000] [1045] Access denied for user 'root'@'localhost' (using password: YES)

[ 2017-02-21T17:38:00+08:00 ] 49.77.217.198 /teacher.php/login/index.html
INFO: [ app_begin ] --START--
INFO: Run Behavior\ReadHtmlCacheBehavior [ RunTime:0.000292s ]
INFO: [ app_begin ] --END-- [ RunTime:0.000500s ]
ERR: SQLSTATE[28000] [1045] Access denied for user 'root'@'localhost' (using password: YES)

[ 2017-02-21T17:38:00+08:00 ] 49.77.217.198 /teacher.php/login/index.html
INFO: [ app_begin ] --START--
INFO: Run Behavior\ReadHtmlCacheBehavior [ RunTime:0.000405s ]
INFO: [ app_begin ] --END-- [ RunTime:0.000715s ]
ERR: SQLSTATE[28000] [1045] Access denied for user 'root'@'localhost' (using password: YES)

[ 2017-02-21T17:38:01+08:00 ] 49.77.217.198 /teacher.php/login/index.html
INFO: [ app_begin ] --START--
INFO: Run Behavior\ReadHtmlCacheBehavior [ RunTime:0.000276s ]
INFO: [ app_begin ] --END-- [ RunTime:0.000501s ]
ERR: SQLSTATE[28000] [1045] Access denied for user 'root'@'localhost' (using password: YES)

[ 2017-02-21T17:38:38+08:00 ] 49.77.217.198 /teacher.php/login/index.html
INFO: [ app_begin ] --START--
INFO: Run Behavior\ReadHtmlCacheBehavior [ RunTime:0.000314s ]
INFO: [ app_begin ] --END-- [ RunTime:0.000546s ]
ERR: SQLSTATE[28000] [1045] Access denied for user 'root'@'localhost' (using password: YES)

[ 2017-02-21T17:38:39+08:00 ] 49.77.217.198 /teacher.php/login/index.html
INFO: [ app_begin ] --START--
INFO: Run Behavior\ReadHtmlCacheBehavior [ RunTime:0.000288s ]
INFO: [ app_begin ] --END-- [ RunTime:0.000514s ]
ERR: SQLSTATE[28000] [1045] Access denied for user 'root'@'localhost' (using password: YES)

[ 2017-02-21T17:38:55+08:00 ] 49.77.217.198 /teacher.php/login/index.html
INFO: [ app_begin ] --START--
INFO: Run Behavior\ReadHtmlCacheBehavior [ RunTime:0.000283s ]
INFO: [ app_begin ] --END-- [ RunTime:0.000519s ]
ERR: SQLSTATE[28000] [1045] Access denied for user 'root'@'localhost' (using password: YES)

[ 2017-02-21T17:38:56+08:00 ] 49.77.217.198 /teacher.php/login/index.html
INFO: [ app_begin ] --START--
INFO: Run Behavior\ReadHtmlCacheBehavior [ RunTime:0.000301s ]
INFO: [ app_begin ] --END-- [ RunTime:0.000554s ]
ERR: SQLSTATE[28000] [1045] Access denied for user 'root'@'localhost' (using password: YES)

[ 2017-02-21T17:39:12+08:00 ] 60.170.255.179 /teacher.php/login/index.html
INFO: [ app_begin ] --START--
INFO: Run Behavior\ReadHtmlCacheBehavior [ RunTime:0.000294s ]
INFO: [ app_begin ] --END-- [ RunTime:0.000528s ]
ERR: SQLSTATE[28000] [1045] Access denied for user 'root'@'localhost' (using password: YES)

[ 2017-02-21T17:39:42+08:00 ] 60.170.255.179 /teacher.php/login/index.html
INFO: [ app_begin ] --START--
INFO: Run Behavior\ReadHtmlCacheBehavior [ RunTime:0.000294s ]
INFO: [ app_begin ] --END-- [ RunTime:0.000529s ]

[ 2017-02-21T17:39:53+08:00 ] 60.170.255.179 /teacher.php/login/index.html
INFO: [ app_begin ] --START--
INFO: Run Behavior\ReadHtmlCacheBehavior [ RunTime:0.000435s ]
INFO: [ app_begin ] --END-- [ RunTime:0.000648s ]
ERR: SQLSTATE[28000] [1045] Access denied for user 'root'@'localhost' (using password: YES)

[ 2017-02-21T17:39:54+08:00 ] 49.77.217.198 /teacher.php/login/index.html
INFO: [ app_begin ] --START--
INFO: Run Behavior\ReadHtmlCacheBehavior [ RunTime:0.000306s ]
INFO: [ app_begin ] --END-- [ RunTime:0.000556s ]
ERR: SQLSTATE[28000] [1045] Access denied for user 'root'@'localhost' (using password: YES)

[ 2017-02-21T17:39:54+08:00 ] 49.77.217.198 /teacher.php/login/index.html
INFO: [ app_begin ] --START--
INFO: Run Behavior\ReadHtmlCacheBehavior [ RunTime:0.000298s ]
INFO: [ app_begin ] --END-- [ RunTime:0.000527s ]
ERR: SQLSTATE[28000] [1045] Access denied for user 'root'@'localhost' (using password: YES)

[ 2017-02-21T17:39:54+08:00 ] 49.77.217.198 /teacher.php/login/index.html
INFO: [ app_begin ] --START--
INFO: Run Behavior\ReadHtmlCacheBehavior [ RunTime:0.000279s ]
INFO: [ app_begin ] --END-- [ RunTime:0.000494s ]
ERR: SQLSTATE[28000] [1045] Access denied for user 'root'@'localhost' (using password: YES)

[ 2017-02-21T17:39:54+08:00 ] 49.77.217.198 /teacher.php/login/index.html
INFO: [ app_begin ] --START--
INFO: Run Behavior\ReadHtmlCacheBehavior [ RunTime:0.000302s ]
INFO: [ app_begin ] --END-- [ RunTime:0.000512s ]
ERR: SQLSTATE[28000] [1045] Access denied for user 'root'@'localhost' (using password: YES)

[ 2017-02-21T17:39:54+08:00 ] 49.77.217.198 /teacher.php/login/index.html
INFO: [ app_begin ] --START--
INFO: Run Behavior\ReadHtmlCacheBehavior [ RunTime:0.000289s ]
INFO: [ app_begin ] --END-- [ RunTime:0.000509s ]
ERR: SQLSTATE[28000] [1045] Access denied for user 'root'@'localhost' (using password: YES)

[ 2017-02-21T17:39:55+08:00 ] 49.77.217.198 /teacher.php/login/index.html
INFO: [ app_begin ] --START--
INFO: Run Behavior\ReadHtmlCacheBehavior [ RunTime:0.000299s ]
INFO: [ app_begin ] --END-- [ RunTime:0.000522s ]
ERR: SQLSTATE[28000] [1045] Access denied for user 'root'@'localhost' (using password: YES)

[ 2017-02-21T17:39:55+08:00 ] 49.77.217.198 /teacher.php/login/index.html
INFO: [ app_begin ] --START--
INFO: Run Behavior\ReadHtmlCacheBehavior [ RunTime:0.000282s ]
INFO: [ app_begin ] --END-- [ RunTime:0.000516s ]
ERR: SQLSTATE[28000] [1045] Access denied for user 'root'@'localhost' (using password: YES)

[ 2017-02-21T17:39:55+08:00 ] 49.77.217.198 /teacher.php/login/index.html
INFO: [ app_begin ] --START--
INFO: Run Behavior\ReadHtmlCacheBehavior [ RunTime:0.000313s ]
INFO: [ app_begin ] --END-- [ RunTime:0.000536s ]
ERR: SQLSTATE[28000] [1045] Access denied for user 'root'@'localhost' (using password: YES)

[ 2017-02-21T17:40:08+08:00 ] 60.170.255.179 /teacher.php/login/index.html
INFO: [ app_begin ] --START--
INFO: Run Behavior\ReadHtmlCacheBehavior [ RunTime:0.000302s ]
INFO: [ app_begin ] --END-- [ RunTime:0.000523s ]
ERR: SQLSTATE[28000] [1045] Access denied for user 'root'@'localhost' (using password: YES)

[ 2017-02-21T17:44:32+08:00 ] 60.170.255.179 /teacher.php/login/index.html
INFO: [ app_begin ] --START--
INFO: Run Behavior\ReadHtmlCacheBehavior [ RunTime:0.000285s ]
INFO: [ app_begin ] --END-- [ RunTime:0.000530s ]

[ 2017-02-21T17:44:36+08:00 ] 60.170.255.179 /teacher.php/login/index.html
INFO: [ app_begin ] --START--
INFO: Run Behavior\ReadHtmlCacheBehavior [ RunTime:0.000287s ]
INFO: [ app_begin ] --END-- [ RunTime:0.000499s ]
SQL: SHOW COLUMNS FROM `dg_user` [ RunTime:0.0005s ]
SQL: SELECT * FROM `dg_user` WHERE `username` = '叶方勇' AND `password` = '7f7782ba1bd77146df7f0b0ecb597d53' LIMIT 1   [ RunTime:0.0002s ]

[ 2017-02-21T17:44:41+08:00 ] 60.170.255.179 /teacher.php/login/index.html
INFO: [ app_begin ] --START--
INFO: Run Behavior\ReadHtmlCacheBehavior [ RunTime:0.000298s ]
INFO: [ app_begin ] --END-- [ RunTime:0.000519s ]
SQL: SHOW COLUMNS FROM `dg_user` [ RunTime:0.0004s ]
SQL: SELECT * FROM `dg_user` WHERE `username` = 'yfy' AND `password` = '7f7782ba1bd77146df7f0b0ecb597d53' LIMIT 1   [ RunTime:0.0002s ]

[ 2017-02-21T17:44:45+08:00 ] 60.170.255.179 /teacher.php/login/index.html
INFO: [ app_begin ] --START--
INFO: Run Behavior\ReadHtmlCacheBehavior [ RunTime:0.000281s ]
INFO: [ app_begin ] --END-- [ RunTime:0.000533s ]
SQL: SHOW COLUMNS FROM `dg_user` [ RunTime:0.0004s ]
SQL: SELECT * FROM `dg_user` WHERE `username` = 'yfy' AND `password` = '202cb962ac59075b964b07152d234b70' LIMIT 1   [ RunTime:0.0001s ]

[ 2017-02-21T17:46:24+08:00 ] 49.77.217.198 /teacher.php/login/index.html
INFO: [ app_begin ] --START--
INFO: Run Behavior\ReadHtmlCacheBehavior [ RunTime:0.000286s ]
INFO: [ app_begin ] --END-- [ RunTime:0.000501s ]
SQL: SHOW COLUMNS FROM `dg_user` [ RunTime:0.0004s ]
SQL: SELECT * FROM `dg_user` WHERE `username` = 'yfy' AND `password` = '202cb962ac59075b964b07152d234b70' LIMIT 1   [ RunTime:0.0001s ]

[ 2017-02-21T18:01:49+08:00 ] 60.170.255.179 /index.php?m=teacher&c=notice&a=add
INFO: [ app_begin ] --START--
INFO: Run Behavior\ReadHtmlCacheBehavior [ RunTime:0.000279s ]
INFO: [ app_begin ] --END-- [ RunTime:0.000490s ]

[ 2017-02-21T18:01:59+08:00 ] 60.170.255.179 /index.php?m=teacher&c=notice&a=add
INFO: [ app_begin ] --START--
INFO: Run Behavior\ReadHtmlCacheBehavior [ RunTime:0.000306s ]
INFO: [ app_begin ] --END-- [ RunTime:0.000519s ]
SQL: SHOW COLUMNS FROM `dg_profession` [ RunTime:0.0004s ]
SQL: SELECT * FROM `dg_profession` WHERE ( name="机械设计" ) LIMIT 1   [ RunTime:0.0001s ]
SQL: SHOW COLUMNS FROM `dg_teacher` [ RunTime:0.0003s ]
SQL: SELECT * FROM `dg_teacher` WHERE ( name="yfy" ) LIMIT 1   [ RunTime:0.0001s ]
SQL: SHOW COLUMNS FROM `dg_notice` [ RunTime:0.0003s ]
ERR: 1048:Column 'user_id' cannot be null
 [ SQL语句 ] : INSERT INTO `dg_notice` (`title`,`content`,`pubtime`,`pro_id`,`user_id`) VALUES ('da','asda','2017-02-21 :18:01:59','1',NULL)
ERR: 1048:Column 'user_id' cannot be null
 [ SQL语句 ] : INSERT INTO `dg_notice` (`title`,`content`,`pubtime`,`pro_id`,`user_id`) VALUES ('da','asda','2017-02-21 :18:01:59','1',NULL)

[ 2017-02-21T18:02:03+08:00 ] 60.170.255.179 /index.php?m=teacher&c=notice&a=add
INFO: [ app_begin ] --START--
INFO: Run Behavior\ReadHtmlCacheBehavior [ RunTime:0.000337s ]
INFO: [ app_begin ] --END-- [ RunTime:0.000546s ]
SQL: SHOW COLUMNS FROM `dg_profession` [ RunTime:0.0004s ]
SQL: SELECT * FROM `dg_profession` WHERE ( name="机械设计" ) LIMIT 1   [ RunTime:0.0001s ]
SQL: SHOW COLUMNS FROM `dg_teacher` [ RunTime:0.0003s ]
SQL: SELECT * FROM `dg_teacher` WHERE ( name="yfy" ) LIMIT 1   [ RunTime:0.0001s ]
SQL: SHOW COLUMNS FROM `dg_notice` [ RunTime:0.0003s ]
ERR: 1048:Column 'user_id' cannot be null
 [ SQL语句 ] : INSERT INTO `dg_notice` (`title`,`content`,`pubtime`,`pro_id`,`user_id`) VALUES ('da','asda','2017-02-21 :18:02:03','1',NULL)
ERR: 1048:Column 'user_id' cannot be null
 [ SQL语句 ] : INSERT INTO `dg_notice` (`title`,`content`,`pubtime`,`pro_id`,`user_id`) VALUES ('da','asda','2017-02-21 :18:02:03','1',NULL)

[ 2017-02-21T18:02:04+08:00 ] 60.170.255.179 /index.php?m=teacher&c=notice&a=add
INFO: [ app_begin ] --START--
INFO: Run Behavior\ReadHtmlCacheBehavior [ RunTime:0.000280s ]
INFO: [ app_begin ] --END-- [ RunTime:0.000489s ]
SQL: SHOW COLUMNS FROM `dg_profession` [ RunTime:0.0004s ]
SQL: SELECT * FROM `dg_profession` WHERE ( name="机械设计" ) LIMIT 1   [ RunTime:0.0001s ]
SQL: SHOW COLUMNS FROM `dg_teacher` [ RunTime:0.0003s ]
SQL: SELECT * FROM `dg_teacher` WHERE ( name="yfy" ) LIMIT 1   [ RunTime:0.0001s ]
SQL: SHOW COLUMNS FROM `dg_notice` [ RunTime:0.0003s ]
ERR: 1048:Column 'user_id' cannot be null
 [ SQL语句 ] : INSERT INTO `dg_notice` (`title`,`content`,`pubtime`,`pro_id`,`user_id`) VALUES ('da','asda','2017-02-21 :18:02:04','1',NULL)
ERR: 1048:Column 'user_id' cannot be null
 [ SQL语句 ] : INSERT INTO `dg_notice` (`title`,`content`,`pubtime`,`pro_id`,`user_id`) VALUES ('da','asda','2017-02-21 :18:02:04','1',NULL)

[ 2017-02-21T18:02:04+08:00 ] 60.170.255.179 /index.php?m=teacher&c=notice&a=add
INFO: [ app_begin ] --START--
INFO: Run Behavior\ReadHtmlCacheBehavior [ RunTime:0.000274s ]
INFO: [ app_begin ] --END-- [ RunTime:0.000480s ]
SQL: SHOW COLUMNS FROM `dg_profession` [ RunTime:0.0004s ]
SQL: SELECT * FROM `dg_profession` WHERE ( name="机械设计" ) LIMIT 1   [ RunTime:0.0001s ]
SQL: SHOW COLUMNS FROM `dg_teacher` [ RunTime:0.0003s ]
SQL: SELECT * FROM `dg_teacher` WHERE ( name="yfy" ) LIMIT 1   [ RunTime:0.0001s ]
SQL: SHOW COLUMNS FROM `dg_notice` [ RunTime:0.0003s ]
ERR: 1048:Column 'user_id' cannot be null
 [ SQL语句 ] : INSERT INTO `dg_notice` (`title`,`content`,`pubtime`,`pro_id`,`user_id`) VALUES ('da','asda','2017-02-21 :18:02:04','1',NULL)
ERR: 1048:Column 'user_id' cannot be null
 [ SQL语句 ] : INSERT INTO `dg_notice` (`title`,`content`,`pubtime`,`pro_id`,`user_id`) VALUES ('da','asda','2017-02-21 :18:02:04','1',NULL)

[ 2017-02-21T18:05:17+08:00 ] 60.170.255.179 /index.php?m=teacher&c=notice&a=add
INFO: [ app_begin ] --START--
INFO: Run Behavior\ReadHtmlCacheBehavior [ RunTime:0.000301s ]
INFO: [ app_begin ] --END-- [ RunTime:0.000526s ]
SQL: SHOW COLUMNS FROM `dg_profession` [ RunTime:0.0004s ]
SQL: SELECT * FROM `dg_profession` WHERE ( name="机械设计" ) LIMIT 1   [ RunTime:0.0001s ]
NOTIC: [8] Undefined index: adminUser /var/www/html/Application/Teacher/Controller/NoticeController.class.php 第 30 行.
SQL: SHOW COLUMNS FROM `dg_teacher` [ RunTime:0.0003s ]
SQL: SELECT * FROM `dg_teacher` WHERE ( name="" ) LIMIT 1   [ RunTime:0.0001s ]
SQL: SHOW COLUMNS FROM `dg_notice` [ RunTime:0.0003s ]
ERR: 1048:Column 'user_id' cannot be null
 [ SQL语句 ] : INSERT INTO `dg_notice` (`title`,`content`,`pubtime`,`pro_id`,`user_id`) VALUES ('萨达','撒打算','2017-02-21 :18:05:17','1',NULL)
ERR: 1048:Column 'user_id' cannot be null
 [ SQL语句 ] : INSERT INTO `dg_notice` (`title`,`content`,`pubtime`,`pro_id`,`user_id`) VALUES ('萨达','撒打算','2017-02-21 :18:05:17','1',NULL)

[ 2017-02-21T19:37:14+08:00 ] 60.170.255.179 /index.php?m=teacher&c=notice&a=add
INFO: [ app_begin ] --START--
INFO: Run Behavior\ReadHtmlCacheBehavior [ RunTime:0.000329s ]
INFO: [ app_begin ] --END-- [ RunTime:0.000539s ]

[ 2017-02-21T20:16:08+08:00 ] 117.152.93.95 /teacher.php/login/index.html
INFO: [ app_begin ] --START--
INFO: Run Behavior\ReadHtmlCacheBehavior [ RunTime:0.000297s ]
INFO: [ app_begin ] --END-- [ RunTime:0.000530s ]
SQL: SHOW COLUMNS FROM `dg_user` [ RunTime:0.0004s ]
SQL: SELECT * FROM `dg_user` WHERE `username` = 'yfy' AND `password` = '202cb962ac59075b964b07152d234b70' LIMIT 1   [ RunTime:0.0001s ]

[ 2017-02-21T20:22:22+08:00 ] 117.152.93.95 /teacher.php/login/index.html
INFO: [ app_begin ] --START--
INFO: Run Behavior\ReadHtmlCacheBehavior [ RunTime:0.000300s ]
INFO: [ app_begin ] --END-- [ RunTime:0.000509s ]
SQL: SHOW COLUMNS FROM `dg_user` [ RunTime:0.0004s ]
SQL: SELECT * FROM `dg_user` WHERE `username` = 'yfy' AND `password` = '202cb962ac59075b964b07152d234b70' LIMIT 1   [ RunTime:0.0001s ]

[ 2017-02-21T20:29:42+08:00 ] 49.77.217.198 /teacher.php/login/index.html
INFO: [ app_begin ] --START--
INFO: Run Behavior\ReadHtmlCacheBehavior [ RunTime:0.000287s ]
INFO: [ app_begin ] --END-- [ RunTime:0.000499s ]
SQL: SHOW COLUMNS FROM `dg_user` [ RunTime:0.0004s ]
SQL: SELECT * FROM `dg_user` WHERE `username` = 'yfy' AND `password` = '202cb962ac59075b964b07152d234b70' LIMIT 1   [ RunTime:0.0001s ]

[ 2017-02-21T20:29:59+08:00 ] 117.152.93.95 /teacher.php/login/index.html
INFO: [ app_begin ] --START--
INFO: Run Behavior\ReadHtmlCacheBehavior [ RunTime:0.000282s ]
INFO: [ app_begin ] --END-- [ RunTime:0.000505s ]
SQL: SHOW COLUMNS FROM `dg_user` [ RunTime:0.0004s ]
SQL: SELECT * FROM `dg_user` WHERE `username` = 'yfy' AND `password` = '202cb962ac59075b964b07152d234b70' LIMIT 1   [ RunTime:0.0002s ]

[ 2017-02-21T20:31:47+08:00 ] 60.170.255.179 /teacher.php/Student/add.html
INFO: [ app_begin ] --START--
INFO: Run Behavior\ReadHtmlCacheBehavior [ RunTime:0.000308s ]
INFO: [ app_begin ] --END-- [ RunTime:0.000524s ]

[ 2017-02-21T20:31:51+08:00 ] 117.152.93.95 /teacher.php/login/index.html
INFO: [ app_begin ] --START--
INFO: Run Behavior\ReadHtmlCacheBehavior [ RunTime:0.000281s ]
INFO: [ app_begin ] --END-- [ RunTime:0.000498s ]
SQL: SHOW COLUMNS FROM `dg_user` [ RunTime:0.0004s ]
SQL: SELECT * FROM `dg_user` WHERE `username` = 'yfy' AND `password` = '202cb962ac59075b964b07152d234b70' LIMIT 1   [ RunTime:0.0001s ]

[ 2017-02-21T20:32:14+08:00 ] 60.170.255.179 /teacher.php/Student/getMaster.html
INFO: [ app_begin ] --START--
INFO: Run Behavior\ReadHtmlCacheBehavior [ RunTime:0.000289s ]
INFO: [ app_begin ] --END-- [ RunTime:0.000499s ]
SQL: SHOW COLUMNS FROM `dg_class` [ RunTime:0.0004s ]
SQL: SELECT `master` FROM `dg_class` WHERE `classname` = '机设011' LIMIT 1   [ RunTime:0.0001s ]

[ 2017-02-21T20:34:14+08:00 ] 60.170.255.179 /teacher.php/Student/add.html
INFO: [ app_begin ] --START--
INFO: Run Behavior\ReadHtmlCacheBehavior [ RunTime:0.000292s ]
INFO: [ app_begin ] --END-- [ RunTime:0.000503s ]
SQL: SHOW COLUMNS FROM `dg_class` [ RunTime:0.0004s ]
ERR: Think\Model:getIdByName方法不存在！

[ 2017-02-21T20:35:18+08:00 ] 60.170.255.179 /teacher.php/Student/add.html
INFO: [ app_begin ] --START--
INFO: Run Behavior\ReadHtmlCacheBehavior [ RunTime:0.000296s ]
INFO: [ app_begin ] --END-- [ RunTime:0.000519s ]
SQL: SHOW COLUMNS FROM `dg_class` [ RunTime:0.0004s ]
SQL: SELECT `id` FROM `dg_class` WHERE `classname` = '机设011' LIMIT 1   [ RunTime:0.0001s ]
SQL: SHOW COLUMNS FROM `dg_student` [ RunTime:0.0004s ]
ERR: Think\Model:addStu方法不存在！

[ 2017-02-21T20:35:38+08:00 ] 60.170.255.179 /teacher.php/Student/add.html
INFO: [ app_begin ] --START--
INFO: Run Behavior\ReadHtmlCacheBehavior [ RunTime:0.000301s ]
INFO: [ app_begin ] --END-- [ RunTime:0.000511s ]
SQL: SHOW COLUMNS FROM `dg_class` [ RunTime:0.0004s ]
SQL: SELECT `id` FROM `dg_class` WHERE `classname` = '机设011' LIMIT 1   [ RunTime:0.0001s ]
SQL: SHOW COLUMNS FROM `dg_student` [ RunTime:0.0003s ]
ERR: Think\Model:addStu方法不存在！

[ 2017-02-21T20:36:35+08:00 ] 60.170.255.179 /teacher.php/Student/add.html
INFO: [ app_begin ] --START--
INFO: Run Behavior\ReadHtmlCacheBehavior [ RunTime:0.000276s ]
INFO: [ app_begin ] --END-- [ RunTime:0.000491s ]
SQL: SHOW COLUMNS FROM `dg_class` [ RunTime:0.0004s ]
SQL: SELECT `id` FROM `dg_class` WHERE `classname` = '机设011' LIMIT 1   [ RunTime:0.0001s ]
SQL: SHOW COLUMNS FROM `dg_student` [ RunTime:0.0003s ]
SQL: INSERT INTO `dg_student` (`phone`,`studentno`,`name`,`password`,`course`,`email`,`classno`,`sex`,`addtime`) VALUES ('13053112897','20170220','你猜啊','12','数学','1281074511@qq.com','1','0','2017-02-21 20:36:35') [ RunTime:0.0001s ]

[ 2017-02-21T20:37:09+08:00 ] 60.170.255.179 /index.php?m=teacher&c=notice&a=add
INFO: [ app_begin ] --START--
INFO: Run Behavior\ReadHtmlCacheBehavior [ RunTime:0.000291s ]
INFO: [ app_begin ] --END-- [ RunTime:0.000506s ]

[ 2017-02-21T20:37:12+08:00 ] 60.170.255.179 /index.php?m=teacher&c=notice&a=add
INFO: [ app_begin ] --START--
INFO: Run Behavior\ReadHtmlCacheBehavior [ RunTime:0.000279s ]
INFO: [ app_begin ] --END-- [ RunTime:0.000509s ]

[ 2017-02-21T20:39:08+08:00 ] 60.170.255.179 /index.php?m=teacher&c=notice&a=add
INFO: [ app_begin ] --START--
INFO: Run Behavior\ReadHtmlCacheBehavior [ RunTime:0.000295s ]
INFO: [ app_begin ] --END-- [ RunTime:0.000515s ]

[ 2017-02-21T20:39:21+08:00 ] 60.170.255.179 /index.php?m=teacher&c=notice&a=add
INFO: [ app_begin ] --START--
INFO: Run Behavior\ReadHtmlCacheBehavior [ RunTime:0.000278s ]
INFO: [ app_begin ] --END-- [ RunTime:0.000499s ]
SQL: SHOW COLUMNS FROM `dg_profession` [ RunTime:0.0004s ]
SQL: SELECT * FROM `dg_profession` WHERE ( name="机械设计" ) LIMIT 1   [ RunTime:0.0001s ]
SQL: SHOW COLUMNS FROM `dg_teacher` [ RunTime:0.0003s ]
SQL: SELECT * FROM `dg_teacher` WHERE ( name="yfy" ) LIMIT 1   [ RunTime:0.0001s ]

[ 2017-02-21T20:40:35+08:00 ] 60.170.255.179 /index.php?m=teacher&c=notice&a=add
INFO: [ app_begin ] --START--
INFO: Run Behavior\ReadHtmlCacheBehavior [ RunTime:0.000297s ]
INFO: [ app_begin ] --END-- [ RunTime:0.000526s ]

[ 2017-02-21T20:40:55+08:00 ] 60.170.255.179 /index.php?m=teacher&c=notice&a=add
INFO: [ app_begin ] --START--
INFO: Run Behavior\ReadHtmlCacheBehavior [ RunTime:0.000278s ]
INFO: [ app_begin ] --END-- [ RunTime:0.000488s ]
SQL: SHOW COLUMNS FROM `dg_profession` [ RunTime:0.0004s ]
SQL: SELECT * FROM `dg_profession` WHERE ( name="机械设计" ) LIMIT 1   [ RunTime:0.0001s ]
NOTIC: [8] Undefined index: adminUser /var/www/html/Application/Teacher/Controller/NoticeController.class.php 第 30 行.
SQL: SHOW COLUMNS FROM `dg_teacher` [ RunTime:0.0003s ]
SQL: SELECT * FROM `dg_teacher` WHERE ( name="" ) LIMIT 1   [ RunTime:0.0001s ]

[ 2017-02-21T20:43:15+08:00 ] 60.170.255.179 /index.php?m=teacher&c=notice&a=add
INFO: [ app_begin ] --START--
INFO: Run Behavior\ReadHtmlCacheBehavior [ RunTime:0.000280s ]
INFO: [ app_begin ] --END-- [ RunTime:0.000487s ]
SQL: SHOW COLUMNS FROM `dg_profession` [ RunTime:0.0004s ]
SQL: SELECT * FROM `dg_profession` WHERE ( name="所有人" ) LIMIT 1   [ RunTime:0.0001s ]
NOTIC: [8] Undefined index: adminUser /var/www/html/Application/Teacher/Controller/NoticeController.class.php 第 30 行.
SQL: SHOW COLUMNS FROM `dg_teacher` [ RunTime:0.0003s ]
SQL: SELECT * FROM `dg_teacher` WHERE ( name="" ) LIMIT 1   [ RunTime:0.0001s ]

[ 2017-02-21T20:44:26+08:00 ] 60.170.255.179 /index.php?m=teacher&c=notice&a=add
INFO: [ app_begin ] --START--
INFO: Run Behavior\ReadHtmlCacheBehavior [ RunTime:0.000292s ]
INFO: [ app_begin ] --END-- [ RunTime:0.000517s ]
SQL: SHOW COLUMNS FROM `dg_profession` [ RunTime:0.0004s ]
SQL: SELECT * FROM `dg_profession` WHERE ( name="所有人" ) LIMIT 1   [ RunTime:0.0001s ]
NOTIC: [8] Undefined index: adminUser /var/www/html/Application/Teacher/Controller/NoticeController.class.php 第 30 行.

[ 2017-02-21T20:45:05+08:00 ] 60.170.255.179 /index.php?m=teacher&c=notice&a=add
INFO: [ app_begin ] --START--
INFO: Run Behavior\ReadHtmlCacheBehavior [ RunTime:0.000301s ]
INFO: [ app_begin ] --END-- [ RunTime:0.000523s ]
SQL: SHOW COLUMNS FROM `dg_profession` [ RunTime:0.0004s ]
SQL: SELECT * FROM `dg_profession` WHERE ( name="所有人" ) LIMIT 1   [ RunTime:0.0001s ]
NOTIC: [8] Undefined index: adminUser /var/www/html/Application/Teacher/Controller/NoticeController.class.php 第 30 行.

[ 2017-02-21T20:45:50+08:00 ] 60.170.255.179 /index.php?m=teacher&c=notice&a=add
INFO: [ app_begin ] --START--
INFO: Run Behavior\ReadHtmlCacheBehavior [ RunTime:0.000309s ]
INFO: [ app_begin ] --END-- [ RunTime:0.000538s ]
SQL: SHOW COLUMNS FROM `dg_profession` [ RunTime:0.0004s ]
SQL: SELECT * FROM `dg_profession` WHERE ( name="所有人" ) LIMIT 1   [ RunTime:0.0001s ]
NOTIC: [8] Undefined index: adminUser /var/www/html/Application/Teacher/Controller/NoticeController.class.php 第 30 行.

[ 2017-02-21T20:46:22+08:00 ] 60.170.255.179 /index.php?m=teacher&c=notice&a=add
INFO: [ app_begin ] --START--
INFO: Run Behavior\ReadHtmlCacheBehavior [ RunTime:0.000294s ]
INFO: [ app_begin ] --END-- [ RunTime:0.000513s ]

[ 2017-02-21T20:46:37+08:00 ] 60.170.255.179 /teacher.php/login/index.html
INFO: [ app_begin ] --START--
INFO: Run Behavior\ReadHtmlCacheBehavior [ RunTime:0.000299s ]
INFO: [ app_begin ] --END-- [ RunTime:0.000513s ]
SQL: SHOW COLUMNS FROM `dg_user` [ RunTime:0.0004s ]
SQL: SELECT * FROM `dg_user` WHERE `username` = 'yfy' AND `password` = '202cb962ac59075b964b07152d234b70' LIMIT 1   [ RunTime:0.0001s ]

[ 2017-02-21T20:46:52+08:00 ] 60.170.255.179 /index.php?m=teacher&c=notice&a=add
INFO: [ app_begin ] --START--
INFO: Run Behavior\ReadHtmlCacheBehavior [ RunTime:0.000298s ]
INFO: [ app_begin ] --END-- [ RunTime:0.000505s ]

[ 2017-02-21T20:47:23+08:00 ] 60.170.255.179 /index.php?m=teacher&c=notice&a=add
INFO: [ app_begin ] --START--
INFO: Run Behavior\ReadHtmlCacheBehavior [ RunTime:0.000276s ]
INFO: [ app_begin ] --END-- [ RunTime:0.000485s ]

[ 2017-02-21T20:47:45+08:00 ] 60.170.255.179 /index.php?m=teacher&c=notice&a=add
INFO: [ app_begin ] --START--
INFO: Run Behavior\ReadHtmlCacheBehavior [ RunTime:0.000287s ]
INFO: [ app_begin ] --END-- [ RunTime:0.000508s ]
SQL: SHOW COLUMNS FROM `dg_profession` [ RunTime:0.0004s ]
SQL: SELECT * FROM `dg_profession` WHERE ( name="机械设计" ) LIMIT 1   [ RunTime:0.0001s ]
SQL: SHOW COLUMNS FROM `dg_teacher` [ RunTime:0.0003s ]
SQL: SELECT * FROM `dg_teacher` WHERE ( name="yfy" ) LIMIT 1   [ RunTime:0.0002s ]

[ 2017-02-21T20:48:11+08:00 ] 60.170.255.179 /index.php?m=teacher&c=notice&a=add
INFO: [ app_begin ] --START--
INFO: Run Behavior\ReadHtmlCacheBehavior [ RunTime:0.000311s ]
INFO: [ app_begin ] --END-- [ RunTime:0.000516s ]
SQL: SHOW COLUMNS FROM `dg_profession` [ RunTime:0.0004s ]
SQL: SELECT * FROM `dg_profession` WHERE ( name="机械设计" ) LIMIT 1   [ RunTime:0.0001s ]
SQL: SHOW COLUMNS FROM `dg_teacher` [ RunTime:0.0003s ]
SQL: SELECT * FROM `dg_teacher` WHERE ( name="yfy" ) LIMIT 1   [ RunTime:0.0001s ]

[ 2017-02-21T20:49:17+08:00 ] 60.170.255.179 /index.php?m=teacher&c=notice&a=add
INFO: [ app_begin ] --START--
INFO: Run Behavior\ReadHtmlCacheBehavior [ RunTime:0.000292s ]
INFO: [ app_begin ] --END-- [ RunTime:0.000498s ]
SQL: SHOW COLUMNS FROM `dg_profession` [ RunTime:0.0004s ]
SQL: SELECT * FROM `dg_profession` WHERE ( name="机械设计" ) LIMIT 1   [ RunTime:0.0001s ]
SQL: SHOW COLUMNS FROM `dg_teacher` [ RunTime:0.0003s ]
SQL: SELECT * FROM `dg_teacher` WHERE ( name="yfy" ) LIMIT 1   [ RunTime:0.0001s ]

[ 2017-02-21T20:50:19+08:00 ] 60.170.255.179 /index.php?m=teacher&c=notice&a=add
INFO: [ app_begin ] --START--
INFO: Run Behavior\ReadHtmlCacheBehavior [ RunTime:0.000304s ]
INFO: [ app_begin ] --END-- [ RunTime:0.000588s ]
SQL: SHOW COLUMNS FROM `dg_profession` [ RunTime:0.0004s ]
SQL: SELECT * FROM `dg_profession` WHERE ( name="机械设计" ) LIMIT 1   [ RunTime:0.0001s ]
SQL: SHOW COLUMNS FROM `dg_teacher` [ RunTime:0.0003s ]
SQL: SELECT * FROM `dg_teacher` WHERE ( name="yfy" ) LIMIT 1   [ RunTime:0.0001s ]
SQL: SHOW COLUMNS FROM `dg_notice` [ RunTime:0.0003s ]
SQL: INSERT INTO `dg_notice` (`title`,`content`,`pubtime`,`pro_id`,`user_id`) VALUES ('sdas','sda','2017-02-21 :20:50:19','1','100') [ RunTime:0.0001s ]

[ 2017-02-21T20:50:23+08:00 ] 60.170.255.179 /index.php?m=teacher&c=notice&a=del
INFO: [ app_begin ] --START--
INFO: Run Behavior\ReadHtmlCacheBehavior [ RunTime:0.000278s ]
INFO: [ app_begin ] --END-- [ RunTime:0.000502s ]
SQL: SHOW COLUMNS FROM `dg_notice` [ RunTime:0.0004s ]
SQL: DELETE FROM `dg_notice` WHERE ( id=11 ) [ RunTime:0.0001s ]

[ 2017-02-21T21:16:20+08:00 ] 60.170.255.179 /index.php/Teacher/Notice/index.html
ERR: 1054:Unknown column 'class.name' in 'field list'
 [ SQL语句 ] : SELECT Notice.id AS nid,Notice.pubtime AS pubtime,Notice.title AS title,Notice.content AS content,Teacher.id AS tid,Teacher.name AS teacher_name,class.id AS cid,class.name AS name FROM dg_notice Notice  JOIN dg_teacher Teacher ON Notice.user_id = Teacher.teacherno  JOIN dg_class class ON Notice.class_id=class.id 

[ 2017-02-21T21:16:30+08:00 ] 101.226.65.108 /index.php/Teacher/Notice/index.html
ERR: 1054:Unknown column 'class.name' in 'field list'
 [ SQL语句 ] : SELECT Notice.id AS nid,Notice.pubtime AS pubtime,Notice.title AS title,Notice.content AS content,Teacher.id AS tid,Teacher.name AS teacher_name,class.id AS cid,class.name AS name FROM dg_notice Notice  JOIN dg_teacher Teacher ON Notice.user_id = Teacher.teacherno  JOIN dg_class class ON Notice.class_id=class.id 

[ 2017-02-21T21:16:30+08:00 ] 101.226.33.204 /index.php/Teacher/Notice/index.html
ERR: 1054:Unknown column 'class.name' in 'field list'
 [ SQL语句 ] : SELECT Notice.id AS nid,Notice.pubtime AS pubtime,Notice.title AS title,Notice.content AS content,Teacher.id AS tid,Teacher.name AS teacher_name,class.id AS cid,class.name AS name FROM dg_notice Notice  JOIN dg_teacher Teacher ON Notice.user_id = Teacher.teacherno  JOIN dg_class class ON Notice.class_id=class.id 

[ 2017-02-21T21:16:30+08:00 ] 180.153.205.254 /index.php/Teacher/Notice/index.html
ERR: 1054:Unknown column 'class.name' in 'field list'
 [ SQL语句 ] : SELECT Notice.id AS nid,Notice.pubtime AS pubtime,Notice.title AS title,Notice.content AS content,Teacher.id AS tid,Teacher.name AS teacher_name,class.id AS cid,class.name AS name FROM dg_notice Notice  JOIN dg_teacher Teacher ON Notice.user_id = Teacher.teacherno  JOIN dg_class class ON Notice.class_id=class.id 

[ 2017-02-21T21:16:30+08:00 ] 101.226.68.197 /index.php/Teacher/Notice/index.html
ERR: 1054:Unknown column 'class.name' in 'field list'
 [ SQL语句 ] : SELECT Notice.id AS nid,Notice.pubtime AS pubtime,Notice.title AS title,Notice.content AS content,Teacher.id AS tid,Teacher.name AS teacher_name,class.id AS cid,class.name AS name FROM dg_notice Notice  JOIN dg_teacher Teacher ON Notice.user_id = Teacher.teacherno  JOIN dg_class class ON Notice.class_id=class.id 

[ 2017-02-21T21:16:50+08:00 ] 60.170.255.179 /index.php/Teacher/Notice/index.html
ERR: 1054:Unknown column 'Class.name' in 'field list'
 [ SQL语句 ] : SELECT Notice.id AS nid,Notice.pubtime AS pubtime,Notice.title AS title,Notice.content AS content,Teacher.id AS tid,Teacher.name AS teacher_name,Class.id AS cid,Class.name AS name FROM dg_notice Notice  JOIN dg_teacher Teacher ON Notice.user_id = Teacher.teacherno  JOIN dg_class Class ON Notice.class_id=Class.id 

[ 2017-02-21T21:25:06+08:00 ] 60.170.255.179 /index.php?m=teacher&c=notice&a=add
INFO: [ app_begin ] --START--
INFO: Run Behavior\ReadHtmlCacheBehavior [ RunTime:0.000277s ]
INFO: [ app_begin ] --END-- [ RunTime:0.000486s ]

[ 2017-02-21T21:25:24+08:00 ] 60.170.255.179 /index.php?m=teacher&c=notice&a=add
INFO: [ app_begin ] --START--
INFO: Run Behavior\ReadHtmlCacheBehavior [ RunTime:0.000307s ]
INFO: [ app_begin ] --END-- [ RunTime:0.000520s ]

[ 2017-02-21T21:27:42+08:00 ] 117.152.93.95 /teacher.php/login/index.html
INFO: [ app_begin ] --START--
INFO: Run Behavior\ReadHtmlCacheBehavior [ RunTime:0.000276s ]
INFO: [ app_begin ] --END-- [ RunTime:0.000500s ]
SQL: SHOW COLUMNS FROM `dg_user` [ RunTime:0.0004s ]
SQL: SELECT * FROM `dg_user` WHERE `username` = 'yfy' AND `password` = '7f7782ba1bd77146df7f0b0ecb597d53' LIMIT 1   [ RunTime:0.0001s ]

[ 2017-02-21T21:28:18+08:00 ] 117.152.93.95 /teacher.php/login/index.html
INFO: [ app_begin ] --START--
INFO: Run Behavior\ReadHtmlCacheBehavior [ RunTime:0.000284s ]
INFO: [ app_begin ] --END-- [ RunTime:0.000516s ]
SQL: SHOW COLUMNS FROM `dg_user` [ RunTime:0.0004s ]
SQL: SELECT * FROM `dg_user` WHERE `username` = 'yfy' AND `password` = '202cb962ac59075b964b07152d234b70' LIMIT 1   [ RunTime:0.0001s ]

[ 2017-02-21T21:45:00+08:00 ] 60.170.255.179 /teacher.php/Practice/addCor.html
INFO: [ app_begin ] --START--
INFO: Run Behavior\ReadHtmlCacheBehavior [ RunTime:0.000306s ]
INFO: [ app_begin ] --END-- [ RunTime:0.000538s ]
NOTIC: [8] Undefined index: USERNAME /var/www/html/Application/Teacher/Controller/CommonController.class.php 第 17 行.

[ 2017-02-21T21:45:18+08:00 ] 60.170.255.179 /teacher.php/Practice/addCor.html
INFO: [ app_begin ] --START--
INFO: Run Behavior\ReadHtmlCacheBehavior [ RunTime:0.000285s ]
INFO: [ app_begin ] --END-- [ RunTime:0.000510s ]
NOTIC: [8] Undefined index: USERNAME /var/www/html/Application/Teacher/Controller/CommonController.class.php 第 17 行.
SQL: SHOW COLUMNS FROM `dg_corporation` [ RunTime:0.0005s ]
SQL: INSERT INTO `dg_corporation` (`name`,`city`,`type`,`contact`,`position`,`telephone`,`mobile`,`email`,`zipcode`,`website`,`address`,`introduction`,`addtime`) VALUES ('123','苏州','国资','sdfas','sdfas','dasfd','sdfas','sdfa','225653','sdfa','dsaf','sdfsa','2017-02-21 21:45:18') [ RunTime:0.0002s ]

[ 2017-02-21T22:04:45+08:00 ] 60.170.255.179 /teacher.php/Practice/delCor.html
INFO: [ app_begin ] --START--
INFO: Run Behavior\ReadHtmlCacheBehavior [ RunTime:0.000276s ]
INFO: [ app_begin ] --END-- [ RunTime:0.000502s ]
NOTIC: [8] Undefined index: USERNAME /var/www/html/Application/Teacher/Controller/CommonController.class.php 第 17 行.
SQL: SHOW COLUMNS FROM `dg_corporation` [ RunTime:0.0005s ]
SQL: DELETE FROM `dg_corporation` WHERE ( `id` = 3 ) [ RunTime:0.0001s ]

[ 2017-02-21T22:05:26+08:00 ] 60.170.255.179 /teacher.php/Practice/addCor.html
INFO: [ app_begin ] --START--
INFO: Run Behavior\ReadHtmlCacheBehavior [ RunTime:0.000306s ]
INFO: [ app_begin ] --END-- [ RunTime:0.000537s ]
NOTIC: [8] Undefined index: USERNAME /var/www/html/Application/Teacher/Controller/CommonController.class.php 第 17 行.
SQL: SHOW COLUMNS FROM `dg_corporation` [ RunTime:0.0005s ]
SQL: INSERT INTO `dg_corporation` (`name`,`city`,`type`,`contact`,`position`,`telephone`,`mobile`,`email`,`zipcode`,`website`,`address`,`introduction`,`addtime`) VALUES ('asdas','苏州','国资','asda','sdas','asda','sada','asda','225653','sda','sadas','asda','2017-02-21 22:05:26') [ RunTime:0.0001s ]

[ 2017-02-21T22:05:28+08:00 ] 60.170.255.179 /teacher.php/Corporation
ERR: 模板不存在:./Application/Teacher/View/Corporation/index.html

[ 2017-02-21T22:06:38+08:00 ] 117.88.214.123 /teacher.php/Report/edit.html
INFO: [ app_begin ] --START--
INFO: Run Behavior\ReadHtmlCacheBehavior [ RunTime:0.000292s ]
INFO: [ app_begin ] --END-- [ RunTime:0.000511s ]
NOTIC: [8] Undefined index: USERNAME /var/www/html/Application/Teacher/Controller/CommonController.class.php 第 17 行.

[ 2017-02-21T22:06:57+08:00 ] 60.170.255.179 /teacher.php/Practice/addCor.html
INFO: [ app_begin ] --START--
INFO: Run Behavior\ReadHtmlCacheBehavior [ RunTime:0.000298s ]
INFO: [ app_begin ] --END-- [ RunTime:0.000511s ]
NOTIC: [8] Undefined index: USERNAME /var/www/html/Application/Teacher/Controller/CommonController.class.php 第 17 行.

[ 2017-02-21T22:07:13+08:00 ] 60.170.255.179 /teacher.php/Practice/addCor.html
INFO: [ app_begin ] --START--
INFO: Run Behavior\ReadHtmlCacheBehavior [ RunTime:0.000313s ]
INFO: [ app_begin ] --END-- [ RunTime:0.000530s ]
NOTIC: [8] Undefined index: USERNAME /var/www/html/Application/Teacher/Controller/CommonController.class.php 第 17 行.
SQL: SHOW COLUMNS FROM `dg_corporation` [ RunTime:0.0005s ]
SQL: INSERT INTO `dg_corporation` (`name`,`city`,`type`,`contact`,`position`,`telephone`,`mobile`,`email`,`zipcode`,`website`,`address`,`introduction`,`addtime`) VALUES ('sdas','苏州','国资','sdas','sada','sada','sada','sda','225653','asda','sada','asda','2017-02-21 22:07:13') [ RunTime:0.0002s ]

[ 2017-02-21T22:07:22+08:00 ] 60.170.255.179 /teacher.php/Practice/delCor.html
INFO: [ app_begin ] --START--
INFO: Run Behavior\ReadHtmlCacheBehavior [ RunTime:0.000291s ]
INFO: [ app_begin ] --END-- [ RunTime:0.000507s ]
NOTIC: [8] Undefined index: USERNAME /var/www/html/Application/Teacher/Controller/CommonController.class.php 第 17 行.
SQL: SHOW COLUMNS FROM `dg_corporation` [ RunTime:0.0005s ]
SQL: DELETE FROM `dg_corporation` WHERE ( `id` = 5 ) [ RunTime:0.0001s ]

[ 2017-02-21T22:07:27+08:00 ] 60.170.255.179 /teacher.php/Practice/delCor.html
INFO: [ app_begin ] --START--
INFO: Run Behavior\ReadHtmlCacheBehavior [ RunTime:0.000297s ]
INFO: [ app_begin ] --END-- [ RunTime:0.000519s ]
NOTIC: [8] Undefined index: USERNAME /var/www/html/Application/Teacher/Controller/CommonController.class.php 第 17 行.
SQL: SHOW COLUMNS FROM `dg_corporation` [ RunTime:0.0005s ]
SQL: DELETE FROM `dg_corporation` WHERE ( `id` = 4 ) [ RunTime:0.0001s ]

[ 2017-02-21T22:09:25+08:00 ] 117.152.93.95 /teacher.php/Report/edit.html
INFO: [ app_begin ] --START--
INFO: Run Behavior\ReadHtmlCacheBehavior [ RunTime:0.000324s ]
INFO: [ app_begin ] --END-- [ RunTime:0.000569s ]
NOTIC: [8] Undefined index: USERNAME /var/www/html/Application/Teacher/Controller/CommonController.class.php 第 17 行.

[ 2017-02-21T22:09:44+08:00 ] 60.170.255.179 /teacher.php/Student/getMaster.html
INFO: [ app_begin ] --START--
INFO: Run Behavior\ReadHtmlCacheBehavior [ RunTime:0.000281s ]
INFO: [ app_begin ] --END-- [ RunTime:0.000523s ]
SQL: SHOW COLUMNS FROM `dg_class` [ RunTime:0.0004s ]
SQL: SELECT `master` FROM `dg_class` WHERE `classname` = '机设011' LIMIT 1   [ RunTime:0.0001s ]

[ 2017-02-21T22:09:46+08:00 ] 60.170.255.179 /teacher.php/Student/getMaster.html
INFO: [ app_begin ] --START--
INFO: Run Behavior\ReadHtmlCacheBehavior [ RunTime:0.000287s ]
INFO: [ app_begin ] --END-- [ RunTime:0.000505s ]
SQL: SHOW COLUMNS FROM `dg_class` [ RunTime:0.0005s ]
SQL: SELECT `master` FROM `dg_class` WHERE `classname` = '所有人' LIMIT 1   [ RunTime:0.0001s ]

[ 2017-02-21T22:09:51+08:00 ] 60.170.255.179 /teacher.php/Student/getMaster.html
INFO: [ app_begin ] --START--
INFO: Run Behavior\ReadHtmlCacheBehavior [ RunTime:0.000277s ]
INFO: [ app_begin ] --END-- [ RunTime:0.000498s ]
SQL: SHOW COLUMNS FROM `dg_class` [ RunTime:0.0004s ]
SQL: SELECT `master` FROM `dg_class` WHERE `classname` = '机设011' LIMIT 1   [ RunTime:0.0001s ]

[ 2017-02-21T22:09:53+08:00 ] 60.170.255.179 /teacher.php/Student/getMaster.html
INFO: [ app_begin ] --START--
INFO: Run Behavior\ReadHtmlCacheBehavior [ RunTime:0.000297s ]
INFO: [ app_begin ] --END-- [ RunTime:0.000510s ]
SQL: SHOW COLUMNS FROM `dg_class` [ RunTime:0.0004s ]
SQL: SELECT `master` FROM `dg_class` WHERE `classname` = '自动化002' LIMIT 1   [ RunTime:0.0001s ]

[ 2017-02-21T22:12:07+08:00 ] 60.170.255.179 /teacher.php/Student/getMaster.html
INFO: [ app_begin ] --START--
INFO: Run Behavior\ReadHtmlCacheBehavior [ RunTime:0.000287s ]
INFO: [ app_begin ] --END-- [ RunTime:0.000506s ]
SQL: SHOW COLUMNS FROM `dg_class` [ RunTime:0.0004s ]
SQL: SELECT `master` FROM `dg_class` WHERE `classname` = '自动化002' LIMIT 1   [ RunTime:0.0001s ]

[ 2017-02-21T22:12:08+08:00 ] 60.170.255.179 /teacher.php/Student/getMaster.html
INFO: [ app_begin ] --START--
INFO: Run Behavior\ReadHtmlCacheBehavior [ RunTime:0.000283s ]
INFO: [ app_begin ] --END-- [ RunTime:0.000516s ]
SQL: SHOW COLUMNS FROM `dg_class` [ RunTime:0.0004s ]
SQL: SELECT `master` FROM `dg_class` WHERE `classname` = '机械专业' LIMIT 1   [ RunTime:0.0001s ]

[ 2017-02-21T22:12:10+08:00 ] 60.170.255.179 /teacher.php/Student/getMaster.html
INFO: [ app_begin ] --START--
INFO: Run Behavior\ReadHtmlCacheBehavior [ RunTime:0.000363s ]
INFO: [ app_begin ] --END-- [ RunTime:0.000577s ]
SQL: SHOW COLUMNS FROM `dg_class` [ RunTime:0.0004s ]
SQL: SELECT `master` FROM `dg_class` WHERE `classname` = '自动化002' LIMIT 1   [ RunTime:0.0001s ]

[ 2017-02-21T22:12:29+08:00 ] 60.170.255.179 /index.php?m=teacher&c=notice&a=add
INFO: [ app_begin ] --START--
INFO: Run Behavior\ReadHtmlCacheBehavior [ RunTime:0.000285s ]
INFO: [ app_begin ] --END-- [ RunTime:0.000496s ]

[ 2017-02-21T22:12:33+08:00 ] 60.170.255.179 /index.php?m=teacher&c=notice&a=add
INFO: [ app_begin ] --START--
INFO: Run Behavior\ReadHtmlCacheBehavior [ RunTime:0.000278s ]
INFO: [ app_begin ] --END-- [ RunTime:0.000488s ]

[ 2017-02-21T22:12:42+08:00 ] 60.170.255.179 /teacher.php/login/index.html
INFO: [ app_begin ] --START--
INFO: Run Behavior\ReadHtmlCacheBehavior [ RunTime:0.000292s ]
INFO: [ app_begin ] --END-- [ RunTime:0.000526s ]
SQL: SHOW COLUMNS FROM `dg_user` [ RunTime:0.0004s ]
SQL: SELECT * FROM `dg_user` WHERE `username` = 'yfy' AND `password` = '202cb962ac59075b964b07152d234b70' LIMIT 1   [ RunTime:0.0001s ]

[ 2017-02-21T22:13:02+08:00 ] 60.170.255.179 /index.php?m=teacher&c=notice&a=add
INFO: [ app_begin ] --START--
INFO: Run Behavior\ReadHtmlCacheBehavior [ RunTime:0.000283s ]
INFO: [ app_begin ] --END-- [ RunTime:0.000505s ]

[ 2017-02-21T22:13:05+08:00 ] 60.170.255.179 /index.php?m=teacher&c=notice&a=add
INFO: [ app_begin ] --START--
INFO: Run Behavior\ReadHtmlCacheBehavior [ RunTime:0.000300s ]
INFO: [ app_begin ] --END-- [ RunTime:0.000522s ]

[ 2017-02-21T22:13:05+08:00 ] 60.170.255.179 /index.php?m=teacher&c=notice&a=add
INFO: [ app_begin ] --START--
INFO: Run Behavior\ReadHtmlCacheBehavior [ RunTime:0.000300s ]
INFO: [ app_begin ] --END-- [ RunTime:0.000514s ]

[ 2017-02-21T22:13:06+08:00 ] 60.170.255.179 /index.php?m=teacher&c=notice&a=add
INFO: [ app_begin ] --START--
INFO: Run Behavior\ReadHtmlCacheBehavior [ RunTime:0.000303s ]
INFO: [ app_begin ] --END-- [ RunTime:0.000523s ]

[ 2017-02-21T22:13:13+08:00 ] 60.170.255.179 /index.php?m=teacher&c=notice&a=add
INFO: [ app_begin ] --START--
INFO: Run Behavior\ReadHtmlCacheBehavior [ RunTime:0.000277s ]
INFO: [ app_begin ] --END-- [ RunTime:0.000483s ]

[ 2017-02-21T22:14:21+08:00 ] 60.170.255.179 /index.php?m=teacher&c=notice&a=add
INFO: [ app_begin ] --START--
INFO: Run Behavior\ReadHtmlCacheBehavior [ RunTime:0.000307s ]
INFO: [ app_begin ] --END-- [ RunTime:0.000526s ]
SQL: SHOW COLUMNS FROM `dg_class` [ RunTime:0.0004s ]
ERR: 1054:Unknown column 'name' in 'where clause'
 [ SQL语句 ] : SELECT * FROM `dg_class` WHERE ( name="自动化002" ) LIMIT 1  
ERR: 1054:Unknown column 'name' in 'where clause'
 [ SQL语句 ] : SELECT * FROM `dg_class` WHERE ( name="自动化002" ) LIMIT 1  

[ 2017-02-21T22:14:31+08:00 ] 60.170.255.179 /teacher.php/login/index.html
INFO: [ app_begin ] --START--
INFO: Run Behavior\ReadHtmlCacheBehavior [ RunTime:0.000286s ]
INFO: [ app_begin ] --END-- [ RunTime:0.000505s ]
SQL: SHOW COLUMNS FROM `dg_user` [ RunTime:0.0004s ]
SQL: SELECT * FROM `dg_user` WHERE `username` = 'yfy' AND `password` = '202cb962ac59075b964b07152d234b70' LIMIT 1   [ RunTime:0.0001s ]

[ 2017-02-21T22:14:50+08:00 ] 60.170.255.179 /index.php?m=teacher&c=notice&a=add
INFO: [ app_begin ] --START--
INFO: Run Behavior\ReadHtmlCacheBehavior [ RunTime:0.000291s ]
INFO: [ app_begin ] --END-- [ RunTime:0.000512s ]
SQL: SHOW COLUMNS FROM `dg_class` [ RunTime:0.0004s ]
ERR: 1054:Unknown column 'name' in 'where clause'
 [ SQL语句 ] : SELECT * FROM `dg_class` WHERE ( name="自动化002" ) LIMIT 1  
ERR: 1054:Unknown column 'name' in 'where clause'
 [ SQL语句 ] : SELECT * FROM `dg_class` WHERE ( name="自动化002" ) LIMIT 1  

[ 2017-02-21T22:16:31+08:00 ] 60.170.255.179 /index.php?m=teacher&c=notice&a=add
INFO: [ app_begin ] --START--
INFO: Run Behavior\ReadHtmlCacheBehavior [ RunTime:0.000284s ]
INFO: [ app_begin ] --END-- [ RunTime:0.000498s ]

[ 2017-02-21T22:16:35+08:00 ] 60.170.255.179 /index.php?m=teacher&c=notice&a=add
INFO: [ app_begin ] --START--
INFO: Run Behavior\ReadHtmlCacheBehavior [ RunTime:0.000280s ]
INFO: [ app_begin ] --END-- [ RunTime:0.000496s ]
SQL: SHOW COLUMNS FROM `dg_class` [ RunTime:0.0004s ]
SQL: SELECT * FROM `dg_class` WHERE ( classname="自动化002" ) LIMIT 1   [ RunTime:0.0001s ]
SQL: SHOW COLUMNS FROM `dg_teacher` [ RunTime:0.0003s ]
SQL: SELECT * FROM `dg_teacher` WHERE ( name="yfy" ) LIMIT 1   [ RunTime:0.0001s ]
SQL: SHOW COLUMNS FROM `dg_notice` [ RunTime:0.0003s ]
SQL: INSERT INTO `dg_notice` (`title`,`content`,`class_id`,`user_id`,`pubtime`) VALUES ('sdafas','sdfa','2','100','2017-02-21 :22:16:35') [ RunTime:0.0001s ]

[ 2017-02-21T22:16:39+08:00 ] 60.170.255.179 /index.php?m=teacher&c=notice&a=del
INFO: [ app_begin ] --START--
INFO: Run Behavior\ReadHtmlCacheBehavior [ RunTime:0.000282s ]
INFO: [ app_begin ] --END-- [ RunTime:0.000504s ]
SQL: SHOW COLUMNS FROM `dg_notice` [ RunTime:0.0005s ]
SQL: DELETE FROM `dg_notice` WHERE ( id=12 ) [ RunTime:0.0001s ]

[ 2017-02-21T22:27:48+08:00 ] 117.88.214.123 /teacher.php/Student/getMaster.html
INFO: [ app_begin ] --START--
INFO: Run Behavior\ReadHtmlCacheBehavior [ RunTime:0.000307s ]
INFO: [ app_begin ] --END-- [ RunTime:0.000543s ]
SQL: SHOW COLUMNS FROM `dg_class` [ RunTime:0.0004s ]
SQL: SELECT `master` FROM `dg_class` WHERE `classname` = '自动化002' LIMIT 1   [ RunTime:0.0001s ]

[ 2017-02-21T22:28:04+08:00 ] 117.88.214.123 /teacher.php/Student/add.html
INFO: [ app_begin ] --START--
INFO: Run Behavior\ReadHtmlCacheBehavior [ RunTime:0.000280s ]
INFO: [ app_begin ] --END-- [ RunTime:0.000507s ]

[ 2017-02-21T22:28:11+08:00 ] 117.88.214.123 /teacher.php/Student/add.html
INFO: [ app_begin ] --START--
INFO: Run Behavior\ReadHtmlCacheBehavior [ RunTime:0.000288s ]
INFO: [ app_begin ] --END-- [ RunTime:0.000511s ]

[ 2017-02-21T22:28:25+08:00 ] 117.88.214.123 /teacher.php/Student/add.html
INFO: [ app_begin ] --START--
INFO: Run Behavior\ReadHtmlCacheBehavior [ RunTime:0.000284s ]
INFO: [ app_begin ] --END-- [ RunTime:0.000509s ]
SQL: SHOW COLUMNS FROM `dg_class` [ RunTime:0.0004s ]
SQL: SELECT `id` FROM `dg_class` WHERE `classname` = '自动化002' LIMIT 1   [ RunTime:0.0001s ]

[ 2017-02-21T22:28:30+08:00 ] 117.88.214.123 /teacher.php/Student/add.html
INFO: [ app_begin ] --START--
INFO: Run Behavior\ReadHtmlCacheBehavior [ RunTime:0.000293s ]
INFO: [ app_begin ] --END-- [ RunTime:0.000508s ]
SQL: SHOW COLUMNS FROM `dg_class` [ RunTime:0.0004s ]
SQL: SELECT `id` FROM `dg_class` WHERE `classname` = '自动化002' LIMIT 1   [ RunTime:0.0001s ]

[ 2017-02-21T22:28:33+08:00 ] 117.88.214.123 /teacher.php/Student/add.html
INFO: [ app_begin ] --START--
INFO: Run Behavior\ReadHtmlCacheBehavior [ RunTime:0.000297s ]
INFO: [ app_begin ] --END-- [ RunTime:0.000515s ]
SQL: SHOW COLUMNS FROM `dg_class` [ RunTime:0.0004s ]
SQL: SELECT `id` FROM `dg_class` WHERE `classname` = '自动化002' LIMIT 1   [ RunTime:0.0001s ]
SQL: SHOW COLUMNS FROM `dg_student` [ RunTime:0.0003s ]
SQL: INSERT INTO `dg_student` (`phone`,`studentno`,`name`,`password`,`course`,`email`,`classno`,`sex`,`addtime`) VALUES ('18116272106','123456','wyk','123','ggg','ggg','2','0','2017-02-21 22:28:33') [ RunTime:0.0001s ]

[ 2017-02-21T22:29:36+08:00 ] 117.88.214.123 /teacher.php/login/index.html
INFO: [ app_begin ] --START--
INFO: Run Behavior\ReadHtmlCacheBehavior [ RunTime:0.000294s ]
INFO: [ app_begin ] --END-- [ RunTime:0.000512s ]
SQL: SHOW COLUMNS FROM `dg_user` [ RunTime:0.0004s ]
SQL: SELECT * FROM `dg_user` WHERE `username` = 'wyk' AND `password` = '202cb962ac59075b964b07152d234b70' LIMIT 1   [ RunTime:0.0002s ]

[ 2017-02-21T22:29:39+08:00 ] 117.88.214.123 /teacher.php/login/index.html
INFO: [ app_begin ] --START--
INFO: Run Behavior\ReadHtmlCacheBehavior [ RunTime:0.000292s ]
INFO: [ app_begin ] --END-- [ RunTime:0.000562s ]
SQL: SHOW COLUMNS FROM `dg_user` [ RunTime:0.0004s ]
SQL: SELECT * FROM `dg_user` WHERE `username` = 'yfy' AND `password` = '202cb962ac59075b964b07152d234b70' LIMIT 1   [ RunTime:0.0001s ]

