[ 2017-02-22T07:47:01+08:00 ] 220.178.150.44 /teacher.php/login/index.html
INFO: [ app_begin ] --START--
INFO: Run Behavior\ReadHtmlCacheBehavior [ RunTime:0.000276s ]
INFO: [ app_begin ] --END-- [ RunTime:0.000489s ]
SQL: SHOW COLUMNS FROM `dg_user` [ RunTime:0.0004s ]
SQL: SELECT * FROM `dg_user` WHERE `username` = 'yfy' AND `password` = '202cb962ac59075b964b07152d234b70' LIMIT 1   [ RunTime:0.0002s ]

[ 2017-02-22T07:47:43+08:00 ] 220.178.150.44 /teacher.php/Practice/addCor.html
INFO: [ app_begin ] --START--
INFO: Run Behavior\ReadHtmlCacheBehavior [ RunTime:0.000278s ]
INFO: [ app_begin ] --END-- [ RunTime:0.000490s ]
NOTIC: [8] Undefined index: USERNAME /var/www/html/Application/Teacher/Controller/CommonController.class.php 第 17 行.

[ 2017-02-22T07:47:54+08:00 ] 220.178.150.44 /index.php?m=teacher&c=notice&a=add
INFO: [ app_begin ] --START--
INFO: Run Behavior\ReadHtmlCacheBehavior [ RunTime:0.000304s ]
INFO: [ app_begin ] --END-- [ RunTime:0.000519s ]
SQL: SHOW COLUMNS FROM `dg_class` [ RunTime:0.0004s ]
SQL: SELECT * FROM `dg_class` WHERE ( classname="自动化002" ) LIMIT 1   [ RunTime:0.0001s ]
SQL: SHOW COLUMNS FROM `dg_teacher` [ RunTime:0.0003s ]
SQL: SELECT * FROM `dg_teacher` WHERE ( name="yfy" ) LIMIT 1   [ RunTime:0.0001s ]
SQL: SHOW COLUMNS FROM `dg_notice` [ RunTime:0.0003s ]
SQL: INSERT INTO `dg_notice` (`title`,`content`,`class_id`,`user_id`,`pubtime`) VALUES ('fsdg','dfgsd','2','100','2017-02-22 :07:47:54') [ RunTime:0.0001s ]

[ 2017-02-22T07:48:00+08:00 ] 220.178.150.44 /index.php?m=teacher&c=notice&a=del
INFO: [ app_begin ] --START--
INFO: Run Behavior\ReadHtmlCacheBehavior [ RunTime:0.000276s ]
INFO: [ app_begin ] --END-- [ RunTime:0.000488s ]
SQL: SHOW COLUMNS FROM `dg_notice` [ RunTime:0.0004s ]
SQL: DELETE FROM `dg_notice` WHERE ( id=13 ) [ RunTime:0.0001s ]

[ 2017-02-22T08:40:15+08:00 ] 101.90.126.62 /teacher.php/login/index.html
INFO: [ app_begin ] --START--
INFO: Run Behavior\ReadHtmlCacheBehavior [ RunTime:0.000278s ]
INFO: [ app_begin ] --END-- [ RunTime:0.000499s ]
SQL: SHOW COLUMNS FROM `dg_user` [ RunTime:0.0004s ]
SQL: SELECT * FROM `dg_user` WHERE `username` = 'yfy' AND `password` = '202cb962ac59075b964b07152d234b70' LIMIT 1   [ RunTime:0.0002s ]

[ 2017-02-22T09:09:20+08:00 ] 116.231.184.69 /teacher.php/login/index.html
INFO: [ app_begin ] --START--
INFO: Run Behavior\ReadHtmlCacheBehavior [ RunTime:0.000286s ]
INFO: [ app_begin ] --END-- [ RunTime:0.000539s ]
SQL: SHOW COLUMNS FROM `dg_user` [ RunTime:0.0004s ]
SQL: SELECT * FROM `dg_user` WHERE `username` = 'yfy' AND `password` = '202cb962ac59075b964b07152d234b70' LIMIT 1   [ RunTime:0.0001s ]

[ 2017-02-22T09:10:42+08:00 ] 116.231.184.69 /teacher.php/Apply/editCor.html
INFO: [ app_begin ] --START--
INFO: Run Behavior\ReadHtmlCacheBehavior [ RunTime:0.000342s ]
INFO: [ app_begin ] --END-- [ RunTime:0.000554s ]
NOTIC: [8] Undefined index: USERNAME /var/www/html/Application/Teacher/Controller/CommonController.class.php 第 17 行.
SQL: SHOW COLUMNS FROM `dg_change` [ RunTime:0.0004s ]
SQL: UPDATE `dg_change` SET `status`='1' WHERE ( `id` = 2 ) [ RunTime:0.0002s ]

[ 2017-02-22T09:10:48+08:00 ] 116.231.184.69 /teacher.php/Apply/editCor.html
INFO: [ app_begin ] --START--
INFO: Run Behavior\ReadHtmlCacheBehavior [ RunTime:0.000273s ]
INFO: [ app_begin ] --END-- [ RunTime:0.000483s ]
NOTIC: [8] Undefined index: USERNAME /var/www/html/Application/Teacher/Controller/CommonController.class.php 第 17 行.
SQL: SHOW COLUMNS FROM `dg_change` [ RunTime:0.0005s ]
SQL: UPDATE `dg_change` SET `status`='-1' WHERE ( `id` = 2 ) [ RunTime:0.0002s ]

[ 2017-02-22T09:10:56+08:00 ] 116.231.184.69 /teacher.php/Apply/editCor.html
INFO: [ app_begin ] --START--
INFO: Run Behavior\ReadHtmlCacheBehavior [ RunTime:0.000277s ]
INFO: [ app_begin ] --END-- [ RunTime:0.000497s ]
NOTIC: [8] Undefined index: USERNAME /var/www/html/Application/Teacher/Controller/CommonController.class.php 第 17 行.
SQL: SHOW COLUMNS FROM `dg_change` [ RunTime:0.0005s ]
SQL: UPDATE `dg_change` SET `status`='-1' WHERE ( `id` = 2 ) [ RunTime:0.0001s ]

[ 2017-02-22T09:11:01+08:00 ] 116.231.184.69 /teacher.php/Apply/editCor.html
INFO: [ app_begin ] --START--
INFO: Run Behavior\ReadHtmlCacheBehavior [ RunTime:0.000302s ]
INFO: [ app_begin ] --END-- [ RunTime:0.000509s ]
NOTIC: [8] Undefined index: USERNAME /var/www/html/Application/Teacher/Controller/CommonController.class.php 第 17 行.
SQL: SHOW COLUMNS FROM `dg_change` [ RunTime:0.0005s ]
SQL: UPDATE `dg_change` SET `status`='-1' WHERE ( `id` = 3 ) [ RunTime:0.0002s ]

[ 2017-02-22T10:31:20+08:00 ] 116.231.184.69 /teacher.php/login/index.html
INFO: [ app_begin ] --START--
INFO: Run Behavior\ReadHtmlCacheBehavior [ RunTime:0.000295s ]
INFO: [ app_begin ] --END-- [ RunTime:0.000518s ]
SQL: SHOW COLUMNS FROM `dg_user` [ RunTime:0.0004s ]
SQL: SELECT * FROM `dg_user` WHERE `username` = 'yfy' AND `password` = '202cb962ac59075b964b07152d234b70' LIMIT 1   [ RunTime:0.0001s ]

[ 2017-02-22T11:01:48+08:00 ] 121.237.253.74 /teacher.php/login/index.html
INFO: [ app_begin ] --START--
INFO: Run Behavior\ReadHtmlCacheBehavior [ RunTime:0.000279s ]
INFO: [ app_begin ] --END-- [ RunTime:0.000511s ]
SQL: SHOW COLUMNS FROM `dg_user` [ RunTime:0.0004s ]
SQL: SELECT * FROM `dg_user` WHERE `username` = 'yfy' AND `password` = '202cb962ac59075b964b07152d234b70' LIMIT 1   [ RunTime:0.0001s ]

[ 2017-02-22T11:05:02+08:00 ] 121.237.253.74 /teacher.php/login/index.html
INFO: [ app_begin ] --START--
INFO: Run Behavior\ReadHtmlCacheBehavior [ RunTime:0.000302s ]
INFO: [ app_begin ] --END-- [ RunTime:0.000518s ]
SQL: SHOW COLUMNS FROM `dg_user` [ RunTime:0.0004s ]
SQL: SELECT * FROM `dg_user` WHERE `username` = 'yfy' AND `password` = '202cb962ac59075b964b07152d234b70' LIMIT 1   [ RunTime:0.0001s ]

[ 2017-02-22T11:14:44+08:00 ] 121.237.253.74 /teacher.php/Apply/editCor.html
INFO: [ app_begin ] --START--
INFO: Run Behavior\ReadHtmlCacheBehavior [ RunTime:0.000295s ]
INFO: [ app_begin ] --END-- [ RunTime:0.000503s ]
NOTIC: [8] Undefined index: USERNAME /var/www/html/Application/Teacher/Controller/CommonController.class.php 第 17 行.
SQL: SHOW COLUMNS FROM `dg_change` [ RunTime:0.0004s ]
SQL: UPDATE `dg_change` SET `status`='1' WHERE ( `id` = 2 ) [ RunTime:0.0001s ]

[ 2017-02-22T11:14:53+08:00 ] 121.237.253.74 /teacher.php/Apply/editCor.html
INFO: [ app_begin ] --START--
INFO: Run Behavior\ReadHtmlCacheBehavior [ RunTime:0.000294s ]
INFO: [ app_begin ] --END-- [ RunTime:0.000507s ]
NOTIC: [8] Undefined index: USERNAME /var/www/html/Application/Teacher/Controller/CommonController.class.php 第 17 行.
SQL: SHOW COLUMNS FROM `dg_change` [ RunTime:0.0004s ]
SQL: UPDATE `dg_change` SET `status`='1' WHERE ( `id` = 3 ) [ RunTime:0.0001s ]

[ 2017-02-22T11:15:00+08:00 ] 121.237.253.74 /teacher.php/Apply/editCor.html
INFO: [ app_begin ] --START--
INFO: Run Behavior\ReadHtmlCacheBehavior [ RunTime:0.000303s ]
INFO: [ app_begin ] --END-- [ RunTime:0.000523s ]
NOTIC: [8] Undefined index: USERNAME /var/www/html/Application/Teacher/Controller/CommonController.class.php 第 17 行.
SQL: SHOW COLUMNS FROM `dg_change` [ RunTime:0.0004s ]
SQL: UPDATE `dg_change` SET `status`='-1' WHERE ( `id` = 3 ) [ RunTime:0.0002s ]

[ 2017-02-22T11:25:34+08:00 ] 121.237.253.74 /teacher.php/Apply/editCor.html
INFO: [ app_begin ] --START--
INFO: Run Behavior\ReadHtmlCacheBehavior [ RunTime:0.000277s ]
INFO: [ app_begin ] --END-- [ RunTime:0.000487s ]
NOTIC: [8] Undefined index: USERNAME /var/www/html/Application/Teacher/Controller/CommonController.class.php 第 17 行.
SQL: SHOW COLUMNS FROM `dg_change` [ RunTime:0.0005s ]
SQL: UPDATE `dg_change` SET `status`='1' WHERE ( `id` = 3 ) [ RunTime:0.0001s ]

[ 2017-02-22T11:25:41+08:00 ] 121.237.253.74 /teacher.php/Apply/editCor.html
INFO: [ app_begin ] --START--
INFO: Run Behavior\ReadHtmlCacheBehavior [ RunTime:0.000300s ]
INFO: [ app_begin ] --END-- [ RunTime:0.000525s ]
NOTIC: [8] Undefined index: USERNAME /var/www/html/Application/Teacher/Controller/CommonController.class.php 第 17 行.
SQL: SHOW COLUMNS FROM `dg_change` [ RunTime:0.0004s ]
SQL: UPDATE `dg_change` SET `status`='-1' WHERE ( `id` = 3 ) [ RunTime:0.0002s ]

[ 2017-02-22T11:36:00+08:00 ] 121.237.253.74 /teacher.php/Practice/delCor.html
INFO: [ app_begin ] --START--
INFO: Run Behavior\ReadHtmlCacheBehavior [ RunTime:0.000296s ]
INFO: [ app_begin ] --END-- [ RunTime:0.000522s ]
NOTIC: [8] Undefined index: USERNAME /var/www/html/Application/Teacher/Controller/CommonController.class.php 第 17 行.
SQL: SHOW COLUMNS FROM `dg_corporation` [ RunTime:0.0005s ]
SQL: DELETE FROM `dg_corporation` WHERE ( `id` = 1 ) [ RunTime:0.0001s ]

[ 2017-02-22T11:36:37+08:00 ] 121.237.253.74 /teacher.php/Practice/addCor.html
INFO: [ app_begin ] --START--
INFO: Run Behavior\ReadHtmlCacheBehavior [ RunTime:0.000294s ]
INFO: [ app_begin ] --END-- [ RunTime:0.000532s ]
NOTIC: [8] Undefined index: USERNAME /var/www/html/Application/Teacher/Controller/CommonController.class.php 第 17 行.

[ 2017-02-22T11:36:44+08:00 ] 121.237.253.74 /teacher.php/Practice/addCor.html
INFO: [ app_begin ] --START--
INFO: Run Behavior\ReadHtmlCacheBehavior [ RunTime:0.000316s ]
INFO: [ app_begin ] --END-- [ RunTime:0.000533s ]
NOTIC: [8] Undefined index: USERNAME /var/www/html/Application/Teacher/Controller/CommonController.class.php 第 17 行.

[ 2017-02-22T11:37:02+08:00 ] 121.237.253.74 /teacher.php/Practice/addCor.html
INFO: [ app_begin ] --START--
INFO: Run Behavior\ReadHtmlCacheBehavior [ RunTime:0.000283s ]
INFO: [ app_begin ] --END-- [ RunTime:0.000504s ]
NOTIC: [8] Undefined index: USERNAME /var/www/html/Application/Teacher/Controller/CommonController.class.php 第 17 行.

[ 2017-02-22T11:37:12+08:00 ] 121.237.253.74 /teacher.php/Practice/addCor.html
INFO: [ app_begin ] --START--
INFO: Run Behavior\ReadHtmlCacheBehavior [ RunTime:0.000288s ]
INFO: [ app_begin ] --END-- [ RunTime:0.000512s ]
NOTIC: [8] Undefined index: USERNAME /var/www/html/Application/Teacher/Controller/CommonController.class.php 第 17 行.

[ 2017-02-22T11:37:29+08:00 ] 121.237.253.74 /teacher.php/Practice/addCor.html
INFO: [ app_begin ] --START--
INFO: Run Behavior\ReadHtmlCacheBehavior [ RunTime:0.000280s ]
INFO: [ app_begin ] --END-- [ RunTime:0.000501s ]
NOTIC: [8] Undefined index: USERNAME /var/www/html/Application/Teacher/Controller/CommonController.class.php 第 17 行.
SQL: SHOW COLUMNS FROM `dg_corporation` [ RunTime:0.0005s ]
SQL: INSERT INTO `dg_corporation` (`name`,`city`,`type`,`contact`,`position`,`telephone`,`mobile`,`email`,`zipcode`,`website`,`address`,`introduction`,`addtime`) VALUES ('阿里','南京','国资','马云','软件开发','110','123','1','225653','1','杭州','1','2017-02-22 11:37:29') [ RunTime:0.0002s ]

[ 2017-02-22T11:45:50+08:00 ] 60.170.255.179 /teacher.php/login/index.html
INFO: [ app_begin ] --START--
INFO: Run Behavior\ReadHtmlCacheBehavior [ RunTime:0.000297s ]
INFO: [ app_begin ] --END-- [ RunTime:0.000533s ]
SQL: SHOW COLUMNS FROM `dg_user` [ RunTime:0.0004s ]
SQL: SELECT * FROM `dg_user` WHERE `username` = 'yfy' AND `password` = '202cb962ac59075b964b07152d234b70' LIMIT 1   [ RunTime:0.0001s ]

[ 2017-02-22T11:46:10+08:00 ] 60.170.255.179 /index.php?m=teacher&c=notice&a=add
INFO: [ app_begin ] --START--
INFO: Run Behavior\ReadHtmlCacheBehavior [ RunTime:0.000284s ]
INFO: [ app_begin ] --END-- [ RunTime:0.000517s ]
SQL: SHOW COLUMNS FROM `dg_class` [ RunTime:0.0004s ]
SQL: SELECT * FROM `dg_class` WHERE ( classname="自动化002" ) LIMIT 1   [ RunTime:0.0001s ]
SQL: SHOW COLUMNS FROM `dg_teacher` [ RunTime:0.0003s ]
SQL: SELECT * FROM `dg_teacher` WHERE ( name="yfy" ) LIMIT 1   [ RunTime:0.0001s ]
SQL: SHOW COLUMNS FROM `dg_notice` [ RunTime:0.0003s ]
SQL: INSERT INTO `dg_notice` (`title`,`content`,`class_id`,`user_id`,`pubtime`) VALUES ('hjghjg','hjgj','2','100','2017-02-22 :11:46:10') [ RunTime:0.0001s ]

[ 2017-02-22T14:56:38+08:00 ] 121.237.253.74 /teacher.php/Student/add.html
INFO: [ app_begin ] --START--
INFO: Run Behavior\ReadHtmlCacheBehavior [ RunTime:0.000302s ]
INFO: [ app_begin ] --END-- [ RunTime:0.000544s ]

[ 2017-02-22T15:22:57+08:00 ] 223.104.4.43 /teacher.php/Report/edit.html
INFO: [ app_begin ] --START--
INFO: Run Behavior\ReadHtmlCacheBehavior [ RunTime:0.000324s ]
INFO: [ app_begin ] --END-- [ RunTime:0.000580s ]
NOTIC: [8] Undefined index: USERNAME /var/www/html/Application/Teacher/Controller/CommonController.class.php 第 17 行.

[ 2017-02-22T15:23:28+08:00 ] 223.104.4.43 /teacher.php/Report/auditing.html
INFO: [ app_begin ] --START--
INFO: Run Behavior\ReadHtmlCacheBehavior [ RunTime:0.000279s ]
INFO: [ app_begin ] --END-- [ RunTime:0.000492s ]
NOTIC: [8] Undefined index: USERNAME /var/www/html/Application/Teacher/Controller/CommonController.class.php 第 17 行.
SQL: SHOW COLUMNS FROM `dg_report` [ RunTime:0.0005s ]
SQL: UPDATE `dg_report` SET `suggestion`='一般般',`score`='60',`status`='1' WHERE ( `id` = 5 ) [ RunTime:0.0002s ]

[ 2017-02-22T15:25:09+08:00 ] 223.104.4.43 /teacher.php/Report/edit.html
INFO: [ app_begin ] --START--
INFO: Run Behavior\ReadHtmlCacheBehavior [ RunTime:0.000313s ]
INFO: [ app_begin ] --END-- [ RunTime:0.000535s ]
NOTIC: [8] Undefined index: USERNAME /var/www/html/Application/Teacher/Controller/CommonController.class.php 第 17 行.

[ 2017-02-22T15:27:37+08:00 ] 223.104.4.43 /teacher.php/Report/edit.html
INFO: [ app_begin ] --START--
INFO: Run Behavior\ReadHtmlCacheBehavior [ RunTime:0.000316s ]
INFO: [ app_begin ] --END-- [ RunTime:0.000533s ]
NOTIC: [8] Undefined index: USERNAME /var/www/html/Application/Teacher/Controller/CommonController.class.php 第 17 行.

[ 2017-02-22T19:58:01+08:00 ] 60.170.255.179 /index.php/teacher/Report/add.html
ERR: 非法操作:add

[ 2017-02-22T19:58:26+08:00 ] 60.170.255.179 /index.php?m=teacher&c=notice&a=del
INFO: [ app_begin ] --START--
INFO: Run Behavior\ReadHtmlCacheBehavior [ RunTime:0.000288s ]
INFO: [ app_begin ] --END-- [ RunTime:0.000519s ]
SQL: SHOW COLUMNS FROM `dg_notice` [ RunTime:0.0004s ]
SQL: DELETE FROM `dg_notice` WHERE ( id=14 ) [ RunTime:0.0002s ]

[ 2017-02-22T20:08:39+08:00 ] 60.170.255.179 /index.php/Teacher/Report/edit.html
INFO: [ app_begin ] --START--
INFO: Run Behavior\ReadHtmlCacheBehavior [ RunTime:0.000304s ]
INFO: [ app_begin ] --END-- [ RunTime:0.000522s ]
NOTIC: [8] Undefined index: USERNAME /var/www/html/Application/Teacher/Controller/CommonController.class.php 第 17 行.

[ 2017-02-22T20:08:47+08:00 ] 60.170.255.179 /index.php/Teacher/Report/edit.html
INFO: [ app_begin ] --START--
INFO: Run Behavior\ReadHtmlCacheBehavior [ RunTime:0.000296s ]
INFO: [ app_begin ] --END-- [ RunTime:0.000520s ]
NOTIC: [8] Undefined index: USERNAME /var/www/html/Application/Teacher/Controller/CommonController.class.php 第 17 行.

[ 2017-02-22T20:08:50+08:00 ] 60.170.255.179 /index.php/Teacher/Report/edit.html
INFO: [ app_begin ] --START--
INFO: Run Behavior\ReadHtmlCacheBehavior [ RunTime:0.000318s ]
INFO: [ app_begin ] --END-- [ RunTime:0.000535s ]
NOTIC: [8] Undefined index: USERNAME /var/www/html/Application/Teacher/Controller/CommonController.class.php 第 17 行.

[ 2017-02-22T20:08:54+08:00 ] 60.170.255.179 /index.php/Teacher/Report/edit.html
INFO: [ app_begin ] --START--
INFO: Run Behavior\ReadHtmlCacheBehavior [ RunTime:0.000298s ]
INFO: [ app_begin ] --END-- [ RunTime:0.000511s ]
NOTIC: [8] Undefined index: USERNAME /var/www/html/Application/Teacher/Controller/CommonController.class.php 第 17 行.

[ 2017-02-22T20:09:08+08:00 ] 60.170.255.179 /index.php/Teacher/Report/del.html
INFO: [ app_begin ] --START--
INFO: Run Behavior\ReadHtmlCacheBehavior [ RunTime:0.000279s ]
INFO: [ app_begin ] --END-- [ RunTime:0.000510s ]
NOTIC: [8] Undefined index: USERNAME /var/www/html/Application/Teacher/Controller/CommonController.class.php 第 17 行.
SQL: SHOW COLUMNS FROM `dg_report` [ RunTime:0.0005s ]
SQL: DELETE FROM `dg_report` WHERE ( `id` = 6 ) [ RunTime:0.0001s ]

[ 2017-02-22T20:10:46+08:00 ] 60.170.255.179 /teacher.php/Apply/editApply.html
INFO: [ app_begin ] --START--
INFO: Run Behavior\ReadHtmlCacheBehavior [ RunTime:0.000277s ]
INFO: [ app_begin ] --END-- [ RunTime:0.000493s ]
NOTIC: [8] Undefined index: USERNAME /var/www/html/Application/Teacher/Controller/CommonController.class.php 第 17 行.
SQL: SHOW COLUMNS FROM `dg_practice` [ RunTime:0.0005s ]
SQL: UPDATE `dg_practice` SET `status`='1' WHERE ( `id` = 3 ) [ RunTime:0.0002s ]

[ 2017-02-22T20:20:37+08:00 ] 60.170.255.179 /teacher.php/Apply/editApply/id/3
ERR: Think\Model:filed方法不存在！

[ 2017-02-22T20:20:53+08:00 ] 60.170.255.179 /teacher.php/Apply/editApply/id/3
ERR: 1064:You have an error in your SQL syntax; check the manual that corresponds to your MySQL server version for the right syntax to use near ') LIMIT 1' at line 1
 [ SQL语句 ] : SELECT `status` FROM `dg_report` WHERE ( id= ) LIMIT 1  

[ 2017-02-22T20:28:06+08:00 ] 60.170.255.179 /teacher.php/Apply/editApply/id/2
ERR: 模板不存在:./Application/Teacher/View/Apply/Checked.html

[ 2017-02-22T20:31:23+08:00 ] 60.170.255.179 /teacher.php/Apply/editApply/id/2
ERR: 模板不存在:./Application/Teacher/View/Apply/Checked.html

[ 2017-02-22T20:33:36+08:00 ] 60.170.255.179 /teacher.php/Apply/editApply/id/2
ERR: 模板不存在:./Application/Teacher/View/Apply/Checked.html

[ 2017-02-22T20:34:19+08:00 ] 60.170.255.179 /teacher.php/Apply/editApply.html
INFO: [ app_begin ] --START--
INFO: Run Behavior\ReadHtmlCacheBehavior [ RunTime:0.000290s ]
INFO: [ app_begin ] --END-- [ RunTime:0.000510s ]
NOTIC: [8] Undefined index: USERNAME /var/www/html/Application/Teacher/Controller/CommonController.class.php 第 17 行.
SQL: SHOW COLUMNS FROM `dg_practice` [ RunTime:0.0005s ]
SQL: UPDATE `dg_practice` SET `status`='-1' WHERE ( `id` = 3 ) [ RunTime:0.0001s ]

[ 2017-02-22T21:03:00+08:00 ] 60.170.255.179 /teacher.php/Apply/editCor.html
INFO: [ app_begin ] --START--
INFO: Run Behavior\ReadHtmlCacheBehavior [ RunTime:0.000314s ]
INFO: [ app_begin ] --END-- [ RunTime:0.000536s ]
NOTIC: [8] Undefined index: USERNAME /var/www/html/Application/Teacher/Controller/CommonController.class.php 第 17 行.
SQL: SHOW COLUMNS FROM `dg_change` [ RunTime:0.0005s ]
SQL: UPDATE `dg_change` SET `status`='1' WHERE ( `id` = 3 ) [ RunTime:0.0002s ]

[ 2017-02-22T21:04:20+08:00 ] 60.170.255.179 /teacher.php/Apply/editPos/id/2
ERR: 1064:You have an error in your SQL syntax; check the manual that corresponds to your MySQL server version for the right syntax to use near ') LIMIT 1' at line 1
 [ SQL语句 ] : SELECT * FROM `dg_change` WHERE ( id= ) LIMIT 1  

[ 2017-02-22T21:13:39+08:00 ] 60.170.255.179 /teacher.php/Apply/corporation.html
ERR: 1064:You have an error in your SQL syntax; check the manual that corresponds to your MySQL server version for the right syntax to use near 'ON Change.type=1  JOIN dg_corporation Corporation ON myChange.corporation_id = C' at line 1
 [ SQL语句 ] : SELECT myChange.id AS chid,myChange.applytime AS applytime,myChange.profession AS profession,myChange.insurance AS insurance,myChange.reason AS reason,myChange.status AS status,Corporation.name AS corname,Corporation.address AS address,Practice.guide AS guide,Practice.position AS position,Student.name AS stuname,Student.studentno AS studentno,Student.phone AS phone,Class.classname AS classname,Profession.name AS proname FROM dg_change myChange ON Change.type=1  JOIN dg_corporation Corporation ON myChange.corporation_id = Corporation.id  JOIN dg_practice Practice ON myChange.corporation_id = Practice.corporation_id  JOIN dg_student Student ON Student.studentno = myChange.student_id  JOIN dg_class Class ON Student.classno = Class.id  JOIN dg_profession Profession ON Class.profession = Profession.id 

[ 2017-02-22T22:20:18+08:00 ] 60.170.255.179 /teacher.php/Apply/corporation.html
ERR: 1052:Column 'type' in where clause is ambiguous
 [ SQL语句 ] : SELECT myChange.id AS chid,myChange.applytime AS applytime,myChange.type AS type,myChange.profession AS profession,myChange.insurance AS insurance,myChange.reason AS reason,myChange.status AS status,Corporation.name AS corname,Corporation.address AS address,Practice.guide AS guide,Practice.position AS position,Student.name AS stuname,Student.studentno AS studentno,Student.phone AS phone,Class.classname AS classname,Profession.name AS proname FROM dg_change myChange  JOIN dg_corporation Corporation ON myChange.corporation_id = Corporation.id  JOIN dg_practice Practice ON myChange.corporation_id = Practice.corporation_id  JOIN dg_student Student ON Student.studentno = myChange.student_id  JOIN dg_class Class ON Student.classno = Class.id  JOIN dg_profession Profession ON Class.profession = Profession.id WHERE ( type=0 ) 

[ 2017-02-22T22:29:05+08:00 ] 60.170.255.179 /teacher.php/Apply/corporation.html
ERR: 1054:Unknown column 'Change.type' in 'where clause'
 [ SQL语句 ] : SELECT myChange.id AS chid,myChange.applytime AS applytime,myChange.type AS type,myChange.profession AS profession,myChange.insurance AS insurance,myChange.reason AS reason,myChange.status AS status,Corporation.name AS corname,Corporation.address AS address,Practice.guide AS guide,Practice.position AS position,Student.name AS stuname,Student.studentno AS studentno,Student.phone AS phone,Class.classname AS classname,Profession.name AS proname FROM dg_change myChange  JOIN dg_corporation Corporation ON myChange.corporation_id = Corporation.id  JOIN dg_practice Practice ON myChange.corporation_id = Practice.corporation_id  JOIN dg_student Student ON Student.studentno = myChange.student_id  JOIN dg_class Class ON Student.classno = Class.id  JOIN dg_profession Profession ON Class.profession = Profession.id WHERE ( Change.type=0 ) 

[ 2017-02-22T22:29:27+08:00 ] 60.170.255.179 /teacher.php/Apply/corporation.html
ERR: 1052:Column 'type' in where clause is ambiguous
 [ SQL语句 ] : SELECT myChange.id AS chid,myChange.applytime AS applytime,myChange.type AS type,myChange.profession AS profession,myChange.insurance AS insurance,myChange.reason AS reason,myChange.status AS status,Corporation.name AS corname,Corporation.address AS address,Practice.guide AS guide,Practice.position AS position,Student.name AS stuname,Student.studentno AS studentno,Student.phone AS phone,Class.classname AS classname,Profession.name AS proname FROM dg_change myChange  JOIN dg_corporation Corporation ON myChange.corporation_id = Corporation.id  JOIN dg_practice Practice ON myChange.corporation_id = Practice.corporation_id  JOIN dg_student Student ON Student.studentno = myChange.student_id  JOIN dg_class Class ON Student.classno = Class.id  JOIN dg_profession Profession ON Class.profession = Profession.id WHERE ( type=0 ) 

[ 2017-02-22T23:10:04+08:00 ] 60.170.255.179 /teacher.php/Apply/corporation.html
ERR: 1052:Column 'type' in where clause is ambiguous
 [ SQL语句 ] : SELECT myChange.id AS chid,myChange.applytime AS applytime,myChange.type AS type,myChange.profession AS profession,myChange.insurance AS insurance,myChange.reason AS reason,myChange.status AS status,Corporation.name AS corname,Corporation.address AS address,Practice.guide AS guide,Practice.position AS position,Student.name AS stuname,Student.studentno AS studentno,Student.phone AS phone,Class.classname AS classname,Profession.name AS proname FROM dg_change myChange  JOIN dg_corporation Corporation ON myChange.corporation_id = Corporation.id  JOIN dg_practice Practice ON myChange.corporation_id = Practice.corporation_id  JOIN dg_student Student ON Student.studentno = myChange.student_id  JOIN dg_class Class ON Student.classno = Class.id  JOIN dg_profession Profession ON Class.profession = Profession.id WHERE ( type=0 ) 

[ 2017-02-22T23:12:09+08:00 ] 60.170.255.179 /teacher.php/Practice/setCorStatus.html
INFO: [ app_begin ] --START--
INFO: Run Behavior\ReadHtmlCacheBehavior [ RunTime:0.000295s ]
INFO: [ app_begin ] --END-- [ RunTime:0.000537s ]
NOTIC: [8] Undefined index: USERNAME /var/www/html/Application/Teacher/Controller/CommonController.class.php 第 17 行.
SQL: SHOW COLUMNS FROM `dg_corporation` [ RunTime:0.0006s ]
SQL: UPDATE `dg_corporation` SET `isUsed`='-1' WHERE `id` = 6 [ RunTime:0.0002s ]

[ 2017-02-22T23:12:13+08:00 ] 117.88.215.43 /teacher.php/Practice/setCorStatus.html
INFO: [ app_begin ] --START--
INFO: Run Behavior\ReadHtmlCacheBehavior [ RunTime:0.000278s ]
INFO: [ app_begin ] --END-- [ RunTime:0.000501s ]
NOTIC: [8] Undefined index: USERNAME /var/www/html/Application/Teacher/Controller/CommonController.class.php 第 17 行.
SQL: SHOW COLUMNS FROM `dg_corporation` [ RunTime:0.0005s ]
SQL: UPDATE `dg_corporation` SET `isUsed`='-1' WHERE `id` = 6 [ RunTime:0.0002s ]

[ 2017-02-22T23:12:21+08:00 ] 60.170.255.179 /teacher.php/Practice/setCorStatus.html
INFO: [ app_begin ] --START--
INFO: Run Behavior\ReadHtmlCacheBehavior [ RunTime:0.000281s ]
INFO: [ app_begin ] --END-- [ RunTime:0.000493s ]
NOTIC: [8] Undefined index: USERNAME /var/www/html/Application/Teacher/Controller/CommonController.class.php 第 17 行.
SQL: SHOW COLUMNS FROM `dg_corporation` [ RunTime:0.0005s ]
SQL: UPDATE `dg_corporation` SET `isUsed`='1' WHERE `id` = 6 [ RunTime:0.0002s ]

[ 2017-02-22T23:12:22+08:00 ] 117.88.215.43 /teacher.php/Practice/setCorStatus.html
INFO: [ app_begin ] --START--
INFO: Run Behavior\ReadHtmlCacheBehavior [ RunTime:0.000275s ]
INFO: [ app_begin ] --END-- [ RunTime:0.000488s ]
NOTIC: [8] Undefined index: USERNAME /var/www/html/Application/Teacher/Controller/CommonController.class.php 第 17 行.
SQL: SHOW COLUMNS FROM `dg_corporation` [ RunTime:0.0005s ]
SQL: UPDATE `dg_corporation` SET `isUsed`='1' WHERE `id` = 6 [ RunTime:0.0001s ]

[ 2017-02-22T23:12:52+08:00 ] 117.88.215.43 /teacher.php/Apply/editApply.html
INFO: [ app_begin ] --START--
INFO: Run Behavior\ReadHtmlCacheBehavior [ RunTime:0.000353s ]
INFO: [ app_begin ] --END-- [ RunTime:0.000567s ]
NOTIC: [8] Undefined index: USERNAME /var/www/html/Application/Teacher/Controller/CommonController.class.php 第 17 行.
SQL: SHOW COLUMNS FROM `dg_practice` [ RunTime:0.0005s ]
SQL: UPDATE `dg_practice` SET `status`='1' WHERE ( `id` = 2 ) [ RunTime:0.0002s ]

[ 2017-02-22T23:19:59+08:00 ] 60.170.255.179 /teacher.php/Practice/setCorStatus.html
INFO: [ app_begin ] --START--
INFO: Run Behavior\ReadHtmlCacheBehavior [ RunTime:0.000280s ]
INFO: [ app_begin ] --END-- [ RunTime:0.000509s ]
NOTIC: [8] Undefined index: USERNAME /var/www/html/Application/Teacher/Controller/CommonController.class.php 第 17 行.

[ 2017-02-22T23:20:04+08:00 ] 60.170.255.179 /teacher.php/Practice/setCorStatus.html
INFO: [ app_begin ] --START--
INFO: Run Behavior\ReadHtmlCacheBehavior [ RunTime:0.000306s ]
INFO: [ app_begin ] --END-- [ RunTime:0.000523s ]
NOTIC: [8] Undefined index: USERNAME /var/www/html/Application/Teacher/Controller/CommonController.class.php 第 17 行.
SQL: SHOW COLUMNS FROM `dg_corporation` [ RunTime:0.0006s ]
SQL: UPDATE `dg_corporation` SET `isUsed`='-1' WHERE `id` = 6 [ RunTime:0.0002s ]

