[ 2017-03-16T04:57:36+08:00 ] ::1 /teacher.php/Practice/arrangement.html
INFO: [ app_begin ] --START--
INFO: Run Behavior\ReadHtmlCacheBehavior [ RunTime:0.000888s ]
INFO: [ app_begin ] --END-- [ RunTime:0.001967s ]
SQL: SHOW COLUMNS FROM `dg_corporation` [ RunTime:0.0080s ]
SQL: SELECT * FROM `dg_corporation` WHERE ( id=3 )  [ RunTime:0.0117s ]
SQL: SHOW COLUMNS FROM `dg_student` [ RunTime:0.0020s ]
SQL: SELECT `studentno` FROM `dg_student` WHERE (  id IN(70) )  [ RunTime:0.0023s ]
SQL: SHOW COLUMNS FROM `dg_practice` [ RunTime:0.0031s ]
SQL: SELECT * FROM `dg_practice` WHERE `student_id` = 2017102  [ RunTime:0.0005s ]
SQL: UPDATE `dg_practice` SET `corporation_id`='3',`teacher_id`='200',`starttime`='2017-03-01',`endtime`='2017-03-31',`position`='ttest',`student_id`='2017102' WHERE `id` = 75 [ RunTime:0.0140s ]

[ 2017-03-16T05:19:40+08:00 ] ::1 /teacher.php/Practice/arrangement.html
INFO: [ app_begin ] --START--
INFO: Run Behavior\ReadHtmlCacheBehavior [ RunTime:0.000549s ]
INFO: [ app_begin ] --END-- [ RunTime:0.000913s ]
SQL: SHOW COLUMNS FROM `dg_corporation` [ RunTime:0.0045s ]
SQL: SELECT * FROM `dg_corporation` WHERE ( id=2 )  [ RunTime:0.0014s ]
SQL: SHOW COLUMNS FROM `dg_student` [ RunTime:0.0057s ]
SQL: SELECT `studentno` FROM `dg_student` WHERE (  id IN(73) )  [ RunTime:0.0016s ]
SQL: SHOW COLUMNS FROM `dg_practice` [ RunTime:0.0015s ]
SQL: SELECT * FROM `dg_practice` WHERE `student_id` = 2017105  [ RunTime:0.0071s ]
SQL: INSERT INTO `dg_practice` (`corporation_id`,`guide`,`address`,`starttime`,`endtime`,`position`,`mode`,`student_id`) VALUES ('2','aaa','上海111','2017-03-20','2017-03-23','test','2','2017105') [ RunTime:0.0022s ]

[ 2017-03-16T05:38:41+08:00 ] ::1 /teacher.php/Practice/cancelarrangement.html
INFO: [ app_begin ] --START--
INFO: Run Behavior\ReadHtmlCacheBehavior [ RunTime:0.000353s ]
INFO: [ app_begin ] --END-- [ RunTime:0.000620s ]
SQL: SHOW COLUMNS FROM `dg_practice` [ RunTime:0.0051s ]

[ 2017-03-16T05:38:42+08:00 ] ::1 /teacher.php/Practice/cancelarrangement.html
INFO: [ app_begin ] --START--
INFO: Run Behavior\ReadHtmlCacheBehavior [ RunTime:0.000542s ]
INFO: [ app_begin ] --END-- [ RunTime:0.000990s ]
SQL: SHOW COLUMNS FROM `dg_practice` [ RunTime:0.0025s ]

[ 2017-03-16T05:42:06+08:00 ] ::1 /teacher.php/Practice/cancelarrangement.html
INFO: [ app_begin ] --START--
INFO: Run Behavior\ReadHtmlCacheBehavior [ RunTime:0.000528s ]
INFO: [ app_begin ] --END-- [ RunTime:0.001826s ]
SQL: SHOW COLUMNS FROM `dg_practice` [ RunTime:0.0010s ]
SQL: DELETE FROM `dg_practice` WHERE `id` = 0 [ RunTime:0.0030s ]

[ 2017-03-16T05:42:38+08:00 ] ::1 /teacher.php/Practice/cancelarrangement.html
INFO: [ app_begin ] --START--
INFO: Run Behavior\ReadHtmlCacheBehavior [ RunTime:0.000813s ]
INFO: [ app_begin ] --END-- [ RunTime:0.009109s ]
SQL: SHOW COLUMNS FROM `dg_practice` [ RunTime:0.0014s ]
ERR: 1064:You have an error in your SQL syntax; check the manual that corresponds to your MySQL server version for the right syntax to use near ')' at line 1
 [ SQL语句 ] : DELETE FROM `dg_practice` WHERE ( `id` =  )
ERR: 1064:You have an error in your SQL syntax; check the manual that corresponds to your MySQL server version for the right syntax to use near ')' at line 1
 [ SQL语句 ] : DELETE FROM `dg_practice` WHERE ( `id` =  )

[ 2017-03-16T05:45:01+08:00 ] ::1 /teacher.php/Practice/cancelarrangement.html
INFO: [ app_begin ] --START--
INFO: Run Behavior\ReadHtmlCacheBehavior [ RunTime:0.000218s ]
INFO: [ app_begin ] --END-- [ RunTime:0.000423s ]
SQL: SHOW COLUMNS FROM `dg_practice` [ RunTime:0.0009s ]
SQL: DELETE FROM `dg_practice` WHERE ( `id` = 90 ) [ RunTime:0.0062s ]

[ 2017-03-16T06:30:24+08:00 ] ::1 /teacher.php/Apply/delApply.html
INFO: [ app_begin ] --START--
INFO: Run Behavior\ReadHtmlCacheBehavior [ RunTime:0.000686s ]
INFO: [ app_begin ] --END-- [ RunTime:0.001216s ]
SQL: SHOW COLUMNS FROM `dg_practice` [ RunTime:0.0029s ]
SQL: DELETE FROM `dg_practice` WHERE ( `id` IN(75,76,77)  ) [ RunTime:0.0024s ]

[ 2017-03-16T06:30:39+08:00 ] ::1 /teacher.php/Apply/delApply.html
INFO: [ app_begin ] --START--
INFO: Run Behavior\ReadHtmlCacheBehavior [ RunTime:0.000571s ]
INFO: [ app_begin ] --END-- [ RunTime:0.001023s ]
SQL: SHOW COLUMNS FROM `dg_practice` [ RunTime:0.0037s ]
SQL: DELETE FROM `dg_practice` WHERE ( `id` IN(78,79,80)  ) [ RunTime:0.0026s ]

[ 2017-03-16T19:25:23+08:00 ] ::1 /teacher.php/Student/view/id/1
ERR: SQLSTATE[HY000] [2006] MySQL server has gone away

[ 2017-03-16T19:25:34+08:00 ] ::1 /teacher.php/Student/view/id/1
ERR: SQLSTATE[HY000] [2006] MySQL server has gone away

[ 2017-03-16T19:25:35+08:00 ] ::1 /teacher.php/Student/view/id/1
ERR: SQLSTATE[HY000] [2006] MySQL server has gone away

[ 2017-03-16T19:25:46+08:00 ] ::1 /teacher.php/Student/index.html
ERR: SQLSTATE[HY000] [2006] MySQL server has gone away

[ 2017-03-16T20:19:12+08:00 ] ::1 /teacher.php/Practice/editCor.html
INFO: [ app_begin ] --START--
INFO: Run Behavior\ReadHtmlCacheBehavior [ RunTime:0.000658s ]
INFO: [ app_begin ] --END-- [ RunTime:0.001238s ]
SQL: SHOW COLUMNS FROM `dg_corporation` [ RunTime:0.0004s ]
SQL: UPDATE `dg_corporation` SET `name`='上海腾讯计算机有限公司',`city`='上海',`type`='私企',`contact`='马化腾',`position`='',`telephone`='8912878',`mobile`='',`email`='1281074511@qq.com',`zipcode`='225653',`fax`='',`website`='www.qq.comm',`address`='上海',`introduction`='腾讯有限公司',`addtime`='2017-03-16 20:19:12' WHERE ( `id` = 2 ) [ RunTime:0.0318s ]

[ 2017-03-16T20:44:46+08:00 ] ::1 /index.php/Teacher/Practice/arrangement.html
INFO: [ app_begin ] --START--
INFO: Run Behavior\ReadHtmlCacheBehavior [ RunTime:0.000349s ]
INFO: [ app_begin ] --END-- [ RunTime:0.000613s ]
SQL: SHOW COLUMNS FROM `dg_corporation` [ RunTime:0.0004s ]
ERR: 1064:You have an error in your SQL syntax; check the manual that corresponds to your MySQL server version for the right syntax to use near ')' at line 1
 [ SQL语句 ] : SELECT * FROM `dg_corporation` WHERE ( id= ) 
ERR: 1064:You have an error in your SQL syntax; check the manual that corresponds to your MySQL server version for the right syntax to use near ')' at line 1
 [ SQL语句 ] : SELECT * FROM `dg_corporation` WHERE ( id= ) 

[ 2017-03-16T20:45:31+08:00 ] ::1 /index.php/Teacher/Practice/arrangement.html
INFO: [ app_begin ] --START--
INFO: Run Behavior\ReadHtmlCacheBehavior [ RunTime:0.000344s ]
INFO: [ app_begin ] --END-- [ RunTime:0.000646s ]
SQL: SHOW COLUMNS FROM `dg_corporation` [ RunTime:0.0005s ]
ERR: 1064:You have an error in your SQL syntax; check the manual that corresponds to your MySQL server version for the right syntax to use near ')' at line 1
 [ SQL语句 ] : SELECT * FROM `dg_corporation` WHERE ( id= ) 
ERR: 1064:You have an error in your SQL syntax; check the manual that corresponds to your MySQL server version for the right syntax to use near ')' at line 1
 [ SQL语句 ] : SELECT * FROM `dg_corporation` WHERE ( id= ) 

[ 2017-03-16T20:46:13+08:00 ] ::1 /index.php/Teacher/Practice/arrangement.html
INFO: [ app_begin ] --START--
INFO: Run Behavior\ReadHtmlCacheBehavior [ RunTime:0.000218s ]
INFO: [ app_begin ] --END-- [ RunTime:0.000413s ]
SQL: SHOW COLUMNS FROM `dg_corporation` [ RunTime:0.0006s ]
ERR: 1064:You have an error in your SQL syntax; check the manual that corresponds to your MySQL server version for the right syntax to use near ')' at line 1
 [ SQL语句 ] : SELECT * FROM `dg_corporation` WHERE ( id= ) 
ERR: 1064:You have an error in your SQL syntax; check the manual that corresponds to your MySQL server version for the right syntax to use near ')' at line 1
 [ SQL语句 ] : SELECT * FROM `dg_corporation` WHERE ( id= ) 

[ 2017-03-16T20:47:50+08:00 ] ::1 /index.php/Teacher/Practice/arrangement.html
INFO: [ app_begin ] --START--
INFO: Run Behavior\ReadHtmlCacheBehavior [ RunTime:0.000227s ]
INFO: [ app_begin ] --END-- [ RunTime:0.000476s ]
SQL: SHOW COLUMNS FROM `dg_corporation` [ RunTime:0.0005s ]
ERR: 1064:You have an error in your SQL syntax; check the manual that corresponds to your MySQL server version for the right syntax to use near ')' at line 1
 [ SQL语句 ] : SELECT * FROM `dg_corporation` WHERE ( id= ) 
ERR: 1064:You have an error in your SQL syntax; check the manual that corresponds to your MySQL server version for the right syntax to use near ')' at line 1
 [ SQL语句 ] : SELECT * FROM `dg_corporation` WHERE ( id= ) 

[ 2017-03-16T21:06:10+08:00 ] ::1 /index.php/Teacher/Practice/setCorStatus.html
INFO: [ app_begin ] --START--
INFO: Run Behavior\ReadHtmlCacheBehavior [ RunTime:0.000193s ]
INFO: [ app_begin ] --END-- [ RunTime:0.000342s ]
SQL: SHOW COLUMNS FROM `dg_corporation` [ RunTime:0.0005s ]
SQL: UPDATE `dg_corporation` SET `isUsed`='1' WHERE `id` = 2 [ RunTime:0.0002s ]

[ 2017-03-16T21:06:25+08:00 ] ::1 /teacher.php/Practice/setCorStatus.html
INFO: [ app_begin ] --START--
INFO: Run Behavior\ReadHtmlCacheBehavior [ RunTime:0.000227s ]
INFO: [ app_begin ] --END-- [ RunTime:0.000413s ]
SQL: SHOW COLUMNS FROM `dg_corporation` [ RunTime:0.0005s ]
SQL: UPDATE `dg_corporation` SET `isUsed`='1' WHERE `id` = 2 [ RunTime:0.0003s ]

[ 2017-03-16T21:09:41+08:00 ] ::1 /teacher.php/Practice/setCorStatus.html
INFO: [ app_begin ] --START--
INFO: Run Behavior\ReadHtmlCacheBehavior [ RunTime:0.000233s ]
INFO: [ app_begin ] --END-- [ RunTime:0.000410s ]
SQL: SHOW COLUMNS FROM `dg_corporation` [ RunTime:0.0006s ]
SQL: UPDATE `dg_corporation` SET `isUsed`='1' WHERE `id` = 2 [ RunTime:0.0003s ]

[ 2017-03-16T21:11:06+08:00 ] ::1 /teacher.php/Practice/setCorStatus.html
INFO: [ app_begin ] --START--
INFO: Run Behavior\ReadHtmlCacheBehavior [ RunTime:0.000212s ]
INFO: [ app_begin ] --END-- [ RunTime:0.000377s ]
SQL: SHOW COLUMNS FROM `dg_corporation` [ RunTime:0.0017s ]
SQL: UPDATE `dg_corporation` SET `isUsed`='1' WHERE `id` = 2 [ RunTime:0.0009s ]

[ 2017-03-16T21:13:02+08:00 ] ::1 /teacher.php/Practice/setCorStatus.html
INFO: [ app_begin ] --START--
INFO: Run Behavior\ReadHtmlCacheBehavior [ RunTime:0.000216s ]
INFO: [ app_begin ] --END-- [ RunTime:0.000388s ]
SQL: SHOW COLUMNS FROM `dg_corporation` [ RunTime:0.0006s ]
SQL: UPDATE `dg_corporation` SET `isUsed`='1' WHERE (   id IN(2,3,6) ) [ RunTime:0.0029s ]

[ 2017-03-16T21:13:12+08:00 ] ::1 /teacher.php/Practice/setCorStatus.html
INFO: [ app_begin ] --START--
INFO: Run Behavior\ReadHtmlCacheBehavior [ RunTime:0.000222s ]
INFO: [ app_begin ] --END-- [ RunTime:0.000397s ]
SQL: SHOW COLUMNS FROM `dg_corporation` [ RunTime:0.0007s ]
SQL: UPDATE `dg_corporation` SET `isUsed`='-1' WHERE (   id IN(2,3,6) ) [ RunTime:0.0010s ]

[ 2017-03-16T21:41:45+08:00 ] ::1 /teacher.php/Apply/delApply.html
INFO: [ app_begin ] --START--
INFO: Run Behavior\ReadHtmlCacheBehavior [ RunTime:0.000290s ]
INFO: [ app_begin ] --END-- [ RunTime:0.000491s ]
SQL: SHOW COLUMNS FROM `dg_practice` [ RunTime:0.0005s ]
SQL: DELETE FROM `dg_practice` WHERE ( `id` IN(89)  ) [ RunTime:0.0074s ]

[ 2017-03-16T21:48:41+08:00 ] ::1 /teacher.php/Apply/delChange.html
INFO: [ app_begin ] --START--
INFO: Run Behavior\ReadHtmlCacheBehavior [ RunTime:0.000217s ]
INFO: [ app_begin ] --END-- [ RunTime:0.000397s ]
SQL: SHOW COLUMNS FROM `dg_change` [ RunTime:0.0006s ]
SQL: DELETE FROM `dg_change` WHERE ( `id` IN(37,35,39)  ) [ RunTime:0.0042s ]

[ 2017-03-16T21:48:49+08:00 ] ::1 /teacher.php/Apply/delChange.html
INFO: [ app_begin ] --START--
INFO: Run Behavior\ReadHtmlCacheBehavior [ RunTime:0.000328s ]
INFO: [ app_begin ] --END-- [ RunTime:0.000527s ]
SQL: SHOW COLUMNS FROM `dg_change` [ RunTime:0.0018s ]
SQL: DELETE FROM `dg_change` WHERE ( `id` IN(38)  ) [ RunTime:0.0008s ]

[ 2017-03-16T23:21:17+08:00 ] ::1 /index.php/Teacher/Apply/delApply.html
INFO: [ app_begin ] --START--
INFO: Run Behavior\ReadHtmlCacheBehavior [ RunTime:0.002256s ]
INFO: [ app_begin ] --END-- [ RunTime:0.003502s ]
SQL: SHOW COLUMNS FROM `dg_practice` [ RunTime:0.0005s ]
SQL: DELETE FROM `dg_practice` WHERE ( `id` IN(78,79,80)  ) [ RunTime:0.0035s ]

[ 2017-03-16T23:21:27+08:00 ] ::1 /teacher.php/Apply/delApply.html
INFO: [ app_begin ] --START--
INFO: Run Behavior\ReadHtmlCacheBehavior [ RunTime:0.000210s ]
INFO: [ app_begin ] --END-- [ RunTime:0.000371s ]
SQL: SHOW COLUMNS FROM `dg_practice` [ RunTime:0.0010s ]
SQL: DELETE FROM `dg_practice` WHERE ( `id` IN(75,76,77)  ) [ RunTime:0.0002s ]

[ 2017-03-16T23:21:36+08:00 ] ::1 /teacher.php/Apply/delApply.html
INFO: [ app_begin ] --START--
INFO: Run Behavior\ReadHtmlCacheBehavior [ RunTime:0.000474s ]
INFO: [ app_begin ] --END-- [ RunTime:0.000928s ]
SQL: SHOW COLUMNS FROM `dg_practice` [ RunTime:0.0006s ]
SQL: DELETE FROM `dg_practice` WHERE ( `id` IN(89)  ) [ RunTime:0.0003s ]

[ 2017-03-16T23:30:46+08:00 ] ::1 /teacher.php/Apply/delApply.html
INFO: [ app_begin ] --START--
INFO: Run Behavior\ReadHtmlCacheBehavior [ RunTime:0.000385s ]
INFO: [ app_begin ] --END-- [ RunTime:0.000757s ]
SQL: SHOW COLUMNS FROM `dg_practice` [ RunTime:0.0011s ]
SQL: DELETE FROM `dg_practice` WHERE ( `student_id` IN(76,77)  ) [ RunTime:0.0041s ]

[ 2017-03-16T23:31:00+08:00 ] ::1 /teacher.php/Apply/delApply.html
INFO: [ app_begin ] --START--
INFO: Run Behavior\ReadHtmlCacheBehavior [ RunTime:0.000334s ]
INFO: [ app_begin ] --END-- [ RunTime:0.000591s ]
SQL: SHOW COLUMNS FROM `dg_practice` [ RunTime:0.0020s ]
SQL: DELETE FROM `dg_practice` WHERE ( `student_id` IN(1,8,73)  ) [ RunTime:0.0017s ]

[ 2017-03-16T23:31:56+08:00 ] ::1 /teacher.php/Apply/delApply.html
INFO: [ app_begin ] --START--
INFO: Run Behavior\ReadHtmlCacheBehavior [ RunTime:0.000394s ]
INFO: [ app_begin ] --END-- [ RunTime:0.000835s ]
SQL: SHOW COLUMNS FROM `dg_practice` [ RunTime:0.0006s ]
SQL: DELETE FROM `dg_practice` WHERE ( `student_id` IN(20170209,20170210,2017105)  ) [ RunTime:0.0008s ]

[ 2017-03-16T23:32:14+08:00 ] ::1 /teacher.php/Apply/delApply.html
INFO: [ app_begin ] --START--
INFO: Run Behavior\ReadHtmlCacheBehavior [ RunTime:0.000226s ]
INFO: [ app_begin ] --END-- [ RunTime:0.000378s ]
SQL: SHOW COLUMNS FROM `dg_practice` [ RunTime:0.0007s ]
SQL: DELETE FROM `dg_practice` WHERE ( `student_id` IN(20170209,20170210,2017105)  ) [ RunTime:0.0002s ]

[ 2017-03-16T23:33:49+08:00 ] ::1 /teacher.php/Apply/delApply.html
INFO: [ app_begin ] --START--
INFO: Run Behavior\ReadHtmlCacheBehavior [ RunTime:0.000230s ]
INFO: [ app_begin ] --END-- [ RunTime:0.000466s ]
SQL: SHOW COLUMNS FROM `dg_practice` [ RunTime:0.0118s ]
SQL: DELETE FROM `dg_practice` WHERE ( `student_id` IN(20170209,20170210,2017105)  ) [ RunTime:0.0012s ]

[ 2017-03-16T23:34:34+08:00 ] ::1 /teacher.php/Apply/delApply.html
INFO: [ app_begin ] --START--
INFO: Run Behavior\ReadHtmlCacheBehavior [ RunTime:0.000223s ]
INFO: [ app_begin ] --END-- [ RunTime:0.000421s ]
SQL: SHOW COLUMNS FROM `dg_practice` [ RunTime:0.0010s ]
SQL: DELETE FROM `dg_practice` WHERE ( `student_id` IN(20170209,20170210,2017105)  ) [ RunTime:0.0011s ]

[ 2017-03-16T23:34:35+08:00 ] ::1 /teacher.php/Apply/delApply.html
INFO: [ app_begin ] --START--
INFO: Run Behavior\ReadHtmlCacheBehavior [ RunTime:0.000211s ]
INFO: [ app_begin ] --END-- [ RunTime:0.000384s ]
SQL: SHOW COLUMNS FROM `dg_practice` [ RunTime:0.0016s ]
SQL: DELETE FROM `dg_practice` WHERE ( `student_id` IN(20170209,20170210,2017105)  ) [ RunTime:0.0078s ]

[ 2017-03-16T23:36:05+08:00 ] ::1 /teacher.php/Apply/delApply.html
INFO: [ app_begin ] --START--
INFO: Run Behavior\ReadHtmlCacheBehavior [ RunTime:0.000250s ]
INFO: [ app_begin ] --END-- [ RunTime:0.000609s ]
SQL: SHOW COLUMNS FROM `dg_practice` [ RunTime:0.0006s ]
SQL: DELETE FROM `dg_practice` WHERE ( `student_id` = 2018111 ) [ RunTime:0.0015s ]

