[ 2017-03-22T00:03:35+08:00 ] 223.245.80.142 /teacher.php/Apply/editChange.html
INFO: [ app_begin ] --START--
INFO: Run Behavior\ReadHtmlCacheBehavior [ RunTime:0.000286s ]
INFO: [ app_begin ] --END-- [ RunTime:0.000515s ]
SQL: SHOW COLUMNS FROM `dg_change` [ RunTime:0.0006s ]
SQL: UPDATE `dg_change` SET `status`='1',`teacher_id`='200' WHERE ( `id` = 82 ) [ RunTime:0.0002s ]

[ 2017-03-22T00:12:42+08:00 ] 223.245.80.142 /teacher.php/Apply/leave/department/0/profession/0/class/0/corporation/2/status/0/keywords/
ERR: 1054:Unknown column 'myLeave.corporation_id' in 'where clause'
 [ SQL语句 ] : SELECT COUNT(*) AS tp_count FROM dg_leave myLeave LEFT JOIN dg_student Student ON myLeave.student_id = Student.studentno LEFT JOIN dg_class Class ON Student.classno = Class.id WHERE (  classno = 1 ) AND (  myLeave.corporation_id = 2 ) LIMIT 1  

[ 2017-03-22T00:15:13+08:00 ] 223.245.80.142 /teacher.php/Apply/leave/department/0/profession/0/class/0/corporation/2/status/0/keywords/
ERR: 1054:Unknown column 'myLeave.corporation_id' in 'where clause'
 [ SQL语句 ] : SELECT COUNT(*) AS tp_count FROM dg_leave myLeave LEFT JOIN dg_student Student ON myLeave.student_id = Student.studentno LEFT JOIN dg_class Class ON Student.classno = Class.id WHERE (  classno = 1 ) AND (  myLeave.corporation_id = 2 ) LIMIT 1  

[ 2017-03-22T00:15:51+08:00 ] 223.245.80.142 /teacher.php/Apply/leave/department/0/profession/0/class/0/corporation/2/status/0/keywords/
ERR: 1054:Unknown column 'myLeave.corporation_id' in 'where clause'
 [ SQL语句 ] : SELECT COUNT(*) AS tp_count FROM dg_leave myLeave LEFT JOIN dg_student Student ON myLeave.student_id = Student.studentno LEFT JOIN dg_class Class ON Student.classno = Class.id WHERE (  classno = 1 ) AND (  myLeave.corporation_id = 2 ) LIMIT 1  

[ 2017-03-22T00:16:45+08:00 ] 223.245.80.142 /teacher.php/Apply/leave/department/0/profession/0/class/0/corporation/2/status/0/keywords/
ERR: 1054:Unknown column 'myChange.cname' in 'where clause'
 [ SQL语句 ] : SELECT COUNT(*) AS tp_count FROM dg_leave myLeave LEFT JOIN dg_student Student ON myLeave.student_id = Student.studentno LEFT JOIN dg_class Class ON Student.classno = Class.id WHERE (  classno = 1 ) AND (  myChange.cname = (select name from dg_corporation where id=2) ) LIMIT 1  

[ 2017-03-22T00:29:57+08:00 ] 223.245.80.142 /teacher.php/Practice/arrangement.html
INFO: [ app_begin ] --START--
INFO: Run Behavior\ReadHtmlCacheBehavior [ RunTime:0.000281s ]
INFO: [ app_begin ] --END-- [ RunTime:0.000491s ]
SQL: SHOW COLUMNS FROM `dg_corporation` [ RunTime:0.0006s ]
SQL: SELECT * FROM `dg_corporation` WHERE ( id=3 )  [ RunTime:0.0001s ]
SQL: SHOW COLUMNS FROM `dg_student` [ RunTime:0.0004s ]
SQL: SELECT `studentno` FROM `dg_student` WHERE (  id IN(1,70,71,79,74,78,77) )  [ RunTime:0.0001s ]
SQL: SHOW COLUMNS FROM `dg_practice` [ RunTime:0.0004s ]
SQL: SELECT * FROM `dg_practice` WHERE `student_id` = 20170209  [ RunTime:0.0001s ]
SQL: INSERT INTO `dg_practice` (`corporation_id`,`guide`,`address`,`starttime`,`endtime`,`position`,`mode`,`status`,`student_id`) VALUES ('3','test','百度大厦','2017-03-23','2017-03-31','test','2','1','20170209') [ RunTime:0.0001s ]
SQL: UPDATE `dg_student` SET `corporation_id`='3' WHERE `studentno` = '20170209' [ RunTime:0.0001s ]
SQL: SELECT * FROM `dg_practice` WHERE `student_id` = 2017102  [ RunTime:0.0001s ]
SQL: UPDATE `dg_student` SET `corporation_id`='3' WHERE `studentno` = '2017102' [ RunTime:0.0001s ]
SQL: SELECT * FROM `dg_practice` WHERE `student_id` = 2017103  [ RunTime:0.0001s ]
SQL: INSERT INTO `dg_practice` (`corporation_id`,`guide`,`address`,`starttime`,`endtime`,`position`,`mode`,`status`,`student_id`) VALUES ('3','test','百度大厦','2017-03-23','2017-03-31','test','2','1','2017103') [ RunTime:0.0001s ]
SQL: UPDATE `dg_student` SET `corporation_id`='3' WHERE `studentno` = '2017103' [ RunTime:0.0001s ]
SQL: SELECT * FROM `dg_practice` WHERE `student_id` = 2017888  [ RunTime:0.0001s ]
SQL: INSERT INTO `dg_practice` (`corporation_id`,`guide`,`address`,`starttime`,`endtime`,`position`,`mode`,`status`,`student_id`) VALUES ('3','test','百度大厦','2017-03-23','2017-03-31','test','2','1','2017888') [ RunTime:0.0001s ]
SQL: UPDATE `dg_student` SET `corporation_id`='3' WHERE `studentno` = '2017888' [ RunTime:0.0001s ]
SQL: SELECT * FROM `dg_practice` WHERE `student_id` = 2018100  [ RunTime:0.0001s ]
SQL: UPDATE `dg_student` SET `corporation_id`='3' WHERE `studentno` = '2018100' [ RunTime:0.0001s ]
SQL: SELECT * FROM `dg_practice` WHERE `student_id` = 2019001  [ RunTime:0.0001s ]
SQL: INSERT INTO `dg_practice` (`corporation_id`,`guide`,`address`,`starttime`,`endtime`,`position`,`mode`,`status`,`student_id`) VALUES ('3','test','百度大厦','2017-03-23','2017-03-31','test','2','1','2019001') [ RunTime:0.0001s ]
SQL: UPDATE `dg_student` SET `corporation_id`='3' WHERE `studentno` = '2019001' [ RunTime:0.0001s ]
SQL: SELECT * FROM `dg_practice` WHERE `student_id` = 2018181  [ RunTime:0.0001s ]
SQL: INSERT INTO `dg_practice` (`corporation_id`,`guide`,`address`,`starttime`,`endtime`,`position`,`mode`,`status`,`student_id`) VALUES ('3','test','百度大厦','2017-03-23','2017-03-31','test','2','1','2018181') [ RunTime:0.0001s ]
SQL: UPDATE `dg_student` SET `corporation_id`='3' WHERE `studentno` = '2018181' [ RunTime:0.0001s ]

[ 2017-03-22T08:40:45+08:00 ] 117.136.45.133 /teacher.php/Practice/cancelarrangement.html
INFO: [ app_begin ] --START--
INFO: Run Behavior\ReadHtmlCacheBehavior [ RunTime:0.000308s ]
INFO: [ app_begin ] --END-- [ RunTime:0.000532s ]
SQL: SHOW COLUMNS FROM `dg_practice` [ RunTime:0.0006s ]
SQL: DELETE FROM `dg_practice` WHERE ( `student_id` = (select studentno from dg_student where id=70) ) [ RunTime:0.0002s ]

[ 2017-03-22T08:41:32+08:00 ] 117.136.45.133 /teacher.php/Practice/cancelarrangement.html
INFO: [ app_begin ] --START--
INFO: Run Behavior\ReadHtmlCacheBehavior [ RunTime:0.000292s ]
INFO: [ app_begin ] --END-- [ RunTime:0.000514s ]
SQL: SHOW COLUMNS FROM `dg_practice` [ RunTime:0.0006s ]
SQL: DELETE FROM `dg_practice` WHERE ( `student_id` IN(select studentno from dg_student where id IN( 1,70,71,79,74,78,77)) ) [ RunTime:0.0003s ]

[ 2017-03-22T08:41:49+08:00 ] 117.136.45.133 /teacher.php/Practice/cancelarrangement.html
INFO: [ app_begin ] --START--
INFO: Run Behavior\ReadHtmlCacheBehavior [ RunTime:0.000298s ]
INFO: [ app_begin ] --END-- [ RunTime:0.000528s ]
SQL: SHOW COLUMNS FROM `dg_practice` [ RunTime:0.0006s ]
SQL: DELETE FROM `dg_practice` WHERE ( `student_id` IN(select studentno from dg_student where id IN( 1,70,71,79,74,78,77)) ) [ RunTime:0.0001s ]

[ 2017-03-22T08:42:06+08:00 ] 117.136.45.133 /teacher.php/Practice/cancelarrangement.html
INFO: [ app_begin ] --START--
INFO: Run Behavior\ReadHtmlCacheBehavior [ RunTime:0.000304s ]
INFO: [ app_begin ] --END-- [ RunTime:0.000516s ]
SQL: SHOW COLUMNS FROM `dg_practice` [ RunTime:0.0006s ]
SQL: DELETE FROM `dg_practice` WHERE ( `student_id` IN(select studentno from dg_student where id IN( 79)) ) [ RunTime:0.0001s ]

[ 2017-03-22T08:43:02+08:00 ] 117.136.45.133 /teacher.php/Apply/delLeave.html
INFO: [ app_begin ] --START--
INFO: Run Behavior\ReadHtmlCacheBehavior [ RunTime:0.000296s ]
INFO: [ app_begin ] --END-- [ RunTime:0.000508s ]
SQL: SHOW COLUMNS FROM `dg_leave` [ RunTime:0.0005s ]
SQL: SELECT * FROM `dg_leave` WHERE ( id=116 )  [ RunTime:0.0001s ]

[ 2017-03-22T08:43:52+08:00 ] 117.136.45.133 /teacher.php/Student/del.html
INFO: [ app_begin ] --START--
INFO: Run Behavior\ReadHtmlCacheBehavior [ RunTime:0.000301s ]
INFO: [ app_begin ] --END-- [ RunTime:0.000595s ]
SQL: SHOW COLUMNS FROM `dg_student` [ RunTime:0.0005s ]
SQL: DELETE FROM `dg_student` WHERE ( `id` = 70 ) [ RunTime:0.0001s ]

[ 2017-03-22T08:44:55+08:00 ] 117.136.45.133 /teacher.php/Report/edit.html
INFO: [ app_begin ] --START--
INFO: Run Behavior\ReadHtmlCacheBehavior [ RunTime:0.000295s ]
INFO: [ app_begin ] --END-- [ RunTime:0.000507s ]

[ 2017-03-22T08:50:14+08:00 ] 117.136.45.133 /index.php?m=teacher&c=notice&a=add
INFO: [ app_begin ] --START--
INFO: Run Behavior\ReadHtmlCacheBehavior [ RunTime:0.000292s ]
INFO: [ app_begin ] --END-- [ RunTime:0.000513s ]
SQL: SHOW COLUMNS FROM `dg_teacher` [ RunTime:0.0005s ]
SQL: SELECT * FROM `dg_teacher` WHERE ( name="叶方勇" ) LIMIT 1   [ RunTime:0.0001s ]
SQL: SHOW COLUMNS FROM `dg_notice` [ RunTime:0.0003s ]
SQL: INSERT INTO `dg_notice` (`title`,`school`,`class_id`,`dep_id`,`type`,`content`,`user_id`,`pubtime`) VALUES ('调休','0','1','0','1','调休一天','100','2017-03-22 :08:50:14') [ RunTime:0.0001s ]

[ 2017-03-22T08:50:59+08:00 ] 117.136.45.133 /teacher.php/Notice/read.html
INFO: [ app_begin ] --START--
INFO: Run Behavior\ReadHtmlCacheBehavior [ RunTime:0.000291s ]
INFO: [ app_begin ] --END-- [ RunTime:0.000519s ]
ERR: 非法操作:read

[ 2017-03-22T08:51:25+08:00 ] 117.136.45.133 /teacher.php/Notice/read.html
INFO: [ app_begin ] --START--
INFO: Run Behavior\ReadHtmlCacheBehavior [ RunTime:0.000294s ]
INFO: [ app_begin ] --END-- [ RunTime:0.000503s ]
ERR: 非法操作:read

[ 2017-03-22T12:21:37+08:00 ] 223.245.80.142 /teacher.php/Apply/editApply.html
INFO: [ app_begin ] --START--
INFO: Run Behavior\ReadHtmlCacheBehavior [ RunTime:0.000288s ]
INFO: [ app_begin ] --END-- [ RunTime:0.000518s ]
SQL: SHOW COLUMNS FROM `dg_practice` [ RunTime:0.0006s ]
SQL: UPDATE `dg_practice` SET `status`='1',`teacher_id`='200' WHERE ( `id` = 199 ) [ RunTime:0.0002s ]

[ 2017-03-22T12:44:17+08:00 ] 49.65.251.223 /teacher.php/Practice/arrangement.html
INFO: [ app_begin ] --START--
INFO: Run Behavior\ReadHtmlCacheBehavior [ RunTime:0.000281s ]
INFO: [ app_begin ] --END-- [ RunTime:0.000503s ]
SQL: SHOW COLUMNS FROM `dg_corporation` [ RunTime:0.0006s ]
SQL: SELECT * FROM `dg_corporation` WHERE ( id=3 )  [ RunTime:0.0002s ]
SQL: SHOW COLUMNS FROM `dg_student` [ RunTime:0.0004s ]
SQL: SELECT `studentno` FROM `dg_student` WHERE (  id IN(79,74) )  [ RunTime:0.0001s ]
SQL: SHOW COLUMNS FROM `dg_practice` [ RunTime:0.0004s ]
SQL: SELECT * FROM `dg_practice` WHERE `student_id` = 2018100  [ RunTime:0.0002s ]
SQL: INSERT INTO `dg_practice` (`corporation_id`,`guide`,`address`,`starttime`,`endtime`,`position`,`mode`,`status`,`student_id`) VALUES ('3','111','百度大厦','2017-03-22','2017-03-31','11','2','1','2018100') [ RunTime:0.0001s ]
SQL: UPDATE `dg_student` SET `corporation_id`='3' WHERE `studentno` = '2018100' [ RunTime:0.0001s ]
SQL: SELECT * FROM `dg_practice` WHERE `student_id` = 2017888  [ RunTime:0.0001s ]
SQL: UPDATE `dg_student` SET `corporation_id`='3' WHERE `studentno` = '2017888' [ RunTime:0.0001s ]

[ 2017-03-22T12:52:19+08:00 ] 183.157.64.202 /teacher.php/Report/del.html
INFO: [ app_begin ] --START--
INFO: Run Behavior\ReadHtmlCacheBehavior [ RunTime:0.000299s ]
INFO: [ app_begin ] --END-- [ RunTime:0.000525s ]
SQL: SHOW COLUMNS FROM `dg_report` [ RunTime:0.0006s ]
SQL: SELECT * FROM `dg_report` WHERE ( id IN(165,157) )  [ RunTime:0.0002s ]

[ 2017-03-22T12:52:41+08:00 ] 183.157.68.247 /teacher.php/Report/del.html
INFO: [ app_begin ] --START--
INFO: Run Behavior\ReadHtmlCacheBehavior [ RunTime:0.000286s ]
INFO: [ app_begin ] --END-- [ RunTime:0.000522s ]
SQL: SHOW COLUMNS FROM `dg_report` [ RunTime:0.0006s ]
SQL: SELECT * FROM `dg_report` WHERE ( id IN(191,188) )  [ RunTime:0.0002s ]
SQL: UPDATE `dg_report` SET `tea_del`='0' WHERE ( `id` IN(188)  ) [ RunTime:0.0001s ]

[ 2017-03-22T12:53:05+08:00 ] 183.157.68.247 /teacher.php/Report/del.html
INFO: [ app_begin ] --START--
INFO: Run Behavior\ReadHtmlCacheBehavior [ RunTime:0.000292s ]
INFO: [ app_begin ] --END-- [ RunTime:0.000507s ]
SQL: SHOW COLUMNS FROM `dg_report` [ RunTime:0.0006s ]
SQL: SELECT * FROM `dg_report` WHERE ( id=191 )  [ RunTime:0.0002s ]

[ 2017-03-22T12:54:17+08:00 ] 183.157.64.202 /teacher.php/Report/edit.html
INFO: [ app_begin ] --START--
INFO: Run Behavior\ReadHtmlCacheBehavior [ RunTime:0.000281s ]
INFO: [ app_begin ] --END-- [ RunTime:0.000503s ]

[ 2017-03-22T12:54:25+08:00 ] 183.157.68.247 /teacher.php/Report/auditing.html
INFO: [ app_begin ] --START--
INFO: Run Behavior\ReadHtmlCacheBehavior [ RunTime:0.000291s ]
INFO: [ app_begin ] --END-- [ RunTime:0.000503s ]

[ 2017-03-22T12:56:57+08:00 ] 183.157.68.247 /teacher.php/Report/del.html
INFO: [ app_begin ] --START--
INFO: Run Behavior\ReadHtmlCacheBehavior [ RunTime:0.000313s ]
INFO: [ app_begin ] --END-- [ RunTime:0.000541s ]
SQL: SHOW COLUMNS FROM `dg_report` [ RunTime:0.0006s ]
SQL: SELECT * FROM `dg_report` WHERE ( id IN(191,186) )  [ RunTime:0.0002s ]

[ 2017-03-22T13:04:30+08:00 ] 183.157.64.202 /teacher.php/Report/del.html
INFO: [ app_begin ] --START--
INFO: Run Behavior\ReadHtmlCacheBehavior [ RunTime:0.000293s ]
INFO: [ app_begin ] --END-- [ RunTime:0.000506s ]
SQL: SHOW COLUMNS FROM `dg_report` [ RunTime:0.0006s ]
SQL: SELECT * FROM `dg_report` WHERE ( id IN(191,186) )  [ RunTime:0.0002s ]

[ 2017-03-22T13:04:50+08:00 ] 183.157.68.247 /teacher.php/Report/del.html
INFO: [ app_begin ] --START--
INFO: Run Behavior\ReadHtmlCacheBehavior [ RunTime:0.000303s ]
INFO: [ app_begin ] --END-- [ RunTime:0.000521s ]
SQL: SHOW COLUMNS FROM `dg_report` [ RunTime:0.0006s ]
SQL: SELECT * FROM `dg_report` WHERE ( id IN(191,186) )  [ RunTime:0.0002s ]

[ 2017-03-22T13:19:34+08:00 ] 183.157.68.247 /teacher.php/Report/del.html
INFO: [ app_begin ] --START--
INFO: Run Behavior\ReadHtmlCacheBehavior [ RunTime:0.000289s ]
INFO: [ app_begin ] --END-- [ RunTime:0.000501s ]
SQL: SHOW COLUMNS FROM `dg_report` [ RunTime:0.0005s ]
SQL: SELECT * FROM `dg_report` WHERE ( id IN(191,187) )  [ RunTime:0.0002s ]

[ 2017-03-22T13:20:02+08:00 ] 183.157.68.247 /teacher.php/Report/del.html
INFO: [ app_begin ] --START--
INFO: Run Behavior\ReadHtmlCacheBehavior [ RunTime:0.000302s ]
INFO: [ app_begin ] --END-- [ RunTime:0.000518s ]
SQL: SHOW COLUMNS FROM `dg_report` [ RunTime:0.0006s ]
SQL: SELECT * FROM `dg_report` WHERE ( id IN(191,187) )  [ RunTime:0.0002s ]

[ 2017-03-22T13:24:18+08:00 ] 183.157.68.247 /teacher.php/Report/del.html
INFO: [ app_begin ] --START--
INFO: Run Behavior\ReadHtmlCacheBehavior [ RunTime:0.000298s ]
INFO: [ app_begin ] --END-- [ RunTime:0.000547s ]
SQL: SHOW COLUMNS FROM `dg_report` [ RunTime:0.0007s ]
SQL: SELECT * FROM `dg_report` WHERE ( id=191 )  [ RunTime:0.0002s ]

[ 2017-03-22T13:24:31+08:00 ] 183.157.68.247 /teacher.php/Report/del.html
INFO: [ app_begin ] --START--
INFO: Run Behavior\ReadHtmlCacheBehavior [ RunTime:0.000449s ]
INFO: [ app_begin ] --END-- [ RunTime:0.000712s ]
SQL: SHOW COLUMNS FROM `dg_report` [ RunTime:0.0006s ]
SQL: SELECT * FROM `dg_report` WHERE ( id IN(191,187) )  [ RunTime:0.0002s ]

[ 2017-03-22T13:24:41+08:00 ] 183.157.64.202 /teacher.php/Report/del.html
INFO: [ app_begin ] --START--
INFO: Run Behavior\ReadHtmlCacheBehavior [ RunTime:0.000294s ]
INFO: [ app_begin ] --END-- [ RunTime:0.000507s ]
SQL: SHOW COLUMNS FROM `dg_report` [ RunTime:0.0006s ]
SQL: SELECT * FROM `dg_report` WHERE ( id IN(191,187) )  [ RunTime:0.0002s ]

[ 2017-03-22T13:26:46+08:00 ] 183.157.68.247 /teacher.php/Report/del.html
INFO: [ app_begin ] --START--
INFO: Run Behavior\ReadHtmlCacheBehavior [ RunTime:0.000282s ]
INFO: [ app_begin ] --END-- [ RunTime:0.000493s ]
SQL: SHOW COLUMNS FROM `dg_report` [ RunTime:0.0006s ]
SQL: SELECT * FROM `dg_report` WHERE ( id IN(191) )  [ RunTime:0.0002s ]

[ 2017-03-22T14:05:22+08:00 ] 49.65.251.223 /teacher.php/Practice/arrangement.html
INFO: [ app_begin ] --START--
INFO: Run Behavior\ReadHtmlCacheBehavior [ RunTime:0.000279s ]
INFO: [ app_begin ] --END-- [ RunTime:0.000491s ]
SQL: SHOW COLUMNS FROM `dg_corporation` [ RunTime:0.0006s ]
SQL: SELECT * FROM `dg_corporation` WHERE ( id=16 )  [ RunTime:0.0002s ]
SQL: SHOW COLUMNS FROM `dg_student` [ RunTime:0.0004s ]
SQL: SELECT `studentno` FROM `dg_student` WHERE (  id IN(71,78,77) )  [ RunTime:0.0001s ]
SQL: SHOW COLUMNS FROM `dg_practice` [ RunTime:0.0004s ]
SQL: SELECT * FROM `dg_practice` WHERE `student_id` = 2017103  [ RunTime:0.0001s ]
SQL: INSERT INTO `dg_practice` (`corporation_id`,`guide`,`address`,`starttime`,`endtime`,`position`,`mode`,`status`,`student_id`) VALUES ('16','雷军','北京市海淀区','2017-03-22','2017-03-31','软件开发','2','1','2017103') [ RunTime:0.0001s ]
SQL: UPDATE `dg_student` SET `corporation_id`='16' WHERE `studentno` = '2017103' [ RunTime:0.0001s ]
SQL: SELECT * FROM `dg_practice` WHERE `student_id` = 2019001  [ RunTime:0.0001s ]
SQL: INSERT INTO `dg_practice` (`corporation_id`,`guide`,`address`,`starttime`,`endtime`,`position`,`mode`,`status`,`student_id`) VALUES ('16','雷军','北京市海淀区','2017-03-22','2017-03-31','软件开发','2','1','2019001') [ RunTime:0.0001s ]
SQL: UPDATE `dg_student` SET `corporation_id`='16' WHERE `studentno` = '2019001' [ RunTime:0.0001s ]
SQL: SELECT * FROM `dg_practice` WHERE `student_id` = 2018181  [ RunTime:0.0001s ]
SQL: INSERT INTO `dg_practice` (`corporation_id`,`guide`,`address`,`starttime`,`endtime`,`position`,`mode`,`status`,`student_id`) VALUES ('16','雷军','北京市海淀区','2017-03-22','2017-03-31','软件开发','2','1','2018181') [ RunTime:0.0001s ]
SQL: UPDATE `dg_student` SET `corporation_id`='16' WHERE `studentno` = '2018181' [ RunTime:0.0001s ]
NOTIC: [8] Undefined variable: error /var/www/html/Application/Teacher/Controller/PracticeController.class.php 第 419 行.

[ 2017-03-22T14:16:14+08:00 ] 49.65.251.223 /teacher.php/Practice/addCor.html
INFO: [ app_begin ] --START--
INFO: Run Behavior\ReadHtmlCacheBehavior [ RunTime:0.000294s ]
INFO: [ app_begin ] --END-- [ RunTime:0.000527s ]
SQL: SHOW COLUMNS FROM `dg_corporation` [ RunTime:0.0006s ]
SQL: INSERT INTO `dg_corporation` (`name`,`city`,`type`,`contact`,`position`,`telephone`,`mobile`,`email`,`zipcode`,`website`,`address`,`introduction`,`addtime`) VALUES ('TCL','上海浦东软件园','外资','张工','CEO','13899005678','13899005678','yk@sohu.com','20000','www.com','上海浦东软件园上海浦东软件园上海浦东软件园上海浦东软件园','这是一家做电视手机家用电器的公司！！！','2017-03-22 14:16:14') [ RunTime:0.0002s ]

[ 2017-03-22T14:22:34+08:00 ] 49.65.251.223 /teacher.php/Practice/setCorStatus.html
INFO: [ app_begin ] --START--
INFO: Run Behavior\ReadHtmlCacheBehavior [ RunTime:0.000325s ]
INFO: [ app_begin ] --END-- [ RunTime:0.000574s ]
SQL: SHOW COLUMNS FROM `dg_corporation` [ RunTime:0.0006s ]
SQL: UPDATE `dg_corporation` SET `isUsed`='-1' WHERE (   id IN(2,3,6,10,11,13,14,15,16,22,24,23) ) [ RunTime:0.0003s ]

[ 2017-03-22T14:22:57+08:00 ] 49.65.251.223 /teacher.php/Practice/setCorStatus.html
INFO: [ app_begin ] --START--
INFO: Run Behavior\ReadHtmlCacheBehavior [ RunTime:0.000286s ]
INFO: [ app_begin ] --END-- [ RunTime:0.000499s ]
SQL: SHOW COLUMNS FROM `dg_corporation` [ RunTime:0.0006s ]
SQL: UPDATE `dg_corporation` SET `isUsed`='1' WHERE (   id IN(2,3,6,10,11,13,14,15,16,22,24,23) ) [ RunTime:0.0003s ]

[ 2017-03-22T14:44:17+08:00 ] 49.65.251.223 /teacher.php/Report/edit.html
INFO: [ app_begin ] --START--
INFO: Run Behavior\ReadHtmlCacheBehavior [ RunTime:0.000278s ]
INFO: [ app_begin ] --END-- [ RunTime:0.000493s ]

[ 2017-03-22T14:46:16+08:00 ] 49.65.251.223 /teacher.php/Report/auditing.html
INFO: [ app_begin ] --START--
INFO: Run Behavior\ReadHtmlCacheBehavior [ RunTime:0.000295s ]
INFO: [ app_begin ] --END-- [ RunTime:0.000560s ]
SQL: SHOW COLUMNS FROM `dg_report` [ RunTime:0.0006s ]
SQL: UPDATE `dg_report` SET `suggestion`='美女啊啊',`score`='100',`status`='1' WHERE ( `id` = 192 ) [ RunTime:0.0002s ]

[ 2017-03-22T14:46:21+08:00 ] 49.65.251.223 /teacher.php/Report/edit.html
INFO: [ app_begin ] --START--
INFO: Run Behavior\ReadHtmlCacheBehavior [ RunTime:0.000290s ]
INFO: [ app_begin ] --END-- [ RunTime:0.000505s ]

[ 2017-03-22T14:48:38+08:00 ] 49.65.251.223 /index.php?m=teacher&c=notice&a=add
INFO: [ app_begin ] --START--
INFO: Run Behavior\ReadHtmlCacheBehavior [ RunTime:0.000295s ]
INFO: [ app_begin ] --END-- [ RunTime:0.000504s ]
SQL: SHOW COLUMNS FROM `dg_teacher` [ RunTime:0.0005s ]
SQL: SELECT * FROM `dg_teacher` WHERE ( name="梦梦" ) LIMIT 1   [ RunTime:0.0002s ]
SQL: SHOW COLUMNS FROM `dg_notice` [ RunTime:0.0003s ]
SQL: INSERT INTO `dg_notice` (`title`,`school`,`class_id`,`dep_id`,`type`,`content`,`user_id`,`pubtime`) VALUES ('测试公告','0','1','0','1','测试公告测试公告测试公告测试公告测试公告测试公告测试公告测试公告测试公告测试公告测试公告测试公告测试公告测试公告测试公告测试公告测试公告测试公告测试公告测试公告测试公告测试公告测试公告测试公告测试公告测试公告测试公告测试公告测试公告测试公告测试公告测试公告测试公告测试公告测试公告测试公告测试公告测试公告测试公告测试公告测试公告测试公告测试公告测试公告测试公告测试公告！','200','2017-03-22 :14:48:38') [ RunTime:0.0002s ]

[ 2017-03-22T19:39:03+08:00 ] 117.136.67.4 /teacher.php/Student/getMaster.html
INFO: [ app_begin ] --START--
INFO: Run Behavior\ReadHtmlCacheBehavior [ RunTime:0.000288s ]
INFO: [ app_begin ] --END-- [ RunTime:0.000509s ]
SQL: SHOW COLUMNS FROM `dg_class` [ RunTime:0.0005s ]
SQL: SELECT `master` FROM `dg_class` WHERE `classname` = '机设011' LIMIT 1   [ RunTime:0.0001s ]

[ 2017-03-22T19:39:19+08:00 ] 117.136.67.4 /teacher.php/Student/add.html
INFO: [ app_begin ] --START--
INFO: Run Behavior\ReadHtmlCacheBehavior [ RunTime:0.000281s ]
INFO: [ app_begin ] --END-- [ RunTime:0.000506s ]
SQL: SHOW COLUMNS FROM `dg_class` [ RunTime:0.0004s ]
SQL: SELECT `id` FROM `dg_class` WHERE `classname` = '机设011' LIMIT 1   [ RunTime:0.0001s ]
SQL: SHOW COLUMNS FROM `dg_student` [ RunTime:0.0004s ]
SQL: INSERT INTO `dg_student` (`name`,`studentno`,`phone`,`password`,`course`,`email`,`emegencyconcat`,`emegencyphone`,`address`,`classno`,`sex`,`addtime`) VALUES ('习近平','000','18116272106','123','','','aa','12344567','南京','1','1','2017-03-22 19:39:19') [ RunTime:0.0002s ]

[ 2017-03-22T19:40:21+08:00 ] 117.136.67.4 /teacher.php/Practice/arrangement.html
INFO: [ app_begin ] --START--
INFO: Run Behavior\ReadHtmlCacheBehavior [ RunTime:0.000295s ]
INFO: [ app_begin ] --END-- [ RunTime:0.000518s ]
SQL: SHOW COLUMNS FROM `dg_corporation` [ RunTime:0.0006s ]
SQL: SELECT * FROM `dg_corporation` WHERE ( id=25 )  [ RunTime:0.0002s ]
SQL: SHOW COLUMNS FROM `dg_student` [ RunTime:0.0004s ]
SQL: SELECT `studentno` FROM `dg_student` WHERE (  id IN(86) )  [ RunTime:0.0001s ]
SQL: SHOW COLUMNS FROM `dg_practice` [ RunTime:0.0004s ]
SQL: SELECT * FROM `dg_practice` WHERE `student_id` = 0  [ RunTime:0.0001s ]
SQL: INSERT INTO `dg_practice` (`corporation_id`,`guide`,`address`,`starttime`,`endtime`,`position`,`mode`,`status`,`student_id`) VALUES ('25','啊啊','南京市','2017-03-22','2017-07-27','啊啊','2','1','0') [ RunTime:0.0001s ]
SQL: UPDATE `dg_student` SET `corporation_id`='25' WHERE `studentno` = '000' [ RunTime:0.0001s ]
NOTIC: [8] Undefined variable: error /var/www/html/Application/Teacher/Controller/PracticeController.class.php 第 419 行.

[ 2017-03-22T19:42:16+08:00 ] 117.136.67.4 /teacher.php/Report/edit.html
INFO: [ app_begin ] --START--
INFO: Run Behavior\ReadHtmlCacheBehavior [ RunTime:0.000282s ]
INFO: [ app_begin ] --END-- [ RunTime:0.000494s ]

[ 2017-03-22T19:42:31+08:00 ] 117.136.67.4 /teacher.php/Report/auditing.html
INFO: [ app_begin ] --START--
INFO: Run Behavior\ReadHtmlCacheBehavior [ RunTime:0.000288s ]
INFO: [ app_begin ] --END-- [ RunTime:0.000504s ]
SQL: SHOW COLUMNS FROM `dg_report` [ RunTime:0.0006s ]
SQL: UPDATE `dg_report` SET `suggestion`='齐全',`score`='100',`status`='1' WHERE ( `id` = 191 ) [ RunTime:0.0002s ]

[ 2017-03-22T19:54:34+08:00 ] 117.136.67.4 /index.php/Teacher/Report/edit.html
INFO: [ app_begin ] --START--
INFO: Run Behavior\ReadHtmlCacheBehavior [ RunTime:0.000279s ]
INFO: [ app_begin ] --END-- [ RunTime:0.000503s ]

[ 2017-03-22T19:54:40+08:00 ] 117.136.67.4 /teacher.php/Report/edit.html
INFO: [ app_begin ] --START--
INFO: Run Behavior\ReadHtmlCacheBehavior [ RunTime:0.000281s ]
INFO: [ app_begin ] --END-- [ RunTime:0.000491s ]

[ 2017-03-22T20:06:43+08:00 ] 117.136.67.4 /teacher.php/Report/edit.html
INFO: [ app_begin ] --START--
INFO: Run Behavior\ReadHtmlCacheBehavior [ RunTime:0.000315s ]
INFO: [ app_begin ] --END-- [ RunTime:0.000543s ]

[ 2017-03-22T20:07:31+08:00 ] 117.136.67.4 /teacher.php/Report/edit.html
INFO: [ app_begin ] --START--
INFO: Run Behavior\ReadHtmlCacheBehavior [ RunTime:0.000282s ]
INFO: [ app_begin ] --END-- [ RunTime:0.000501s ]

[ 2017-03-22T20:07:39+08:00 ] 117.136.67.4 /teacher.php/Report/auditing.html
INFO: [ app_begin ] --START--
INFO: Run Behavior\ReadHtmlCacheBehavior [ RunTime:0.000290s ]
INFO: [ app_begin ] --END-- [ RunTime:0.000510s ]

[ 2017-03-22T20:07:47+08:00 ] 117.136.67.4 /teacher.php/Report/auditing.html
INFO: [ app_begin ] --START--
INFO: Run Behavior\ReadHtmlCacheBehavior [ RunTime:0.000294s ]
INFO: [ app_begin ] --END-- [ RunTime:0.000521s ]

[ 2017-03-22T20:07:50+08:00 ] 117.136.67.4 /teacher.php/Report/auditing.html
INFO: [ app_begin ] --START--
INFO: Run Behavior\ReadHtmlCacheBehavior [ RunTime:0.000284s ]
INFO: [ app_begin ] --END-- [ RunTime:0.000499s ]
SQL: SHOW COLUMNS FROM `dg_report` [ RunTime:0.0005s ]
SQL: UPDATE `dg_report` SET `suggestion`='那你呢',`score`='60',`status`='1' WHERE ( `id` = 186 ) [ RunTime:0.0002s ]

[ 2017-03-22T20:11:18+08:00 ] 101.226.68.213 /teacher.php/home/login/index.html
ERR: 无法加载控制器:Home

[ 2017-03-22T21:22:42+08:00 ] 58.243.250.189 /teacher.php/Report/del.html
INFO: [ app_begin ] --START--
INFO: Run Behavior\ReadHtmlCacheBehavior [ RunTime:0.000282s ]
INFO: [ app_begin ] --END-- [ RunTime:0.000492s ]
SQL: SHOW COLUMNS FROM `dg_report` [ RunTime:0.0005s ]
SQL: SELECT * FROM `dg_report` WHERE ( id IN(185) )  [ RunTime:0.0002s ]

[ 2017-03-22T21:22:50+08:00 ] 58.243.250.189 /teacher.php/Report/del.html
INFO: [ app_begin ] --START--
INFO: Run Behavior\ReadHtmlCacheBehavior [ RunTime:0.000301s ]
INFO: [ app_begin ] --END-- [ RunTime:0.000527s ]
SQL: SHOW COLUMNS FROM `dg_report` [ RunTime:0.0006s ]
SQL: SELECT * FROM `dg_report` WHERE ( id=185 )  [ RunTime:0.0002s ]

[ 2017-03-22T23:31:34+08:00 ] 180.110.231.183 /teacher.php/Apply/delApply.html
INFO: [ app_begin ] --START--
INFO: Run Behavior\ReadHtmlCacheBehavior [ RunTime:0.000290s ]
INFO: [ app_begin ] --END-- [ RunTime:0.000519s ]
SQL: SHOW COLUMNS FROM `dg_practice` [ RunTime:0.0005s ]
SQL: SELECT * FROM `dg_practice` WHERE ( student_id=2017888 )  [ RunTime:0.0001s ]
SQL: DELETE FROM `dg_practice` WHERE ( `student_id` = 2017888 ) [ RunTime:0.0001s ]
NOTIC: [8] Undefined variable: nook /var/www/html/Application/Teacher/Controller/ApplyController.class.php 第 149 行.

[ 2017-03-22T23:31:52+08:00 ] 180.110.231.183 /teacher.php/Apply/delApply.html
INFO: [ app_begin ] --START--
INFO: Run Behavior\ReadHtmlCacheBehavior [ RunTime:0.000291s ]
INFO: [ app_begin ] --END-- [ RunTime:0.000512s ]
SQL: SHOW COLUMNS FROM `dg_practice` [ RunTime:0.0005s ]
SQL: SELECT * FROM `dg_practice` WHERE ( student_id IN(2017103,2018100,2019001,2018181) )  [ RunTime:0.0002s ]
SQL: DELETE FROM `dg_practice` WHERE ( `student_id` IN(2018181,2018100,2017103,2019001)  ) [ RunTime:0.0001s ]
NOTIC: [8] Undefined variable: nook /var/www/html/Application/Teacher/Controller/ApplyController.class.php 第 149 行.

[ 2017-03-22T23:32:01+08:00 ] 180.110.231.183 /teacher.php/Apply/delApply.html
INFO: [ app_begin ] --START--
INFO: Run Behavior\ReadHtmlCacheBehavior [ RunTime:0.000299s ]
INFO: [ app_begin ] --END-- [ RunTime:0.000525s ]

[ 2017-03-22T23:37:03+08:00 ] 180.110.231.183 /teacher.php/Notice/del.html
INFO: [ app_begin ] --START--
INFO: Run Behavior\ReadHtmlCacheBehavior [ RunTime:0.000299s ]
INFO: [ app_begin ] --END-- [ RunTime:0.000523s ]
SQL: SHOW COLUMNS FROM `dg_notice` [ RunTime:0.0005s ]
SQL: DELETE FROM `dg_notice` WHERE ( `id` IN(82,81,80,78,79,77,76)  ) [ RunTime:0.0002s ]

[ 2017-03-22T23:38:10+08:00 ] 180.110.231.183 /index.php?m=teacher&c=notice&a=add
INFO: [ app_begin ] --START--
INFO: Run Behavior\ReadHtmlCacheBehavior [ RunTime:0.000299s ]
INFO: [ app_begin ] --END-- [ RunTime:0.000514s ]
SQL: SHOW COLUMNS FROM `dg_teacher` [ RunTime:0.0005s ]
SQL: SELECT * FROM `dg_teacher` WHERE ( name="叶方勇" ) LIMIT 1   [ RunTime:0.0001s ]
SQL: SHOW COLUMNS FROM `dg_notice` [ RunTime:0.0003s ]
SQL: INSERT INTO `dg_notice` (`title`,`school`,`class_id`,`dep_id`,`type`,`content`,`user_id`,`pubtime`) VALUES ('test','0','0','1','2','to only teacher','100','2017-03-22 :23:38:10') [ RunTime:0.0001s ]

[ 2017-03-22T23:38:21+08:00 ] 101.226.68.200 /index.php?m=teacher&c=notice&a=index
ERR: 1064:You have an error in your SQL syntax; check the manual that corresponds to your MySQL server version for the right syntax to use near 'JOIN dg_class ON dg_notice.class_id=dg_class.id LEFT JOIN dg_department ON dg_no' at line 1
 [ SQL语句 ] : SELECT dg_notice.*,IF(dg_notice.type=0,'所有人',IF(dg_notice.class_id!=0,dg_class.classname,IF(dg_notice.dep_id!=0,dg_department.dname,'所有'))) publisher,dg_department.dname,IFNULL(dg_notice_view.id,0) viewid,dg_teacher.name teacher_name FROM `dg_notice` LEFT JOIN dg_teacher ON dg_notice.user_id=dg_teacher.teacherno LEFT JOIN dg_notice_view ON dg_notice.id=dg_notice_view.notice_id and dg_notice_view.type=0 and dg_notice_view.user_id= LEFT JOIN dg_class ON dg_notice.class_id=dg_class.id LEFT JOIN dg_department ON dg_notice.dep_id=dg_department.id and dg_notice_view.type=0 and dg_notice_view.user_id=  ORDER BY `pubtime` desc LIMIT 0,15  

[ 2017-03-22T23:38:21+08:00 ] 180.110.231.183 /teacher.php/Notice/read.html
INFO: [ app_begin ] --START--
INFO: Run Behavior\ReadHtmlCacheBehavior [ RunTime:0.000300s ]
INFO: [ app_begin ] --END-- [ RunTime:0.000510s ]
ERR: 非法操作:read

[ 2017-03-22T23:38:31+08:00 ] 180.153.206.23 /teacher.php?c=notice&a=cat&id=83
ERR: 1064:You have an error in your SQL syntax; check the manual that corresponds to your MySQL server version for the right syntax to use near 'JOIN dg_class ON dg_notice.class_id=dg_class.id LEFT JOIN dg_department ON dg_no' at line 1
 [ SQL语句 ] : SELECT dg_notice.*,IF(dg_notice.type=0,'所有人',IF(dg_notice.class_id!=0,dg_class.classname,IF(dg_notice.dep_id!=0,dg_department.dname,'所有'))) publisher,dg_department.dname,IFNULL(dg_notice_view.id,0) viewid,dg_teacher.name teacher_name FROM `dg_notice` LEFT JOIN dg_teacher ON dg_notice.user_id=dg_teacher.teacherno LEFT JOIN dg_notice_view ON dg_notice.id=dg_notice_view.notice_id and dg_notice_view.type=0 and dg_notice_view.user_id= LEFT JOIN dg_class ON dg_notice.class_id=dg_class.id LEFT JOIN dg_department ON dg_notice.dep_id=dg_department.id and dg_notice_view.type=0 and dg_notice_view.user_id=  WHERE ( dg_notice.id=83 ) 

[ 2017-03-22T23:41:26+08:00 ] 180.110.231.183 /teacher.php/Notice/read.html
INFO: [ app_begin ] --START--
INFO: Run Behavior\ReadHtmlCacheBehavior [ RunTime:0.000289s ]
INFO: [ app_begin ] --END-- [ RunTime:0.000501s ]
ERR: 非法操作:read

[ 2017-03-22T23:41:52+08:00 ] 180.110.231.183 /teacher.php/Notice/read.html
INFO: [ app_begin ] --START--
INFO: Run Behavior\ReadHtmlCacheBehavior [ RunTime:0.000292s ]
INFO: [ app_begin ] --END-- [ RunTime:0.000508s ]
ERR: 非法操作:read

[ 2017-03-22T23:42:28+08:00 ] 180.110.231.183 /index.php?m=teacher&c=notice&a=add
INFO: [ app_begin ] --START--
INFO: Run Behavior\ReadHtmlCacheBehavior [ RunTime:0.000306s ]
INFO: [ app_begin ] --END-- [ RunTime:0.000518s ]
SQL: SHOW COLUMNS FROM `dg_teacher` [ RunTime:0.0004s ]
SQL: SELECT * FROM `dg_teacher` WHERE ( name="叶方勇" ) LIMIT 1   [ RunTime:0.0001s ]
SQL: SHOW COLUMNS FROM `dg_notice` [ RunTime:0.0003s ]
SQL: INSERT INTO `dg_notice` (`title`,`school`,`class_id`,`dep_id`,`type`,`content`,`user_id`,`pubtime`) VALUES ('to teacher','0','0','1','2','wowowowowoowo','100','2017-03-22 :23:42:28') [ RunTime:0.0001s ]

[ 2017-03-22T23:42:41+08:00 ] 180.110.231.183 /teacher.php/Notice/read.html
INFO: [ app_begin ] --START--
INFO: Run Behavior\ReadHtmlCacheBehavior [ RunTime:0.000311s ]
INFO: [ app_begin ] --END-- [ RunTime:0.000534s ]
ERR: 非法操作:read

[ 2017-03-22T23:42:51+08:00 ] 101.226.33.238 /teacher.php?c=notice&a=cat&id=84
ERR: 1064:You have an error in your SQL syntax; check the manual that corresponds to your MySQL server version for the right syntax to use near 'JOIN dg_class ON dg_notice.class_id=dg_class.id LEFT JOIN dg_department ON dg_no' at line 1
 [ SQL语句 ] : SELECT dg_notice.*,IF(dg_notice.type=0,'所有人',IF(dg_notice.class_id!=0,dg_class.classname,IF(dg_notice.dep_id!=0,dg_department.dname,'所有'))) publisher,dg_department.dname,IFNULL(dg_notice_view.id,0) viewid,dg_teacher.name teacher_name FROM `dg_notice` LEFT JOIN dg_teacher ON dg_notice.user_id=dg_teacher.teacherno LEFT JOIN dg_notice_view ON dg_notice.id=dg_notice_view.notice_id and dg_notice_view.type=0 and dg_notice_view.user_id= LEFT JOIN dg_class ON dg_notice.class_id=dg_class.id LEFT JOIN dg_department ON dg_notice.dep_id=dg_department.id and dg_notice_view.type=0 and dg_notice_view.user_id=  WHERE ( dg_notice.id=84 ) 

[ 2017-03-22T23:44:28+08:00 ] 101.226.79.182 /teacher.php/home/login/index.html
ERR: 无法加载控制器:Home

[ 2017-03-22T23:44:28+08:00 ] 180.110.231.183 /index.php/Teacher/login/logout
ERR: 非法操作:logout

[ 2017-03-22T23:44:38+08:00 ] 101.226.51.230 /index.php/Teacher/login/logout
ERR: 非法操作:logout

[ 2017-03-22T23:45:10+08:00 ] 180.110.231.183 /teacher.php/Report/del.html
INFO: [ app_begin ] --START--
INFO: Run Behavior\ReadHtmlCacheBehavior [ RunTime:0.000296s ]
INFO: [ app_begin ] --END-- [ RunTime:0.000515s ]
SQL: SHOW COLUMNS FROM `dg_report` [ RunTime:0.0005s ]
SQL: SELECT * FROM `dg_report` WHERE ( id=190 )  [ RunTime:0.0001s ]

[ 2017-03-22T23:45:20+08:00 ] 42.227.86.192 /teacher.php?c=notice&a=cat&id=83
ERR: 1064:You have an error in your SQL syntax; check the manual that corresponds to your MySQL server version for the right syntax to use near 'JOIN dg_class ON dg_notice.class_id=dg_class.id LEFT JOIN dg_department ON dg_no' at line 1
 [ SQL语句 ] : SELECT dg_notice.*,IF(dg_notice.type=0,'所有人',IF(dg_notice.class_id!=0,dg_class.classname,IF(dg_notice.dep_id!=0,dg_department.dname,'所有'))) publisher,dg_department.dname,IFNULL(dg_notice_view.id,0) viewid,dg_teacher.name teacher_name FROM `dg_notice` LEFT JOIN dg_teacher ON dg_notice.user_id=dg_teacher.teacherno LEFT JOIN dg_notice_view ON dg_notice.id=dg_notice_view.notice_id and dg_notice_view.type=0 and dg_notice_view.user_id= LEFT JOIN dg_class ON dg_notice.class_id=dg_class.id LEFT JOIN dg_department ON dg_notice.dep_id=dg_department.id and dg_notice_view.type=0 and dg_notice_view.user_id=  WHERE ( dg_notice.id=83 ) 

[ 2017-03-22T23:45:57+08:00 ] 180.110.231.183 /index.php?m=teacher&c=notice&a=add
INFO: [ app_begin ] --START--
INFO: Run Behavior\ReadHtmlCacheBehavior [ RunTime:0.000308s ]
INFO: [ app_begin ] --END-- [ RunTime:0.000521s ]
SQL: SHOW COLUMNS FROM `dg_teacher` [ RunTime:0.0005s ]
SQL: SELECT * FROM `dg_teacher` WHERE ( name="左世明" ) LIMIT 1   [ RunTime:0.0001s ]
SQL: SHOW COLUMNS FROM `dg_notice` [ RunTime:0.0003s ]
SQL: INSERT INTO `dg_notice` (`title`,`school`,`class_id`,`dep_id`,`type`,`content`,`user_id`,`pubtime`) VALUES ('123','0','0','1','2','校长发布','300','2017-03-22 :23:45:57') [ RunTime:0.0001s ]

[ 2017-03-22T23:46:02+08:00 ] 180.110.231.183 /teacher.php/Notice/read.html
INFO: [ app_begin ] --START--
INFO: Run Behavior\ReadHtmlCacheBehavior [ RunTime:0.000300s ]
INFO: [ app_begin ] --END-- [ RunTime:0.000522s ]
ERR: 非法操作:read

[ 2017-03-22T23:46:26+08:00 ] 180.110.231.183 /teacher.php/Notice/read.html
INFO: [ app_begin ] --START--
INFO: Run Behavior\ReadHtmlCacheBehavior [ RunTime:0.000304s ]
INFO: [ app_begin ] --END-- [ RunTime:0.000512s ]
ERR: 非法操作:read

[ 2017-03-22T23:47:04+08:00 ] 180.110.231.183 /index.php/Teacher/login/logout
ERR: 非法操作:logout

[ 2017-03-22T23:47:20+08:00 ] 180.110.231.183 /index.php/Teacher/login/logout
ERR: 非法操作:logout

[ 2017-03-22T23:47:21+08:00 ] 180.110.231.183 /index.php/Teacher/login/logout
ERR: 非法操作:logout

[ 2017-03-22T23:47:22+08:00 ] 180.110.231.183 /index.php/Teacher/login/logout
ERR: 非法操作:logout

[ 2017-03-22T23:47:22+08:00 ] 180.110.231.183 /index.php/Teacher/login/logout
ERR: 非法操作:logout

[ 2017-03-22T23:47:22+08:00 ] 180.110.231.183 /index.php/Teacher/login/logout
ERR: 非法操作:logout

