[ 2017-02-20T16:17:22+08:00 ] 127.0.0.1 /index.php/Teacher/login/index.html
INFO: [ app_begin ] --START--
INFO: Run Behavior\ReadHtmlCacheBehavior [ RunTime:0.000000s ]
INFO: [ app_begin ] --END-- [ RunTime:0.001000s ]
SQL: SHOW COLUMNS FROM `dg_user` [ RunTime:0.0050s ]
SQL: SELECT * FROM `dg_user` WHERE `username` = 'yfy' AND `password` = '202cb962ac59075b964b07152d234b70' LIMIT 1   [ RunTime:0.0000s ]

[ 2017-02-20T19:46:49+08:00 ] 127.0.0.1 /index.php/Teacher/notie/index.html
ERR: 无法加载控制器:Notie

[ 2017-02-20T19:49:55+08:00 ] 127.0.0.1 /index.php/Teacher/Contact/index.html
ERR: 无法加载控制器:Contact

[ 2017-02-20T19:50:57+08:00 ] 127.0.0.1 /index.php?m=teacher&c=notice&a=add
INFO: [ app_begin ] --START--
INFO: Run Behavior\ReadHtmlCacheBehavior [ RunTime:0.001000s ]
INFO: [ app_begin ] --END-- [ RunTime:0.002000s ]

[ 2017-02-20T19:51:10+08:00 ] 127.0.0.1 /index.php?m=teacher&c=notice&a=add
INFO: [ app_begin ] --START--
INFO: Run Behavior\ReadHtmlCacheBehavior [ RunTime:0.000000s ]
INFO: [ app_begin ] --END-- [ RunTime:0.001000s ]
SQL: SHOW COLUMNS FROM `dg_profession` [ RunTime:0.0050s ]
SQL: SELECT * FROM `dg_profession` WHERE ( name="机械设计" ) LIMIT 1   [ RunTime:0.0000s ]
SQL: SHOW COLUMNS FROM `dg_teacher` [ RunTime:0.0050s ]
SQL: SELECT * FROM `dg_teacher` WHERE ( name="叶方勇" ) LIMIT 1   [ RunTime:0.0000s ]
SQL: SHOW COLUMNS FROM `dg_notice` [ RunTime:0.0040s ]
SQL: INSERT INTO `dg_notice` (`title`,`content`,`pubtime`,`pro_id`,`user_id`) VALUES ('asdas','sdas','2017-02-20 :19:51:10','1','100') [ RunTime:0.0750s ]

[ 2017-02-20T19:51:15+08:00 ] 127.0.0.1 /index.php?m=teacher&c=notice&a=del
INFO: [ app_begin ] --START--
INFO: Run Behavior\ReadHtmlCacheBehavior [ RunTime:0.000000s ]
INFO: [ app_begin ] --END-- [ RunTime:0.001000s ]
SQL: SHOW COLUMNS FROM `dg_notice` [ RunTime:0.0040s ]
SQL: DELETE FROM `dg_notice` WHERE ( id=10 ) [ RunTime:0.1080s ]

[ 2017-02-20T19:52:39+08:00 ] 127.0.0.1 /index.php/Teacher/Practice/index.html
INFO: [ app_begin ] --START--
INFO: Run Behavior\ReadHtmlCacheBehavior [ RunTime:0.001000s ]
INFO: [ app_begin ] --END-- [ RunTime:0.001000s ]
NOTIC: [8] Undefined index: USERNAME E:\WWW\shixi\Application\Teacher\Controller\CommonController.class.php 第 17 行.
INFO: [ app_end ] --START--
INFO: Run Behavior\ShowPageTraceBehavior [ RunTime:0.000000s ]
INFO: [ app_end ] --END-- [ RunTime:0.000000s ]

[ 2017-02-20T19:52:40+08:00 ] 127.0.0.1 /index.php/Teacher/Practice/index.html
INFO: [ app_begin ] --START--
INFO: Run Behavior\ReadHtmlCacheBehavior [ RunTime:0.000000s ]
INFO: [ app_begin ] --END-- [ RunTime:0.000000s ]
NOTIC: [8] Undefined index: USERNAME E:\WWW\shixi\Application\Teacher\Controller\CommonController.class.php 第 17 行.
INFO: [ app_end ] --START--
INFO: Run Behavior\ShowPageTraceBehavior [ RunTime:0.001000s ]
INFO: [ app_end ] --END-- [ RunTime:0.001000s ]

[ 2017-02-20T19:52:42+08:00 ] 127.0.0.1 /index.php/Teacher/Practice/index.html
INFO: [ app_begin ] --START--
INFO: Run Behavior\ReadHtmlCacheBehavior [ RunTime:0.000000s ]
INFO: [ app_begin ] --END-- [ RunTime:0.001000s ]
NOTIC: [8] Undefined index: USERNAME E:\WWW\shixi\Application\Teacher\Controller\CommonController.class.php 第 17 行.
INFO: [ app_end ] --START--
INFO: Run Behavior\ShowPageTraceBehavior [ RunTime:0.000000s ]
INFO: [ app_end ] --END-- [ RunTime:0.000000s ]

[ 2017-02-20T19:52:44+08:00 ] 127.0.0.1 /index.php/Teacher/Practice/index.html
INFO: [ app_begin ] --START--
INFO: Run Behavior\ReadHtmlCacheBehavior [ RunTime:0.001000s ]
INFO: [ app_begin ] --END-- [ RunTime:0.001000s ]
NOTIC: [8] Undefined index: USERNAME E:\WWW\shixi\Application\Teacher\Controller\CommonController.class.php 第 17 行.
INFO: [ app_end ] --START--
INFO: Run Behavior\ShowPageTraceBehavior [ RunTime:0.001000s ]
INFO: [ app_end ] --END-- [ RunTime:0.001000s ]

[ 2017-02-20T19:55:39+08:00 ] 127.0.0.1 /index.php/Teacher/Report/edit.html
INFO: [ app_begin ] --START--
INFO: Run Behavior\ReadHtmlCacheBehavior [ RunTime:0.001000s ]
INFO: [ app_begin ] --END-- [ RunTime:0.001000s ]
NOTIC: [8] Undefined index: USERNAME E:\WWW\shixi\Application\Teacher\Controller\CommonController.class.php 第 17 行.

[ 2017-02-20T19:55:55+08:00 ] 127.0.0.1 /teacher.php/Report/edit.html
INFO: [ app_begin ] --START--
INFO: Run Behavior\ReadHtmlCacheBehavior [ RunTime:0.000000s ]
INFO: [ app_begin ] --END-- [ RunTime:0.000000s ]
NOTIC: [8] Undefined index: USERNAME E:\WWW\shixi\Application\Teacher\Controller\CommonController.class.php 第 17 行.

[ 2017-02-20T20:41:30+08:00 ] 127.0.0.1 /index.php/Teacher/login/index.html
INFO: [ app_begin ] --START--
INFO: Run Behavior\ReadHtmlCacheBehavior [ RunTime:0.000000s ]
INFO: [ app_begin ] --END-- [ RunTime:0.001000s ]
SQL: SHOW COLUMNS FROM `dg_user` [ RunTime:0.0280s ]
SQL: SELECT * FROM `dg_user` WHERE `username` = '叶方勇' AND `password` = '202cb962ac59075b964b07152d234b70' LIMIT 1   [ RunTime:0.0010s ]

[ 2017-02-20T21:10:36+08:00 ] 127.0.0.1 /teacher.php/Report/del.html
INFO: [ app_begin ] --START--
INFO: Run Behavior\ReadHtmlCacheBehavior [ RunTime:0.000000s ]
INFO: [ app_begin ] --END-- [ RunTime:0.001000s ]
NOTIC: [8] Undefined index: USERNAME E:\WWW\shixi\Application\Teacher\Controller\CommonController.class.php 第 17 行.
SQL: SHOW COLUMNS FROM `dg_report` [ RunTime:0.0050s ]
SQL: DELETE FROM `dg_report` WHERE ( `id` = 2 ) [ RunTime:0.0800s ]

[ 2017-02-20T21:11:22+08:00 ] 127.0.0.1 /teacher.php/Report/del.html
INFO: [ app_begin ] --START--
INFO: Run Behavior\ReadHtmlCacheBehavior [ RunTime:0.000000s ]
INFO: [ app_begin ] --END-- [ RunTime:0.001000s ]
NOTIC: [8] Undefined index: USERNAME E:\WWW\shixi\Application\Teacher\Controller\CommonController.class.php 第 17 行.
SQL: SHOW COLUMNS FROM `dg_report` [ RunTime:0.0050s ]
SQL: DELETE FROM `dg_report` WHERE ( `id` = 4 ) [ RunTime:0.0000s ]

