[ 2017-03-18T10:48:15+08:00 ] 183.163.102.213 /teacher.php/Apply/editChange/id/37
ERR: 模板不存在:./Application/Teacher/View/Apply/editChange.html

[ 2017-03-18T10:49:00+08:00 ] 183.163.102.213 /teacher.php/Apply/editChange/id/37
ERR: 模板不存在:./Application/Teacher/View/Apply/editChange.html

[ 2017-03-18T10:50:02+08:00 ] 183.163.102.213 /teacher.php/Apply/editChange/id/37
ERR: 模板不存在:./Application/Teacher/View/Apply/editChange.html

[ 2017-03-18T10:50:19+08:00 ] 183.163.102.213 /teacher.php/Apply/editChange/id/37
ERR: 模板不存在:./Application/Teacher/View/Apply/editChange.html

[ 2017-03-18T10:51:48+08:00 ] 183.163.102.213 /teacher.php/Apply/editChange/id/37
ERR: 模板不存在:./Application/Teacher/View/Apply/editChange.html

[ 2017-03-18T10:52:07+08:00 ] 183.163.102.213 /teacher.php/Apply/editChange/id/37
ERR: 模板不存在:./Application/Teacher/View/Apply/editChange.html

[ 2017-03-18T10:52:08+08:00 ] 183.163.102.213 /teacher.php/Apply/editChange/id/37
ERR: 模板不存在:./Application/Teacher/View/Apply/editChange.html

[ 2017-03-18T10:52:36+08:00 ] 183.163.102.213 /teacher.php/Apply/editChange/id/37
ERR: 模板不存在:./Application/Teacher/View/Apply/editChange.html

[ 2017-03-18T10:52:37+08:00 ] 183.163.102.213 /teacher.php/Apply/editChange/id/37
ERR: 模板不存在:./Application/Teacher/View/Apply/editChange.html

[ 2017-03-18T10:53:58+08:00 ] 183.163.102.213 /teacher.php/Apply/editChange/id/37
ERR: 模板不存在:./Application/Teacher/View/Apply/editChange.html

[ 2017-03-18T10:54:20+08:00 ] 183.163.102.213 /teacher.php/Apply/editChange/id/37
ERR: 模板不存在:./Application/Teacher/View/Apply/editChange.html

[ 2017-03-18T10:54:37+08:00 ] 183.163.102.213 /teacher.php/Apply/editChange/id/37
ERR: 模板不存在:./Application/Teacher/View/Apply/editChange.html

[ 2017-03-18T10:54:43+08:00 ] 183.163.102.213 /teacher.php/Apply/editChange/id/37
ERR: 模板不存在:./Application/Teacher/View/Apply/editChange.html

[ 2017-03-18T10:55:14+08:00 ] 183.163.102.213 /teacher.php/Apply/editChange/id/37
ERR: 模板不存在:./Application/Teacher/View/Apply/editChange.html

[ 2017-03-18T10:55:51+08:00 ] 183.163.102.213 /teacher.php/Apply/editChange/id/37
ERR: 模板不存在:./Application/Teacher/View/Apply/editChange.html

[ 2017-03-18T10:56:23+08:00 ] 183.163.102.213 /teacher.php/Apply/editChange/id/37
ERR: 模板不存在:./Application/Teacher/View/Apply/editChange.html

[ 2017-03-18T13:22:35+08:00 ] 114.230.129.16 /teacher.php/Report/edit.html
INFO: [ app_begin ] --START--
INFO: Run Behavior\ReadHtmlCacheBehavior [ RunTime:0.000302s ]
INFO: [ app_begin ] --END-- [ RunTime:0.000533s ]

[ 2017-03-18T13:22:42+08:00 ] 114.230.129.16 /teacher.php/Report/auditing.html
INFO: [ app_begin ] --START--
INFO: Run Behavior\ReadHtmlCacheBehavior [ RunTime:0.000299s ]
INFO: [ app_begin ] --END-- [ RunTime:0.000519s ]
SQL: SHOW COLUMNS FROM `dg_report` [ RunTime:0.0006s ]
SQL: UPDATE `dg_report` SET `suggestion`='',`score`='20',`status`='-1' WHERE ( `id` = 130 ) [ RunTime:0.0002s ]

[ 2017-03-18T13:23:50+08:00 ] 114.230.129.16 /teacher.php/Report/edit.html
INFO: [ app_begin ] --START--
INFO: Run Behavior\ReadHtmlCacheBehavior [ RunTime:0.000283s ]
INFO: [ app_begin ] --END-- [ RunTime:0.000500s ]

[ 2017-03-18T13:30:46+08:00 ] 114.230.129.16 /teacher.php/Apply/editApply.html
INFO: [ app_begin ] --START--
INFO: Run Behavior\ReadHtmlCacheBehavior [ RunTime:0.000295s ]
INFO: [ app_begin ] --END-- [ RunTime:0.000527s ]
SQL: SHOW COLUMNS FROM `dg_practice` [ RunTime:0.0006s ]
SQL: UPDATE `dg_practice` SET `status`='1' WHERE ( `id` = 106 ) [ RunTime:0.0002s ]

[ 2017-03-18T13:32:00+08:00 ] 101.81.72.152 /teacher.php/Report/edit.html
INFO: [ app_begin ] --START--
INFO: Run Behavior\ReadHtmlCacheBehavior [ RunTime:0.000302s ]
INFO: [ app_begin ] --END-- [ RunTime:0.000531s ]

[ 2017-03-18T13:32:14+08:00 ] 101.81.72.152 /teacher.php/Report/auditing.html
INFO: [ app_begin ] --START--
INFO: Run Behavior\ReadHtmlCacheBehavior [ RunTime:0.000292s ]
INFO: [ app_begin ] --END-- [ RunTime:0.000505s ]
SQL: SHOW COLUMNS FROM `dg_report` [ RunTime:0.0005s ]
SQL: UPDATE `dg_report` SET `suggestion`='',`score`='10',`status`='-1' WHERE ( `id` = 132 ) [ RunTime:0.0003s ]

[ 2017-03-18T13:32:30+08:00 ] 114.230.129.16 /teacher.php/Apply/delLeave.html
INFO: [ app_begin ] --START--
INFO: Run Behavior\ReadHtmlCacheBehavior [ RunTime:0.000296s ]
INFO: [ app_begin ] --END-- [ RunTime:0.000509s ]
SQL: SHOW COLUMNS FROM `dg_leave` [ RunTime:0.0005s ]
SQL: DELETE FROM `dg_leave` WHERE ( `id` IN(91,91,91)  ) [ RunTime:0.0001s ]

[ 2017-03-18T13:32:40+08:00 ] 114.230.129.16 /teacher.php/Apply/delLeave.html
INFO: [ app_begin ] --START--
INFO: Run Behavior\ReadHtmlCacheBehavior [ RunTime:0.000289s ]
INFO: [ app_begin ] --END-- [ RunTime:0.000510s ]
SQL: SHOW COLUMNS FROM `dg_leave` [ RunTime:0.0005s ]
SQL: DELETE FROM `dg_leave` WHERE ( `id` IN(92,92,92)  ) [ RunTime:0.0001s ]

[ 2017-03-18T13:33:56+08:00 ] 114.230.129.16 /teacher.php/Apply/editLeave.html
INFO: [ app_begin ] --START--
INFO: Run Behavior\ReadHtmlCacheBehavior [ RunTime:0.000294s ]
INFO: [ app_begin ] --END-- [ RunTime:0.000699s ]
SQL: SHOW COLUMNS FROM `dg_leave` [ RunTime:0.0005s ]
SQL: UPDATE `dg_leave` SET `status`='1' WHERE ( `id` = 93 ) [ RunTime:0.0002s ]

[ 2017-03-18T13:35:25+08:00 ] 114.230.129.16 /teacher.php/Apply/delLeave.html
INFO: [ app_begin ] --START--
INFO: Run Behavior\ReadHtmlCacheBehavior [ RunTime:0.000295s ]
INFO: [ app_begin ] --END-- [ RunTime:0.000510s ]
SQL: SHOW COLUMNS FROM `dg_leave` [ RunTime:0.0005s ]
SQL: DELETE FROM `dg_leave` WHERE ( `id` IN(93,93,93)  ) [ RunTime:0.0002s ]

[ 2017-03-18T13:36:49+08:00 ] 101.81.72.152 /teacher.php/Report/edit.html
INFO: [ app_begin ] --START--
INFO: Run Behavior\ReadHtmlCacheBehavior [ RunTime:0.000313s ]
INFO: [ app_begin ] --END-- [ RunTime:0.000531s ]

[ 2017-03-18T13:37:37+08:00 ] 101.81.72.152 /teacher.php/Report/edit.html
INFO: [ app_begin ] --START--
INFO: Run Behavior\ReadHtmlCacheBehavior [ RunTime:0.000288s ]
INFO: [ app_begin ] --END-- [ RunTime:0.000507s ]

[ 2017-03-18T13:37:40+08:00 ] 101.81.72.152 /teacher.php/Report/auditing.html
INFO: [ app_begin ] --START--
INFO: Run Behavior\ReadHtmlCacheBehavior [ RunTime:0.000276s ]
INFO: [ app_begin ] --END-- [ RunTime:0.000499s ]
SQL: SHOW COLUMNS FROM `dg_report` [ RunTime:0.0005s ]
SQL: UPDATE `dg_report` SET `suggestion`='',`score`='20',`status`='-1' WHERE ( `id` = 135 ) [ RunTime:0.0002s ]

[ 2017-03-18T13:37:45+08:00 ] 101.81.72.152 /teacher.php/Report/edit.html
INFO: [ app_begin ] --START--
INFO: Run Behavior\ReadHtmlCacheBehavior [ RunTime:0.000314s ]
INFO: [ app_begin ] --END-- [ RunTime:0.000530s ]

[ 2017-03-18T13:37:48+08:00 ] 101.81.72.152 /teacher.php/Report/auditing.html
INFO: [ app_begin ] --START--
INFO: Run Behavior\ReadHtmlCacheBehavior [ RunTime:0.000282s ]
INFO: [ app_begin ] --END-- [ RunTime:0.000503s ]
SQL: SHOW COLUMNS FROM `dg_report` [ RunTime:0.0005s ]
SQL: UPDATE `dg_report` SET `suggestion`='',`score`='30',`status`='-1' WHERE ( `id` = 134 ) [ RunTime:0.0002s ]

[ 2017-03-18T13:37:51+08:00 ] 101.81.72.152 /teacher.php/Report/edit.html
INFO: [ app_begin ] --START--
INFO: Run Behavior\ReadHtmlCacheBehavior [ RunTime:0.000278s ]
INFO: [ app_begin ] --END-- [ RunTime:0.000490s ]

[ 2017-03-18T13:37:54+08:00 ] 101.81.72.152 /teacher.php/Report/auditing.html
INFO: [ app_begin ] --START--
INFO: Run Behavior\ReadHtmlCacheBehavior [ RunTime:0.000299s ]
INFO: [ app_begin ] --END-- [ RunTime:0.000529s ]
SQL: SHOW COLUMNS FROM `dg_report` [ RunTime:0.0006s ]
SQL: UPDATE `dg_report` SET `suggestion`='',`score`='40',`status`='-1' WHERE ( `id` = 133 ) [ RunTime:0.0002s ]

[ 2017-03-18T13:40:11+08:00 ] 101.81.72.152 /teacher.php/Report/edit.html
INFO: [ app_begin ] --START--
INFO: Run Behavior\ReadHtmlCacheBehavior [ RunTime:0.000279s ]
INFO: [ app_begin ] --END-- [ RunTime:0.000489s ]

[ 2017-03-18T13:40:23+08:00 ] 101.81.72.152 /teacher.php/Report/edit.html
INFO: [ app_begin ] --START--
INFO: Run Behavior\ReadHtmlCacheBehavior [ RunTime:0.000280s ]
INFO: [ app_begin ] --END-- [ RunTime:0.000494s ]

[ 2017-03-18T13:40:27+08:00 ] 101.81.72.152 /teacher.php/Report/auditing.html
INFO: [ app_begin ] --START--
INFO: Run Behavior\ReadHtmlCacheBehavior [ RunTime:0.000278s ]
INFO: [ app_begin ] --END-- [ RunTime:0.000504s ]
SQL: SHOW COLUMNS FROM `dg_report` [ RunTime:0.0005s ]
SQL: UPDATE `dg_report` SET `suggestion`='',`score`='100',`status`='1' WHERE ( `id` = 141 ) [ RunTime:0.0002s ]

[ 2017-03-18T13:40:34+08:00 ] 101.81.72.152 /teacher.php/Report/edit.html
INFO: [ app_begin ] --START--
INFO: Run Behavior\ReadHtmlCacheBehavior [ RunTime:0.000293s ]
INFO: [ app_begin ] --END-- [ RunTime:0.000518s ]

[ 2017-03-18T13:40:39+08:00 ] 101.81.72.152 /teacher.php/Report/auditing.html
INFO: [ app_begin ] --START--
INFO: Run Behavior\ReadHtmlCacheBehavior [ RunTime:0.000322s ]
INFO: [ app_begin ] --END-- [ RunTime:0.000535s ]
SQL: SHOW COLUMNS FROM `dg_report` [ RunTime:0.0006s ]
SQL: UPDATE `dg_report` SET `suggestion`='',`score`='50',`status`='-1' WHERE ( `id` = 136 ) [ RunTime:0.0002s ]

[ 2017-03-18T13:40:46+08:00 ] 101.81.72.152 /teacher.php/Report/edit.html
INFO: [ app_begin ] --START--
INFO: Run Behavior\ReadHtmlCacheBehavior [ RunTime:0.000290s ]
INFO: [ app_begin ] --END-- [ RunTime:0.000515s ]

[ 2017-03-18T13:40:50+08:00 ] 101.81.72.152 /teacher.php/Report/auditing.html
INFO: [ app_begin ] --START--
INFO: Run Behavior\ReadHtmlCacheBehavior [ RunTime:0.000291s ]
INFO: [ app_begin ] --END-- [ RunTime:0.000539s ]
SQL: SHOW COLUMNS FROM `dg_report` [ RunTime:0.0006s ]
SQL: UPDATE `dg_report` SET `suggestion`='',`score`='60',`status`='1' WHERE ( `id` = 137 ) [ RunTime:0.0002s ]

[ 2017-03-18T13:40:59+08:00 ] 101.81.72.152 /teacher.php/Report/edit.html
INFO: [ app_begin ] --START--
INFO: Run Behavior\ReadHtmlCacheBehavior [ RunTime:0.000292s ]
INFO: [ app_begin ] --END-- [ RunTime:0.000504s ]

[ 2017-03-18T13:41:03+08:00 ] 101.81.72.152 /teacher.php/Report/auditing.html
INFO: [ app_begin ] --START--
INFO: Run Behavior\ReadHtmlCacheBehavior [ RunTime:0.000289s ]
INFO: [ app_begin ] --END-- [ RunTime:0.000506s ]
SQL: SHOW COLUMNS FROM `dg_report` [ RunTime:0.0006s ]
SQL: UPDATE `dg_report` SET `suggestion`='',`score`='70',`status`='1' WHERE ( `id` = 138 ) [ RunTime:0.0002s ]

[ 2017-03-18T13:41:25+08:00 ] 101.81.72.152 /teacher.php/Report/edit.html
INFO: [ app_begin ] --START--
INFO: Run Behavior\ReadHtmlCacheBehavior [ RunTime:0.000292s ]
INFO: [ app_begin ] --END-- [ RunTime:0.000510s ]

[ 2017-03-18T13:41:36+08:00 ] 101.81.72.152 /teacher.php/Report/edit.html
INFO: [ app_begin ] --START--
INFO: Run Behavior\ReadHtmlCacheBehavior [ RunTime:0.000309s ]
INFO: [ app_begin ] --END-- [ RunTime:0.000534s ]

[ 2017-03-18T13:41:40+08:00 ] 101.81.72.152 /teacher.php/Report/auditing.html
INFO: [ app_begin ] --START--
INFO: Run Behavior\ReadHtmlCacheBehavior [ RunTime:0.000298s ]
INFO: [ app_begin ] --END-- [ RunTime:0.000523s ]
SQL: SHOW COLUMNS FROM `dg_report` [ RunTime:0.0006s ]
SQL: UPDATE `dg_report` SET `suggestion`='',`score`='80',`status`='1' WHERE ( `id` = 139 ) [ RunTime:0.0002s ]

[ 2017-03-18T13:41:49+08:00 ] 101.81.72.152 /teacher.php/Report/edit.html
INFO: [ app_begin ] --START--
INFO: Run Behavior\ReadHtmlCacheBehavior [ RunTime:0.000280s ]
INFO: [ app_begin ] --END-- [ RunTime:0.000511s ]

[ 2017-03-18T13:41:55+08:00 ] 101.81.72.152 /teacher.php/Report/edit.html
INFO: [ app_begin ] --START--
INFO: Run Behavior\ReadHtmlCacheBehavior [ RunTime:0.000295s ]
INFO: [ app_begin ] --END-- [ RunTime:0.000505s ]

[ 2017-03-18T13:42:07+08:00 ] 101.81.72.152 /teacher.php/Report/edit.html
INFO: [ app_begin ] --START--
INFO: Run Behavior\ReadHtmlCacheBehavior [ RunTime:0.000291s ]
INFO: [ app_begin ] --END-- [ RunTime:0.000538s ]

[ 2017-03-18T13:42:10+08:00 ] 101.81.72.152 /teacher.php/Report/auditing.html
INFO: [ app_begin ] --START--
INFO: Run Behavior\ReadHtmlCacheBehavior [ RunTime:0.000312s ]
INFO: [ app_begin ] --END-- [ RunTime:0.000522s ]
SQL: SHOW COLUMNS FROM `dg_report` [ RunTime:0.0005s ]
SQL: UPDATE `dg_report` SET `suggestion`='',`score`='90',`status`='1' WHERE ( `id` = 140 ) [ RunTime:0.0002s ]

[ 2017-03-18T13:44:08+08:00 ] 101.81.72.152 /teacher.php/Report/edit.html
INFO: [ app_begin ] --START--
INFO: Run Behavior\ReadHtmlCacheBehavior [ RunTime:0.000315s ]
INFO: [ app_begin ] --END-- [ RunTime:0.000533s ]

[ 2017-03-18T13:45:23+08:00 ] 101.81.72.152 /teacher.php/Report/edit.html
INFO: [ app_begin ] --START--
INFO: Run Behavior\ReadHtmlCacheBehavior [ RunTime:0.000299s ]
INFO: [ app_begin ] --END-- [ RunTime:0.000535s ]

[ 2017-03-18T13:55:35+08:00 ] 183.163.102.213 /teacher.php/Home/login/index.html
ERR: 无法加载控制器:Home

[ 2017-03-18T13:55:40+08:00 ] 183.163.102.213 /teacher.php/Home/login/index.html
ERR: 无法加载控制器:Home

[ 2017-03-18T13:55:44+08:00 ] 183.163.102.213 /teacher.php/Home/login/index.html
ERR: 无法加载控制器:Home

[ 2017-03-18T14:12:28+08:00 ] 101.81.72.152 /teacher.php/Apply/editCor.html
INFO: [ app_begin ] --START--
INFO: Run Behavior\ReadHtmlCacheBehavior [ RunTime:0.000297s ]
INFO: [ app_begin ] --END-- [ RunTime:0.000547s ]
SQL: SHOW COLUMNS FROM `dg_change` [ RunTime:0.0005s ]
SQL: UPDATE `dg_change` SET `status`='1' WHERE ( `id` = 37 ) [ RunTime:0.0002s ]

[ 2017-03-18T14:21:07+08:00 ] 101.81.72.152 /teacher.php/Apply/editLeave.html
INFO: [ app_begin ] --START--
INFO: Run Behavior\ReadHtmlCacheBehavior [ RunTime:0.000290s ]
INFO: [ app_begin ] --END-- [ RunTime:0.000517s ]
SQL: SHOW COLUMNS FROM `dg_leave` [ RunTime:0.0005s ]
SQL: UPDATE `dg_leave` SET `status`='-1' WHERE ( `id` = 95 ) [ RunTime:0.0002s ]

[ 2017-03-18T14:30:41+08:00 ] 180.153.214.199 /teacher.php/Home/login/index.html
ERR: 无法加载控制器:Home

[ 2017-03-18T14:34:33+08:00 ] 101.81.72.152 /teacher.php/Practice/arrangement.html
INFO: [ app_begin ] --START--
INFO: Run Behavior\ReadHtmlCacheBehavior [ RunTime:0.000291s ]
INFO: [ app_begin ] --END-- [ RunTime:0.000503s ]
SQL: SHOW COLUMNS FROM `dg_corporation` [ RunTime:0.0006s ]
SQL: SELECT * FROM `dg_corporation` WHERE ( id=2 )  [ RunTime:0.0001s ]

[ 2017-03-18T14:34:41+08:00 ] 101.81.72.152 /teacher.php/Practice/arrangement.html
INFO: [ app_begin ] --START--
INFO: Run Behavior\ReadHtmlCacheBehavior [ RunTime:0.000291s ]
INFO: [ app_begin ] --END-- [ RunTime:0.000503s ]
SQL: SHOW COLUMNS FROM `dg_corporation` [ RunTime:0.0005s ]
SQL: SELECT * FROM `dg_corporation` WHERE ( id=2 )  [ RunTime:0.0001s ]

[ 2017-03-18T14:34:45+08:00 ] 101.81.72.152 /teacher.php/Practice/arrangement.html
INFO: [ app_begin ] --START--
INFO: Run Behavior\ReadHtmlCacheBehavior [ RunTime:0.000293s ]
INFO: [ app_begin ] --END-- [ RunTime:0.000514s ]
SQL: SHOW COLUMNS FROM `dg_corporation` [ RunTime:0.0006s ]
SQL: SELECT * FROM `dg_corporation` WHERE ( id=2 )  [ RunTime:0.0002s ]
SQL: SHOW COLUMNS FROM `dg_student` [ RunTime:0.0004s ]
SQL: SELECT `studentno` FROM `dg_student` WHERE (  id IN(70) )  [ RunTime:0.0001s ]
SQL: SHOW COLUMNS FROM `dg_practice` [ RunTime:0.0004s ]
SQL: SELECT * FROM `dg_practice` WHERE `student_id` = 2017102  [ RunTime:0.0001s ]
SQL: INSERT INTO `dg_practice` (`corporation_id`,`guide`,`address`,`starttime`,`endtime`,`position`,`mode`,`student_id`) VALUES ('2','','上海','2017-01-04','2017-03-18','56','2','2017102') [ RunTime:0.0001s ]

[ 2017-03-18T14:35:34+08:00 ] 101.81.72.152 /teacher.php/Practice/cancelarrangement.html
INFO: [ app_begin ] --START--
INFO: Run Behavior\ReadHtmlCacheBehavior [ RunTime:0.000283s ]
INFO: [ app_begin ] --END-- [ RunTime:0.000509s ]
SQL: SHOW COLUMNS FROM `dg_practice` [ RunTime:0.0005s ]
SQL: DELETE FROM `dg_practice` WHERE ( `id` = 105 ) [ RunTime:0.0001s ]

[ 2017-03-18T14:38:13+08:00 ] 101.81.72.152 /teacher.php/Practice/addCor.html
INFO: [ app_begin ] --START--
INFO: Run Behavior\ReadHtmlCacheBehavior [ RunTime:0.000301s ]
INFO: [ app_begin ] --END-- [ RunTime:0.000534s ]
SQL: SHOW COLUMNS FROM `dg_corporation` [ RunTime:0.0006s ]
SQL: INSERT INTO `dg_corporation` (`name`,`city`,`type`,`contact`,`position`,`telephone`,`mobile`,`email`,`zipcode`,`website`,`address`,`introduction`,`addtime`) VALUES ('444444444444444444444444444444444444444444444444444444444','555555555555555555555555555555555555555555555555555555555555555555555555','国资','66666666666666666666666666666666666666','','66666666666666666666666666666666666','','','','','3.	导出功能目前是点过之后全部导出，不能选择某几个导出，而且企业导出之前设计的是可以选择特定项导出3.	导出功能目前是点过之后全部导出，不能选择某几个导出，而且企业导出之前设计的是可以选择特定项导出','导出功能目前是点过之后全部导出，不能选择某几个导出，而且企业导出之前设计的是可以选择特定项导出3.	导出功能目前是点过之后全部导出，不能选择某几个导出，而且企业导出之前设计的是可以选择特定项导出3.	导出功能目前是点过之后全部导出，不能选择某几个导出，而且企业导出之前设计的是可以选择特定项导出','2017-03-18 14:38:13') [ RunTime:0.0002s ]

[ 2017-03-18T14:38:41+08:00 ] 183.163.102.213 /index.php/Teacher/Contact/teacher
ERR: 1054:Unknown column 'dg_teacher.dep_id' in 'on clause'
 [ SQL语句 ] : SELECT dg_teacher.*,dg_department.dname FROM `dg_teacher` LEFT JOIN dg_department ON dg_teacher.dep_id=dg_department.id  LIMIT 0,3  

[ 2017-03-18T14:41:07+08:00 ] 101.81.72.152 /teacher.php/Practice/delCor.html
INFO: [ app_begin ] --START--
INFO: Run Behavior\ReadHtmlCacheBehavior [ RunTime:0.000318s ]
INFO: [ app_begin ] --END-- [ RunTime:0.000538s ]
SQL: SHOW COLUMNS FROM `dg_corporation` [ RunTime:0.0006s ]
SQL: DELETE FROM `dg_corporation` WHERE ( `id` IN(18)  ) [ RunTime:0.0002s ]

[ 2017-03-18T14:41:57+08:00 ] 183.163.102.213 /index.php/Teacher/Report/edit.html
INFO: [ app_begin ] --START--
INFO: Run Behavior\ReadHtmlCacheBehavior [ RunTime:0.000294s ]
INFO: [ app_begin ] --END-- [ RunTime:0.000517s ]

[ 2017-03-18T14:56:14+08:00 ] 101.81.72.152 /teacher.php/Practice/addCor.html
INFO: [ app_begin ] --START--
INFO: Run Behavior\ReadHtmlCacheBehavior [ RunTime:0.000287s ]
INFO: [ app_begin ] --END-- [ RunTime:0.000506s ]
SQL: SHOW COLUMNS FROM `dg_corporation` [ RunTime:0.0006s ]
SQL: INSERT INTO `dg_corporation` (`name`,`city`,`type`,`contact`,`position`,`telephone`,`mobile`,`email`,`zipcode`,`website`,`address`,`introduction`,`addtime`) VALUES ('6','6','外资','6','6','6','18521590000','6','6','6','6','6','2017-03-18 14:56:14') [ RunTime:0.0002s ]

[ 2017-03-18T14:58:19+08:00 ] 101.81.72.152 /teacher.php/Practice/addCor.html
INFO: [ app_begin ] --START--
INFO: Run Behavior\ReadHtmlCacheBehavior [ RunTime:0.000303s ]
INFO: [ app_begin ] --END-- [ RunTime:0.000528s ]
SQL: SHOW COLUMNS FROM `dg_corporation` [ RunTime:0.0006s ]
SQL: INSERT INTO `dg_corporation` (`name`,`city`,`type`,`contact`,`position`,`telephone`,`mobile`,`email`,`zipcode`,`website`,`address`,`introduction`,`addtime`) VALUES ('7','7','外资','7','7','7','18521596666','7','7','7','7','7','2017-03-18 14:58:19') [ RunTime:0.0001s ]

[ 2017-03-18T15:09:52+08:00 ] 61.151.218.119 /teacher.php/Home/login/index.html
ERR: 无法加载控制器:Home

[ 2017-03-18T15:10:07+08:00 ] 114.230.129.16 /teacher.php/Practice/arrangement.html
INFO: [ app_begin ] --START--
INFO: Run Behavior\ReadHtmlCacheBehavior [ RunTime:0.000292s ]
INFO: [ app_begin ] --END-- [ RunTime:0.000526s ]
SQL: SHOW COLUMNS FROM `dg_corporation` [ RunTime:0.0005s ]
SQL: SELECT * FROM `dg_corporation` WHERE ( id=6 )  [ RunTime:0.0002s ]
SQL: SHOW COLUMNS FROM `dg_student` [ RunTime:0.0004s ]
SQL: SELECT `studentno` FROM `dg_student` WHERE (  id IN(78,77) )  [ RunTime:0.0001s ]
SQL: SHOW COLUMNS FROM `dg_practice` [ RunTime:0.0004s ]
SQL: SELECT * FROM `dg_practice` WHERE `student_id` = 2018181  [ RunTime:0.0001s ]
SQL: INSERT INTO `dg_practice` (`corporation_id`,`guide`,`address`,`starttime`,`endtime`,`position`,`mode`,`student_id`) VALUES ('6','test','的点点滴滴多多','2017-03-18','2017-05-20','test','2','2018181') [ RunTime:0.0001s ]
SQL: SELECT * FROM `dg_practice` WHERE `student_id` = 2019001  [ RunTime:0.0001s ]
SQL: INSERT INTO `dg_practice` (`corporation_id`,`guide`,`address`,`starttime`,`endtime`,`position`,`mode`,`student_id`) VALUES ('6','test','的点点滴滴多多','2017-03-18','2017-05-20','test','2','2019001') [ RunTime:0.0001s ]

[ 2017-03-18T15:14:26+08:00 ] 101.226.68.213 /teacher.php/home/login/index.html
ERR: 无法加载控制器:Home

[ 2017-03-18T15:20:46+08:00 ] 114.230.129.16 /teacher.php/Apply/delLeave.html
INFO: [ app_begin ] --START--
INFO: Run Behavior\ReadHtmlCacheBehavior [ RunTime:0.000297s ]
INFO: [ app_begin ] --END-- [ RunTime:0.000520s ]
SQL: SHOW COLUMNS FROM `dg_leave` [ RunTime:0.0005s ]
SQL: DELETE FROM `dg_leave` WHERE ( `id` IN(89,90,94,95,88)  ) [ RunTime:0.0002s ]

[ 2017-03-18T16:34:31+08:00 ] 114.230.184.125 /teacher.php/Practice/arrangement.html
INFO: [ app_begin ] --START--
INFO: Run Behavior\ReadHtmlCacheBehavior [ RunTime:0.000293s ]
INFO: [ app_begin ] --END-- [ RunTime:0.000528s ]
SQL: SHOW COLUMNS FROM `dg_corporation` [ RunTime:0.0005s ]
SQL: SELECT * FROM `dg_corporation` WHERE ( id=3 )  [ RunTime:0.0002s ]
SQL: SHOW COLUMNS FROM `dg_student` [ RunTime:0.0004s ]
SQL: SELECT `studentno` FROM `dg_student` WHERE (  id IN(79) )  [ RunTime:0.0001s ]
SQL: SHOW COLUMNS FROM `dg_practice` [ RunTime:0.0004s ]
SQL: SELECT * FROM `dg_practice` WHERE `student_id` = 2017888  [ RunTime:0.0001s ]
SQL: INSERT INTO `dg_practice` (`corporation_id`,`guide`,`address`,`starttime`,`endtime`,`position`,`mode`,`student_id`) VALUES ('3','DD','百度大厦','2017-03-18','2017-04-14','TET','2','2017888') [ RunTime:0.0001s ]

[ 2017-03-18T16:36:45+08:00 ] 114.230.184.125 /teacher.php/Student/update.html
INFO: [ app_begin ] --START--
INFO: Run Behavior\ReadHtmlCacheBehavior [ RunTime:0.000283s ]
INFO: [ app_begin ] --END-- [ RunTime:0.000509s ]
SQL: SHOW COLUMNS FROM `dg_student` [ RunTime:0.0005s ]
SQL: UPDATE `dg_student` SET `studentno`='2017102',`password`='202cb962ac59075b964b07152d234b70',`name`='王小波',`phone`='18800009997',`sex`='0' WHERE ( `id` = 70 ) [ RunTime:0.0002s ]

[ 2017-03-18T16:36:51+08:00 ] 114.230.184.125 /teacher.php/Student/update.html
INFO: [ app_begin ] --START--
INFO: Run Behavior\ReadHtmlCacheBehavior [ RunTime:0.000295s ]
INFO: [ app_begin ] --END-- [ RunTime:0.000527s ]
SQL: SHOW COLUMNS FROM `dg_student` [ RunTime:0.0005s ]
SQL: UPDATE `dg_student` SET `studentno`='2017102',`password`='202cb962ac59075b964b07152d234b70',`name`='王小波',`phone`='18800009997',`sex`='0' WHERE ( `id` = 70 ) [ RunTime:0.0001s ]

[ 2017-03-18T16:38:52+08:00 ] 114.230.184.125 /teacher.php/Report/edit.html
INFO: [ app_begin ] --START--
INFO: Run Behavior\ReadHtmlCacheBehavior [ RunTime:0.000331s ]
INFO: [ app_begin ] --END-- [ RunTime:0.000545s ]

[ 2017-03-18T16:39:11+08:00 ] 114.230.184.125 /teacher.php/Report/edit.html
INFO: [ app_begin ] --START--
INFO: Run Behavior\ReadHtmlCacheBehavior [ RunTime:0.000309s ]
INFO: [ app_begin ] --END-- [ RunTime:0.000522s ]

[ 2017-03-18T16:40:57+08:00 ] 114.230.184.125 /teacher.php/Report/edit.html
INFO: [ app_begin ] --START--
INFO: Run Behavior\ReadHtmlCacheBehavior [ RunTime:0.000288s ]
INFO: [ app_begin ] --END-- [ RunTime:0.000551s ]

[ 2017-03-18T16:41:07+08:00 ] 114.230.184.125 /teacher.php/Report/edit.html
INFO: [ app_begin ] --START--
INFO: Run Behavior\ReadHtmlCacheBehavior [ RunTime:0.000307s ]
INFO: [ app_begin ] --END-- [ RunTime:0.000537s ]

[ 2017-03-18T16:41:18+08:00 ] 114.230.184.125 /teacher.php/Report/edit.html
INFO: [ app_begin ] --START--
INFO: Run Behavior\ReadHtmlCacheBehavior [ RunTime:0.000320s ]
INFO: [ app_begin ] --END-- [ RunTime:0.000532s ]

[ 2017-03-18T16:41:26+08:00 ] 114.230.184.125 /teacher.php/Report/auditing.html
INFO: [ app_begin ] --START--
INFO: Run Behavior\ReadHtmlCacheBehavior [ RunTime:0.000282s ]
INFO: [ app_begin ] --END-- [ RunTime:0.000503s ]
SQL: SHOW COLUMNS FROM `dg_report` [ RunTime:0.0005s ]
SQL: UPDATE `dg_report` SET `suggestion`='',`score`='80',`status`='1' WHERE ( `id` = 143 ) [ RunTime:0.0002s ]

[ 2017-03-18T16:41:35+08:00 ] 114.230.184.125 /teacher.php/Home/login/index.html
ERR: 无法加载控制器:Home

[ 2017-03-18T16:41:38+08:00 ] 114.230.184.125 /teacher.php/Home/login/index.html
ERR: 无法加载控制器:Home

[ 2017-03-18T16:41:39+08:00 ] 114.230.184.125 /teacher.php/Home/login/index.html
ERR: 无法加载控制器:Home

[ 2017-03-18T16:41:41+08:00 ] 114.230.184.125 /teacher.php/Home/login/index.html
ERR: 无法加载控制器:Home

[ 2017-03-18T16:41:42+08:00 ] 114.230.184.125 /teacher.php/Home/login/index.html
ERR: 无法加载控制器:Home

[ 2017-03-18T16:41:48+08:00 ] 114.230.184.125 /teacher.php/Home/login/index.html
ERR: 无法加载控制器:Home

[ 2017-03-18T16:41:49+08:00 ] 114.230.184.125 /teacher.php/Home/login/index.html
ERR: 无法加载控制器:Home

[ 2017-03-18T16:41:56+08:00 ] 114.230.184.125 /teacher.php/Home/login/index.html
ERR: 无法加载控制器:Home

[ 2017-03-18T16:42:19+08:00 ] 114.230.184.125 /teacher.php/Report/edit.html
INFO: [ app_begin ] --START--
INFO: Run Behavior\ReadHtmlCacheBehavior [ RunTime:0.000296s ]
INFO: [ app_begin ] --END-- [ RunTime:0.000518s ]

[ 2017-03-18T16:42:28+08:00 ] 114.230.184.125 /teacher.php/Report/edit.html
INFO: [ app_begin ] --START--
INFO: Run Behavior\ReadHtmlCacheBehavior [ RunTime:0.000300s ]
INFO: [ app_begin ] --END-- [ RunTime:0.000522s ]

[ 2017-03-18T16:42:48+08:00 ] 114.230.184.125 /teacher.php/Report/edit.html
INFO: [ app_begin ] --START--
INFO: Run Behavior\ReadHtmlCacheBehavior [ RunTime:0.000325s ]
INFO: [ app_begin ] --END-- [ RunTime:0.000565s ]

[ 2017-03-18T16:42:59+08:00 ] 114.230.184.125 /teacher.php/Report/edit.html
INFO: [ app_begin ] --START--
INFO: Run Behavior\ReadHtmlCacheBehavior [ RunTime:0.000291s ]
INFO: [ app_begin ] --END-- [ RunTime:0.000501s ]

[ 2017-03-18T16:43:22+08:00 ] 114.230.184.125 /teacher.php/Report/edit.html
INFO: [ app_begin ] --START--
INFO: Run Behavior\ReadHtmlCacheBehavior [ RunTime:0.000294s ]
INFO: [ app_begin ] --END-- [ RunTime:0.000550s ]

[ 2017-03-18T16:43:31+08:00 ] 114.230.184.125 /teacher.php/Report/del.html
INFO: [ app_begin ] --START--
INFO: Run Behavior\ReadHtmlCacheBehavior [ RunTime:0.000283s ]
INFO: [ app_begin ] --END-- [ RunTime:0.000498s ]
SQL: SHOW COLUMNS FROM `dg_report` [ RunTime:0.0005s ]
SQL: DELETE FROM `dg_report` WHERE ( `id` IN(133,134,135,136,137,138,139,140,141,142,143,132,131,130,129)  ) [ RunTime:0.0003s ]

[ 2017-03-18T16:43:39+08:00 ] 114.230.184.125 /teacher.php/Report/edit.html
INFO: [ app_begin ] --START--
INFO: Run Behavior\ReadHtmlCacheBehavior [ RunTime:0.000301s ]
INFO: [ app_begin ] --END-- [ RunTime:0.000532s ]

[ 2017-03-18T16:43:49+08:00 ] 114.230.184.125 /teacher.php/Report/del.html
INFO: [ app_begin ] --START--
INFO: Run Behavior\ReadHtmlCacheBehavior [ RunTime:0.000296s ]
INFO: [ app_begin ] --END-- [ RunTime:0.000507s ]
SQL: SHOW COLUMNS FROM `dg_report` [ RunTime:0.0006s ]
SQL: DELETE FROM `dg_report` WHERE ( `id` = 128 ) [ RunTime:0.0001s ]

[ 2017-03-18T16:44:29+08:00 ] 114.230.184.125 /teacher.php/Report/edit.html
INFO: [ app_begin ] --START--
INFO: Run Behavior\ReadHtmlCacheBehavior [ RunTime:0.000293s ]
INFO: [ app_begin ] --END-- [ RunTime:0.000506s ]

[ 2017-03-18T16:44:46+08:00 ] 114.230.184.125 /teacher.php/Report/edit.html
INFO: [ app_begin ] --START--
INFO: Run Behavior\ReadHtmlCacheBehavior [ RunTime:0.000291s ]
INFO: [ app_begin ] --END-- [ RunTime:0.000508s ]

[ 2017-03-18T16:51:26+08:00 ] 114.230.184.125 /teacher.php/Apply/editLeave.html
INFO: [ app_begin ] --START--
INFO: Run Behavior\ReadHtmlCacheBehavior [ RunTime:0.000318s ]
INFO: [ app_begin ] --END-- [ RunTime:0.000537s ]
SQL: SHOW COLUMNS FROM `dg_leave` [ RunTime:0.0005s ]
SQL: UPDATE `dg_leave` SET `status`='1' WHERE ( `id` = 96 ) [ RunTime:0.0002s ]

[ 2017-03-18T16:56:03+08:00 ] 180.153.206.24 /teacher.php/Home/login/index.html
ERR: 无法加载控制器:Home

[ 2017-03-18T16:56:35+08:00 ] 101.226.33.200 /teacher.php/Home/login/index.html
ERR: 无法加载控制器:Home

[ 2017-03-18T16:57:35+08:00 ] 112.65.193.13 /teacher.php/Home/login/index.html
ERR: 无法加载控制器:Home

[ 2017-03-18T16:57:47+08:00 ] 114.230.184.125 /teacher.php/Practice/arrangement.html
INFO: [ app_begin ] --START--
INFO: Run Behavior\ReadHtmlCacheBehavior [ RunTime:0.000289s ]
INFO: [ app_begin ] --END-- [ RunTime:0.000515s ]
SQL: SHOW COLUMNS FROM `dg_corporation` [ RunTime:0.0006s ]
SQL: SELECT * FROM `dg_corporation` WHERE ( id=10 )  [ RunTime:0.0002s ]
SQL: SHOW COLUMNS FROM `dg_student` [ RunTime:0.0004s ]
SQL: SELECT `studentno` FROM `dg_student` WHERE (  id IN(74) )  [ RunTime:0.0001s ]
SQL: SHOW COLUMNS FROM `dg_practice` [ RunTime:0.0004s ]
SQL: SELECT * FROM `dg_practice` WHERE `student_id` = 2018100  [ RunTime:0.0001s ]
SQL: INSERT INTO `dg_practice` (`corporation_id`,`guide`,`address`,`starttime`,`endtime`,`position`,`mode`,`student_id`) VALUES ('10','得到','百度大厦','2017-03-18','2017-05-27','哦哦','2','2018100') [ RunTime:0.0001s ]

[ 2017-03-18T16:58:18+08:00 ] 61.151.218.118 /teacher.php/Home/login/index.html
ERR: 无法加载控制器:Home

[ 2017-03-18T16:59:58+08:00 ] 101.226.33.220 /teacher.php/Home/login/index.html
ERR: 无法加载控制器:Home

[ 2017-03-18T17:00:10+08:00 ] 101.226.33.201 /teacher.php/Home/login/index.html
ERR: 无法加载控制器:Home

[ 2017-03-18T17:00:10+08:00 ] 101.226.33.224 /teacher.php/Home/login/index.html
ERR: 无法加载控制器:Home

[ 2017-03-18T17:00:21+08:00 ] 101.226.89.115 /teacher.php/Home/login/index.html
ERR: 无法加载控制器:Home

[ 2017-03-18T17:04:29+08:00 ] 114.230.184.125 /teacher.php/Practice/delCor.html
INFO: [ app_begin ] --START--
INFO: Run Behavior\ReadHtmlCacheBehavior [ RunTime:0.000295s ]
INFO: [ app_begin ] --END-- [ RunTime:0.000509s ]
SQL: SHOW COLUMNS FROM `dg_corporation` [ RunTime:0.0006s ]
SQL: DELETE FROM `dg_corporation` WHERE ( `id` = 21 ) [ RunTime:0.0002s ]

[ 2017-03-18T17:04:36+08:00 ] 114.230.184.125 /teacher.php/Practice/delCor.html
INFO: [ app_begin ] --START--
INFO: Run Behavior\ReadHtmlCacheBehavior [ RunTime:0.000298s ]
INFO: [ app_begin ] --END-- [ RunTime:0.000512s ]
SQL: SHOW COLUMNS FROM `dg_corporation` [ RunTime:0.0006s ]
SQL: DELETE FROM `dg_corporation` WHERE ( `id` = 20 ) [ RunTime:0.0001s ]

[ 2017-03-18T17:04:43+08:00 ] 180.153.206.23 /teacher.php/Home/login/index.html
ERR: 无法加载控制器:Home

[ 2017-03-18T17:04:53+08:00 ] 140.207.185.109 /teacher.php/Home/login/index.html
ERR: 无法加载控制器:Home

[ 2017-03-18T17:04:55+08:00 ] 180.153.206.22 /teacher.php/Home/login/index.html
ERR: 无法加载控制器:Home

[ 2017-03-18T17:07:44+08:00 ] 183.163.102.213 /teacher.php/Home/login/index.html
ERR: 无法加载控制器:Home

[ 2017-03-18T17:07:46+08:00 ] 183.163.102.213 /teacher.php/Home/login/index.html
ERR: 无法加载控制器:Home

[ 2017-03-18T17:09:04+08:00 ] 183.163.102.213 /teacher.php/Practice/cancelarrangement.html
INFO: [ app_begin ] --START--
INFO: Run Behavior\ReadHtmlCacheBehavior [ RunTime:0.000304s ]
INFO: [ app_begin ] --END-- [ RunTime:0.000514s ]
SQL: SHOW COLUMNS FROM `dg_practice` [ RunTime:0.0006s ]
SQL: DELETE FROM `dg_practice` WHERE ( `id` = 110 ) [ RunTime:0.0001s ]

[ 2017-03-18T17:21:08+08:00 ] 114.230.184.125 /index.php?m=teacher&c=notice&a=add
INFO: [ app_begin ] --START--
INFO: Run Behavior\ReadHtmlCacheBehavior [ RunTime:0.000292s ]
INFO: [ app_begin ] --END-- [ RunTime:0.000511s ]
SQL: SHOW COLUMNS FROM `dg_teacher` [ RunTime:0.0005s ]
SQL: SELECT * FROM `dg_teacher` WHERE ( name="梦梦" ) LIMIT 1   [ RunTime:0.0001s ]
SQL: SHOW COLUMNS FROM `dg_notice` [ RunTime:0.0003s ]
SQL: INSERT INTO `dg_notice` (`title`,`school`,`class_id`,`dep_id`,`type`,`content`,`pubtime`,`user_id`) VALUES ('我测试的','0','0','0','1','【web发送】我测试的我测试的我测试的我测试的我测试的我测试的我测试的我测试的我测试的我测试的我测试的我测试的我测试的我测试的我测试的我测试的我测试的我测试的我测试的我测试的我测试的我测试的我测试的我测试的我测试的我测试的我测试的我测试的我测试的我测试的我测试的我测试的我测试的我测试的我测试的我测试的我测试的我测试的我测试的！','2017-03-18 :17:21:08','200') [ RunTime:0.0002s ]

[ 2017-03-18T17:21:24+08:00 ] 183.163.102.213 /teacher.php/Practice/cancelarrangement.html
INFO: [ app_begin ] --START--
INFO: Run Behavior\ReadHtmlCacheBehavior [ RunTime:0.000305s ]
INFO: [ app_begin ] --END-- [ RunTime:0.000521s ]
SQL: SHOW COLUMNS FROM `dg_practice` [ RunTime:0.0006s ]
SQL: DELETE FROM `dg_practice` WHERE ( `student_id` = 79 ) [ RunTime:0.0001s ]

[ 2017-03-18T17:21:50+08:00 ] 183.163.102.213 /teacher.php/Practice/cancelarrangement.html
INFO: [ app_begin ] --START--
INFO: Run Behavior\ReadHtmlCacheBehavior [ RunTime:0.000281s ]
INFO: [ app_begin ] --END-- [ RunTime:0.000496s ]
SQL: SHOW COLUMNS FROM `dg_practice` [ RunTime:0.0006s ]
SQL: DELETE FROM `dg_practice` WHERE ( `student_id` = 79 ) [ RunTime:0.0001s ]

[ 2017-03-18T17:23:35+08:00 ] 101.226.66.173 /teacher.php/Home/login/index.html
ERR: 无法加载控制器:Home

[ 2017-03-18T17:24:23+08:00 ] 183.163.102.213 /teacher.php/Practice/cancelarrangement.html
INFO: [ app_begin ] --START--
INFO: Run Behavior\ReadHtmlCacheBehavior [ RunTime:0.000301s ]
INFO: [ app_begin ] --END-- [ RunTime:0.000543s ]
SQL: SHOW COLUMNS FROM `dg_practice` [ RunTime:0.0006s ]
SQL: DELETE FROM `dg_practice` WHERE ( `student_id` = (select studentno from dg_student where id=79) ) [ RunTime:0.0002s ]

[ 2017-03-18T17:24:38+08:00 ] 183.163.102.213 /teacher.php/Practice/cancelarrangement.html
INFO: [ app_begin ] --START--
INFO: Run Behavior\ReadHtmlCacheBehavior [ RunTime:0.000283s ]
INFO: [ app_begin ] --END-- [ RunTime:0.000505s ]
SQL: SHOW COLUMNS FROM `dg_practice` [ RunTime:0.0006s ]
SQL: DELETE FROM `dg_practice` WHERE ( `student_id` IN(select studentno from dg_student where id IN( 74,78)) ) [ RunTime:0.0002s ]

[ 2017-03-18T17:25:03+08:00 ] 183.163.102.213 /teacher.php/Report/edit.html
INFO: [ app_begin ] --START--
INFO: Run Behavior\ReadHtmlCacheBehavior [ RunTime:0.000303s ]
INFO: [ app_begin ] --END-- [ RunTime:0.000515s ]

[ 2017-03-18T17:25:37+08:00 ] 114.230.184.125 /index.php?m=teacher&c=notice&a=add
INFO: [ app_begin ] --START--
INFO: Run Behavior\ReadHtmlCacheBehavior [ RunTime:0.000333s ]
INFO: [ app_begin ] --END-- [ RunTime:0.000564s ]
SQL: SHOW COLUMNS FROM `dg_teacher` [ RunTime:0.0005s ]
SQL: SELECT * FROM `dg_teacher` WHERE ( name="叶方勇" ) LIMIT 1   [ RunTime:0.0001s ]
SQL: SHOW COLUMNS FROM `dg_notice` [ RunTime:0.0003s ]
SQL: INSERT INTO `dg_notice` (`title`,`school`,`class_id`,`dep_id`,`type`,`content`,`pubtime`,`user_id`) VALUES ('000','0','0','1','1','嗯嗯嗯','2017-03-18 :17:25:37','100') [ RunTime:0.0001s ]

[ 2017-03-18T17:29:09+08:00 ] 114.230.184.125 /index.php?m=teacher&c=notice&a=add
INFO: [ app_begin ] --START--
INFO: Run Behavior\ReadHtmlCacheBehavior [ RunTime:0.000326s ]
INFO: [ app_begin ] --END-- [ RunTime:0.000538s ]
SQL: SHOW COLUMNS FROM `dg_teacher` [ RunTime:0.0005s ]
SQL: SELECT * FROM `dg_teacher` WHERE ( name="叶方勇" ) LIMIT 1   [ RunTime:0.0001s ]
SQL: SHOW COLUMNS FROM `dg_notice` [ RunTime:0.0003s ]
SQL: INSERT INTO `dg_notice` (`title`,`school`,`class_id`,`dep_id`,`type`,`content`,`pubtime`,`user_id`) VALUES ('to 机设011','0','0','0','0','to 机设011','2017-03-18 :17:29:09','100') [ RunTime:0.0001s ]

[ 2017-03-18T17:32:03+08:00 ] 114.230.184.125 /index.php?m=teacher&c=notice&a=del
INFO: [ app_begin ] --START--
INFO: Run Behavior\ReadHtmlCacheBehavior [ RunTime:0.000363s ]
INFO: [ app_begin ] --END-- [ RunTime:0.000585s ]
SQL: SHOW COLUMNS FROM `dg_notice` [ RunTime:0.0005s ]
SQL: DELETE FROM `dg_notice` WHERE ( id=48 ) [ RunTime:0.0001s ]

[ 2017-03-18T17:35:08+08:00 ] 114.230.184.125 /teacher.php/Notice/del.html
INFO: [ app_begin ] --START--
INFO: Run Behavior\ReadHtmlCacheBehavior [ RunTime:0.000300s ]
INFO: [ app_begin ] --END-- [ RunTime:0.000519s ]
SQL: SHOW COLUMNS FROM `dg_notice` [ RunTime:0.0005s ]
SQL: DELETE FROM `dg_notice` WHERE ( `id` IN(49,47)  ) [ RunTime:0.0002s ]

[ 2017-03-18T17:36:34+08:00 ] 114.230.184.125 /index.php?m=teacher&c=notice&a=add
INFO: [ app_begin ] --START--
INFO: Run Behavior\ReadHtmlCacheBehavior [ RunTime:0.000293s ]
INFO: [ app_begin ] --END-- [ RunTime:0.000521s ]
SQL: SHOW COLUMNS FROM `dg_teacher` [ RunTime:0.0005s ]
SQL: SELECT * FROM `dg_teacher` WHERE ( name="叶方勇" ) LIMIT 1   [ RunTime:0.0001s ]
SQL: SHOW COLUMNS FROM `dg_notice` [ RunTime:0.0003s ]
SQL: INSERT INTO `dg_notice` (`title`,`school`,`class_id`,`dep_id`,`type`,`content`,`pubtime`,`user_id`) VALUES ('to 老师','0','0','1','2','to 老师','2017-03-18 :17:36:34','100') [ RunTime:0.0001s ]

[ 2017-03-18T17:39:15+08:00 ] 114.230.184.125 /index.php?m=teacher&c=notice&a=add
INFO: [ app_begin ] --START--
INFO: Run Behavior\ReadHtmlCacheBehavior [ RunTime:0.000329s ]
INFO: [ app_begin ] --END-- [ RunTime:0.000541s ]
SQL: SHOW COLUMNS FROM `dg_teacher` [ RunTime:0.0005s ]
SQL: SELECT * FROM `dg_teacher` WHERE ( name="梦梦" ) LIMIT 1   [ RunTime:0.0001s ]
SQL: SHOW COLUMNS FROM `dg_notice` [ RunTime:0.0003s ]
SQL: INSERT INTO `dg_notice` (`title`,`school`,`class_id`,`dep_id`,`type`,`content`,`pubtime`,`user_id`) VALUES ('to 机设011 学生','0','0','0','1','to 机设011 学生','2017-03-18 :17:39:15','200') [ RunTime:0.0001s ]

[ 2017-03-18T17:47:18+08:00 ] 183.163.102.213 /index.php?m=teacher&c=notice&a=add
INFO: [ app_begin ] --START--
INFO: Run Behavior\ReadHtmlCacheBehavior [ RunTime:0.000293s ]
INFO: [ app_begin ] --END-- [ RunTime:0.000507s ]
SQL: SHOW COLUMNS FROM `dg_teacher` [ RunTime:0.0005s ]
SQL: SELECT * FROM `dg_teacher` WHERE ( name="梦梦" ) LIMIT 1   [ RunTime:0.0001s ]
SQL: SHOW COLUMNS FROM `dg_notice` [ RunTime:0.0003s ]
SQL: INSERT INTO `dg_notice` (`title`,`school`,`class_id`,`dep_id`,`type`,`content`,`pubtime`,`user_id`) VALUES ('test','0','0','0','0','test','2017-03-18 :17:47:18','200') [ RunTime:0.0001s ]

[ 2017-03-18T17:48:53+08:00 ] 183.163.102.213 /index.php?m=teacher&c=notice&a=add
INFO: [ app_begin ] --START--
INFO: Run Behavior\ReadHtmlCacheBehavior [ RunTime:0.000296s ]
INFO: [ app_begin ] --END-- [ RunTime:0.000505s ]
SQL: SHOW COLUMNS FROM `dg_teacher` [ RunTime:0.0005s ]
SQL: SELECT * FROM `dg_teacher` WHERE ( name="梦梦" ) LIMIT 1   [ RunTime:0.0001s ]
SQL: SHOW COLUMNS FROM `dg_notice` [ RunTime:0.0003s ]
SQL: INSERT INTO `dg_notice` (`title`,`school`,`class_id`,`dep_id`,`type`,`content`,`pubtime`,`user_id`) VALUES ('sss','0','0','0','0','test','2017-03-18 :17:48:53','200') [ RunTime:0.0001s ]

[ 2017-03-18T17:50:29+08:00 ] 183.163.102.213 /index.php?m=teacher&c=notice&a=add
INFO: [ app_begin ] --START--
INFO: Run Behavior\ReadHtmlCacheBehavior [ RunTime:0.000284s ]
INFO: [ app_begin ] --END-- [ RunTime:0.000496s ]
SQL: SHOW COLUMNS FROM `dg_teacher` [ RunTime:0.0005s ]
SQL: SELECT * FROM `dg_teacher` WHERE ( name="梦梦" ) LIMIT 1   [ RunTime:0.0001s ]
SQL: SHOW COLUMNS FROM `dg_notice` [ RunTime:0.0004s ]
SQL: INSERT INTO `dg_notice` (`title`,`school`,`class_id`,`dep_id`,`type`,`content`,`pubtime`,`user_id`) VALUES ('eeee','0','1','0','0','dsadsafds','2017-03-18 :17:50:29','200') [ RunTime:0.0001s ]

[ 2017-03-18T19:05:23+08:00 ] 61.235.37.202 /teacher.php/Home/login/index.html
ERR: 无法加载控制器:Home

[ 2017-03-18T19:05:56+08:00 ] 61.235.37.202 /teacher.php/Report/edit.html
INFO: [ app_begin ] --START--
INFO: Run Behavior\ReadHtmlCacheBehavior [ RunTime:0.000282s ]
INFO: [ app_begin ] --END-- [ RunTime:0.000507s ]

[ 2017-03-18T19:07:46+08:00 ] 101.226.51.229 /teacher.php/Home/login/index.html
ERR: 无法加载控制器:Home

[ 2017-03-18T21:09:24+08:00 ] 114.230.184.125 /teacher.php/Report/edit.html
INFO: [ app_begin ] --START--
INFO: Run Behavior\ReadHtmlCacheBehavior [ RunTime:0.000298s ]
INFO: [ app_begin ] --END-- [ RunTime:0.000520s ]

[ 2017-03-18T21:09:32+08:00 ] 114.230.184.125 /teacher.php/Report/auditing.html
INFO: [ app_begin ] --START--
INFO: Run Behavior\ReadHtmlCacheBehavior [ RunTime:0.000293s ]
INFO: [ app_begin ] --END-- [ RunTime:0.000516s ]
SQL: SHOW COLUMNS FROM `dg_report` [ RunTime:0.0005s ]
SQL: UPDATE `dg_report` SET `suggestion`='',`score`='30',`status`='-1' WHERE ( `id` = 144 ) [ RunTime:0.0002s ]

[ 2017-03-18T21:20:11+08:00 ] 114.230.184.125 /index.php/Teacher/login/logout
ERR: 非法操作:logout

[ 2017-03-18T21:21:59+08:00 ] 114.230.184.125 /teacher.php/Report/edit.html
INFO: [ app_begin ] --START--
INFO: Run Behavior\ReadHtmlCacheBehavior [ RunTime:0.000285s ]
INFO: [ app_begin ] --END-- [ RunTime:0.000510s ]

[ 2017-03-18T21:22:43+08:00 ] 114.230.184.125 /teacher.php/Report/edit.html
INFO: [ app_begin ] --START--
INFO: Run Behavior\ReadHtmlCacheBehavior [ RunTime:0.000303s ]
INFO: [ app_begin ] --END-- [ RunTime:0.000521s ]

[ 2017-03-18T21:23:32+08:00 ] 114.230.184.125 /teacher.php/Report/edit.html
INFO: [ app_begin ] --START--
INFO: Run Behavior\ReadHtmlCacheBehavior [ RunTime:0.000294s ]
INFO: [ app_begin ] --END-- [ RunTime:0.000516s ]

[ 2017-03-18T21:23:37+08:00 ] 114.230.184.125 /teacher.php/Report/edit.html
INFO: [ app_begin ] --START--
INFO: Run Behavior\ReadHtmlCacheBehavior [ RunTime:0.000313s ]
INFO: [ app_begin ] --END-- [ RunTime:0.000538s ]

[ 2017-03-18T21:23:43+08:00 ] 114.230.184.125 /teacher.php/Report/edit.html
INFO: [ app_begin ] --START--
INFO: Run Behavior\ReadHtmlCacheBehavior [ RunTime:0.000290s ]
INFO: [ app_begin ] --END-- [ RunTime:0.000508s ]

[ 2017-03-18T21:38:05+08:00 ] 61.235.37.202 /index.php?m=teacher&c=notice&a=add
INFO: [ app_begin ] --START--
INFO: Run Behavior\ReadHtmlCacheBehavior [ RunTime:0.000285s ]
INFO: [ app_begin ] --END-- [ RunTime:0.000500s ]
SQL: SHOW COLUMNS FROM `dg_teacher` [ RunTime:0.0005s ]
SQL: SELECT * FROM `dg_teacher` WHERE ( name="叶方勇" ) LIMIT 1   [ RunTime:0.0002s ]
SQL: SHOW COLUMNS FROM `dg_notice` [ RunTime:0.0003s ]
SQL: INSERT INTO `dg_notice` (`title`,`school`,`class_id`,`dep_id`,`type`,`content`,`pubtime`,`user_id`) VALUES ('测试，发帖了，发帖了','0','0','1','1','是的撒范德萨','2017-03-18 :21:38:05','100') [ RunTime:0.0002s ]

[ 2017-03-18T21:40:20+08:00 ] 61.235.37.202 /index.php?m=teacher&c=notice&a=add
INFO: [ app_begin ] --START--
INFO: Run Behavior\ReadHtmlCacheBehavior [ RunTime:0.000303s ]
INFO: [ app_begin ] --END-- [ RunTime:0.000528s ]
SQL: SHOW COLUMNS FROM `dg_teacher` [ RunTime:0.0005s ]
SQL: SELECT * FROM `dg_teacher` WHERE ( name="梦梦" ) LIMIT 1   [ RunTime:0.0002s ]
SQL: SHOW COLUMNS FROM `dg_notice` [ RunTime:0.0003s ]
SQL: INSERT INTO `dg_notice` (`title`,`school`,`class_id`,`dep_id`,`type`,`content`,`pubtime`,`user_id`) VALUES ('大师傅','0','1','0','1','啥地方梵蒂冈','2017-03-18 :21:40:20','200') [ RunTime:0.0001s ]

[ 2017-03-18T21:40:34+08:00 ] 61.235.37.202 /index.php?m=teacher&c=notice&a=del
INFO: [ app_begin ] --START--
INFO: Run Behavior\ReadHtmlCacheBehavior [ RunTime:0.000290s ]
INFO: [ app_begin ] --END-- [ RunTime:0.000506s ]
SQL: SHOW COLUMNS FROM `dg_notice` [ RunTime:0.0005s ]
SQL: DELETE FROM `dg_notice` WHERE ( id=54 ) [ RunTime:0.0001s ]

[ 2017-03-18T23:15:41+08:00 ] 114.230.184.125 /teacher.php/Practice/cancelarrangement.html
INFO: [ app_begin ] --START--
INFO: Run Behavior\ReadHtmlCacheBehavior [ RunTime:0.000301s ]
INFO: [ app_begin ] --END-- [ RunTime:0.000537s ]
SQL: SHOW COLUMNS FROM `dg_practice` [ RunTime:0.0006s ]
SQL: DELETE FROM `dg_practice` WHERE ( `student_id` = (select studentno from dg_student where id=77) ) [ RunTime:0.0002s ]

[ 2017-03-18T23:15:52+08:00 ] 114.230.184.125 /teacher.php/Practice/cancelarrangement.html
INFO: [ app_begin ] --START--
INFO: Run Behavior\ReadHtmlCacheBehavior [ RunTime:0.000307s ]
INFO: [ app_begin ] --END-- [ RunTime:0.000517s ]
SQL: SHOW COLUMNS FROM `dg_practice` [ RunTime:0.0006s ]
SQL: DELETE FROM `dg_practice` WHERE ( `student_id` = (select studentno from dg_student where id=79) ) [ RunTime:0.0002s ]

