[ 2017-03-17T00:05:17+08:00 ] ::1 /teacher.php/Report/edit.html
INFO: [ app_begin ] --START--
INFO: Run Behavior\ReadHtmlCacheBehavior [ RunTime:0.000211s ]
INFO: [ app_begin ] --END-- [ RunTime:0.000374s ]

[ 2017-03-17T00:06:42+08:00 ] ::1 /teacher.php/Report/edit.html
INFO: [ app_begin ] --START--
INFO: Run Behavior\ReadHtmlCacheBehavior [ RunTime:0.000208s ]
INFO: [ app_begin ] --END-- [ RunTime:0.000372s ]

[ 2017-03-17T00:06:57+08:00 ] ::1 /teacher.php/Report/edit.html
INFO: [ app_begin ] --START--
INFO: Run Behavior\ReadHtmlCacheBehavior [ RunTime:0.000359s ]
INFO: [ app_begin ] --END-- [ RunTime:0.000640s ]

[ 2017-03-17T00:12:12+08:00 ] ::1 /teacher.php/Report/audited/rid/123
ERR: XML标签语法错误 : name="pics" id="v"/

[ 2017-03-17T00:13:58+08:00 ] ::1 /teacher.php/Report/edit.html
INFO: [ app_begin ] --START--
INFO: Run Behavior\ReadHtmlCacheBehavior [ RunTime:0.000199s ]
INFO: [ app_begin ] --END-- [ RunTime:0.000351s ]

[ 2017-03-17T00:55:11+08:00 ] ::1 /index.php?m=teacher&c=notice&a=add
INFO: [ app_begin ] --START--
INFO: Run Behavior\ReadHtmlCacheBehavior [ RunTime:0.000328s ]
INFO: [ app_begin ] --END-- [ RunTime:0.000640s ]
NOTIC: [8] Undefined index: username /Library/WebServer/Documents/shixi/Application/Teacher/Controller/NoticeController.class.php 第 32 行.
SQL: SHOW COLUMNS FROM `dg_teacher` [ RunTime:0.0017s ]
SQL: SELECT * FROM `dg_teacher` WHERE ( name="" ) LIMIT 1   [ RunTime:0.0011s ]
SQL: SHOW COLUMNS FROM `dg_notice` [ RunTime:0.0007s ]
ERR: 1048:Column 'user_id' cannot be null
 [ SQL语句 ] : INSERT INTO `dg_notice` (`title`,`school`,`type`,`content`,`pubtime`,`user_id`) VALUES ('test','0','1','test','2017-03-17 :00:55:11',NULL)
ERR: 1048:Column 'user_id' cannot be null
 [ SQL语句 ] : INSERT INTO `dg_notice` (`title`,`school`,`type`,`content`,`pubtime`,`user_id`) VALUES ('test','0','1','test','2017-03-17 :00:55:11',NULL)

[ 2017-03-17T00:56:02+08:00 ] ::1 /index.php?m=teacher&c=notice&a=add
INFO: [ app_begin ] --START--
INFO: Run Behavior\ReadHtmlCacheBehavior [ RunTime:0.000353s ]
INFO: [ app_begin ] --END-- [ RunTime:0.000637s ]
SQL: SHOW COLUMNS FROM `dg_teacher` [ RunTime:0.0007s ]
SQL: SELECT * FROM `dg_teacher` WHERE ( name="叶方勇" ) LIMIT 1   [ RunTime:0.0006s ]
SQL: SHOW COLUMNS FROM `dg_notice` [ RunTime:0.0009s ]
SQL: INSERT INTO `dg_notice` (`title`,`school`,`type`,`content`,`pubtime`,`user_id`) VALUES ('test','0','1','test','2017-03-17 :00:56:02','100') [ RunTime:0.0023s ]

[ 2017-03-17T00:58:03+08:00 ] ::1 /index.php?m=teacher&c=notice&a=add
INFO: [ app_begin ] --START--
INFO: Run Behavior\ReadHtmlCacheBehavior [ RunTime:0.000299s ]
INFO: [ app_begin ] --END-- [ RunTime:0.000576s ]
SQL: SHOW COLUMNS FROM `dg_teacher` [ RunTime:0.0004s ]
SQL: SELECT * FROM `dg_teacher` WHERE ( name="叶方勇" ) LIMIT 1   [ RunTime:0.0004s ]
SQL: SHOW COLUMNS FROM `dg_notice` [ RunTime:0.0008s ]
SQL: INSERT INTO `dg_notice` (`title`,`school`,`class_id`,`dep_id`,`type`,`content`,`pubtime`,`user_id`) VALUES ('test','0','0','1','1','test','2017-03-17 :00:58:03','100') [ RunTime:0.0004s ]

[ 2017-03-17T01:01:38+08:00 ] ::1 /index.php?m=teacher&c=notice&a=del
INFO: [ app_begin ] --START--
INFO: Run Behavior\ReadHtmlCacheBehavior [ RunTime:0.000285s ]
INFO: [ app_begin ] --END-- [ RunTime:0.000447s ]
SQL: SHOW COLUMNS FROM `dg_notice` [ RunTime:0.0005s ]
SQL: DELETE FROM `dg_notice` WHERE ( id=1 ) [ RunTime:0.0002s ]

[ 2017-03-17T01:01:56+08:00 ] ::1 /index.php?m=teacher&c=notice&a=add
INFO: [ app_begin ] --START--
INFO: Run Behavior\ReadHtmlCacheBehavior [ RunTime:0.000213s ]
INFO: [ app_begin ] --END-- [ RunTime:0.000377s ]
SQL: SHOW COLUMNS FROM `dg_teacher` [ RunTime:0.0006s ]
SQL: SELECT * FROM `dg_teacher` WHERE ( name="叶方勇" ) LIMIT 1   [ RunTime:0.0003s ]
SQL: SHOW COLUMNS FROM `dg_notice` [ RunTime:0.0006s ]
SQL: INSERT INTO `dg_notice` (`title`,`school`,`class_id`,`dep_id`,`type`,`content`,`pubtime`,`user_id`) VALUES ('test','0','0','3','1','test','2017-03-17 :01:01:56','100') [ RunTime:0.0003s ]

