[ 2017-03-11T00:00:35+08:00 ] 121.225.28.71 /teacher.php/Report/edit.html
INFO: [ app_begin ] --START--
INFO: Run Behavior\ReadHtmlCacheBehavior [ RunTime:0.000282s ]
INFO: [ app_begin ] --END-- [ RunTime:0.000508s ]
NOTIC: [8] Undefined index: USERNAME /var/www/html/Application/Teacher/Controller/CommonController.class.php 第 21 行.

[ 2017-03-11T00:00:44+08:00 ] 121.225.28.71 /teacher.php/Report/auditing.html
INFO: [ app_begin ] --START--
INFO: Run Behavior\ReadHtmlCacheBehavior [ RunTime:0.000281s ]
INFO: [ app_begin ] --END-- [ RunTime:0.000497s ]
NOTIC: [8] Undefined index: USERNAME /var/www/html/Application/Teacher/Controller/CommonController.class.php 第 21 行.
SQL: SHOW COLUMNS FROM `dg_report` [ RunTime:0.0005s ]
SQL: UPDATE `dg_report` SET `suggestion`='',`score`='40',`status`='-1' WHERE ( `id` = 90 ) [ RunTime:0.0002s ]

[ 2017-03-11T02:20:51+08:00 ] 101.226.33.217 /teacher.php/student/login/index.html
ERR: 非法操作:login

[ 2017-03-11T07:16:47+08:00 ] 223.245.86.237 /teacher.php/login/index.html
INFO: [ app_begin ] --START--
INFO: Run Behavior\ReadHtmlCacheBehavior [ RunTime:0.000305s ]
INFO: [ app_begin ] --END-- [ RunTime:0.000524s ]
SQL: SHOW COLUMNS FROM `dg_user` [ RunTime:0.0004s ]
SQL: SELECT * FROM `dg_user` WHERE `username` = '叶方勇' AND `password` = '202cb962ac59075b964b07152d234b70' LIMIT 1   [ RunTime:0.0002s ]

[ 2017-03-11T07:42:25+08:00 ] 121.225.28.71 /teacher.php/login/index.html
INFO: [ app_begin ] --START--
INFO: Run Behavior\ReadHtmlCacheBehavior [ RunTime:0.000278s ]
INFO: [ app_begin ] --END-- [ RunTime:0.000490s ]
SQL: SHOW COLUMNS FROM `dg_user` [ RunTime:0.0004s ]
SQL: SELECT * FROM `dg_user` WHERE `username` = '叶方勇' AND `password` = '202cb962ac59075b964b07152d234b70' LIMIT 1   [ RunTime:0.0001s ]

[ 2017-03-11T07:42:41+08:00 ] 121.225.28.71 /index.php?m=teacher&c=notice&a=del
INFO: [ app_begin ] --START--
INFO: Run Behavior\ReadHtmlCacheBehavior [ RunTime:0.000292s ]
INFO: [ app_begin ] --END-- [ RunTime:0.000501s ]
SQL: SHOW COLUMNS FROM `dg_notice` [ RunTime:0.0006s ]
SQL: DELETE FROM `dg_notice` WHERE ( id=41 ) [ RunTime:0.0001s ]

[ 2017-03-11T07:43:06+08:00 ] 121.225.28.71 /index.php?m=teacher&c=notice&a=del
INFO: [ app_begin ] --START--
INFO: Run Behavior\ReadHtmlCacheBehavior [ RunTime:0.000293s ]
INFO: [ app_begin ] --END-- [ RunTime:0.000506s ]
SQL: SHOW COLUMNS FROM `dg_notice` [ RunTime:0.0005s ]
SQL: DELETE FROM `dg_notice` WHERE ( id=42 ) [ RunTime:0.0001s ]

[ 2017-03-11T08:11:39+08:00 ] 121.225.28.71 /teacher.php/Report/edit.html
INFO: [ app_begin ] --START--
INFO: Run Behavior\ReadHtmlCacheBehavior [ RunTime:0.000290s ]
INFO: [ app_begin ] --END-- [ RunTime:0.000502s ]
NOTIC: [8] Undefined index: USERNAME /var/www/html/Application/Teacher/Controller/CommonController.class.php 第 21 行.

[ 2017-03-11T08:13:49+08:00 ] 121.225.28.71 /teacher.php/Report/del.html
INFO: [ app_begin ] --START--
INFO: Run Behavior\ReadHtmlCacheBehavior [ RunTime:0.000301s ]
INFO: [ app_begin ] --END-- [ RunTime:0.000532s ]
NOTIC: [8] Undefined index: USERNAME /var/www/html/Application/Teacher/Controller/CommonController.class.php 第 21 行.
SQL: SHOW COLUMNS FROM `dg_report` [ RunTime:0.0006s ]
SQL: DELETE FROM `dg_report` WHERE ( `id` = 92 ) [ RunTime:0.0002s ]

[ 2017-03-11T08:38:40+08:00 ] 121.225.28.71 /teacher.php/Apply/editChange/id/32
ERR: 模板不存在:./Application/Teacher/View/Apply/editChange.html

[ 2017-03-11T08:44:26+08:00 ] 121.225.28.71 /teacher.php/Apply/editChange/id/32
ERR: 模板不存在:./Application/Teacher/View/Apply/editChange.html

[ 2017-03-11T08:48:57+08:00 ] 121.225.28.71 /teacher.php/Apply/editLeave.html
INFO: [ app_begin ] --START--
INFO: Run Behavior\ReadHtmlCacheBehavior [ RunTime:0.000298s ]
INFO: [ app_begin ] --END-- [ RunTime:0.000510s ]
NOTIC: [8] Undefined index: USERNAME /var/www/html/Application/Teacher/Controller/CommonController.class.php 第 21 行.
SQL: SHOW COLUMNS FROM `dg_leave` [ RunTime:0.0005s ]
SQL: UPDATE `dg_leave` SET `status`='1' WHERE ( `id` = 73 ) [ RunTime:0.0002s ]

[ 2017-03-11T08:52:04+08:00 ] 121.225.28.71 /teacher.php/Apply/editLeave.html
INFO: [ app_begin ] --START--
INFO: Run Behavior\ReadHtmlCacheBehavior [ RunTime:0.000329s ]
INFO: [ app_begin ] --END-- [ RunTime:0.000561s ]
NOTIC: [8] Undefined index: USERNAME /var/www/html/Application/Teacher/Controller/CommonController.class.php 第 21 行.
SQL: SHOW COLUMNS FROM `dg_leave` [ RunTime:0.0005s ]
SQL: UPDATE `dg_leave` SET `status`='1' WHERE ( `id` = 74 ) [ RunTime:0.0002s ]

[ 2017-03-11T09:02:18+08:00 ] 121.225.28.71 /teacher.php/login/index.html
INFO: [ app_begin ] --START--
INFO: Run Behavior\ReadHtmlCacheBehavior [ RunTime:0.000295s ]
INFO: [ app_begin ] --END-- [ RunTime:0.000521s ]
SQL: SHOW COLUMNS FROM `dg_user` [ RunTime:0.0004s ]
SQL: SELECT * FROM `dg_user` WHERE `username` = '梦梦' AND `password` = '202cb962ac59075b964b07152d234b70' LIMIT 1   [ RunTime:0.0001s ]

[ 2017-03-11T11:45:10+08:00 ] 180.111.132.215 /teacher.php/Apply/editChange/id/32
ERR: 模板不存在:./Application/Teacher/View/Apply/editChange.html

[ 2017-03-11T12:42:31+08:00 ] 223.245.86.237 /teacher.php/Report/edit.html
INFO: [ app_begin ] --START--
INFO: Run Behavior\ReadHtmlCacheBehavior [ RunTime:0.000463s ]
INFO: [ app_begin ] --END-- [ RunTime:0.000798s ]
NOTIC: [8] Undefined index: USERNAME /var/www/html/Application/Teacher/Controller/CommonController.class.php 第 21 行.

[ 2017-03-11T14:00:40+08:00 ] 223.245.86.237 /teacher.php/Apply/delChange.html
INFO: [ app_begin ] --START--
INFO: Run Behavior\ReadHtmlCacheBehavior [ RunTime:0.000306s ]
INFO: [ app_begin ] --END-- [ RunTime:0.000525s ]
NOTIC: [8] Undefined index: USERNAME /var/www/html/Application/Teacher/Controller/CommonController.class.php 第 21 行.
ERR: 非法操作:delChange

[ 2017-03-11T14:00:41+08:00 ] 223.245.86.237 /teacher.php/Apply/delChange.html
INFO: [ app_begin ] --START--
INFO: Run Behavior\ReadHtmlCacheBehavior [ RunTime:0.000301s ]
INFO: [ app_begin ] --END-- [ RunTime:0.000523s ]
NOTIC: [8] Undefined index: USERNAME /var/www/html/Application/Teacher/Controller/CommonController.class.php 第 21 行.
ERR: 非法操作:delChange

[ 2017-03-11T14:00:43+08:00 ] 223.245.86.237 /teacher.php/Apply/delChange.html
INFO: [ app_begin ] --START--
INFO: Run Behavior\ReadHtmlCacheBehavior [ RunTime:0.000305s ]
INFO: [ app_begin ] --END-- [ RunTime:0.000543s ]
NOTIC: [8] Undefined index: USERNAME /var/www/html/Application/Teacher/Controller/CommonController.class.php 第 21 行.
ERR: 非法操作:delChange

[ 2017-03-11T14:00:44+08:00 ] 223.245.86.237 /teacher.php/Apply/delChange.html
INFO: [ app_begin ] --START--
INFO: Run Behavior\ReadHtmlCacheBehavior [ RunTime:0.000300s ]
INFO: [ app_begin ] --END-- [ RunTime:0.000515s ]
NOTIC: [8] Undefined index: USERNAME /var/www/html/Application/Teacher/Controller/CommonController.class.php 第 21 行.
ERR: 非法操作:delChange

[ 2017-03-11T14:00:50+08:00 ] 223.245.86.237 /teacher.php/Apply/delChange.html
INFO: [ app_begin ] --START--
INFO: Run Behavior\ReadHtmlCacheBehavior [ RunTime:0.000281s ]
INFO: [ app_begin ] --END-- [ RunTime:0.000496s ]
NOTIC: [8] Undefined index: USERNAME /var/www/html/Application/Teacher/Controller/CommonController.class.php 第 21 行.
ERR: 非法操作:delChange

[ 2017-03-11T14:01:53+08:00 ] 223.245.86.237 /teacher.php/Apply/delChange.html
INFO: [ app_begin ] --START--
INFO: Run Behavior\ReadHtmlCacheBehavior [ RunTime:0.000289s ]
INFO: [ app_begin ] --END-- [ RunTime:0.000510s ]
NOTIC: [8] Undefined index: USERNAME /var/www/html/Application/Teacher/Controller/CommonController.class.php 第 21 行.
SQL: SHOW COLUMNS FROM `dg_change` [ RunTime:0.0005s ]
SQL: DELETE FROM `dg_change` WHERE ( `id` IN(4)  ) [ RunTime:0.0001s ]

[ 2017-03-11T14:05:36+08:00 ] 223.245.86.237 /teacher.php/Apply/delLeave.html
INFO: [ app_begin ] --START--
INFO: Run Behavior\ReadHtmlCacheBehavior [ RunTime:0.000280s ]
INFO: [ app_begin ] --END-- [ RunTime:0.000499s ]
NOTIC: [8] Undefined index: USERNAME /var/www/html/Application/Teacher/Controller/CommonController.class.php 第 21 行.
SQL: SHOW COLUMNS FROM `dg_leave` [ RunTime:0.0005s ]
SQL: DELETE FROM `dg_leave` WHERE ( `id` IN(74,73)  ) [ RunTime:0.0002s ]

[ 2017-03-11T14:05:46+08:00 ] 223.245.86.237 /teacher.php/Apply/delLeave.html
INFO: [ app_begin ] --START--
INFO: Run Behavior\ReadHtmlCacheBehavior [ RunTime:0.000346s ]
INFO: [ app_begin ] --END-- [ RunTime:0.000581s ]
NOTIC: [8] Undefined index: USERNAME /var/www/html/Application/Teacher/Controller/CommonController.class.php 第 21 行.
SQL: SHOW COLUMNS FROM `dg_leave` [ RunTime:0.0005s ]
SQL: DELETE FROM `dg_leave` WHERE ( `id` IN(27)  ) [ RunTime:0.0001s ]

[ 2017-03-11T14:06:47+08:00 ] 223.245.86.237 /teacher.php/Report/del.html
INFO: [ app_begin ] --START--
INFO: Run Behavior\ReadHtmlCacheBehavior [ RunTime:0.000300s ]
INFO: [ app_begin ] --END-- [ RunTime:0.000513s ]
NOTIC: [8] Undefined index: USERNAME /var/www/html/Application/Teacher/Controller/CommonController.class.php 第 21 行.
SQL: SHOW COLUMNS FROM `dg_report` [ RunTime:0.0005s ]
SQL: DELETE FROM `dg_report` WHERE ( `id` IN(77)  ) [ RunTime:0.0001s ]

[ 2017-03-11T14:08:49+08:00 ] 223.245.86.237 /teacher.php/Practice/delCor.html
INFO: [ app_begin ] --START--
INFO: Run Behavior\ReadHtmlCacheBehavior [ RunTime:0.000288s ]
INFO: [ app_begin ] --END-- [ RunTime:0.000512s ]
NOTIC: [8] Undefined index: USERNAME /var/www/html/Application/Teacher/Controller/CommonController.class.php 第 21 行.
SQL: SHOW COLUMNS FROM `dg_corporation` [ RunTime:0.0005s ]
NOTIC: [8] Array to string conversion /var/www/html/Application/Teacher/Model/CorporationModel.class.php 第 71 行.
ERR: 1054:Unknown column 'Array' in 'where clause'
 [ SQL语句 ] : DELETE FROM `dg_corporation` WHERE ( `id` = Array )
ERR: 1054:Unknown column 'Array' in 'where clause'
 [ SQL语句 ] : DELETE FROM `dg_corporation` WHERE ( `id` = Array )

[ 2017-03-11T14:08:51+08:00 ] 223.245.86.237 /teacher.php/Practice/delCor.html
INFO: [ app_begin ] --START--
INFO: Run Behavior\ReadHtmlCacheBehavior [ RunTime:0.000293s ]
INFO: [ app_begin ] --END-- [ RunTime:0.000519s ]
NOTIC: [8] Undefined index: USERNAME /var/www/html/Application/Teacher/Controller/CommonController.class.php 第 21 行.
SQL: SHOW COLUMNS FROM `dg_corporation` [ RunTime:0.0005s ]
NOTIC: [8] Array to string conversion /var/www/html/Application/Teacher/Model/CorporationModel.class.php 第 71 行.
ERR: 1054:Unknown column 'Array' in 'where clause'
 [ SQL语句 ] : DELETE FROM `dg_corporation` WHERE ( `id` = Array )
ERR: 1054:Unknown column 'Array' in 'where clause'
 [ SQL语句 ] : DELETE FROM `dg_corporation` WHERE ( `id` = Array )

[ 2017-03-11T14:10:38+08:00 ] 223.245.86.237 /teacher.php/Practice/delCor.html
INFO: [ app_begin ] --START--
INFO: Run Behavior\ReadHtmlCacheBehavior [ RunTime:0.000290s ]
INFO: [ app_begin ] --END-- [ RunTime:0.000525s ]
NOTIC: [8] Undefined index: USERNAME /var/www/html/Application/Teacher/Controller/CommonController.class.php 第 21 行.
SQL: SHOW COLUMNS FROM `dg_corporation` [ RunTime:0.0006s ]
SQL: DELETE FROM `dg_corporation` WHERE ( `id` IN(4)  ) [ RunTime:0.0001s ]

[ 2017-03-11T14:17:10+08:00 ] 223.245.86.237 /teacher.php/Apply/exportCor.html
ERR: 非法操作:exportCor

[ 2017-03-11T14:17:26+08:00 ] 223.245.86.237 /teacher.php/Apply/exportCor.html
ERR: 非法操作:exportCor

[ 2017-03-11T14:23:14+08:00 ] 223.245.86.237 /teacher.php/Notice/del.html
INFO: [ app_begin ] --START--
INFO: Run Behavior\ReadHtmlCacheBehavior [ RunTime:0.000318s ]
INFO: [ app_begin ] --END-- [ RunTime:0.000572s ]
SQL: SHOW COLUMNS FROM `dg_notice` [ RunTime:0.0005s ]
NOTIC: [8] Array to string conversion /var/www/html/Application/Teacher/Controller/NoticeController.class.php 第 59 行.
ERR: 1054:Unknown column 'Array' in 'where clause'
 [ SQL语句 ] : DELETE FROM `dg_notice` WHERE ( id=Array )
ERR: 1054:Unknown column 'Array' in 'where clause'
 [ SQL语句 ] : DELETE FROM `dg_notice` WHERE ( id=Array )

[ 2017-03-11T14:23:21+08:00 ] 223.245.86.237 /teacher.php/Notice/del.html
INFO: [ app_begin ] --START--
INFO: Run Behavior\ReadHtmlCacheBehavior [ RunTime:0.000278s ]
INFO: [ app_begin ] --END-- [ RunTime:0.000492s ]
SQL: SHOW COLUMNS FROM `dg_notice` [ RunTime:0.0005s ]
NOTIC: [8] Array to string conversion /var/www/html/Application/Teacher/Controller/NoticeController.class.php 第 59 行.
ERR: 1054:Unknown column 'Array' in 'where clause'
 [ SQL语句 ] : DELETE FROM `dg_notice` WHERE ( id=Array )
ERR: 1054:Unknown column 'Array' in 'where clause'
 [ SQL语句 ] : DELETE FROM `dg_notice` WHERE ( id=Array )

[ 2017-03-11T14:26:46+08:00 ] 223.245.86.237 /teacher.php/Notice/del.html
INFO: [ app_begin ] --START--
INFO: Run Behavior\ReadHtmlCacheBehavior [ RunTime:0.000294s ]
INFO: [ app_begin ] --END-- [ RunTime:0.000505s ]
SQL: SHOW COLUMNS FROM `dg_notice` [ RunTime:0.0005s ]
SQL: DELETE FROM `dg_notice` WHERE ( `id` IN(27)  ) [ RunTime:0.0001s ]

[ 2017-03-11T15:43:42+08:00 ] 223.245.86.237 /teacher.php/Practice/index.html
INFO: [ app_begin ] --START--
INFO: Run Behavior\ReadHtmlCacheBehavior [ RunTime:0.000302s ]
INFO: [ app_begin ] --END-- [ RunTime:0.000521s ]
NOTIC: [8] Undefined index: USERNAME /var/www/html/Application/Teacher/Controller/CommonController.class.php 第 21 行.
INFO: [ app_end ] --START--
INFO: Run Behavior\ShowPageTraceBehavior [ RunTime:0.000321s ]
INFO: [ app_end ] --END-- [ RunTime:0.000357s ]

[ 2017-03-11T15:43:42+08:00 ] 223.245.86.237 /teacher.php/Apply/index/department/1/profession/1/class/1/corporation/2/keywords/
ERR: 1052:Column 'corporation_id' in where clause is ambiguous
 [ SQL语句 ] : SELECT COUNT(*) AS tp_count FROM dg_practice Practice LEFT JOIN dg_student Student ON Practice.student_id = Student.studentno LEFT JOIN dg_class Class ON  Student.classno = Class.id LEFT JOIN dg_corporation Corporation ON Practice.corporation_id = Corporation.id  JOIN dg_profession Profession ON Profession.id = Class.profession WHERE (  classno IN(select id from dg_class where dep_id=1) ) AND (  classno = 1 ) AND (  corporation_id = 2 ) LIMIT 1  

[ 2017-03-11T15:44:39+08:00 ] 223.245.86.237 /teacher.php/Practice/index.html
INFO: [ app_begin ] --START--
INFO: Run Behavior\ReadHtmlCacheBehavior [ RunTime:0.000293s ]
INFO: [ app_begin ] --END-- [ RunTime:0.000503s ]
NOTIC: [8] Undefined index: USERNAME /var/www/html/Application/Teacher/Controller/CommonController.class.php 第 21 行.
INFO: [ app_end ] --START--
INFO: Run Behavior\ShowPageTraceBehavior [ RunTime:0.000319s ]
INFO: [ app_end ] --END-- [ RunTime:0.000353s ]

[ 2017-03-11T15:45:11+08:00 ] 223.245.86.237 /teacher.php/Practice/index/department/1/profession/1/class/2/corporation/2/keywords/2017
ERR: 1052:Column 'corporation_id' in where clause is ambiguous
 [ SQL语句 ] : SELECT COUNT(*) AS tp_count FROM dg_practice Practice LEFT JOIN dg_student Student ON Practice.student_id = Student.studentno LEFT JOIN dg_class Class ON  Student.classno = Class.id LEFT JOIN dg_corporation Corporation ON Practice.corporation_id = Corporation.id  JOIN dg_profession Profession ON Profession.id = Class.profession WHERE (  classno IN(select id from dg_class where dep_id=1) ) AND (  classno = 2 ) AND (  corporation_id = 2 ) AND (  (studentno like "%2017%" or Student.name like "%2017%") ) LIMIT 1  

[ 2017-03-11T15:45:11+08:00 ] 223.245.86.237 /teacher.php/Practice/index.html
INFO: [ app_begin ] --START--
INFO: Run Behavior\ReadHtmlCacheBehavior [ RunTime:0.000297s ]
INFO: [ app_begin ] --END-- [ RunTime:0.000548s ]
NOTIC: [8] Undefined index: USERNAME /var/www/html/Application/Teacher/Controller/CommonController.class.php 第 21 行.
INFO: [ app_end ] --START--
INFO: Run Behavior\ShowPageTraceBehavior [ RunTime:0.000345s ]
INFO: [ app_end ] --END-- [ RunTime:0.000388s ]

[ 2017-03-11T15:45:52+08:00 ] 223.245.86.237 /teacher.php/Practice/index/department/1/profession/1/class/2/corporation/2/keywords/2017
ERR: 1054:Unknown column 'dg_practice.corporation_id' in 'where clause'
 [ SQL语句 ] : SELECT COUNT(*) AS tp_count FROM dg_practice Practice LEFT JOIN dg_student Student ON Practice.student_id = Student.studentno LEFT JOIN dg_class Class ON  Student.classno = Class.id LEFT JOIN dg_corporation Corporation ON Practice.corporation_id = Corporation.id  JOIN dg_profession Profession ON Profession.id = Class.profession WHERE (  classno IN(select id from dg_class where dep_id=1) ) AND (  classno = 2 ) AND (  dg_practice.corporation_id = 2 ) AND (  (studentno like "%2017%" or Student.name like "%2017%") ) LIMIT 1  

[ 2017-03-11T15:51:34+08:00 ] 223.245.86.237 /teacher.php/Apply/change/department/1/profession/1/class/1/corporation/2/status/2/keywords/2017
ERR: 1052:Column 'status' in where clause is ambiguous
 [ SQL语句 ] : SELECT COUNT(*) AS tp_count FROM dg_change myChange LEFT JOIN dg_corporation Corporation ON myChange.corporation_id = Corporation.id LEFT JOIN dg_practice Practice ON myChange.corporation_id = Practice.corporation_id LEFT JOIN dg_student Student ON Student.studentno = myChange.student_id LEFT JOIN dg_class Class ON Student.classno = Class.id LEFT JOIN dg_profession Profession ON Class.profession = Profession.id WHERE (  classno IN(select id from dg_class where dep_id=1) ) AND (  classno = 1 ) AND (  Practice.corporation_id = 2 ) AND (  status = 1 ) AND (  (studentno like "%2017%" or Student.name like "%2017%") ) LIMIT 1  

[ 2017-03-11T15:53:37+08:00 ] 223.245.86.237 /teacher.php/Apply/change/department/1/profession/1/class/1/corporation/2/status/2/keywords/2017
ERR: 1054:Unknown column 'Change.status' in 'where clause'
 [ SQL语句 ] : SELECT COUNT(*) AS tp_count FROM dg_change myChange LEFT JOIN dg_corporation Corporation ON myChange.corporation_id = Corporation.id LEFT JOIN dg_practice Practice ON myChange.corporation_id = Practice.corporation_id LEFT JOIN dg_student Student ON Student.studentno = myChange.student_id LEFT JOIN dg_class Class ON Student.classno = Class.id LEFT JOIN dg_profession Profession ON Class.profession = Profession.id WHERE (  classno IN(select id from dg_class where dep_id=1) ) AND (  classno = 1 ) AND (  Practice.corporation_id = 2 ) AND (  Change.status = 1 ) AND (  (studentno like "%2017%" or Student.name like "%2017%") ) LIMIT 1  

[ 2017-03-11T15:54:57+08:00 ] 223.245.86.237 /teacher.php/Apply/leave/department/1/profession/1/class/1/corporation/2/status/2/keywords/
ERR: 1054:Unknown column 'Practice.corporation_id' in 'where clause'
 [ SQL语句 ] : SELECT COUNT(*) AS tp_count FROM dg_leave myLeave LEFT JOIN dg_student Student ON myLeave.student_id = Student.studentno LEFT JOIN dg_class Class ON Student.classno = Class.id WHERE (  classno IN(select id from dg_class where dep_id=1) ) AND (  classno = 1 ) AND (  Practice.corporation_id = 2 ) AND (  Leave.status = 1 ) LIMIT 1  

[ 2017-03-11T15:56:54+08:00 ] 223.245.86.237 /teacher.php/Apply/leave/department/1/profession/1/class/1/corporation/2/status/2/keywords/
ERR: 1054:Unknown column 'Leave.status' in 'where clause'
 [ SQL语句 ] : SELECT COUNT(*) AS tp_count FROM dg_leave myLeave LEFT JOIN dg_student Student ON myLeave.student_id = Student.studentno LEFT JOIN dg_class Class ON Student.classno = Class.id LEFT JOIN dg_corporation Corporation ON myChange.corporation_id = Corporation.id LEFT JOIN dg_practice Practice ON myChange.corporation_id = Practice.corporation_id WHERE (  classno IN(select id from dg_class where dep_id=1) ) AND (  classno = 1 ) AND (  Practice.corporation_id = 2 ) AND (  Leave.status = 1 ) LIMIT 1  

[ 2017-03-11T15:57:18+08:00 ] 223.245.86.237 /teacher.php/Apply/leave/department/1/profession/1/class/1/corporation/2/status/2/keywords/
ERR: 1054:Unknown column 'myChange.corporation_id' in 'on clause'
 [ SQL语句 ] : SELECT COUNT(*) AS tp_count FROM dg_leave myLeave LEFT JOIN dg_student Student ON myLeave.student_id = Student.studentno LEFT JOIN dg_class Class ON Student.classno = Class.id LEFT JOIN dg_corporation Corporation ON myChange.corporation_id = Corporation.id LEFT JOIN dg_practice Practice ON myChange.corporation_id = Practice.corporation_id WHERE (  classno IN(select id from dg_class where dep_id=1) ) AND (  classno = 1 ) AND (  Practice.corporation_id = 2 ) AND (  myLeave.status = 1 ) LIMIT 1  

[ 2017-03-11T15:57:20+08:00 ] 223.245.86.237 /teacher.php/Apply/leave/department/1/profession/1/class/1/corporation/2/status/2/keywords/
ERR: 1054:Unknown column 'myChange.corporation_id' in 'on clause'
 [ SQL语句 ] : SELECT COUNT(*) AS tp_count FROM dg_leave myLeave LEFT JOIN dg_student Student ON myLeave.student_id = Student.studentno LEFT JOIN dg_class Class ON Student.classno = Class.id LEFT JOIN dg_corporation Corporation ON myChange.corporation_id = Corporation.id LEFT JOIN dg_practice Practice ON myChange.corporation_id = Practice.corporation_id WHERE (  classno IN(select id from dg_class where dep_id=1) ) AND (  classno = 1 ) AND (  Practice.corporation_id = 2 ) AND (  myLeave.status = 1 ) LIMIT 1  

[ 2017-03-11T15:58:14+08:00 ] 223.245.86.237 /teacher.php/Apply/leave/department/1/profession/1/class/1/corporation/2/status/2/keywords/
ERR: 1054:Unknown column 'myChange.corporation_id' in 'on clause'
 [ SQL语句 ] : SELECT COUNT(*) AS tp_count FROM dg_leave myLeave LEFT JOIN dg_student Student ON myLeave.student_id = Student.studentno LEFT JOIN dg_class Class ON Student.classno = Class.id LEFT JOIN dg_corporation Corporation ON myChange.corporation_id = Corporation.id LEFT JOIN dg_practice Practice ON myChange.corporation_id = Practice.corporation_id WHERE (  classno IN(select id from dg_class where dep_id=1) ) AND (  classno = 1 ) AND (  Practice.corporation_id = 2 ) AND (  myLeave.status = 1 ) LIMIT 1  

[ 2017-03-11T16:00:50+08:00 ] 223.245.86.237 /teacher.php/Report/index/department/1/profession/1/class/1/corporation/2/status/2/keywords/
ERR: 1052:Column 'corporation_id' in where clause is ambiguous
 [ SQL语句 ] : SELECT COUNT(*) AS tp_count FROM dg_report Report LEFT JOIN dg_student Student ON Report.student_id = Student.studentno LEFT JOIN dg_class Class ON Student.classno=Class.id LEFT JOIN dg_profession Profession ON Profession.id = Class.profession LEFT JOIN dg_practice Practice ON Student.studentno = Practice.student_id WHERE (  classno IN(select id from dg_class where dep_id=1) ) AND (  classno = 1 ) AND (  corporation_id = 2 ) AND (  status = 1 ) AND Profession.id = '1' AND Report.type = 0 LIMIT 1  

[ 2017-03-11T16:01:52+08:00 ] 223.245.86.237 /teacher.php/Report/index/department/1/profession/1/class/1/corporation/2/status/2/keywords/
ERR: 1052:Column 'status' in where clause is ambiguous
 [ SQL语句 ] : SELECT COUNT(*) AS tp_count FROM dg_report Report LEFT JOIN dg_student Student ON Report.student_id = Student.studentno LEFT JOIN dg_class Class ON Student.classno=Class.id LEFT JOIN dg_profession Profession ON Profession.id = Class.profession LEFT JOIN dg_practice Practice ON Student.studentno = Practice.student_id WHERE (  classno IN(select id from dg_class where dep_id=1) ) AND (  classno = 1 ) AND (  Practice.corporation_id = 2 ) AND (  status = 1 ) AND Profession.id = '1' AND Report.type = 0 LIMIT 1  

[ 2017-03-11T16:02:22+08:00 ] 223.245.86.237 /teacher.php/Practice/index.html
INFO: [ app_begin ] --START--
INFO: Run Behavior\ReadHtmlCacheBehavior [ RunTime:0.000294s ]
INFO: [ app_begin ] --END-- [ RunTime:0.000520s ]
NOTIC: [8] Undefined index: USERNAME /var/www/html/Application/Teacher/Controller/CommonController.class.php 第 21 行.
INFO: [ app_end ] --START--
INFO: Run Behavior\ShowPageTraceBehavior [ RunTime:0.000331s ]
INFO: [ app_end ] --END-- [ RunTime:0.000369s ]

[ 2017-03-11T17:04:56+08:00 ] 61.235.37.202 /teacher.php/login/index.html
INFO: [ app_begin ] --START--
INFO: Run Behavior\ReadHtmlCacheBehavior [ RunTime:0.000342s ]
INFO: [ app_begin ] --END-- [ RunTime:0.000561s ]
SQL: SHOW COLUMNS FROM `dg_user` [ RunTime:0.0005s ]
SQL: SELECT * FROM `dg_user` WHERE `username` = '叶方勇' AND `password` = '7f7782ba1bd77146df7f0b0ecb597d53' LIMIT 1   [ RunTime:0.0002s ]

[ 2017-03-11T17:05:03+08:00 ] 61.235.37.202 /teacher.php/login/index.html
INFO: [ app_begin ] --START--
INFO: Run Behavior\ReadHtmlCacheBehavior [ RunTime:0.000301s ]
INFO: [ app_begin ] --END-- [ RunTime:0.000543s ]
SQL: SHOW COLUMNS FROM `dg_user` [ RunTime:0.0004s ]
SQL: SELECT * FROM `dg_user` WHERE `username` = '叶方勇' AND `password` = '202cb962ac59075b964b07152d234b70' LIMIT 1   [ RunTime:0.0002s ]

[ 2017-03-11T17:05:37+08:00 ] 61.235.37.202 /teacher.php/Report/edit.html
INFO: [ app_begin ] --START--
INFO: Run Behavior\ReadHtmlCacheBehavior [ RunTime:0.000299s ]
INFO: [ app_begin ] --END-- [ RunTime:0.000538s ]
NOTIC: [8] Undefined index: USERNAME /var/www/html/Application/Teacher/Controller/CommonController.class.php 第 21 行.

[ 2017-03-11T17:06:34+08:00 ] 61.235.37.202 /teacher.php/Apply/editChange/id/32
ERR: 模板不存在:./Application/Teacher/View/Apply/editChange.html

[ 2017-03-11T17:06:38+08:00 ] 61.235.37.202 /teacher.php/Apply/editChange/id/31
ERR: 模板不存在:./Application/Teacher/View/Apply/editChange.html

[ 2017-03-11T17:07:13+08:00 ] 140.207.185.112 /teacher.php/student/login/index.html
ERR: 非法操作:login

[ 2017-03-11T17:07:17+08:00 ] 117.185.27.113 /teacher.php/student/login/index.html
ERR: 非法操作:login

[ 2017-03-11T17:07:29+08:00 ] 61.151.218.118 /teacher.php/student/login/index.html
ERR: 非法操作:login

[ 2017-03-11T17:09:13+08:00 ] 61.235.37.202 /index.php/Teacher/login/index.html
INFO: [ app_begin ] --START--
INFO: Run Behavior\ReadHtmlCacheBehavior [ RunTime:0.000286s ]
INFO: [ app_begin ] --END-- [ RunTime:0.000498s ]
SQL: SHOW COLUMNS FROM `dg_user` [ RunTime:0.0004s ]
SQL: SELECT * FROM `dg_user` WHERE `username` = '叶方勇' AND `password` = '202cb962ac59075b964b07152d234b70' LIMIT 1   [ RunTime:0.0002s ]

[ 2017-03-11T17:09:41+08:00 ] 61.235.37.202 /teacher.php/login/index.html
INFO: [ app_begin ] --START--
INFO: Run Behavior\ReadHtmlCacheBehavior [ RunTime:0.000289s ]
INFO: [ app_begin ] --END-- [ RunTime:0.000521s ]
SQL: SHOW COLUMNS FROM `dg_user` [ RunTime:0.0005s ]
SQL: SELECT * FROM `dg_user` WHERE `username` = '胡家园' AND `password` = '202cb962ac59075b964b07152d234b70' LIMIT 1   [ RunTime:0.0002s ]

[ 2017-03-11T17:09:48+08:00 ] 61.235.37.202 /teacher.php/login/index.html
INFO: [ app_begin ] --START--
INFO: Run Behavior\ReadHtmlCacheBehavior [ RunTime:0.000293s ]
INFO: [ app_begin ] --END-- [ RunTime:0.000507s ]
SQL: SHOW COLUMNS FROM `dg_user` [ RunTime:0.0004s ]
SQL: SELECT * FROM `dg_user` WHERE `username` = '胡家园' AND `password` = '202cb962ac59075b964b07152d234b70' LIMIT 1   [ RunTime:0.0002s ]

[ 2017-03-11T17:09:58+08:00 ] 61.235.37.202 /teacher.php/login/index.html
INFO: [ app_begin ] --START--
INFO: Run Behavior\ReadHtmlCacheBehavior [ RunTime:0.000317s ]
INFO: [ app_begin ] --END-- [ RunTime:0.000541s ]
SQL: SHOW COLUMNS FROM `dg_user` [ RunTime:0.0004s ]
SQL: SELECT * FROM `dg_user` WHERE `username` = '梦梦' AND `password` = '202cb962ac59075b964b07152d234b70' LIMIT 1   [ RunTime:0.0002s ]

[ 2017-03-11T17:10:04+08:00 ] 61.235.37.202 /teacher.php/Report/edit.html
INFO: [ app_begin ] --START--
INFO: Run Behavior\ReadHtmlCacheBehavior [ RunTime:0.000293s ]
INFO: [ app_begin ] --END-- [ RunTime:0.000519s ]
NOTIC: [8] Undefined index: USERNAME /var/www/html/Application/Teacher/Controller/CommonController.class.php 第 21 行.

[ 2017-03-11T18:33:12+08:00 ] 61.235.37.202 /index.php/Teacher/login/index.html
INFO: [ app_begin ] --START--
INFO: Run Behavior\ReadHtmlCacheBehavior [ RunTime:0.000287s ]
INFO: [ app_begin ] --END-- [ RunTime:0.000507s ]
SQL: SHOW COLUMNS FROM `dg_user` [ RunTime:0.0004s ]
SQL: SELECT * FROM `dg_user` WHERE `username` = '叶方勇' AND `password` = '202cb962ac59075b964b07152d234b70' LIMIT 1   [ RunTime:0.0002s ]

[ 2017-03-11T18:33:37+08:00 ] 61.235.37.202 /teacher.php/Apply/editApply.html
INFO: [ app_begin ] --START--
INFO: Run Behavior\ReadHtmlCacheBehavior [ RunTime:0.000306s ]
INFO: [ app_begin ] --END-- [ RunTime:0.000527s ]
NOTIC: [8] Undefined index: USERNAME /var/www/html/Application/Teacher/Controller/CommonController.class.php 第 21 行.
SQL: SHOW COLUMNS FROM `dg_practice` [ RunTime:0.0006s ]
SQL: UPDATE `dg_practice` SET `status`='1' WHERE ( `id` = 53 ) [ RunTime:0.0002s ]

[ 2017-03-11T18:34:08+08:00 ] 61.235.37.202 /teacher.php/Apply/editLeave.html
INFO: [ app_begin ] --START--
INFO: Run Behavior\ReadHtmlCacheBehavior [ RunTime:0.000289s ]
INFO: [ app_begin ] --END-- [ RunTime:0.000512s ]
NOTIC: [8] Undefined index: USERNAME /var/www/html/Application/Teacher/Controller/CommonController.class.php 第 21 行.
SQL: SHOW COLUMNS FROM `dg_leave` [ RunTime:0.0005s ]
SQL: UPDATE `dg_leave` SET `status`='1' WHERE ( `id` = 70 ) [ RunTime:0.0002s ]

[ 2017-03-11T18:48:09+08:00 ] 61.235.37.202 /index.php/Teacher/login/index.html
INFO: [ app_begin ] --START--
INFO: Run Behavior\ReadHtmlCacheBehavior [ RunTime:0.000351s ]
INFO: [ app_begin ] --END-- [ RunTime:0.000598s ]
SQL: SHOW COLUMNS FROM `dg_user` [ RunTime:0.0005s ]
SQL: SELECT * FROM `dg_user` WHERE `username` = '叶方勇' AND `password` = '202cb962ac59075b964b07152d234b70' LIMIT 1   [ RunTime:0.0002s ]

[ 2017-03-11T18:52:34+08:00 ] 101.226.33.227 /teacher.php/student/login/index.html
ERR: 非法操作:login

[ 2017-03-11T18:53:05+08:00 ] 180.163.2.119 /teacher.php/student/login/index.html
ERR: 非法操作:login

[ 2017-03-11T20:05:51+08:00 ] 61.235.37.202 /index.php/Teacher/login/index.html
INFO: [ app_begin ] --START--
INFO: Run Behavior\ReadHtmlCacheBehavior [ RunTime:0.000280s ]
INFO: [ app_begin ] --END-- [ RunTime:0.000503s ]
SQL: SHOW COLUMNS FROM `dg_user` [ RunTime:0.0004s ]
SQL: SELECT * FROM `dg_user` WHERE `username` = '叶方勇' AND `password` = '202cb962ac59075b964b07152d234b70' LIMIT 1   [ RunTime:0.0002s ]

[ 2017-03-11T20:36:37+08:00 ] 61.235.37.202 /teacher.php/login/index.html
INFO: [ app_begin ] --START--
INFO: Run Behavior\ReadHtmlCacheBehavior [ RunTime:0.000288s ]
INFO: [ app_begin ] --END-- [ RunTime:0.000543s ]
SQL: SHOW COLUMNS FROM `dg_user` [ RunTime:0.0004s ]
ERR: Think\Model:findUser方法不存在！

[ 2017-03-11T20:37:26+08:00 ] 61.235.37.202 /teacher.php/login/index.html
INFO: [ app_begin ] --START--
INFO: Run Behavior\ReadHtmlCacheBehavior [ RunTime:0.000307s ]
INFO: [ app_begin ] --END-- [ RunTime:0.000526s ]
SQL: SHOW COLUMNS FROM `dg_user` [ RunTime:0.0005s ]
ERR: Think\Model:findUser方法不存在！

[ 2017-03-11T20:37:48+08:00 ] 61.235.37.202 /teacher.php/login/index.html
INFO: [ app_begin ] --START--
INFO: Run Behavior\ReadHtmlCacheBehavior [ RunTime:0.000290s ]
INFO: [ app_begin ] --END-- [ RunTime:0.000510s ]
SQL: SHOW COLUMNS FROM `dg_user` [ RunTime:0.0004s ]
SQL: SELECT * FROM `dg_user` WHERE `username` = '叶方勇' AND `password` = '202cb962ac59075b964b07152d234b70' LIMIT 1   [ RunTime:0.0001s ]
SQL: SHOW COLUMNS FROM `dg_teacher` [ RunTime:0.0003s ]
SQL: SELECT * FROM `dg_teacher` WHERE ( name="叶方勇" ) LIMIT 1   [ RunTime:0.0001s ]

[ 2017-03-11T20:37:52+08:00 ] 61.235.37.202 /teacher.php/login/index.html
INFO: [ app_begin ] --START--
INFO: Run Behavior\ReadHtmlCacheBehavior [ RunTime:0.000278s ]
INFO: [ app_begin ] --END-- [ RunTime:0.000498s ]
SQL: SHOW COLUMNS FROM `dg_user` [ RunTime:0.0004s ]
SQL: SELECT * FROM `dg_user` WHERE `username` = '叶方勇' AND `password` = '202cb962ac59075b964b07152d234b70' LIMIT 1   [ RunTime:0.0001s ]
SQL: SHOW COLUMNS FROM `dg_teacher` [ RunTime:0.0003s ]
SQL: SELECT * FROM `dg_teacher` WHERE ( name="叶方勇" ) LIMIT 1   [ RunTime:0.0001s ]

[ 2017-03-11T20:37:53+08:00 ] 61.235.37.202 /teacher.php/login/index.html
INFO: [ app_begin ] --START--
INFO: Run Behavior\ReadHtmlCacheBehavior [ RunTime:0.000294s ]
INFO: [ app_begin ] --END-- [ RunTime:0.000522s ]
SQL: SHOW COLUMNS FROM `dg_user` [ RunTime:0.0004s ]
SQL: SELECT * FROM `dg_user` WHERE `username` = '叶方勇' AND `password` = '202cb962ac59075b964b07152d234b70' LIMIT 1   [ RunTime:0.0002s ]
SQL: SHOW COLUMNS FROM `dg_teacher` [ RunTime:0.0003s ]
SQL: SELECT * FROM `dg_teacher` WHERE ( name="叶方勇" ) LIMIT 1   [ RunTime:0.0001s ]

[ 2017-03-11T20:37:53+08:00 ] 61.235.37.202 /teacher.php/login/index.html
INFO: [ app_begin ] --START--
INFO: Run Behavior\ReadHtmlCacheBehavior [ RunTime:0.000294s ]
INFO: [ app_begin ] --END-- [ RunTime:0.000507s ]
SQL: SHOW COLUMNS FROM `dg_user` [ RunTime:0.0005s ]
SQL: SELECT * FROM `dg_user` WHERE `username` = '叶方勇' AND `password` = '202cb962ac59075b964b07152d234b70' LIMIT 1   [ RunTime:0.0001s ]
SQL: SHOW COLUMNS FROM `dg_teacher` [ RunTime:0.0003s ]
SQL: SELECT * FROM `dg_teacher` WHERE ( name="叶方勇" ) LIMIT 1   [ RunTime:0.0001s ]

[ 2017-03-11T20:37:53+08:00 ] 61.235.37.202 /teacher.php/login/index.html
INFO: [ app_begin ] --START--
INFO: Run Behavior\ReadHtmlCacheBehavior [ RunTime:0.000286s ]
INFO: [ app_begin ] --END-- [ RunTime:0.000505s ]
SQL: SHOW COLUMNS FROM `dg_user` [ RunTime:0.0004s ]
SQL: SELECT * FROM `dg_user` WHERE `username` = '叶方勇' AND `password` = '202cb962ac59075b964b07152d234b70' LIMIT 1   [ RunTime:0.0001s ]
SQL: SHOW COLUMNS FROM `dg_teacher` [ RunTime:0.0003s ]
SQL: SELECT * FROM `dg_teacher` WHERE ( name="叶方勇" ) LIMIT 1   [ RunTime:0.0001s ]

[ 2017-03-11T20:37:53+08:00 ] 61.235.37.202 /teacher.php/login/index.html
INFO: [ app_begin ] --START--
INFO: Run Behavior\ReadHtmlCacheBehavior [ RunTime:0.000277s ]
INFO: [ app_begin ] --END-- [ RunTime:0.000497s ]
SQL: SHOW COLUMNS FROM `dg_user` [ RunTime:0.0004s ]
SQL: SELECT * FROM `dg_user` WHERE `username` = '叶方勇' AND `password` = '202cb962ac59075b964b07152d234b70' LIMIT 1   [ RunTime:0.0001s ]
SQL: SHOW COLUMNS FROM `dg_teacher` [ RunTime:0.0003s ]
SQL: SELECT * FROM `dg_teacher` WHERE ( name="叶方勇" ) LIMIT 1   [ RunTime:0.0001s ]

[ 2017-03-11T20:37:54+08:00 ] 61.235.37.202 /teacher.php/login/index.html
INFO: [ app_begin ] --START--
INFO: Run Behavior\ReadHtmlCacheBehavior [ RunTime:0.000323s ]
INFO: [ app_begin ] --END-- [ RunTime:0.000547s ]
SQL: SHOW COLUMNS FROM `dg_user` [ RunTime:0.0004s ]
SQL: SELECT * FROM `dg_user` WHERE `username` = '叶方勇' AND `password` = '202cb962ac59075b964b07152d234b70' LIMIT 1   [ RunTime:0.0001s ]
SQL: SHOW COLUMNS FROM `dg_teacher` [ RunTime:0.0003s ]
SQL: SELECT * FROM `dg_teacher` WHERE ( name="叶方勇" ) LIMIT 1   [ RunTime:0.0001s ]

[ 2017-03-11T20:37:54+08:00 ] 61.235.37.202 /teacher.php/login/index.html
INFO: [ app_begin ] --START--
INFO: Run Behavior\ReadHtmlCacheBehavior [ RunTime:0.000291s ]
INFO: [ app_begin ] --END-- [ RunTime:0.000509s ]
SQL: SHOW COLUMNS FROM `dg_user` [ RunTime:0.0004s ]
SQL: SELECT * FROM `dg_user` WHERE `username` = '叶方勇' AND `password` = '202cb962ac59075b964b07152d234b70' LIMIT 1   [ RunTime:0.0001s ]
SQL: SHOW COLUMNS FROM `dg_teacher` [ RunTime:0.0003s ]
SQL: SELECT * FROM `dg_teacher` WHERE ( name="叶方勇" ) LIMIT 1   [ RunTime:0.0001s ]

[ 2017-03-11T20:38:42+08:00 ] 61.235.37.202 /teacher.php/login/index.html
INFO: [ app_begin ] --START--
INFO: Run Behavior\ReadHtmlCacheBehavior [ RunTime:0.000297s ]
INFO: [ app_begin ] --END-- [ RunTime:0.000510s ]
SQL: SHOW COLUMNS FROM `dg_teacher` [ RunTime:0.0004s ]
SQL: SELECT * FROM `dg_teacher` WHERE ( name="叶方勇" ) LIMIT 1   [ RunTime:0.0001s ]

[ 2017-03-11T20:42:06+08:00 ] 61.235.37.202 /teacher.php/Report/index
ERR: 无法加载控制器:Report

[ 2017-03-11T20:43:47+08:00 ] 61.235.37.202 /teacher.php/Report/edit.html
INFO: [ app_begin ] --START--
INFO: Run Behavior\ReadHtmlCacheBehavior [ RunTime:0.000293s ]
INFO: [ app_begin ] --END-- [ RunTime:0.000528s ]
NOTIC: [8] Undefined index: USERNAME /var/www/html/Application/Teacher/Controller/CommonController.class.php 第 21 行.

[ 2017-03-11T20:54:27+08:00 ] 61.235.37.202 /teacher.php/login/index.html
INFO: [ app_begin ] --START--
INFO: Run Behavior\ReadHtmlCacheBehavior [ RunTime:0.000290s ]
INFO: [ app_begin ] --END-- [ RunTime:0.000512s ]
SQL: SHOW COLUMNS FROM `dg_teacher` [ RunTime:0.0005s ]
SQL: SELECT * FROM `dg_teacher` WHERE ( name="叶方勇" ) LIMIT 1   [ RunTime:0.0001s ]

[ 2017-03-11T20:54:43+08:00 ] 101.226.51.230 /teacher.php/student/login/index.html
ERR: 非法操作:login

[ 2017-03-11T20:54:49+08:00 ] 180.153.206.23 /teacher.php/student/login/index.html
ERR: 非法操作:login

[ 2017-03-11T20:54:54+08:00 ] 180.153.214.192 /teacher.php/student/login/index.html
ERR: 非法操作:login

[ 2017-03-11T21:00:26+08:00 ] 61.235.37.202 /index.php/Teacher/login/index.html
INFO: [ app_begin ] --START--
INFO: Run Behavior\ReadHtmlCacheBehavior [ RunTime:0.000282s ]
INFO: [ app_begin ] --END-- [ RunTime:0.000494s ]
SQL: SHOW COLUMNS FROM `dg_teacher` [ RunTime:0.0005s ]
SQL: SELECT * FROM `dg_teacher` WHERE ( name="叶方勇" ) LIMIT 1   [ RunTime:0.0001s ]

[ 2017-03-11T21:02:33+08:00 ] 61.235.37.202 /index.php/Teacher/login/index.html
INFO: [ app_begin ] --START--
INFO: Run Behavior\ReadHtmlCacheBehavior [ RunTime:0.000309s ]
INFO: [ app_begin ] --END-- [ RunTime:0.000636s ]
SQL: SHOW COLUMNS FROM `dg_teacher` [ RunTime:0.0005s ]
SQL: SELECT * FROM `dg_teacher` WHERE ( name="叶方勇" ) LIMIT 1   [ RunTime:0.0001s ]

[ 2017-03-11T21:24:57+08:00 ] 61.235.37.202 /index.php/Teacher/Contact/student
ERR: 非法操作:student

[ 2017-03-11T21:27:04+08:00 ] 101.226.89.122 /teacher.php/student/login/index.html
ERR: 非法操作:login

[ 2017-03-11T21:27:07+08:00 ] 180.153.201.79 /teacher.php/student/login/index.html
ERR: 非法操作:login

[ 2017-03-11T21:27:12+08:00 ] 180.153.206.23 /teacher.php/student/login/index.html
ERR: 非法操作:login

[ 2017-03-11T21:27:18+08:00 ] 101.226.99.195 /teacher.php/student/login/index.html
ERR: 非法操作:login

[ 2017-03-11T21:27:26+08:00 ] 101.226.65.104 /teacher.php/student/login/index.html
ERR: 非法操作:login

[ 2017-03-11T21:27:28+08:00 ] 101.226.89.123 /teacher.php/student/login/index.html
ERR: 非法操作:login

[ 2017-03-11T21:34:10+08:00 ] 61.235.37.202 /index.php/teacher/contact/teacher/department/0/keywords/%E5%8F%B6%E6%96%B9%E5%8B%87
ERR: 1054:Unknown column '叶方勇' in 'where clause'
 [ SQL语句 ] : SELECT COUNT(*) AS tp_count FROM `dg_teacher` WHERE (  叶方勇 ) LIMIT 1  

[ 2017-03-11T21:57:47+08:00 ] 61.235.37.202 /index.php/Teacher/login/logout
ERR: 非法操作:logout

[ 2017-03-11T21:57:57+08:00 ] 180.153.214.188 /index.php/Teacher/login/logout
ERR: 非法操作:logout

[ 2017-03-11T21:57:57+08:00 ] 101.226.66.187 /index.php/Teacher/login/logout
ERR: 非法操作:logout

[ 2017-03-11T21:57:57+08:00 ] 117.185.27.113 /index.php/Teacher/login/logout
ERR: 非法操作:logout

[ 2017-03-11T21:58:08+08:00 ] 119.5.0.119 /index.php/Teacher/login/logout
ERR: 非法操作:logout

[ 2017-03-11T21:58:42+08:00 ] 61.235.37.202 /index.php/Teacher/login/logout
ERR: 非法操作:logout

[ 2017-03-11T22:03:14+08:00 ] 61.235.37.202 /index.php/Teacher/login/logout
ERR: 非法操作:logout

[ 2017-03-11T22:03:33+08:00 ] 61.235.37.202 /index.php/Teacher/login/logout
ERR: 非法操作:logout

[ 2017-03-11T22:03:44+08:00 ] 61.235.37.202 /index.php/Teacher/login/index.html
INFO: [ app_begin ] --START--
INFO: Run Behavior\ReadHtmlCacheBehavior [ RunTime:0.000294s ]
INFO: [ app_begin ] --END-- [ RunTime:0.000508s ]
SQL: SHOW COLUMNS FROM `dg_teacher` [ RunTime:0.0005s ]
SQL: SELECT * FROM `dg_teacher` WHERE ( name="叶方勇" ) LIMIT 1   [ RunTime:0.0001s ]

[ 2017-03-11T22:15:37+08:00 ] 61.235.37.202 /index.php/Teacher/login/index.html
INFO: [ app_begin ] --START--
INFO: Run Behavior\ReadHtmlCacheBehavior [ RunTime:0.000317s ]
INFO: [ app_begin ] --END-- [ RunTime:0.000569s ]
SQL: SHOW COLUMNS FROM `dg_teacher` [ RunTime:0.0005s ]
SQL: SELECT * FROM `dg_teacher` WHERE ( name="叶方勇" ) LIMIT 1   [ RunTime:0.0002s ]

[ 2017-03-11T22:18:46+08:00 ] 61.235.37.202 /teacher.php/login/index.html
INFO: [ app_begin ] --START--
INFO: Run Behavior\ReadHtmlCacheBehavior [ RunTime:0.000280s ]
INFO: [ app_begin ] --END-- [ RunTime:0.000507s ]
SQL: SHOW COLUMNS FROM `dg_teacher` [ RunTime:0.0005s ]
SQL: SELECT * FROM `dg_teacher` WHERE ( name="左世明" ) LIMIT 1   [ RunTime:0.0001s ]

[ 2017-03-11T22:19:16+08:00 ] 101.226.89.115 /teacher.php/student/login/index.html
ERR: 非法操作:login

[ 2017-03-11T22:25:03+08:00 ] 61.235.37.202 /index.php/Teacher/login/index.html
INFO: [ app_begin ] --START--
INFO: Run Behavior\ReadHtmlCacheBehavior [ RunTime:0.000294s ]
INFO: [ app_begin ] --END-- [ RunTime:0.000505s ]
SQL: SHOW COLUMNS FROM `dg_teacher` [ RunTime:0.0006s ]
SQL: SELECT * FROM `dg_teacher` WHERE ( name="叶方勇" ) LIMIT 1   [ RunTime:0.0001s ]

[ 2017-03-11T22:25:51+08:00 ] 61.235.37.202 /teacher.php/login/index.html
INFO: [ app_begin ] --START--
INFO: Run Behavior\ReadHtmlCacheBehavior [ RunTime:0.000279s ]
INFO: [ app_begin ] --END-- [ RunTime:0.000513s ]
SQL: SHOW COLUMNS FROM `dg_teacher` [ RunTime:0.0005s ]
SQL: SELECT * FROM `dg_teacher` WHERE ( name="葛志国" ) LIMIT 1   [ RunTime:0.0001s ]

[ 2017-03-11T22:26:03+08:00 ] 61.235.37.202 /teacher.php/login/index.html
INFO: [ app_begin ] --START--
INFO: Run Behavior\ReadHtmlCacheBehavior [ RunTime:0.000283s ]
INFO: [ app_begin ] --END-- [ RunTime:0.000498s ]

[ 2017-03-11T22:26:03+08:00 ] 61.235.37.202 /teacher.php/Index/index.html
INFO: [ app_begin ] --START--
INFO: Run Behavior\ReadHtmlCacheBehavior [ RunTime:0.000303s ]
INFO: [ app_begin ] --END-- [ RunTime:0.000513s ]

[ 2017-03-11T22:26:05+08:00 ] 61.235.37.202 /teacher.php/login/index.html
INFO: [ app_begin ] --START--
INFO: Run Behavior\ReadHtmlCacheBehavior [ RunTime:0.000297s ]
INFO: [ app_begin ] --END-- [ RunTime:0.000508s ]

[ 2017-03-11T22:26:05+08:00 ] 61.235.37.202 /teacher.php/Index/index.html
INFO: [ app_begin ] --START--
INFO: Run Behavior\ReadHtmlCacheBehavior [ RunTime:0.000292s ]
INFO: [ app_begin ] --END-- [ RunTime:0.000511s ]

[ 2017-03-11T22:26:06+08:00 ] 61.235.37.202 /teacher.php/login/index.html
INFO: [ app_begin ] --START--
INFO: Run Behavior\ReadHtmlCacheBehavior [ RunTime:0.000284s ]
INFO: [ app_begin ] --END-- [ RunTime:0.000515s ]

[ 2017-03-11T22:26:06+08:00 ] 61.235.37.202 /teacher.php/Index/index.html
INFO: [ app_begin ] --START--
INFO: Run Behavior\ReadHtmlCacheBehavior [ RunTime:0.000287s ]
INFO: [ app_begin ] --END-- [ RunTime:0.000492s ]

[ 2017-03-11T22:26:06+08:00 ] 61.235.37.202 /teacher.php/login/index.html
INFO: [ app_begin ] --START--
INFO: Run Behavior\ReadHtmlCacheBehavior [ RunTime:0.000288s ]
INFO: [ app_begin ] --END-- [ RunTime:0.000507s ]

[ 2017-03-11T22:26:06+08:00 ] 61.235.37.202 /teacher.php/Index/index.html
INFO: [ app_begin ] --START--
INFO: Run Behavior\ReadHtmlCacheBehavior [ RunTime:0.000279s ]
INFO: [ app_begin ] --END-- [ RunTime:0.000500s ]

[ 2017-03-11T22:26:07+08:00 ] 61.235.37.202 /teacher.php/login/index.html
INFO: [ app_begin ] --START--
INFO: Run Behavior\ReadHtmlCacheBehavior [ RunTime:0.000311s ]
INFO: [ app_begin ] --END-- [ RunTime:0.000526s ]

[ 2017-03-11T22:26:07+08:00 ] 61.235.37.202 /teacher.php/Index/index.html
INFO: [ app_begin ] --START--
INFO: Run Behavior\ReadHtmlCacheBehavior [ RunTime:0.000298s ]
INFO: [ app_begin ] --END-- [ RunTime:0.000567s ]

[ 2017-03-11T22:26:17+08:00 ] 61.235.37.202 /teacher.php/login/index.html
INFO: [ app_begin ] --START--
INFO: Run Behavior\ReadHtmlCacheBehavior [ RunTime:0.000280s ]
INFO: [ app_begin ] --END-- [ RunTime:0.000502s ]

[ 2017-03-11T22:26:17+08:00 ] 61.235.37.202 /teacher.php/Index/index.html
INFO: [ app_begin ] --START--
INFO: Run Behavior\ReadHtmlCacheBehavior [ RunTime:0.000293s ]
INFO: [ app_begin ] --END-- [ RunTime:0.000510s ]

[ 2017-03-11T22:26:18+08:00 ] 61.235.37.202 /teacher.php/login/index.html
INFO: [ app_begin ] --START--
INFO: Run Behavior\ReadHtmlCacheBehavior [ RunTime:0.000297s ]
INFO: [ app_begin ] --END-- [ RunTime:0.000514s ]

[ 2017-03-11T22:26:19+08:00 ] 61.235.37.202 /teacher.php/Index/index.html
INFO: [ app_begin ] --START--
INFO: Run Behavior\ReadHtmlCacheBehavior [ RunTime:0.000296s ]
INFO: [ app_begin ] --END-- [ RunTime:0.000508s ]

[ 2017-03-11T22:26:19+08:00 ] 61.235.37.202 /teacher.php/login/index.html
INFO: [ app_begin ] --START--
INFO: Run Behavior\ReadHtmlCacheBehavior [ RunTime:0.000292s ]
INFO: [ app_begin ] --END-- [ RunTime:0.000514s ]

[ 2017-03-11T22:26:19+08:00 ] 61.235.37.202 /teacher.php/Index/index.html
INFO: [ app_begin ] --START--
INFO: Run Behavior\ReadHtmlCacheBehavior [ RunTime:0.000282s ]
INFO: [ app_begin ] --END-- [ RunTime:0.000513s ]

[ 2017-03-11T22:26:19+08:00 ] 61.235.37.202 /teacher.php/login/index.html
INFO: [ app_begin ] --START--
INFO: Run Behavior\ReadHtmlCacheBehavior [ RunTime:0.000280s ]
INFO: [ app_begin ] --END-- [ RunTime:0.000516s ]

[ 2017-03-11T22:26:19+08:00 ] 61.235.37.202 /teacher.php/Index/index.html
INFO: [ app_begin ] --START--
INFO: Run Behavior\ReadHtmlCacheBehavior [ RunTime:0.000295s ]
INFO: [ app_begin ] --END-- [ RunTime:0.000512s ]

[ 2017-03-11T22:26:19+08:00 ] 61.235.37.202 /teacher.php/login/index.html
INFO: [ app_begin ] --START--
INFO: Run Behavior\ReadHtmlCacheBehavior [ RunTime:0.000289s ]
INFO: [ app_begin ] --END-- [ RunTime:0.000500s ]

[ 2017-03-11T22:26:19+08:00 ] 61.235.37.202 /teacher.php/Index/index.html
INFO: [ app_begin ] --START--
INFO: Run Behavior\ReadHtmlCacheBehavior [ RunTime:0.000295s ]
INFO: [ app_begin ] --END-- [ RunTime:0.000516s ]

[ 2017-03-11T22:26:19+08:00 ] 61.235.37.202 /teacher.php/login/index.html
INFO: [ app_begin ] --START--
INFO: Run Behavior\ReadHtmlCacheBehavior [ RunTime:0.000289s ]
INFO: [ app_begin ] --END-- [ RunTime:0.000503s ]

[ 2017-03-11T22:26:20+08:00 ] 61.235.37.202 /teacher.php/Index/index.html
INFO: [ app_begin ] --START--
INFO: Run Behavior\ReadHtmlCacheBehavior [ RunTime:0.000306s ]
INFO: [ app_begin ] --END-- [ RunTime:0.000527s ]

[ 2017-03-11T22:26:37+08:00 ] 61.235.37.202 /teacher.php/login/index.html
INFO: [ app_begin ] --START--
INFO: Run Behavior\ReadHtmlCacheBehavior [ RunTime:0.000300s ]
INFO: [ app_begin ] --END-- [ RunTime:0.000510s ]

[ 2017-03-11T22:26:37+08:00 ] 61.235.37.202 /teacher.php/Index/index.html
INFO: [ app_begin ] --START--
INFO: Run Behavior\ReadHtmlCacheBehavior [ RunTime:0.000297s ]
INFO: [ app_begin ] --END-- [ RunTime:0.000522s ]

[ 2017-03-11T22:27:14+08:00 ] 61.235.37.202 /index.php/Teacher/login/index.html
INFO: [ app_begin ] --START--
INFO: Run Behavior\ReadHtmlCacheBehavior [ RunTime:0.000277s ]
INFO: [ app_begin ] --END-- [ RunTime:0.000510s ]
SQL: SHOW COLUMNS FROM `dg_teacher` [ RunTime:0.0005s ]
SQL: SELECT * FROM `dg_teacher` WHERE ( name="叶方勇" ) LIMIT 1   [ RunTime:0.0001s ]

[ 2017-03-11T22:27:49+08:00 ] 101.226.89.120 /teacher.php/student/login/index.html
ERR: 非法操作:login

[ 2017-03-11T22:27:57+08:00 ] 180.153.81.203 /teacher.php/student/login/index.html
ERR: 非法操作:login

[ 2017-03-11T23:10:10+08:00 ] 121.225.28.71 /teacher.php/login/index.html
INFO: [ app_begin ] --START--
INFO: Run Behavior\ReadHtmlCacheBehavior [ RunTime:0.000298s ]
INFO: [ app_begin ] --END-- [ RunTime:0.000510s ]
SQL: SHOW COLUMNS FROM `dg_teacher` [ RunTime:0.0005s ]
SQL: SELECT * FROM `dg_teacher` WHERE ( name="叶方勇" ) LIMIT 1   [ RunTime:0.0001s ]

[ 2017-03-11T23:11:20+08:00 ] 121.225.28.71 /teacher.php/Report/edit.html
INFO: [ app_begin ] --START--
INFO: Run Behavior\ReadHtmlCacheBehavior [ RunTime:0.000313s ]
INFO: [ app_begin ] --END-- [ RunTime:0.000534s ]
NOTIC: [8] Undefined index: USERNAME /var/www/html/Application/Teacher/Controller/CommonController.class.php 第 21 行.

[ 2017-03-11T23:11:29+08:00 ] 121.225.28.71 /teacher.php/Report/edit.html
INFO: [ app_begin ] --START--
INFO: Run Behavior\ReadHtmlCacheBehavior [ RunTime:0.000295s ]
INFO: [ app_begin ] --END-- [ RunTime:0.000529s ]
NOTIC: [8] Undefined index: USERNAME /var/www/html/Application/Teacher/Controller/CommonController.class.php 第 21 行.

[ 2017-03-11T23:18:07+08:00 ] 121.225.28.71 /teacher.php/Report/del.html
INFO: [ app_begin ] --START--
INFO: Run Behavior\ReadHtmlCacheBehavior [ RunTime:0.000304s ]
INFO: [ app_begin ] --END-- [ RunTime:0.000525s ]
NOTIC: [8] Undefined index: USERNAME /var/www/html/Application/Teacher/Controller/CommonController.class.php 第 21 行.
SQL: SHOW COLUMNS FROM `dg_report` [ RunTime:0.0005s ]
SQL: DELETE FROM `dg_report` WHERE ( `id` IN(93)  ) [ RunTime:0.0001s ]

[ 2017-03-11T23:18:18+08:00 ] 121.225.28.71 /teacher.php/Report/del.html
INFO: [ app_begin ] --START--
INFO: Run Behavior\ReadHtmlCacheBehavior [ RunTime:0.000290s ]
INFO: [ app_begin ] --END-- [ RunTime:0.000504s ]
NOTIC: [8] Undefined index: USERNAME /var/www/html/Application/Teacher/Controller/CommonController.class.php 第 21 行.
SQL: SHOW COLUMNS FROM `dg_report` [ RunTime:0.0005s ]
SQL: DELETE FROM `dg_report` WHERE ( `id` IN(15)  ) [ RunTime:0.0001s ]

[ 2017-03-11T23:18:53+08:00 ] 121.225.28.71 /teacher.php/Apply/editApply.html
INFO: [ app_begin ] --START--
INFO: Run Behavior\ReadHtmlCacheBehavior [ RunTime:0.000297s ]
INFO: [ app_begin ] --END-- [ RunTime:0.000535s ]
NOTIC: [8] Undefined index: USERNAME /var/www/html/Application/Teacher/Controller/CommonController.class.php 第 21 行.
SQL: SHOW COLUMNS FROM `dg_practice` [ RunTime:0.0005s ]
SQL: UPDATE `dg_practice` SET `status`='-1' WHERE ( `id` = 54 ) [ RunTime:0.0001s ]

[ 2017-03-11T23:20:00+08:00 ] 121.225.28.71 /teacher.php/Apply/editLeave.html
INFO: [ app_begin ] --START--
INFO: Run Behavior\ReadHtmlCacheBehavior [ RunTime:0.000282s ]
INFO: [ app_begin ] --END-- [ RunTime:0.000507s ]
NOTIC: [8] Undefined index: USERNAME /var/www/html/Application/Teacher/Controller/CommonController.class.php 第 21 行.
SQL: SHOW COLUMNS FROM `dg_leave` [ RunTime:0.0005s ]
SQL: UPDATE `dg_leave` SET `status`='-1' WHERE ( `id` = 9 ) [ RunTime:0.0002s ]

[ 2017-03-11T23:21:20+08:00 ] 121.225.28.71 /teacher.php/Practice/index.html
INFO: [ app_begin ] --START--
INFO: Run Behavior\ReadHtmlCacheBehavior [ RunTime:0.000293s ]
INFO: [ app_begin ] --END-- [ RunTime:0.000514s ]
NOTIC: [8] Undefined index: USERNAME /var/www/html/Application/Teacher/Controller/CommonController.class.php 第 21 行.
INFO: [ app_end ] --START--
INFO: Run Behavior\ShowPageTraceBehavior [ RunTime:0.000339s ]
INFO: [ app_end ] --END-- [ RunTime:0.000385s ]

[ 2017-03-11T23:21:26+08:00 ] 121.225.28.71 /teacher.php/Practice/index.html
INFO: [ app_begin ] --START--
INFO: Run Behavior\ReadHtmlCacheBehavior [ RunTime:0.000282s ]
INFO: [ app_begin ] --END-- [ RunTime:0.000510s ]
NOTIC: [8] Undefined index: USERNAME /var/www/html/Application/Teacher/Controller/CommonController.class.php 第 21 行.
INFO: [ app_end ] --START--
INFO: Run Behavior\ShowPageTraceBehavior [ RunTime:0.000351s ]
INFO: [ app_end ] --END-- [ RunTime:0.000389s ]

[ 2017-03-11T23:21:30+08:00 ] 121.225.28.71 /teacher.php/Practice/index.html
INFO: [ app_begin ] --START--
INFO: Run Behavior\ReadHtmlCacheBehavior [ RunTime:0.000304s ]
INFO: [ app_begin ] --END-- [ RunTime:0.000527s ]
NOTIC: [8] Undefined index: USERNAME /var/www/html/Application/Teacher/Controller/CommonController.class.php 第 21 行.
INFO: [ app_end ] --START--
INFO: Run Behavior\ShowPageTraceBehavior [ RunTime:0.000329s ]
INFO: [ app_end ] --END-- [ RunTime:0.000368s ]

[ 2017-03-11T23:21:33+08:00 ] 121.225.28.71 /teacher.php/Practice/index.html
INFO: [ app_begin ] --START--
INFO: Run Behavior\ReadHtmlCacheBehavior [ RunTime:0.000282s ]
INFO: [ app_begin ] --END-- [ RunTime:0.000509s ]
NOTIC: [8] Undefined index: USERNAME /var/www/html/Application/Teacher/Controller/CommonController.class.php 第 21 行.
INFO: [ app_end ] --START--
INFO: Run Behavior\ShowPageTraceBehavior [ RunTime:0.000332s ]
INFO: [ app_end ] --END-- [ RunTime:0.000371s ]

[ 2017-03-11T23:21:35+08:00 ] 121.225.28.71 /teacher.php/Practice/index.html
INFO: [ app_begin ] --START--
INFO: Run Behavior\ReadHtmlCacheBehavior [ RunTime:0.000296s ]
INFO: [ app_begin ] --END-- [ RunTime:0.000525s ]
NOTIC: [8] Undefined index: USERNAME /var/www/html/Application/Teacher/Controller/CommonController.class.php 第 21 行.
INFO: [ app_end ] --START--
INFO: Run Behavior\ShowPageTraceBehavior [ RunTime:0.000351s ]
INFO: [ app_end ] --END-- [ RunTime:0.000391s ]

[ 2017-03-11T23:22:13+08:00 ] 121.225.28.71 /teacher.php/Practice/index.html
INFO: [ app_begin ] --START--
INFO: Run Behavior\ReadHtmlCacheBehavior [ RunTime:0.000284s ]
INFO: [ app_begin ] --END-- [ RunTime:0.000493s ]
NOTIC: [8] Undefined index: USERNAME /var/www/html/Application/Teacher/Controller/CommonController.class.php 第 21 行.
INFO: [ app_end ] --START--
INFO: Run Behavior\ShowPageTraceBehavior [ RunTime:0.000362s ]
INFO: [ app_end ] --END-- [ RunTime:0.000403s ]

[ 2017-03-11T23:22:17+08:00 ] 121.225.28.71 /teacher.php/Practice/index.html
INFO: [ app_begin ] --START--
INFO: Run Behavior\ReadHtmlCacheBehavior [ RunTime:0.000297s ]
INFO: [ app_begin ] --END-- [ RunTime:0.000507s ]
NOTIC: [8] Undefined index: USERNAME /var/www/html/Application/Teacher/Controller/CommonController.class.php 第 21 行.
INFO: [ app_end ] --START--
INFO: Run Behavior\ShowPageTraceBehavior [ RunTime:0.000347s ]
INFO: [ app_end ] --END-- [ RunTime:0.000395s ]

[ 2017-03-11T23:24:20+08:00 ] 121.225.28.71 /teacher.php/Notice/del.html
INFO: [ app_begin ] --START--
INFO: Run Behavior\ReadHtmlCacheBehavior [ RunTime:0.000296s ]
INFO: [ app_begin ] --END-- [ RunTime:0.000517s ]
SQL: SHOW COLUMNS FROM `dg_notice` [ RunTime:0.0005s ]
SQL: DELETE FROM `dg_notice` WHERE ( `id` IN(26,29,30)  ) [ RunTime:0.0001s ]

[ 2017-03-11T23:25:16+08:00 ] 180.153.214.188 /teacher.php/student/login/index.html
ERR: 非法操作:login

[ 2017-03-11T23:25:16+08:00 ] 101.226.68.200 /teacher.php/student/login/index.html
ERR: 非法操作:login

[ 2017-03-11T23:25:19+08:00 ] 101.226.33.227 /teacher.php/student/login/index.html
ERR: 非法操作:login

[ 2017-03-11T23:25:28+08:00 ] 101.226.89.119 /teacher.php/student/login/index.html
ERR: 非法操作:login

[ 2017-03-11T23:27:44+08:00 ] 121.225.28.71 /teacher.php/Practice/editCor.html
INFO: [ app_begin ] --START--
INFO: Run Behavior\ReadHtmlCacheBehavior [ RunTime:0.000299s ]
INFO: [ app_begin ] --END-- [ RunTime:0.000518s ]
NOTIC: [8] Undefined index: USERNAME /var/www/html/Application/Teacher/Controller/CommonController.class.php 第 21 行.
SQL: SHOW COLUMNS FROM `dg_corporation` [ RunTime:0.0005s ]
SQL: UPDATE `dg_corporation` SET `name`='上海腾讯计算机有限公司',`city`='上海',`type`='私企',`contact`='马化腾',`position`='',`telephone`='8912878',`mobile`='',`email`='1281074511@qq.com',`zipcode`='225653',`website`='www.qq.comm',`address`='上海',`introduction`='腾讯有限公司',`addtime`='2017-03-11 23:27:44' WHERE ( `id` = 2 ) [ RunTime:0.0002s ]

