2017-03-29 21:31:57	<?xml version="1.0" encoding="utf-8" ?><error_response><code>25</code><msg>Invalid signature</msg><request_id>eooax4ouk027</request_id></error_response><!--top011183090099.eu13-->
2017-03-29 21:32:33	<?xml version="1.0" encoding="utf-8" ?><error_response><code>25</code><msg>Invalid signature</msg><request_id>utoydut50tq</request_id></error_response><!--top011250050012.eu13-->
2017-03-29 21:33:43	<?xml version="1.0" encoding="utf-8" ?><error_response><code>25</code><msg>Invalid signature</msg><request_id>2bjhkv2r1t5t</request_id></error_response><!--top011250135164.eu13-->
2017-03-29 21:34:31	<?xml version="1.0" encoding="utf-8" ?><error_response><code>25</code><msg>Invalid signature</msg><request_id>eibtr7f2kdd2</request_id></error_response><!--top011183080021.eu13-->
2017-03-29 21:39:39	<?xml version="1.0" encoding="utf-8" ?><error_response><code>25</code><msg>Invalid signature</msg><request_id>qm4ro1w1223j</request_id></error_response><!--top010176019174.et2-->
2017-03-29 21:39:42	<?xml version="1.0" encoding="utf-8" ?><error_response><code>25</code><msg>Invalid signature</msg><request_id>yf027zvqeb2</request_id></error_response><!--top011250055225.eu13-->
2017-03-29 21:39:44	<?xml version="1.0" encoding="utf-8" ?><error_response><code>25</code><msg>Invalid signature</msg><request_id>ish9l69pilhm</request_id></error_response><!--top010184074095.et2-->
2017-03-29 21:41:28	<?xml version="1.0" encoding="utf-8" ?><error_response><code>25</code><msg>Invalid signature</msg><request_id>10fau2jujljx8</request_id></error_response><!--top010178081027.n.et2-->
2017-03-29 21:41:46	<?xml version="1.0" encoding="utf-8" ?><error_response><code>25</code><msg>Invalid signature</msg><request_id>iv0wdu3jxpbz</request_id></error_response><!--top010184078129.et2-->
2017-03-29 21:41:46	<?xml version="1.0" encoding="utf-8" ?><error_response><code>25</code><msg>Invalid signature</msg><request_id>3gsi15663e5z</request_id></error_response><!--top011250202158.eu13-->
2017-03-29 21:42:00	<?xml version="1.0" encoding="utf-8" ?><error_response><code>25</code><msg>Invalid signature</msg><request_id>1476dx2zkbbcb</request_id></error_response><!--top010179045185.s.et2-->
2017-03-29 21:42:00	<?xml version="1.0" encoding="utf-8" ?><error_response><code>25</code><msg>Invalid signature</msg><request_id>iuzy34jjjvs1</request_id></error_response><!--top010184078118.et2-->
2017-03-29 21:42:02	<?xml version="1.0" encoding="utf-8" ?><error_response><code>25</code><msg>Invalid signature</msg><request_id>2m4np5bgn7ww</request_id></error_response><!--top011250152213.eu13-->
2017-03-29 21:43:17	<?xml version="1.0" encoding="utf-8" ?><error_response><code>25</code><msg>Invalid signature</msg><request_id>z24vjpvek0kl</request_id></error_response><!--top010178001071.n.et2-->
2017-03-29 21:44:57	<?xml version="1.0" encoding="utf-8" ?><error_response><code>25</code><msg>Invalid signature</msg><request_id>10fj8ig9uq99r</request_id></error_response><!--top010178081124.n.et2-->
2017-03-29 21:44:58	<?xml version="1.0" encoding="utf-8" ?><error_response><code>25</code><msg>Invalid signature</msg><request_id>ej6qv62kdzjp</request_id></error_response><!--top011183081122.eu13-->
2017-03-29 21:46:05	<?xml version="1.0" encoding="utf-8" ?><error_response><code>25</code><msg>Invalid signature</msg><request_id>ish9l6g5up6p</request_id></error_response><!--top010184074095.et2-->
2017-03-29 21:46:09	<?xml version="1.0" encoding="utf-8" ?><error_response><code>25</code><msg>Invalid signature</msg><request_id>43fl3qqrmhy4</request_id></error_response><!--top011250239097.eu13-->
2017-03-29 21:46:09	<?xml version="1.0" encoding="utf-8" ?><error_response><code>25</code><msg>Invalid signature</msg><request_id>44nxhvumn6pg</request_id></error_response><!--top011250241097.eu13-->
2017-03-29 21:46:10	<?xml version="1.0" encoding="utf-8" ?><error_response><code>25</code><msg>Invalid signature</msg><request_id>3b4j8xz6c96y</request_id></error_response><!--top011250193107.eu13-->
2017-03-29 21:46:11	<?xml version="1.0" encoding="utf-8" ?><error_response><code>25</code><msg>Invalid signature</msg><request_id>2frx6hhecx0f</request_id></error_response><!--top011250142132.eu13-->
2017-03-29 21:46:11	<?xml version="1.0" encoding="utf-8" ?><error_response><code>25</code><msg>Invalid signature</msg><request_id>10fcqnz3v9mu9</request_id></error_response><!--top010178081049.n.et2-->
2017-03-29 22:51:12	<?xml version="1.0" encoding="utf-8" ?><error_response><code>15</code><msg>Remote service error</msg><sub_code>isv.BUSINESS_LIMIT_CONTROL</sub_code><sub_msg>触发业务流控</sub_msg><request_id>2swwbyu471wx</request_id></error_response><!--top010150163217.eu13-->
2017-03-29 22:52:21	<?xml version="1.0" encoding="utf-8" ?><error_response><code>15</code><msg>Remote service error</msg><sub_code>isv.BUSINESS_LIMIT_CONTROL</sub_code><sub_msg>触发业务流控</sub_msg><request_id>iv1bz4frk201</request_id></error_response><!--top010184078134.et2-->
2017-03-29 22:55:44	<?xml version="1.0" encoding="utf-8" ?><error_response><code>15</code><msg>Remote service error</msg><sub_code>isv.BUSINESS_LIMIT_CONTROL</sub_code><sub_msg>触发业务流控</sub_msg><request_id>101yhw8j5jtm6</request_id></error_response><!--top010178059113.n.et2-->
